[0.233s] Invoking command in '/home/filo/bumperbot_ws/build/bumperbot_description': CMAKE_PREFIX_PATH=${CMAKE_PREFIX_PATH}:/home/filo/bumperbot_ws/install/bumperbot_py_examples:/opt/ros/humble /usr/bin/cmake --build /home/filo/bumperbot_ws/build/bumperbot_description -- -j8 -l8
[1.076s] Invoked command in '/home/filo/bumperbot_ws/build/bumperbot_description' returned '0': CMAKE_PREFIX_PATH=${CMAKE_PREFIX_PATH}:/home/filo/bumperbot_ws/install/bumperbot_py_examples:/opt/ros/humble /usr/bin/cmake --build /home/filo/bumperbot_ws/build/bumperbot_description -- -j8 -l8
[1.103s] Invoking command in '/home/filo/bumperbot_ws/build/bumperbot_description': CMAKE_PREFIX_PATH=${CMAKE_PREFIX_PATH}:/home/filo/bumperbot_ws/install/bumperbot_py_examples:/opt/ros/humble /usr/bin/cmake --install /home/filo/bumperbot_ws/build/bumperbot_description
[1.151s] -- Install configuration: ""
[1.151s] -- Up-to-date: /home/filo/bumperbot_ws/install/bumperbot_description/share/bumperbot_description/meshes
[1.151s] -- Up-to-date: /home/filo/bumperbot_ws/install/bumperbot_description/share/bumperbot_description/meshes/caster_rear_link.STL
[1.151s] -- Up-to-date: /home/filo/bumperbot_ws/install/bumperbot_description/share/bumperbot_description/meshes/imu_link.STL
[1.151s] -- Up-to-date: /home/filo/bumperbot_ws/install/bumperbot_description/share/bumperbot_description/meshes/caster_front_link.STL
[1.151s] -- Up-to-date: /home/filo/bumperbot_ws/install/bumperbot_description/share/bumperbot_description/meshes/base_link.STL
[1.151s] -- Up-to-date: /home/filo/bumperbot_ws/install/bumperbot_description/share/bumperbot_description/meshes/wheel_left_link.STL
[1.151s] -- Up-to-date: /home/filo/bumperbot_ws/install/bumperbot_description/share/bumperbot_description/meshes/wheel_right_link.STL
[1.151s] -- Up-to-date: /home/filo/bumperbot_ws/install/bumperbot_description/share/bumperbot_description/urdf
[1.151s] -- Up-to-date: /home/filo/bumperbot_ws/install/bumperbot_description/share/bumperbot_description/urdf/bumperbot_gazebo.xacro
[1.151s] -- Up-to-date: /home/filo/bumperbot_ws/install/bumperbot_description/share/bumperbot_description/urdf/bumperbot_ros2_control.xacro
[1.151s] -- Up-to-date: /home/filo/bumperbot_ws/install/bumperbot_description/share/bumperbot_description/urdf/bumperbot.udrf.xacro
[1.152s] -- Up-to-date: /home/filo/bumperbot_ws/install/bumperbot_description/share/bumperbot_description/launch
[1.152s] -- Up-to-date: /home/filo/bumperbot_ws/install/bumperbot_description/share/bumperbot_description/launch/gazebo.launch.py
[1.152s] -- Up-to-date: /home/filo/bumperbot_ws/install/bumperbot_description/share/bumperbot_description/launch/display.launch.py
[1.152s] -- Up-to-date: /home/filo/bumperbot_ws/install/bumperbot_description/share/bumperbot_description/rviz
[1.152s] -- Up-to-date: /home/filo/bumperbot_ws/install/bumperbot_description/share/bumperbot_description/rviz/display.rviz
[1.152s] -- Up-to-date: /home/filo/bumperbot_ws/install/bumperbot_description/share/ament_index/resource_index/package_run_dependencies/bumperbot_description
[1.152s] -- Up-to-date: /home/filo/bumperbot_ws/install/bumperbot_description/share/ament_index/resource_index/parent_prefix_path/bumperbot_description
[1.152s] -- Up-to-date: /home/filo/bumperbot_ws/install/bumperbot_description/share/bumperbot_description/environment/ament_prefix_path.sh
[1.152s] -- Up-to-date: /home/filo/bumperbot_ws/install/bumperbot_description/share/bumperbot_description/environment/ament_prefix_path.dsv
[1.152s] -- Up-to-date: /home/filo/bumperbot_ws/install/bumperbot_description/share/bumperbot_description/environment/path.sh
[1.152s] -- Up-to-date: /home/filo/bumperbot_ws/install/bumperbot_description/share/bumperbot_description/environment/path.dsv
[1.152s] -- Up-to-date: /home/filo/bumperbot_ws/install/bumperbot_description/share/bumperbot_description/local_setup.bash
[1.152s] -- Up-to-date: /home/filo/bumperbot_ws/install/bumperbot_description/share/bumperbot_description/local_setup.sh
[1.152s] -- Up-to-date: /home/filo/bumperbot_ws/install/bumperbot_description/share/bumperbot_description/local_setup.zsh
[1.152s] -- Up-to-date: /home/filo/bumperbot_ws/install/bumperbot_description/share/bumperbot_description/local_setup.dsv
[1.152s] -- Installing: /home/filo/bumperbot_ws/install/bumperbot_description/share/bumperbot_description/package.dsv
[1.191s] -- Up-to-date: /home/filo/bumperbot_ws/install/bumperbot_description/share/ament_index/resource_index/packages/bumperbot_description
[1.192s] -- Up-to-date: /home/filo/bumperbot_ws/install/bumperbot_description/share/bumperbot_description/cmake/bumperbot_descriptionConfig.cmake
[1.192s] -- Up-to-date: /home/filo/bumperbot_ws/install/bumperbot_description/share/bumperbot_description/cmake/bumperbot_descriptionConfig-version.cmake
[1.192s] -- Up-to-date: /home/filo/bumperbot_ws/install/bumperbot_description/share/bumperbot_description/package.xml
[1.423s] Invoked command in '/home/filo/bumperbot_ws/build/bumperbot_description' returned '0': CMAKE_PREFIX_PATH=${CMAKE_PREFIX_PATH}:/home/filo/bumperbot_ws/install/bumperbot_py_examples:/opt/ros/humble /usr/bin/cmake --install /home/filo/bumperbot_ws/build/bumperbot_description
