[0.145s] Invoking command in '/home/filo/bumperbot_ws/build/bumperbot_cpp_examples': CMAKE_PREFIX_PATH=/opt/ros/humble /usr/bin/cmake --build /home/filo/bumperbot_ws/build/bumperbot_cpp_examples -- -j8 -l8
[0.914s] Invoked command in '/home/filo/bumperbot_ws/build/bumperbot_cpp_examples' returned '0': CMAKE_PREFIX_PATH=/opt/ros/humble /usr/bin/cmake --build /home/filo/bumperbot_ws/build/bumperbot_cpp_examples -- -j8 -l8
[0.937s] Invoking command in '/home/filo/bumperbot_ws/build/bumperbot_cpp_examples': CMAKE_PREFIX_PATH=/opt/ros/humble /usr/bin/cmake --install /home/filo/bumperbot_ws/build/bumperbot_cpp_examples
[0.949s] -- Install configuration: ""
[0.980s] -- Execute custom install script
[0.991s] -- Up-to-date symlink: /home/filo/bumperbot_ws/install/bumperbot_cpp_examples/share/ament_index/resource_index/package_run_dependencies/bumperbot_cpp_examples
[1.008s] -- Up-to-date symlink: /home/filo/bumperbot_ws/install/bumperbot_cpp_examples/share/ament_index/resource_index/parent_prefix_path/bumperbot_cpp_examples
[1.009s] -- Up-to-date symlink: /home/filo/bumperbot_ws/install/bumperbot_cpp_examples/share/bumperbot_cpp_examples/environment/ament_prefix_path.sh
[1.009s] -- Up-to-date symlink: /home/filo/bumperbot_ws/install/bumperbot_cpp_examples/share/bumperbot_cpp_examples/environment/ament_prefix_path.dsv
[1.021s] -- Up-to-date symlink: /home/filo/bumperbot_ws/install/bumperbot_cpp_examples/share/bumperbot_cpp_examples/environment/path.sh
[1.022s] -- Up-to-date symlink: /home/filo/bumperbot_ws/install/bumperbot_cpp_examples/share/bumperbot_cpp_examples/environment/path.dsv
[1.022s] -- Up-to-date symlink: /home/filo/bumperbot_ws/install/bumperbot_cpp_examples/share/bumperbot_cpp_examples/local_setup.bash
[1.035s] -- Up-to-date symlink: /home/filo/bumperbot_ws/install/bumperbot_cpp_examples/share/bumperbot_cpp_examples/local_setup.sh
[1.035s] -- Up-to-date symlink: /home/filo/bumperbot_ws/install/bumperbot_cpp_examples/share/bumperbot_cpp_examples/local_setup.zsh
[1.036s] -- Up-to-date symlink: /home/filo/bumperbot_ws/install/bumperbot_cpp_examples/share/bumperbot_cpp_examples/local_setup.dsv
[1.036s] -- Symlinking: /home/filo/bumperbot_ws/install/bumperbot_cpp_examples/share/bumperbot_cpp_examples/package.dsv
[1.047s] -- Up-to-date symlink: /home/filo/bumperbot_ws/install/bumperbot_cpp_examples/share/ament_index/resource_index/packages/bumperbot_cpp_examples
[1.048s] -- Up-to-date symlink: /home/filo/bumperbot_ws/install/bumperbot_cpp_examples/share/bumperbot_cpp_examples/cmake/bumperbot_cpp_examplesConfig.cmake
[1.048s] -- Up-to-date symlink: /home/filo/bumperbot_ws/install/bumperbot_cpp_examples/share/bumperbot_cpp_examples/cmake/bumperbot_cpp_examplesConfig-version.cmake
[1.048s] -- Up-to-date symlink: /home/filo/bumperbot_ws/install/bumperbot_cpp_examples/share/bumperbot_cpp_examples/package.xml
[1.050s] Invoked command in '/home/filo/bumperbot_ws/build/bumperbot_cpp_examples' returned '0': CMAKE_PREFIX_PATH=/opt/ros/humble /usr/bin/cmake --install /home/filo/bumperbot_ws/build/bumperbot_cpp_examples
