[2.051s] Invoking command in '/home/filo/bumperbot_ws/src/bumperbot_py_examples': CMAKE_PREFIX_PATH=/home/filo/bumperbot_ws/install/bumperbot_msgs:/home/filo/bumperbot_ws/install/bumperbot_controller:/home/filo/bumperbot_ws/install/bumperbot_description:/home/filo/bumperbot_ws/install/bumperbot_cpp_examples PYTHONPATH=/home/filo/bumperbot_ws/build/bumperbot_py_examples/prefix_override:/home/filo/bumperbot_ws/install/bumperbot_py_examples/lib/python3.10/site-packages:${PYTHONPATH} /usr/bin/python3 -W ignore:setup.py install is deprecated setup.py egg_info --egg-base ../../build/bumperbot_py_examples build --build-base /home/filo/bumperbot_ws/build/bumperbot_py_examples/build install --record /home/filo/bumperbot_ws/build/bumperbot_py_examples/install.log --single-version-externally-managed install_data
[2.263s] running egg_info
[2.263s] writing ../../build/bumperbot_py_examples/bumperbot_py_examples.egg-info/PKG-INFO
[2.263s] writing dependency_links to ../../build/bumperbot_py_examples/bumperbot_py_examples.egg-info/dependency_links.txt
[2.264s] writing entry points to ../../build/bumperbot_py_examples/bumperbot_py_examples.egg-info/entry_points.txt
[2.264s] writing requirements to ../../build/bumperbot_py_examples/bumperbot_py_examples.egg-info/requires.txt
[2.264s] writing top-level names to ../../build/bumperbot_py_examples/bumperbot_py_examples.egg-info/top_level.txt
[2.265s] reading manifest file '../../build/bumperbot_py_examples/bumperbot_py_examples.egg-info/SOURCES.txt'
[2.285s] writing manifest file '../../build/bumperbot_py_examples/bumperbot_py_examples.egg-info/SOURCES.txt'
[2.285s] running build
[2.286s] running build_py
[2.286s] running install
[2.286s] running install_lib
[2.288s] running install_data
[2.288s] running install_egg_info
[2.289s] removing '/home/filo/bumperbot_ws/install/bumperbot_py_examples/lib/python3.10/site-packages/bumperbot_py_examples-0.0.0-py3.10.egg-info' (and everything under it)
[2.290s] Copying ../../build/bumperbot_py_examples/bumperbot_py_examples.egg-info to /home/filo/bumperbot_ws/install/bumperbot_py_examples/lib/python3.10/site-packages/bumperbot_py_examples-0.0.0-py3.10.egg-info
[2.303s] running install_scripts
[2.322s] Installing simple_parameter script to /home/filo/bumperbot_ws/install/bumperbot_py_examples/lib/bumperbot_py_examples
[2.322s] Installing simple_publisher script to /home/filo/bumperbot_ws/install/bumperbot_py_examples/lib/bumperbot_py_examples
[2.322s] Installing simple_service_client script to /home/filo/bumperbot_ws/install/bumperbot_py_examples/lib/bumperbot_py_examples
[2.323s] Installing simple_service_server script to /home/filo/bumperbot_ws/install/bumperbot_py_examples/lib/bumperbot_py_examples
[2.323s] Installing simple_subscriber script to /home/filo/bumperbot_ws/install/bumperbot_py_examples/lib/bumperbot_py_examples
[2.323s] Installing simple_tf_kinematics script to /home/filo/bumperbot_ws/install/bumperbot_py_examples/lib/bumperbot_py_examples
[2.323s] Installing simple_turtlesim_kinematics script to /home/filo/bumperbot_ws/install/bumperbot_py_examples/lib/bumperbot_py_examples
[2.323s] writing list of installed files to '/home/filo/bumperbot_ws/build/bumperbot_py_examples/install.log'
[2.345s] Invoked command in '/home/filo/bumperbot_ws/src/bumperbot_py_examples' returned '0': CMAKE_PREFIX_PATH=/home/filo/bumperbot_ws/install/bumperbot_msgs:/home/filo/bumperbot_ws/install/bumperbot_controller:/home/filo/bumperbot_ws/install/bumperbot_description:/home/filo/bumperbot_ws/install/bumperbot_cpp_examples PYTHONPATH=/home/filo/bumperbot_ws/build/bumperbot_py_examples/prefix_override:/home/filo/bumperbot_ws/install/bumperbot_py_examples/lib/python3.10/site-packages:${PYTHONPATH} /usr/bin/python3 -W ignore:setup.py install is deprecated setup.py egg_info --egg-base ../../build/bumperbot_py_examples build --build-base /home/filo/bumperbot_ws/build/bumperbot_py_examples/build install --record /home/filo/bumperbot_ws/build/bumperbot_py_examples/install.log --single-version-externally-managed install_data
