[0.043s] Invoking command in '/home/filo/bumperbot_ws/build/bumperbot_controller': CMAKE_PREFIX_PATH=${CMAKE_PREFIX_PATH}:/home/filo/bumperbot_ws/install/bumperbot_py_examples:/opt/ros/humble /usr/bin/cmake --build /home/filo/bumperbot_ws/build/bumperbot_controller -- -j8 -l8
[0.177s] Built target ament_cmake_python_copy_bumperbot_controller
[1.024s] running egg_info
[1.025s] writing bumperbot_controller.egg-info/PKG-INFO
[1.026s] writing dependency_links to bumperbot_controller.egg-info/dependency_links.txt
[1.026s] writing top-level names to bumperbot_controller.egg-info/top_level.txt
[1.033s] reading manifest file 'bumperbot_controller.egg-info/SOURCES.txt'
[1.035s] writing manifest file 'bumperbot_controller.egg-info/SOURCES.txt'
[1.092s] Built target ament_cmake_python_build_bumperbot_controller_egg
[1.142s] Invoked command in '/home/filo/bumperbot_ws/build/bumperbot_controller' returned '0': CMAKE_PREFIX_PATH=${CMAKE_PREFIX_PATH}:/home/filo/bumperbot_ws/install/bumperbot_py_examples:/opt/ros/humble /usr/bin/cmake --build /home/filo/bumperbot_ws/build/bumperbot_controller -- -j8 -l8
[1.193s] Invoking command in '/home/filo/bumperbot_ws/build/bumperbot_controller': CMAKE_PREFIX_PATH=${CMAKE_PREFIX_PATH}:/home/filo/bumperbot_ws/install/bumperbot_py_examples:/opt/ros/humble /usr/bin/cmake --install /home/filo/bumperbot_ws/build/bumperbot_controller
[1.206s] -- Install configuration: ""
[1.207s] -- Up-to-date: /home/filo/bumperbot_ws/install/bumperbot_controller/share/bumperbot_controller/environment/pythonpath.sh
[1.207s] -- Up-to-date: /home/filo/bumperbot_ws/install/bumperbot_controller/share/bumperbot_controller/environment/pythonpath.dsv
[1.207s] -- Up-to-date: /home/filo/bumperbot_ws/install/bumperbot_controller/local/lib/python3.10/dist-packages/bumperbot_controller-0.0.0-py3.10.egg-info
[1.208s] -- Installing: /home/filo/bumperbot_ws/install/bumperbot_controller/local/lib/python3.10/dist-packages/bumperbot_controller-0.0.0-py3.10.egg-info/top_level.txt
[1.208s] -- Installing: /home/filo/bumperbot_ws/install/bumperbot_controller/local/lib/python3.10/dist-packages/bumperbot_controller-0.0.0-py3.10.egg-info/PKG-INFO
[1.208s] -- Installing: /home/filo/bumperbot_ws/install/bumperbot_controller/local/lib/python3.10/dist-packages/bumperbot_controller-0.0.0-py3.10.egg-info/SOURCES.txt
[1.209s] -- Installing: /home/filo/bumperbot_ws/install/bumperbot_controller/local/lib/python3.10/dist-packages/bumperbot_controller-0.0.0-py3.10.egg-info/dependency_links.txt
[1.211s] -- Up-to-date: /home/filo/bumperbot_ws/install/bumperbot_controller/local/lib/python3.10/dist-packages/bumperbot_controller
[1.211s] -- Up-to-date: /home/filo/bumperbot_ws/install/bumperbot_controller/local/lib/python3.10/dist-packages/bumperbot_controller/__init__.py
[1.212s] -- Up-to-date: /home/filo/bumperbot_ws/install/bumperbot_controller/local/lib/python3.10/dist-packages/bumperbot_controller/simple_controller.py
[1.212s] -- Up-to-date: /home/filo/bumperbot_ws/install/bumperbot_controller/local/lib/python3.10/dist-packages/bumperbot_controller/noisy_controller.py
[1.300s] Listing '/home/filo/bumperbot_ws/install/bumperbot_controller/local/lib/python3.10/dist-packages/bumperbot_controller'...
[1.311s] -- Up-to-date: /home/filo/bumperbot_ws/install/bumperbot_controller/share/bumperbot_controller/config
[1.311s] -- Up-to-date: /home/filo/bumperbot_ws/install/bumperbot_controller/share/bumperbot_controller/config/bumperbot_controllers.yaml
[1.311s] -- Up-to-date: /home/filo/bumperbot_ws/install/bumperbot_controller/share/bumperbot_controller/config/joy_teleop.yaml
[1.312s] -- Up-to-date: /home/filo/bumperbot_ws/install/bumperbot_controller/share/bumperbot_controller/config/joy_config.yaml
[1.312s] -- Up-to-date: /home/filo/bumperbot_ws/install/bumperbot_controller/share/bumperbot_controller/launch
[1.312s] -- Up-to-date: /home/filo/bumperbot_ws/install/bumperbot_controller/share/bumperbot_controller/launch/controller.launch.py
[1.312s] -- Up-to-date: /home/filo/bumperbot_ws/install/bumperbot_controller/share/bumperbot_controller/launch/joystick_teleop.launch.py
[1.313s] -- Up-to-date: /home/filo/bumperbot_ws/install/bumperbot_controller/lib/bumperbot_controller/simple_controller.py
[1.313s] -- Up-to-date: /home/filo/bumperbot_ws/install/bumperbot_controller/lib/bumperbot_controller/noisy_controller.py
[1.313s] -- Up-to-date: /home/filo/bumperbot_ws/install/bumperbot_controller/share/ament_index/resource_index/package_run_dependencies/bumperbot_controller
[1.313s] -- Up-to-date: /home/filo/bumperbot_ws/install/bumperbot_controller/share/ament_index/resource_index/parent_prefix_path/bumperbot_controller
[1.314s] -- Up-to-date: /home/filo/bumperbot_ws/install/bumperbot_controller/share/bumperbot_controller/environment/ament_prefix_path.sh
[1.314s] -- Up-to-date: /home/filo/bumperbot_ws/install/bumperbot_controller/share/bumperbot_controller/environment/ament_prefix_path.dsv
[1.314s] -- Up-to-date: /home/filo/bumperbot_ws/install/bumperbot_controller/share/bumperbot_controller/environment/path.sh
[1.314s] -- Up-to-date: /home/filo/bumperbot_ws/install/bumperbot_controller/share/bumperbot_controller/environment/path.dsv
[1.315s] -- Up-to-date: /home/filo/bumperbot_ws/install/bumperbot_controller/share/bumperbot_controller/local_setup.bash
[1.315s] -- Up-to-date: /home/filo/bumperbot_ws/install/bumperbot_controller/share/bumperbot_controller/local_setup.sh
[1.315s] -- Up-to-date: /home/filo/bumperbot_ws/install/bumperbot_controller/share/bumperbot_controller/local_setup.zsh
[1.316s] -- Up-to-date: /home/filo/bumperbot_ws/install/bumperbot_controller/share/bumperbot_controller/local_setup.dsv
[1.316s] -- Installing: /home/filo/bumperbot_ws/install/bumperbot_controller/share/bumperbot_controller/package.dsv
[1.316s] -- Up-to-date: /home/filo/bumperbot_ws/install/bumperbot_controller/share/ament_index/resource_index/packages/bumperbot_controller
[1.316s] -- Up-to-date: /home/filo/bumperbot_ws/install/bumperbot_controller/share/bumperbot_controller/cmake/bumperbot_controllerConfig.cmake
[1.317s] -- Up-to-date: /home/filo/bumperbot_ws/install/bumperbot_controller/share/bumperbot_controller/cmake/bumperbot_controllerConfig-version.cmake
[1.317s] -- Up-to-date: /home/filo/bumperbot_ws/install/bumperbot_controller/share/bumperbot_controller/package.xml
[1.905s] Invoked command in '/home/filo/bumperbot_ws/build/bumperbot_controller' returned '0': CMAKE_PREFIX_PATH=${CMAKE_PREFIX_PATH}:/home/filo/bumperbot_ws/install/bumperbot_py_examples:/opt/ros/humble /usr/bin/cmake --install /home/filo/bumperbot_ws/build/bumperbot_controller
