[0.247s] DEBUG:colcon:Command line arguments: ['/home/filo/.local/bin/colcon', 'build']
[0.248s] DEBUG:colcon:Parsed command line arguments: Namespace(log_base=None, log_level=None, verb_name='build', build_base='build', install_base='install', merge_install=False, symlink_install=False, test_result_base=None, continue_on_error=False, executor='parallel', parallel_workers=8, event_handlers=None, ignore_user_meta=False, metas=['./colcon.meta'], base_paths=['.'], packages_ignore=None, packages_ignore_regex=None, paths=None, packages_up_to=None, packages_up_to_regex=None, packages_above=None, packages_above_and_dependencies=None, packages_above_depth=None, packages_select_by_dep=None, packages_skip_by_dep=None, packages_skip_up_to=None, packages_select_build_failed=False, packages_skip_build_finished=False, packages_select_test_failures=False, packages_skip_test_passed=False, packages_select=None, packages_skip=None, packages_select_regex=None, packages_skip_regex=None, packages_start=None, packages_end=None, allow_overriding=[], cmake_args=None, cmake_target=None, cmake_target_skip_unavailable=False, cmake_clean_cache=False, cmake_clean_first=False, cmake_force_configure=False, ament_cmake_args=None, catkin_cmake_args=None, catkin_skip_building_tests=False, verb_parser=<colcon_defaults.argument_parser.defaults.DefaultArgumentsDecorator object at 0x76414c1d7130>, verb_extension=<colcon_core.verb.build.BuildVerb object at 0x76414c2bfd30>, main=<bound method BuildVerb.main of <colcon_core.verb.build.BuildVerb object at 0x76414c2bfd30>>)
[0.566s] Level 1:colcon.colcon_core.package_discovery:discover_packages(colcon_meta) check parameters
[0.567s] Level 1:colcon.colcon_core.package_discovery:discover_packages(recursive) check parameters
[0.567s] Level 1:colcon.colcon_core.package_discovery:discover_packages(ignore) check parameters
[0.567s] Level 1:colcon.colcon_core.package_discovery:discover_packages(path) check parameters
[0.567s] Level 1:colcon.colcon_core.package_discovery:discover_packages(colcon_meta) discover
[0.567s] Level 1:colcon.colcon_core.package_discovery:discover_packages(recursive) discover
[0.567s] INFO:colcon.colcon_core.package_discovery:Crawling recursively for packages in '/home/filo/bumperbot_ws'
[0.567s] Level 1:colcon.colcon_core.package_identification:_identify(.) by extensions ['ignore', 'ignore_ament_install']
[0.567s] Level 1:colcon.colcon_core.package_identification:_identify(.) by extension 'ignore'
[0.568s] Level 1:colcon.colcon_core.package_identification:_identify(.) by extension 'ignore_ament_install'
[0.568s] Level 1:colcon.colcon_core.package_identification:_identify(.) by extensions ['colcon_pkg']
[0.568s] Level 1:colcon.colcon_core.package_identification:_identify(.) by extension 'colcon_pkg'
[0.568s] Level 1:colcon.colcon_core.package_identification:_identify(.) by extensions ['colcon_meta']
[0.568s] Level 1:colcon.colcon_core.package_identification:_identify(.) by extension 'colcon_meta'
[0.568s] Level 1:colcon.colcon_core.package_identification:_identify(.) by extensions ['ros']
[0.568s] Level 1:colcon.colcon_core.package_identification:_identify(.) by extension 'ros'
[0.590s] Level 1:colcon.colcon_core.package_identification:_identify(.) by extensions ['cmake', 'python']
[0.590s] Level 1:colcon.colcon_core.package_identification:_identify(.) by extension 'cmake'
[0.590s] Level 1:colcon.colcon_core.package_identification:_identify(.) by extension 'python'
[0.591s] Level 1:colcon.colcon_core.package_identification:_identify(.) by extensions ['python_setup_py']
[0.591s] Level 1:colcon.colcon_core.package_identification:_identify(.) by extension 'python_setup_py'
[0.591s] Level 1:colcon.colcon_core.package_identification:_identify(build) by extensions ['ignore', 'ignore_ament_install']
[0.591s] Level 1:colcon.colcon_core.package_identification:_identify(build) by extension 'ignore'
[0.591s] Level 1:colcon.colcon_core.package_identification:_identify(build) ignored
[0.591s] Level 1:colcon.colcon_core.package_identification:_identify(install) by extensions ['ignore', 'ignore_ament_install']
[0.592s] Level 1:colcon.colcon_core.package_identification:_identify(install) by extension 'ignore'
[0.592s] Level 1:colcon.colcon_core.package_identification:_identify(install) ignored
[0.592s] Level 1:colcon.colcon_core.package_identification:_identify(log) by extensions ['ignore', 'ignore_ament_install']
[0.592s] Level 1:colcon.colcon_core.package_identification:_identify(log) by extension 'ignore'
[0.592s] Level 1:colcon.colcon_core.package_identification:_identify(log) ignored
[0.592s] Level 1:colcon.colcon_core.package_identification:_identify(src) by extensions ['ignore', 'ignore_ament_install']
[0.593s] Level 1:colcon.colcon_core.package_identification:_identify(src) by extension 'ignore'
[0.593s] Level 1:colcon.colcon_core.package_identification:_identify(src) by extension 'ignore_ament_install'
[0.593s] Level 1:colcon.colcon_core.package_identification:_identify(src) by extensions ['colcon_pkg']
[0.593s] Level 1:colcon.colcon_core.package_identification:_identify(src) by extension 'colcon_pkg'
[0.593s] Level 1:colcon.colcon_core.package_identification:_identify(src) by extensions ['colcon_meta']
[0.593s] Level 1:colcon.colcon_core.package_identification:_identify(src) by extension 'colcon_meta'
[0.593s] Level 1:colcon.colcon_core.package_identification:_identify(src) by extensions ['ros']
[0.593s] Level 1:colcon.colcon_core.package_identification:_identify(src) by extension 'ros'
[0.593s] Level 1:colcon.colcon_core.package_identification:_identify(src) by extensions ['cmake', 'python']
[0.593s] Level 1:colcon.colcon_core.package_identification:_identify(src) by extension 'cmake'
[0.593s] Level 1:colcon.colcon_core.package_identification:_identify(src) by extension 'python'
[0.594s] Level 1:colcon.colcon_core.package_identification:_identify(src) by extensions ['python_setup_py']
[0.594s] Level 1:colcon.colcon_core.package_identification:_identify(src) by extension 'python_setup_py'
[0.594s] Level 1:colcon.colcon_core.package_identification:_identify(src/bumperbot_controller) by extensions ['ignore', 'ignore_ament_install']
[0.594s] Level 1:colcon.colcon_core.package_identification:_identify(src/bumperbot_controller) by extension 'ignore'
[0.594s] Level 1:colcon.colcon_core.package_identification:_identify(src/bumperbot_controller) by extension 'ignore_ament_install'
[0.594s] Level 1:colcon.colcon_core.package_identification:_identify(src/bumperbot_controller) by extensions ['colcon_pkg']
[0.594s] Level 1:colcon.colcon_core.package_identification:_identify(src/bumperbot_controller) by extension 'colcon_pkg'
[0.594s] Level 1:colcon.colcon_core.package_identification:_identify(src/bumperbot_controller) by extensions ['colcon_meta']
[0.594s] Level 1:colcon.colcon_core.package_identification:_identify(src/bumperbot_controller) by extension 'colcon_meta'
[0.594s] Level 1:colcon.colcon_core.package_identification:_identify(src/bumperbot_controller) by extensions ['ros']
[0.595s] Level 1:colcon.colcon_core.package_identification:_identify(src/bumperbot_controller) by extension 'ros'
[0.599s] DEBUG:colcon.colcon_core.package_identification:Package 'src/bumperbot_controller' with type 'ros.ament_cmake' and name 'bumperbot_controller'
[0.599s] Level 1:colcon.colcon_core.package_identification:_identify(src/bumperbot_cpp_examples) by extensions ['ignore', 'ignore_ament_install']
[0.600s] Level 1:colcon.colcon_core.package_identification:_identify(src/bumperbot_cpp_examples) by extension 'ignore'
[0.600s] Level 1:colcon.colcon_core.package_identification:_identify(src/bumperbot_cpp_examples) by extension 'ignore_ament_install'
[0.600s] Level 1:colcon.colcon_core.package_identification:_identify(src/bumperbot_cpp_examples) by extensions ['colcon_pkg']
[0.600s] Level 1:colcon.colcon_core.package_identification:_identify(src/bumperbot_cpp_examples) by extension 'colcon_pkg'
[0.600s] Level 1:colcon.colcon_core.package_identification:_identify(src/bumperbot_cpp_examples) by extensions ['colcon_meta']
[0.600s] Level 1:colcon.colcon_core.package_identification:_identify(src/bumperbot_cpp_examples) by extension 'colcon_meta'
[0.600s] Level 1:colcon.colcon_core.package_identification:_identify(src/bumperbot_cpp_examples) by extensions ['ros']
[0.600s] Level 1:colcon.colcon_core.package_identification:_identify(src/bumperbot_cpp_examples) by extension 'ros'
[0.601s] DEBUG:colcon.colcon_core.package_identification:Package 'src/bumperbot_cpp_examples' with type 'ros.ament_cmake' and name 'bumperbot_cpp_examples'
[0.601s] Level 1:colcon.colcon_core.package_identification:_identify(src/bumperbot_description) by extensions ['ignore', 'ignore_ament_install']
[0.601s] Level 1:colcon.colcon_core.package_identification:_identify(src/bumperbot_description) by extension 'ignore'
[0.602s] Level 1:colcon.colcon_core.package_identification:_identify(src/bumperbot_description) by extension 'ignore_ament_install'
[0.602s] Level 1:colcon.colcon_core.package_identification:_identify(src/bumperbot_description) by extensions ['colcon_pkg']
[0.602s] Level 1:colcon.colcon_core.package_identification:_identify(src/bumperbot_description) by extension 'colcon_pkg'
[0.602s] Level 1:colcon.colcon_core.package_identification:_identify(src/bumperbot_description) by extensions ['colcon_meta']
[0.602s] Level 1:colcon.colcon_core.package_identification:_identify(src/bumperbot_description) by extension 'colcon_meta'
[0.602s] Level 1:colcon.colcon_core.package_identification:_identify(src/bumperbot_description) by extensions ['ros']
[0.602s] Level 1:colcon.colcon_core.package_identification:_identify(src/bumperbot_description) by extension 'ros'
[0.603s] DEBUG:colcon.colcon_core.package_identification:Package 'src/bumperbot_description' with type 'ros.ament_cmake' and name 'bumperbot_description'
[0.603s] Level 1:colcon.colcon_core.package_identification:_identify(src/bumperbot_msgs) by extensions ['ignore', 'ignore_ament_install']
[0.603s] Level 1:colcon.colcon_core.package_identification:_identify(src/bumperbot_msgs) by extension 'ignore'
[0.603s] Level 1:colcon.colcon_core.package_identification:_identify(src/bumperbot_msgs) by extension 'ignore_ament_install'
[0.604s] Level 1:colcon.colcon_core.package_identification:_identify(src/bumperbot_msgs) by extensions ['colcon_pkg']
[0.604s] Level 1:colcon.colcon_core.package_identification:_identify(src/bumperbot_msgs) by extension 'colcon_pkg'
[0.604s] Level 1:colcon.colcon_core.package_identification:_identify(src/bumperbot_msgs) by extensions ['colcon_meta']
[0.604s] Level 1:colcon.colcon_core.package_identification:_identify(src/bumperbot_msgs) by extension 'colcon_meta'
[0.604s] Level 1:colcon.colcon_core.package_identification:_identify(src/bumperbot_msgs) by extensions ['ros']
[0.604s] Level 1:colcon.colcon_core.package_identification:_identify(src/bumperbot_msgs) by extension 'ros'
[0.605s] DEBUG:colcon.colcon_core.package_identification:Package 'src/bumperbot_msgs' with type 'ros.ament_cmake' and name 'bumperbot_msgs'
[0.605s] Level 1:colcon.colcon_core.package_identification:_identify(src/bumperbot_py_examples) by extensions ['ignore', 'ignore_ament_install']
[0.605s] Level 1:colcon.colcon_core.package_identification:_identify(src/bumperbot_py_examples) by extension 'ignore'
[0.605s] Level 1:colcon.colcon_core.package_identification:_identify(src/bumperbot_py_examples) by extension 'ignore_ament_install'
[0.606s] Level 1:colcon.colcon_core.package_identification:_identify(src/bumperbot_py_examples) by extensions ['colcon_pkg']
[0.606s] Level 1:colcon.colcon_core.package_identification:_identify(src/bumperbot_py_examples) by extension 'colcon_pkg'
[0.606s] Level 1:colcon.colcon_core.package_identification:_identify(src/bumperbot_py_examples) by extensions ['colcon_meta']
[0.606s] Level 1:colcon.colcon_core.package_identification:_identify(src/bumperbot_py_examples) by extension 'colcon_meta'
[0.606s] Level 1:colcon.colcon_core.package_identification:_identify(src/bumperbot_py_examples) by extensions ['ros']
[0.606s] Level 1:colcon.colcon_core.package_identification:_identify(src/bumperbot_py_examples) by extension 'ros'
[0.607s] DEBUG:colcon.colcon_core.package_identification:Package 'src/bumperbot_py_examples' with type 'ros.ament_python' and name 'bumperbot_py_examples'
[0.607s] Level 1:colcon.colcon_core.package_discovery:discover_packages(recursive) using defaults
[0.607s] Level 1:colcon.colcon_core.package_discovery:discover_packages(ignore) discover
[0.607s] Level 1:colcon.colcon_core.package_discovery:discover_packages(ignore) using defaults
[0.607s] Level 1:colcon.colcon_core.package_discovery:discover_packages(path) discover
[0.607s] Level 1:colcon.colcon_core.package_discovery:discover_packages(path) using defaults
[0.644s] Level 1:colcon.colcon_core.package_discovery:discover_packages(prefix_path) check parameters
[0.644s] Level 1:colcon.colcon_core.package_discovery:discover_packages(prefix_path) discover
[0.647s] DEBUG:colcon.colcon_installed_package_information.package_discovery:Found 6 installed packages in /home/filo/bumperbot_ws/install
[0.650s] DEBUG:colcon.colcon_installed_package_information.package_discovery:Found 329 installed packages in /opt/ros/humble
[0.653s] Level 1:colcon.colcon_core.package_discovery:discover_packages(prefix_path) using defaults
[0.747s] Level 5:colcon.colcon_core.verb:set package 'bumperbot_controller' build argument 'cmake_args' from command line to 'None'
[0.748s] Level 5:colcon.colcon_core.verb:set package 'bumperbot_controller' build argument 'cmake_target' from command line to 'None'
[0.748s] Level 5:colcon.colcon_core.verb:set package 'bumperbot_controller' build argument 'cmake_target_skip_unavailable' from command line to 'False'
[0.748s] Level 5:colcon.colcon_core.verb:set package 'bumperbot_controller' build argument 'cmake_clean_cache' from command line to 'False'
[0.748s] Level 5:colcon.colcon_core.verb:set package 'bumperbot_controller' build argument 'cmake_clean_first' from command line to 'False'
[0.748s] Level 5:colcon.colcon_core.verb:set package 'bumperbot_controller' build argument 'cmake_force_configure' from command line to 'False'
[0.748s] Level 5:colcon.colcon_core.verb:set package 'bumperbot_controller' build argument 'ament_cmake_args' from command line to 'None'
[0.748s] Level 5:colcon.colcon_core.verb:set package 'bumperbot_controller' build argument 'catkin_cmake_args' from command line to 'None'
[0.748s] Level 5:colcon.colcon_core.verb:set package 'bumperbot_controller' build argument 'catkin_skip_building_tests' from command line to 'False'
[0.748s] DEBUG:colcon.colcon_core.verb:Building package 'bumperbot_controller' with the following arguments: {'ament_cmake_args': None, 'build_base': '/home/filo/bumperbot_ws/build/bumperbot_controller', 'catkin_cmake_args': None, 'catkin_skip_building_tests': False, 'cmake_args': None, 'cmake_clean_cache': False, 'cmake_clean_first': False, 'cmake_force_configure': False, 'cmake_target': None, 'cmake_target_skip_unavailable': False, 'install_base': '/home/filo/bumperbot_ws/install/bumperbot_controller', 'merge_install': False, 'path': '/home/filo/bumperbot_ws/src/bumperbot_controller', 'symlink_install': False, 'test_result_base': None}
[0.749s] Level 5:colcon.colcon_core.verb:set package 'bumperbot_cpp_examples' build argument 'cmake_args' from command line to 'None'
[0.749s] Level 5:colcon.colcon_core.verb:set package 'bumperbot_cpp_examples' build argument 'cmake_target' from command line to 'None'
[0.749s] Level 5:colcon.colcon_core.verb:set package 'bumperbot_cpp_examples' build argument 'cmake_target_skip_unavailable' from command line to 'False'
[0.749s] Level 5:colcon.colcon_core.verb:set package 'bumperbot_cpp_examples' build argument 'cmake_clean_cache' from command line to 'False'
[0.749s] Level 5:colcon.colcon_core.verb:set package 'bumperbot_cpp_examples' build argument 'cmake_clean_first' from command line to 'False'
[0.749s] Level 5:colcon.colcon_core.verb:set package 'bumperbot_cpp_examples' build argument 'cmake_force_configure' from command line to 'False'
[0.749s] Level 5:colcon.colcon_core.verb:set package 'bumperbot_cpp_examples' build argument 'ament_cmake_args' from command line to 'None'
[0.749s] Level 5:colcon.colcon_core.verb:set package 'bumperbot_cpp_examples' build argument 'catkin_cmake_args' from command line to 'None'
[0.749s] Level 5:colcon.colcon_core.verb:set package 'bumperbot_cpp_examples' build argument 'catkin_skip_building_tests' from command line to 'False'
[0.749s] DEBUG:colcon.colcon_core.verb:Building package 'bumperbot_cpp_examples' with the following arguments: {'ament_cmake_args': None, 'build_base': '/home/filo/bumperbot_ws/build/bumperbot_cpp_examples', 'catkin_cmake_args': None, 'catkin_skip_building_tests': False, 'cmake_args': None, 'cmake_clean_cache': False, 'cmake_clean_first': False, 'cmake_force_configure': False, 'cmake_target': None, 'cmake_target_skip_unavailable': False, 'install_base': '/home/filo/bumperbot_ws/install/bumperbot_cpp_examples', 'merge_install': False, 'path': '/home/filo/bumperbot_ws/src/bumperbot_cpp_examples', 'symlink_install': False, 'test_result_base': None}
[0.750s] Level 5:colcon.colcon_core.verb:set package 'bumperbot_description' build argument 'cmake_args' from command line to 'None'
[0.750s] Level 5:colcon.colcon_core.verb:set package 'bumperbot_description' build argument 'cmake_target' from command line to 'None'
[0.750s] Level 5:colcon.colcon_core.verb:set package 'bumperbot_description' build argument 'cmake_target_skip_unavailable' from command line to 'False'
[0.750s] Level 5:colcon.colcon_core.verb:set package 'bumperbot_description' build argument 'cmake_clean_cache' from command line to 'False'
[0.750s] Level 5:colcon.colcon_core.verb:set package 'bumperbot_description' build argument 'cmake_clean_first' from command line to 'False'
[0.750s] Level 5:colcon.colcon_core.verb:set package 'bumperbot_description' build argument 'cmake_force_configure' from command line to 'False'
[0.750s] Level 5:colcon.colcon_core.verb:set package 'bumperbot_description' build argument 'ament_cmake_args' from command line to 'None'
[0.750s] Level 5:colcon.colcon_core.verb:set package 'bumperbot_description' build argument 'catkin_cmake_args' from command line to 'None'
[0.750s] Level 5:colcon.colcon_core.verb:set package 'bumperbot_description' build argument 'catkin_skip_building_tests' from command line to 'False'
[0.750s] DEBUG:colcon.colcon_core.verb:Building package 'bumperbot_description' with the following arguments: {'ament_cmake_args': None, 'build_base': '/home/filo/bumperbot_ws/build/bumperbot_description', 'catkin_cmake_args': None, 'catkin_skip_building_tests': False, 'cmake_args': None, 'cmake_clean_cache': False, 'cmake_clean_first': False, 'cmake_force_configure': False, 'cmake_target': None, 'cmake_target_skip_unavailable': False, 'install_base': '/home/filo/bumperbot_ws/install/bumperbot_description', 'merge_install': False, 'path': '/home/filo/bumperbot_ws/src/bumperbot_description', 'symlink_install': False, 'test_result_base': None}
[0.751s] Level 5:colcon.colcon_core.verb:set package 'bumperbot_msgs' build argument 'cmake_args' from command line to 'None'
[0.751s] Level 5:colcon.colcon_core.verb:set package 'bumperbot_msgs' build argument 'cmake_target' from command line to 'None'
[0.751s] Level 5:colcon.colcon_core.verb:set package 'bumperbot_msgs' build argument 'cmake_target_skip_unavailable' from command line to 'False'
[0.751s] Level 5:colcon.colcon_core.verb:set package 'bumperbot_msgs' build argument 'cmake_clean_cache' from command line to 'False'
[0.751s] Level 5:colcon.colcon_core.verb:set package 'bumperbot_msgs' build argument 'cmake_clean_first' from command line to 'False'
[0.751s] Level 5:colcon.colcon_core.verb:set package 'bumperbot_msgs' build argument 'cmake_force_configure' from command line to 'False'
[0.751s] Level 5:colcon.colcon_core.verb:set package 'bumperbot_msgs' build argument 'ament_cmake_args' from command line to 'None'
[0.751s] Level 5:colcon.colcon_core.verb:set package 'bumperbot_msgs' build argument 'catkin_cmake_args' from command line to 'None'
[0.751s] Level 5:colcon.colcon_core.verb:set package 'bumperbot_msgs' build argument 'catkin_skip_building_tests' from command line to 'False'
[0.752s] DEBUG:colcon.colcon_core.verb:Building package 'bumperbot_msgs' with the following arguments: {'ament_cmake_args': None, 'build_base': '/home/filo/bumperbot_ws/build/bumperbot_msgs', 'catkin_cmake_args': None, 'catkin_skip_building_tests': False, 'cmake_args': None, 'cmake_clean_cache': False, 'cmake_clean_first': False, 'cmake_force_configure': False, 'cmake_target': None, 'cmake_target_skip_unavailable': False, 'install_base': '/home/filo/bumperbot_ws/install/bumperbot_msgs', 'merge_install': False, 'path': '/home/filo/bumperbot_ws/src/bumperbot_msgs', 'symlink_install': False, 'test_result_base': None}
[0.752s] Level 5:colcon.colcon_core.verb:set package 'bumperbot_py_examples' build argument 'cmake_args' from command line to 'None'
[0.752s] Level 5:colcon.colcon_core.verb:set package 'bumperbot_py_examples' build argument 'cmake_target' from command line to 'None'
[0.752s] Level 5:colcon.colcon_core.verb:set package 'bumperbot_py_examples' build argument 'cmake_target_skip_unavailable' from command line to 'False'
[0.752s] Level 5:colcon.colcon_core.verb:set package 'bumperbot_py_examples' build argument 'cmake_clean_cache' from command line to 'False'
[0.752s] Level 5:colcon.colcon_core.verb:set package 'bumperbot_py_examples' build argument 'cmake_clean_first' from command line to 'False'
[0.753s] Level 5:colcon.colcon_core.verb:set package 'bumperbot_py_examples' build argument 'cmake_force_configure' from command line to 'False'
[0.753s] Level 5:colcon.colcon_core.verb:set package 'bumperbot_py_examples' build argument 'ament_cmake_args' from command line to 'None'
[0.753s] Level 5:colcon.colcon_core.verb:set package 'bumperbot_py_examples' build argument 'catkin_cmake_args' from command line to 'None'
[0.753s] Level 5:colcon.colcon_core.verb:set package 'bumperbot_py_examples' build argument 'catkin_skip_building_tests' from command line to 'False'
[0.753s] DEBUG:colcon.colcon_core.verb:Building package 'bumperbot_py_examples' with the following arguments: {'ament_cmake_args': None, 'build_base': '/home/filo/bumperbot_ws/build/bumperbot_py_examples', 'catkin_cmake_args': None, 'catkin_skip_building_tests': False, 'cmake_args': None, 'cmake_clean_cache': False, 'cmake_clean_first': False, 'cmake_force_configure': False, 'cmake_target': None, 'cmake_target_skip_unavailable': False, 'install_base': '/home/filo/bumperbot_ws/install/bumperbot_py_examples', 'merge_install': False, 'path': '/home/filo/bumperbot_ws/src/bumperbot_py_examples', 'symlink_install': False, 'test_result_base': None}
[0.753s] INFO:colcon.colcon_core.executor:Executing jobs using 'parallel' executor
[0.754s] DEBUG:colcon.colcon_parallel_executor.executor.parallel:run_until_complete
[0.755s] INFO:colcon.colcon_ros.task.ament_cmake.build:Building ROS package in '/home/filo/bumperbot_ws/src/bumperbot_controller' with build type 'ament_cmake'
[0.755s] INFO:colcon.colcon_cmake.task.cmake.build:Building CMake package in '/home/filo/bumperbot_ws/src/bumperbot_controller'
[0.759s] INFO:colcon.colcon_core.plugin_system:Skipping extension 'colcon_core.shell.bat': Not used on non-Windows systems
[0.759s] INFO:colcon.colcon_core.shell:Skip shell extension 'powershell' for command environment: Not usable outside of PowerShell
[0.760s] DEBUG:colcon.colcon_core.shell:Skip shell extension 'dsv' for command environment
[0.766s] INFO:colcon.colcon_ros.task.ament_cmake.build:Building ROS package in '/home/filo/bumperbot_ws/src/bumperbot_cpp_examples' with build type 'ament_cmake'
[0.766s] INFO:colcon.colcon_cmake.task.cmake.build:Building CMake package in '/home/filo/bumperbot_ws/src/bumperbot_cpp_examples'
[0.766s] INFO:colcon.colcon_core.shell:Skip shell extension 'powershell' for command environment: Not usable outside of PowerShell
[0.766s] DEBUG:colcon.colcon_core.shell:Skip shell extension 'dsv' for command environment
[0.772s] INFO:colcon.colcon_ros.task.ament_cmake.build:Building ROS package in '/home/filo/bumperbot_ws/src/bumperbot_description' with build type 'ament_cmake'
[0.773s] INFO:colcon.colcon_cmake.task.cmake.build:Building CMake package in '/home/filo/bumperbot_ws/src/bumperbot_description'
[0.773s] INFO:colcon.colcon_core.shell:Skip shell extension 'powershell' for command environment: Not usable outside of PowerShell
[0.773s] DEBUG:colcon.colcon_core.shell:Skip shell extension 'dsv' for command environment
[0.779s] INFO:colcon.colcon_ros.task.ament_cmake.build:Building ROS package in '/home/filo/bumperbot_ws/src/bumperbot_msgs' with build type 'ament_cmake'
[0.779s] INFO:colcon.colcon_cmake.task.cmake.build:Building CMake package in '/home/filo/bumperbot_ws/src/bumperbot_msgs'
[0.780s] INFO:colcon.colcon_core.shell:Skip shell extension 'powershell' for command environment: Not usable outside of PowerShell
[0.780s] DEBUG:colcon.colcon_core.shell:Skip shell extension 'dsv' for command environment
[0.786s] INFO:colcon.colcon_ros.task.ament_python.build:Building ROS package in '/home/filo/bumperbot_ws/src/bumperbot_py_examples' with build type 'ament_python'
[0.786s] Level 1:colcon.colcon_core.shell:create_environment_hook('bumperbot_py_examples', 'ament_prefix_path')
[0.787s] INFO:colcon.colcon_core.shell:Creating environment hook '/home/filo/bumperbot_ws/install/bumperbot_py_examples/share/bumperbot_py_examples/hook/ament_prefix_path.ps1'
[0.788s] INFO:colcon.colcon_core.shell:Creating environment descriptor '/home/filo/bumperbot_ws/install/bumperbot_py_examples/share/bumperbot_py_examples/hook/ament_prefix_path.dsv'
[0.789s] INFO:colcon.colcon_core.shell:Creating environment hook '/home/filo/bumperbot_ws/install/bumperbot_py_examples/share/bumperbot_py_examples/hook/ament_prefix_path.sh'
[0.790s] INFO:colcon.colcon_core.shell:Skip shell extension 'powershell' for command environment: Not usable outside of PowerShell
[0.790s] DEBUG:colcon.colcon_core.shell:Skip shell extension 'dsv' for command environment
[0.807s] DEBUG:colcon.colcon_core.event_handler.log_command:Invoking command in '/home/filo/bumperbot_ws/build/bumperbot_controller': CMAKE_PREFIX_PATH=${CMAKE_PREFIX_PATH}:/home/filo/bumperbot_ws/install/bumperbot_py_examples:/opt/ros/humble /usr/bin/cmake --build /home/filo/bumperbot_ws/build/bumperbot_controller -- -j8 -l8
[0.811s] DEBUG:colcon.colcon_core.event_handler.log_command:Invoking command in '/home/filo/bumperbot_ws/build/bumperbot_cpp_examples': CMAKE_PREFIX_PATH=${CMAKE_PREFIX_PATH}:/home/filo/bumperbot_ws/install/bumperbot_py_examples:/opt/ros/humble /usr/bin/cmake --build /home/filo/bumperbot_ws/build/bumperbot_cpp_examples -- -j8 -l8
[0.817s] DEBUG:colcon.colcon_core.event_handler.log_command:Invoking command in '/home/filo/bumperbot_ws/build/bumperbot_description': CMAKE_PREFIX_PATH=${CMAKE_PREFIX_PATH}:/home/filo/bumperbot_ws/install/bumperbot_py_examples:/opt/ros/humble /usr/bin/cmake --build /home/filo/bumperbot_ws/build/bumperbot_description -- -j8 -l8
[0.824s] DEBUG:colcon.colcon_core.event_handler.log_command:Invoking command in '/home/filo/bumperbot_ws/build/bumperbot_msgs': CMAKE_PREFIX_PATH=${CMAKE_PREFIX_PATH}:/home/filo/bumperbot_ws/install/bumperbot_py_examples:/opt/ros/humble /usr/bin/cmake --build /home/filo/bumperbot_ws/build/bumperbot_msgs -- -j8 -l8
[1.137s] INFO:colcon.colcon_core.task.python.build:Building Python package in '/home/filo/bumperbot_ws/src/bumperbot_py_examples'
[1.137s] INFO:colcon.colcon_core.shell:Skip shell extension 'powershell' for command environment: Not usable outside of PowerShell
[1.137s] DEBUG:colcon.colcon_core.shell:Skip shell extension 'dsv' for command environment
[1.141s] DEBUG:colcon.colcon_core.event_handler.log_command:Invoked command in '/home/filo/bumperbot_ws/build/bumperbot_cpp_examples' returned '0': CMAKE_PREFIX_PATH=${CMAKE_PREFIX_PATH}:/home/filo/bumperbot_ws/install/bumperbot_py_examples:/opt/ros/humble /usr/bin/cmake --build /home/filo/bumperbot_ws/build/bumperbot_cpp_examples -- -j8 -l8
[1.142s] DEBUG:colcon.colcon_core.event_handler.log_command:Invoked command in '/home/filo/bumperbot_ws/build/bumperbot_description' returned '0': CMAKE_PREFIX_PATH=${CMAKE_PREFIX_PATH}:/home/filo/bumperbot_ws/install/bumperbot_py_examples:/opt/ros/humble /usr/bin/cmake --build /home/filo/bumperbot_ws/build/bumperbot_description -- -j8 -l8
[1.163s] DEBUG:colcon.colcon_core.event_handler.log_command:Invoking command in '/home/filo/bumperbot_ws/build/bumperbot_cpp_examples': CMAKE_PREFIX_PATH=${CMAKE_PREFIX_PATH}:/home/filo/bumperbot_ws/install/bumperbot_py_examples:/opt/ros/humble /usr/bin/cmake --install /home/filo/bumperbot_ws/build/bumperbot_cpp_examples
[1.165s] DEBUG:colcon.colcon_core.event_handler.log_command:Invoking command in '/home/filo/bumperbot_ws/build/bumperbot_description': CMAKE_PREFIX_PATH=${CMAKE_PREFIX_PATH}:/home/filo/bumperbot_ws/install/bumperbot_py_examples:/opt/ros/humble /usr/bin/cmake --install /home/filo/bumperbot_ws/build/bumperbot_description
[1.173s] Level 1:colcon.colcon_core.environment:create_environment_scripts_only(bumperbot_description)
[1.177s] Level 1:colcon.colcon_core.environment:checking '/home/filo/bumperbot_ws/install/bumperbot_description' for CMake module files
[1.178s] Level 1:colcon.colcon_core.environment:checking '/home/filo/bumperbot_ws/install/bumperbot_description' for CMake config files
[1.179s] Level 1:colcon.colcon_core.shell:create_environment_hook('bumperbot_description', 'cmake_prefix_path')
[1.179s] INFO:colcon.colcon_core.shell:Creating environment hook '/home/filo/bumperbot_ws/install/bumperbot_description/share/bumperbot_description/hook/cmake_prefix_path.ps1'
[1.180s] INFO:colcon.colcon_core.shell:Creating environment descriptor '/home/filo/bumperbot_ws/install/bumperbot_description/share/bumperbot_description/hook/cmake_prefix_path.dsv'
[1.180s] DEBUG:colcon.colcon_core.event_handler.log_command:Invoked command in '/home/filo/bumperbot_ws/build/bumperbot_description' returned '0': CMAKE_PREFIX_PATH=${CMAKE_PREFIX_PATH}:/home/filo/bumperbot_ws/install/bumperbot_py_examples:/opt/ros/humble /usr/bin/cmake --install /home/filo/bumperbot_ws/build/bumperbot_description
[1.181s] INFO:colcon.colcon_core.shell:Creating environment hook '/home/filo/bumperbot_ws/install/bumperbot_description/share/bumperbot_description/hook/cmake_prefix_path.sh'
[1.183s] Level 1:colcon.colcon_core.environment:checking '/home/filo/bumperbot_ws/install/bumperbot_description/bin'
[1.183s] Level 1:colcon.colcon_core.environment:checking '/home/filo/bumperbot_ws/install/bumperbot_description/lib/pkgconfig/bumperbot_description.pc'
[1.183s] Level 1:colcon.colcon_core.environment:checking '/home/filo/bumperbot_ws/install/bumperbot_description/lib/python3.10/site-packages'
[1.183s] Level 1:colcon.colcon_core.environment:checking '/home/filo/bumperbot_ws/install/bumperbot_description/bin'
[1.184s] INFO:colcon.colcon_core.shell:Creating package script '/home/filo/bumperbot_ws/install/bumperbot_description/share/bumperbot_description/package.ps1'
[1.184s] INFO:colcon.colcon_core.shell:Creating package descriptor '/home/filo/bumperbot_ws/install/bumperbot_description/share/bumperbot_description/package.dsv'
[1.185s] INFO:colcon.colcon_core.shell:Creating package script '/home/filo/bumperbot_ws/install/bumperbot_description/share/bumperbot_description/package.sh'
[1.186s] INFO:colcon.colcon_core.shell:Creating package script '/home/filo/bumperbot_ws/install/bumperbot_description/share/bumperbot_description/package.bash'
[1.187s] INFO:colcon.colcon_core.shell:Creating package script '/home/filo/bumperbot_ws/install/bumperbot_description/share/bumperbot_description/package.zsh'
[1.188s] Level 1:colcon.colcon_core.environment:create_file_with_runtime_dependencies(/home/filo/bumperbot_ws/install/bumperbot_description/share/colcon-core/packages/bumperbot_description)
[1.190s] Level 1:colcon.colcon_core.environment:create_environment_scripts_only(bumperbot_cpp_examples)
[1.190s] Level 1:colcon.colcon_core.environment:checking '/home/filo/bumperbot_ws/install/bumperbot_cpp_examples' for CMake module files
[1.191s] DEBUG:colcon.colcon_core.event_handler.log_command:Invoked command in '/home/filo/bumperbot_ws/build/bumperbot_cpp_examples' returned '0': CMAKE_PREFIX_PATH=${CMAKE_PREFIX_PATH}:/home/filo/bumperbot_ws/install/bumperbot_py_examples:/opt/ros/humble /usr/bin/cmake --install /home/filo/bumperbot_ws/build/bumperbot_cpp_examples
[1.191s] Level 1:colcon.colcon_core.environment:checking '/home/filo/bumperbot_ws/install/bumperbot_cpp_examples' for CMake config files
[1.191s] Level 1:colcon.colcon_core.shell:create_environment_hook('bumperbot_cpp_examples', 'cmake_prefix_path')
[1.192s] INFO:colcon.colcon_core.shell:Creating environment hook '/home/filo/bumperbot_ws/install/bumperbot_cpp_examples/share/bumperbot_cpp_examples/hook/cmake_prefix_path.ps1'
[1.192s] INFO:colcon.colcon_core.shell:Creating environment descriptor '/home/filo/bumperbot_ws/install/bumperbot_cpp_examples/share/bumperbot_cpp_examples/hook/cmake_prefix_path.dsv'
[1.192s] INFO:colcon.colcon_core.shell:Creating environment hook '/home/filo/bumperbot_ws/install/bumperbot_cpp_examples/share/bumperbot_cpp_examples/hook/cmake_prefix_path.sh'
[1.193s] Level 1:colcon.colcon_core.environment:checking '/home/filo/bumperbot_ws/install/bumperbot_cpp_examples/bin'
[1.193s] Level 1:colcon.colcon_core.environment:checking '/home/filo/bumperbot_ws/install/bumperbot_cpp_examples/lib/pkgconfig/bumperbot_cpp_examples.pc'
[1.193s] Level 1:colcon.colcon_core.environment:checking '/home/filo/bumperbot_ws/install/bumperbot_cpp_examples/lib/python3.10/site-packages'
[1.193s] Level 1:colcon.colcon_core.environment:checking '/home/filo/bumperbot_ws/install/bumperbot_cpp_examples/bin'
[1.194s] INFO:colcon.colcon_core.shell:Creating package script '/home/filo/bumperbot_ws/install/bumperbot_cpp_examples/share/bumperbot_cpp_examples/package.ps1'
[1.194s] INFO:colcon.colcon_core.shell:Creating package descriptor '/home/filo/bumperbot_ws/install/bumperbot_cpp_examples/share/bumperbot_cpp_examples/package.dsv'
[1.195s] INFO:colcon.colcon_core.shell:Creating package script '/home/filo/bumperbot_ws/install/bumperbot_cpp_examples/share/bumperbot_cpp_examples/package.sh'
[1.195s] INFO:colcon.colcon_core.shell:Creating package script '/home/filo/bumperbot_ws/install/bumperbot_cpp_examples/share/bumperbot_cpp_examples/package.bash'
[1.195s] INFO:colcon.colcon_core.shell:Creating package script '/home/filo/bumperbot_ws/install/bumperbot_cpp_examples/share/bumperbot_cpp_examples/package.zsh'
[1.196s] Level 1:colcon.colcon_core.environment:create_file_with_runtime_dependencies(/home/filo/bumperbot_ws/install/bumperbot_cpp_examples/share/colcon-core/packages/bumperbot_cpp_examples)
[1.206s] Level 1:colcon.colcon_core.environment:create_environment_scripts_only(bumperbot_description)
[1.207s] Level 1:colcon.colcon_core.environment:checking '/home/filo/bumperbot_ws/install/bumperbot_description' for CMake module files
[1.207s] Level 1:colcon.colcon_core.environment:checking '/home/filo/bumperbot_ws/install/bumperbot_description' for CMake config files
[1.207s] Level 1:colcon.colcon_core.shell:create_environment_hook('bumperbot_description', 'cmake_prefix_path')
[1.208s] INFO:colcon.colcon_core.shell:Creating environment hook '/home/filo/bumperbot_ws/install/bumperbot_description/share/bumperbot_description/hook/cmake_prefix_path.ps1'
[1.208s] INFO:colcon.colcon_core.shell:Creating environment descriptor '/home/filo/bumperbot_ws/install/bumperbot_description/share/bumperbot_description/hook/cmake_prefix_path.dsv'
[1.208s] INFO:colcon.colcon_core.shell:Creating environment hook '/home/filo/bumperbot_ws/install/bumperbot_description/share/bumperbot_description/hook/cmake_prefix_path.sh'
[1.209s] Level 1:colcon.colcon_core.environment:checking '/home/filo/bumperbot_ws/install/bumperbot_description/bin'
[1.209s] Level 1:colcon.colcon_core.environment:checking '/home/filo/bumperbot_ws/install/bumperbot_description/lib/pkgconfig/bumperbot_description.pc'
[1.209s] Level 1:colcon.colcon_core.environment:checking '/home/filo/bumperbot_ws/install/bumperbot_description/lib/python3.10/site-packages'
[1.209s] Level 1:colcon.colcon_core.environment:checking '/home/filo/bumperbot_ws/install/bumperbot_description/bin'
[1.210s] INFO:colcon.colcon_core.shell:Creating package script '/home/filo/bumperbot_ws/install/bumperbot_description/share/bumperbot_description/package.ps1'
[1.210s] INFO:colcon.colcon_core.shell:Creating package descriptor '/home/filo/bumperbot_ws/install/bumperbot_description/share/bumperbot_description/package.dsv'
[1.210s] INFO:colcon.colcon_core.shell:Creating package script '/home/filo/bumperbot_ws/install/bumperbot_description/share/bumperbot_description/package.sh'
[1.211s] INFO:colcon.colcon_core.shell:Creating package script '/home/filo/bumperbot_ws/install/bumperbot_description/share/bumperbot_description/package.bash'
[1.221s] INFO:colcon.colcon_core.shell:Creating package script '/home/filo/bumperbot_ws/install/bumperbot_description/share/bumperbot_description/package.zsh'
[1.222s] Level 1:colcon.colcon_core.environment:create_file_with_runtime_dependencies(/home/filo/bumperbot_ws/install/bumperbot_description/share/colcon-core/packages/bumperbot_description)
[1.223s] Level 1:colcon.colcon_core.environment:create_environment_scripts_only(bumperbot_cpp_examples)
[1.223s] Level 1:colcon.colcon_core.environment:checking '/home/filo/bumperbot_ws/install/bumperbot_cpp_examples' for CMake module files
[1.224s] Level 1:colcon.colcon_core.environment:checking '/home/filo/bumperbot_ws/install/bumperbot_cpp_examples' for CMake config files
[1.224s] Level 1:colcon.colcon_core.shell:create_environment_hook('bumperbot_cpp_examples', 'cmake_prefix_path')
[1.224s] INFO:colcon.colcon_core.shell:Creating environment hook '/home/filo/bumperbot_ws/install/bumperbot_cpp_examples/share/bumperbot_cpp_examples/hook/cmake_prefix_path.ps1'
[1.224s] INFO:colcon.colcon_core.shell:Creating environment descriptor '/home/filo/bumperbot_ws/install/bumperbot_cpp_examples/share/bumperbot_cpp_examples/hook/cmake_prefix_path.dsv'
[1.225s] INFO:colcon.colcon_core.shell:Creating environment hook '/home/filo/bumperbot_ws/install/bumperbot_cpp_examples/share/bumperbot_cpp_examples/hook/cmake_prefix_path.sh'
[1.225s] Level 1:colcon.colcon_core.environment:checking '/home/filo/bumperbot_ws/install/bumperbot_cpp_examples/bin'
[1.225s] Level 1:colcon.colcon_core.environment:checking '/home/filo/bumperbot_ws/install/bumperbot_cpp_examples/lib/pkgconfig/bumperbot_cpp_examples.pc'
[1.225s] Level 1:colcon.colcon_core.environment:checking '/home/filo/bumperbot_ws/install/bumperbot_cpp_examples/lib/python3.10/site-packages'
[1.225s] Level 1:colcon.colcon_core.environment:checking '/home/filo/bumperbot_ws/install/bumperbot_cpp_examples/bin'
[1.226s] INFO:colcon.colcon_core.shell:Creating package script '/home/filo/bumperbot_ws/install/bumperbot_cpp_examples/share/bumperbot_cpp_examples/package.ps1'
[1.226s] INFO:colcon.colcon_core.shell:Creating package descriptor '/home/filo/bumperbot_ws/install/bumperbot_cpp_examples/share/bumperbot_cpp_examples/package.dsv'
[1.226s] INFO:colcon.colcon_core.shell:Creating package script '/home/filo/bumperbot_ws/install/bumperbot_cpp_examples/share/bumperbot_cpp_examples/package.sh'
[1.231s] INFO:colcon.colcon_core.shell:Creating package script '/home/filo/bumperbot_ws/install/bumperbot_cpp_examples/share/bumperbot_cpp_examples/package.bash'
[1.232s] INFO:colcon.colcon_core.shell:Creating package script '/home/filo/bumperbot_ws/install/bumperbot_cpp_examples/share/bumperbot_cpp_examples/package.zsh'
[1.232s] Level 1:colcon.colcon_core.environment:create_file_with_runtime_dependencies(/home/filo/bumperbot_ws/install/bumperbot_cpp_examples/share/colcon-core/packages/bumperbot_cpp_examples)
[1.233s] DEBUG:colcon.colcon_core.event_handler.log_command:Invoked command in '/home/filo/bumperbot_ws/build/bumperbot_controller' returned '0': CMAKE_PREFIX_PATH=${CMAKE_PREFIX_PATH}:/home/filo/bumperbot_ws/install/bumperbot_py_examples:/opt/ros/humble /usr/bin/cmake --build /home/filo/bumperbot_ws/build/bumperbot_controller -- -j8 -l8
[1.251s] DEBUG:colcon.colcon_core.event_handler.log_command:Invoking command in '/home/filo/bumperbot_ws/build/bumperbot_controller': CMAKE_PREFIX_PATH=${CMAKE_PREFIX_PATH}:/home/filo/bumperbot_ws/install/bumperbot_py_examples:/opt/ros/humble /usr/bin/cmake --install /home/filo/bumperbot_ws/build/bumperbot_controller
[1.293s] Level 1:colcon.colcon_core.environment:create_environment_scripts_only(bumperbot_controller)
[1.293s] Level 1:colcon.colcon_core.environment:checking '/home/filo/bumperbot_ws/install/bumperbot_controller' for CMake module files
[1.294s] DEBUG:colcon.colcon_core.event_handler.log_command:Invoked command in '/home/filo/bumperbot_ws/build/bumperbot_controller' returned '0': CMAKE_PREFIX_PATH=${CMAKE_PREFIX_PATH}:/home/filo/bumperbot_ws/install/bumperbot_py_examples:/opt/ros/humble /usr/bin/cmake --install /home/filo/bumperbot_ws/build/bumperbot_controller
[1.294s] Level 1:colcon.colcon_core.environment:checking '/home/filo/bumperbot_ws/install/bumperbot_controller' for CMake config files
[1.294s] Level 1:colcon.colcon_core.shell:create_environment_hook('bumperbot_controller', 'cmake_prefix_path')
[1.294s] INFO:colcon.colcon_core.shell:Creating environment hook '/home/filo/bumperbot_ws/install/bumperbot_controller/share/bumperbot_controller/hook/cmake_prefix_path.ps1'
[1.294s] INFO:colcon.colcon_core.shell:Creating environment descriptor '/home/filo/bumperbot_ws/install/bumperbot_controller/share/bumperbot_controller/hook/cmake_prefix_path.dsv'
[1.295s] INFO:colcon.colcon_core.shell:Creating environment hook '/home/filo/bumperbot_ws/install/bumperbot_controller/share/bumperbot_controller/hook/cmake_prefix_path.sh'
[1.295s] Level 1:colcon.colcon_core.environment:checking '/home/filo/bumperbot_ws/install/bumperbot_controller/lib'
[1.295s] Level 1:colcon.colcon_core.environment:checking '/home/filo/bumperbot_ws/install/bumperbot_controller/bin'
[1.295s] Level 1:colcon.colcon_core.environment:checking '/home/filo/bumperbot_ws/install/bumperbot_controller/lib/pkgconfig/bumperbot_controller.pc'
[1.295s] Level 1:colcon.colcon_core.environment:checking '/home/filo/bumperbot_ws/install/bumperbot_controller/lib/python3.10/site-packages'
[1.296s] Level 1:colcon.colcon_core.environment:checking '/home/filo/bumperbot_ws/install/bumperbot_controller/bin'
[1.296s] INFO:colcon.colcon_core.shell:Creating package script '/home/filo/bumperbot_ws/install/bumperbot_controller/share/bumperbot_controller/package.ps1'
[1.296s] INFO:colcon.colcon_core.shell:Creating package descriptor '/home/filo/bumperbot_ws/install/bumperbot_controller/share/bumperbot_controller/package.dsv'
[1.297s] INFO:colcon.colcon_core.shell:Creating package script '/home/filo/bumperbot_ws/install/bumperbot_controller/share/bumperbot_controller/package.sh'
[1.297s] INFO:colcon.colcon_core.shell:Creating package script '/home/filo/bumperbot_ws/install/bumperbot_controller/share/bumperbot_controller/package.bash'
[1.302s] INFO:colcon.colcon_core.shell:Creating package script '/home/filo/bumperbot_ws/install/bumperbot_controller/share/bumperbot_controller/package.zsh'
[1.302s] Level 1:colcon.colcon_core.environment:create_file_with_runtime_dependencies(/home/filo/bumperbot_ws/install/bumperbot_controller/share/colcon-core/packages/bumperbot_controller)
[1.318s] Level 1:colcon.colcon_core.environment:create_environment_scripts_only(bumperbot_controller)
[1.318s] Level 1:colcon.colcon_core.environment:checking '/home/filo/bumperbot_ws/install/bumperbot_controller' for CMake module files
[1.318s] Level 1:colcon.colcon_core.environment:checking '/home/filo/bumperbot_ws/install/bumperbot_controller' for CMake config files
[1.319s] Level 1:colcon.colcon_core.shell:create_environment_hook('bumperbot_controller', 'cmake_prefix_path')
[1.319s] INFO:colcon.colcon_core.shell:Creating environment hook '/home/filo/bumperbot_ws/install/bumperbot_controller/share/bumperbot_controller/hook/cmake_prefix_path.ps1'
[1.319s] INFO:colcon.colcon_core.shell:Creating environment descriptor '/home/filo/bumperbot_ws/install/bumperbot_controller/share/bumperbot_controller/hook/cmake_prefix_path.dsv'
[1.319s] INFO:colcon.colcon_core.shell:Creating environment hook '/home/filo/bumperbot_ws/install/bumperbot_controller/share/bumperbot_controller/hook/cmake_prefix_path.sh'
[1.320s] Level 1:colcon.colcon_core.environment:checking '/home/filo/bumperbot_ws/install/bumperbot_controller/lib'
[1.320s] Level 1:colcon.colcon_core.environment:checking '/home/filo/bumperbot_ws/install/bumperbot_controller/bin'
[1.320s] Level 1:colcon.colcon_core.environment:checking '/home/filo/bumperbot_ws/install/bumperbot_controller/lib/pkgconfig/bumperbot_controller.pc'
[1.320s] Level 1:colcon.colcon_core.environment:checking '/home/filo/bumperbot_ws/install/bumperbot_controller/lib/python3.10/site-packages'
[1.320s] Level 1:colcon.colcon_core.environment:checking '/home/filo/bumperbot_ws/install/bumperbot_controller/bin'
[1.320s] INFO:colcon.colcon_core.shell:Creating package script '/home/filo/bumperbot_ws/install/bumperbot_controller/share/bumperbot_controller/package.ps1'
[1.321s] INFO:colcon.colcon_core.shell:Creating package descriptor '/home/filo/bumperbot_ws/install/bumperbot_controller/share/bumperbot_controller/package.dsv'
[1.321s] INFO:colcon.colcon_core.shell:Creating package script '/home/filo/bumperbot_ws/install/bumperbot_controller/share/bumperbot_controller/package.sh'
[1.321s] INFO:colcon.colcon_core.shell:Creating package script '/home/filo/bumperbot_ws/install/bumperbot_controller/share/bumperbot_controller/package.bash'
[1.325s] INFO:colcon.colcon_core.shell:Creating package script '/home/filo/bumperbot_ws/install/bumperbot_controller/share/bumperbot_controller/package.zsh'
[1.326s] Level 1:colcon.colcon_core.environment:create_file_with_runtime_dependencies(/home/filo/bumperbot_ws/install/bumperbot_controller/share/colcon-core/packages/bumperbot_controller)
[1.493s] DEBUG:colcon.colcon_core.event_handler.log_command:Invoking command in '/home/filo/bumperbot_ws/src/bumperbot_py_examples': PYTHONPATH=/home/filo/bumperbot_ws/build/bumperbot_py_examples/prefix_override:/home/filo/bumperbot_ws/install/bumperbot_py_examples/lib/python3.10/site-packages:${PYTHONPATH} /usr/bin/python3 -W ignore:setup.py install is deprecated setup.py egg_info --egg-base ../../build/bumperbot_py_examples build --build-base /home/filo/bumperbot_ws/build/bumperbot_py_examples/build install --record /home/filo/bumperbot_ws/build/bumperbot_py_examples/install.log --single-version-externally-managed install_data
[1.747s] Level 1:colcon.colcon_core.environment:checking '/home/filo/bumperbot_ws/install/bumperbot_py_examples' for CMake module files
[1.748s] DEBUG:colcon.colcon_core.event_handler.log_command:Invoked command in '/home/filo/bumperbot_ws/src/bumperbot_py_examples' returned '0': PYTHONPATH=/home/filo/bumperbot_ws/build/bumperbot_py_examples/prefix_override:/home/filo/bumperbot_ws/install/bumperbot_py_examples/lib/python3.10/site-packages:${PYTHONPATH} /usr/bin/python3 -W ignore:setup.py install is deprecated setup.py egg_info --egg-base ../../build/bumperbot_py_examples build --build-base /home/filo/bumperbot_ws/build/bumperbot_py_examples/build install --record /home/filo/bumperbot_ws/build/bumperbot_py_examples/install.log --single-version-externally-managed install_data
[1.748s] Level 1:colcon.colcon_core.environment:checking '/home/filo/bumperbot_ws/install/bumperbot_py_examples' for CMake config files
[1.749s] Level 1:colcon.colcon_core.environment:checking '/home/filo/bumperbot_ws/install/bumperbot_py_examples/lib'
[1.749s] Level 1:colcon.colcon_core.environment:checking '/home/filo/bumperbot_ws/install/bumperbot_py_examples/bin'
[1.749s] Level 1:colcon.colcon_core.environment:checking '/home/filo/bumperbot_ws/install/bumperbot_py_examples/lib/pkgconfig/bumperbot_py_examples.pc'
[1.749s] Level 1:colcon.colcon_core.environment:checking '/home/filo/bumperbot_ws/install/bumperbot_py_examples/lib/python3.10/site-packages'
[1.749s] Level 1:colcon.colcon_core.shell:create_environment_hook('bumperbot_py_examples', 'pythonpath')
[1.749s] INFO:colcon.colcon_core.shell:Creating environment hook '/home/filo/bumperbot_ws/install/bumperbot_py_examples/share/bumperbot_py_examples/hook/pythonpath.ps1'
[1.750s] INFO:colcon.colcon_core.shell:Creating environment descriptor '/home/filo/bumperbot_ws/install/bumperbot_py_examples/share/bumperbot_py_examples/hook/pythonpath.dsv'
[1.750s] INFO:colcon.colcon_core.shell:Creating environment hook '/home/filo/bumperbot_ws/install/bumperbot_py_examples/share/bumperbot_py_examples/hook/pythonpath.sh'
[1.750s] Level 1:colcon.colcon_core.environment:checking '/home/filo/bumperbot_ws/install/bumperbot_py_examples/bin'
[1.750s] Level 1:colcon.colcon_core.environment:create_environment_scripts_only(bumperbot_py_examples)
[1.751s] INFO:colcon.colcon_core.shell:Creating package script '/home/filo/bumperbot_ws/install/bumperbot_py_examples/share/bumperbot_py_examples/package.ps1'
[1.751s] INFO:colcon.colcon_core.shell:Creating package descriptor '/home/filo/bumperbot_ws/install/bumperbot_py_examples/share/bumperbot_py_examples/package.dsv'
[1.751s] INFO:colcon.colcon_core.shell:Creating package script '/home/filo/bumperbot_ws/install/bumperbot_py_examples/share/bumperbot_py_examples/package.sh'
[1.752s] INFO:colcon.colcon_core.shell:Creating package script '/home/filo/bumperbot_ws/install/bumperbot_py_examples/share/bumperbot_py_examples/package.bash'
[1.752s] INFO:colcon.colcon_core.shell:Creating package script '/home/filo/bumperbot_ws/install/bumperbot_py_examples/share/bumperbot_py_examples/package.zsh'
[1.752s] Level 1:colcon.colcon_core.environment:create_file_with_runtime_dependencies(/home/filo/bumperbot_ws/install/bumperbot_py_examples/share/colcon-core/packages/bumperbot_py_examples)
[5.868s] DEBUG:colcon.colcon_core.event_handler.log_command:Invoked command in '/home/filo/bumperbot_ws/build/bumperbot_msgs' returned '0': CMAKE_PREFIX_PATH=${CMAKE_PREFIX_PATH}:/home/filo/bumperbot_ws/install/bumperbot_py_examples:/opt/ros/humble /usr/bin/cmake --build /home/filo/bumperbot_ws/build/bumperbot_msgs -- -j8 -l8
[5.905s] DEBUG:colcon.colcon_core.event_handler.log_command:Invoking command in '/home/filo/bumperbot_ws/build/bumperbot_msgs': CMAKE_PREFIX_PATH=${CMAKE_PREFIX_PATH}:/home/filo/bumperbot_ws/install/bumperbot_py_examples:/opt/ros/humble /usr/bin/cmake --install /home/filo/bumperbot_ws/build/bumperbot_msgs
[5.957s] Level 1:colcon.colcon_core.environment:create_environment_scripts_only(bumperbot_msgs)
[5.958s] Level 1:colcon.colcon_core.environment:checking '/home/filo/bumperbot_ws/install/bumperbot_msgs' for CMake module files
[5.958s] Level 1:colcon.colcon_core.environment:checking '/home/filo/bumperbot_ws/install/bumperbot_msgs' for CMake config files
[5.958s] DEBUG:colcon.colcon_core.event_handler.log_command:Invoked command in '/home/filo/bumperbot_ws/build/bumperbot_msgs' returned '0': CMAKE_PREFIX_PATH=${CMAKE_PREFIX_PATH}:/home/filo/bumperbot_ws/install/bumperbot_py_examples:/opt/ros/humble /usr/bin/cmake --install /home/filo/bumperbot_ws/build/bumperbot_msgs
[5.959s] Level 1:colcon.colcon_core.shell:create_environment_hook('bumperbot_msgs', 'cmake_prefix_path')
[5.959s] INFO:colcon.colcon_core.shell:Creating environment hook '/home/filo/bumperbot_ws/install/bumperbot_msgs/share/bumperbot_msgs/hook/cmake_prefix_path.ps1'
[5.959s] INFO:colcon.colcon_core.shell:Creating environment descriptor '/home/filo/bumperbot_ws/install/bumperbot_msgs/share/bumperbot_msgs/hook/cmake_prefix_path.dsv'
[5.959s] INFO:colcon.colcon_core.shell:Creating environment hook '/home/filo/bumperbot_ws/install/bumperbot_msgs/share/bumperbot_msgs/hook/cmake_prefix_path.sh'
[5.960s] Level 1:colcon.colcon_core.environment:checking '/home/filo/bumperbot_ws/install/bumperbot_msgs/lib'
[5.960s] Level 1:colcon.colcon_core.shell:create_environment_hook('bumperbot_msgs', 'ld_library_path_lib')
[5.960s] INFO:colcon.colcon_core.shell:Creating environment hook '/home/filo/bumperbot_ws/install/bumperbot_msgs/share/bumperbot_msgs/hook/ld_library_path_lib.ps1'
[5.960s] INFO:colcon.colcon_core.shell:Creating environment descriptor '/home/filo/bumperbot_ws/install/bumperbot_msgs/share/bumperbot_msgs/hook/ld_library_path_lib.dsv'
[5.960s] INFO:colcon.colcon_core.shell:Creating environment hook '/home/filo/bumperbot_ws/install/bumperbot_msgs/share/bumperbot_msgs/hook/ld_library_path_lib.sh'
[5.961s] Level 1:colcon.colcon_core.environment:checking '/home/filo/bumperbot_ws/install/bumperbot_msgs/bin'
[5.961s] Level 1:colcon.colcon_core.environment:checking '/home/filo/bumperbot_ws/install/bumperbot_msgs/lib/pkgconfig/bumperbot_msgs.pc'
[5.961s] Level 1:colcon.colcon_core.environment:checking '/home/filo/bumperbot_ws/install/bumperbot_msgs/lib/python3.10/site-packages'
[5.961s] Level 1:colcon.colcon_core.environment:checking '/home/filo/bumperbot_ws/install/bumperbot_msgs/bin'
[5.961s] INFO:colcon.colcon_core.shell:Creating package script '/home/filo/bumperbot_ws/install/bumperbot_msgs/share/bumperbot_msgs/package.ps1'
[5.962s] INFO:colcon.colcon_core.shell:Creating package descriptor '/home/filo/bumperbot_ws/install/bumperbot_msgs/share/bumperbot_msgs/package.dsv'
[5.962s] INFO:colcon.colcon_core.shell:Creating package script '/home/filo/bumperbot_ws/install/bumperbot_msgs/share/bumperbot_msgs/package.sh'
[5.962s] INFO:colcon.colcon_core.shell:Creating package script '/home/filo/bumperbot_ws/install/bumperbot_msgs/share/bumperbot_msgs/package.bash'
[5.963s] INFO:colcon.colcon_core.shell:Creating package script '/home/filo/bumperbot_ws/install/bumperbot_msgs/share/bumperbot_msgs/package.zsh'
[5.963s] Level 1:colcon.colcon_core.environment:create_file_with_runtime_dependencies(/home/filo/bumperbot_ws/install/bumperbot_msgs/share/colcon-core/packages/bumperbot_msgs)
[5.998s] Level 1:colcon.colcon_core.environment:create_environment_scripts_only(bumperbot_msgs)
[5.998s] Level 1:colcon.colcon_core.environment:checking '/home/filo/bumperbot_ws/install/bumperbot_msgs' for CMake module files
[5.998s] Level 1:colcon.colcon_core.environment:checking '/home/filo/bumperbot_ws/install/bumperbot_msgs' for CMake config files
[5.999s] Level 1:colcon.colcon_core.shell:create_environment_hook('bumperbot_msgs', 'cmake_prefix_path')
[5.999s] INFO:colcon.colcon_core.shell:Creating environment hook '/home/filo/bumperbot_ws/install/bumperbot_msgs/share/bumperbot_msgs/hook/cmake_prefix_path.ps1'
[5.999s] INFO:colcon.colcon_core.shell:Creating environment descriptor '/home/filo/bumperbot_ws/install/bumperbot_msgs/share/bumperbot_msgs/hook/cmake_prefix_path.dsv'
[6.000s] INFO:colcon.colcon_core.shell:Creating environment hook '/home/filo/bumperbot_ws/install/bumperbot_msgs/share/bumperbot_msgs/hook/cmake_prefix_path.sh'
[6.000s] Level 1:colcon.colcon_core.environment:checking '/home/filo/bumperbot_ws/install/bumperbot_msgs/lib'
[6.000s] Level 1:colcon.colcon_core.shell:create_environment_hook('bumperbot_msgs', 'ld_library_path_lib')
[6.000s] INFO:colcon.colcon_core.shell:Creating environment hook '/home/filo/bumperbot_ws/install/bumperbot_msgs/share/bumperbot_msgs/hook/ld_library_path_lib.ps1'
[6.001s] INFO:colcon.colcon_core.shell:Creating environment descriptor '/home/filo/bumperbot_ws/install/bumperbot_msgs/share/bumperbot_msgs/hook/ld_library_path_lib.dsv'
[6.001s] INFO:colcon.colcon_core.shell:Creating environment hook '/home/filo/bumperbot_ws/install/bumperbot_msgs/share/bumperbot_msgs/hook/ld_library_path_lib.sh'
[6.001s] Level 1:colcon.colcon_core.environment:checking '/home/filo/bumperbot_ws/install/bumperbot_msgs/bin'
[6.001s] Level 1:colcon.colcon_core.environment:checking '/home/filo/bumperbot_ws/install/bumperbot_msgs/lib/pkgconfig/bumperbot_msgs.pc'
[6.001s] Level 1:colcon.colcon_core.environment:checking '/home/filo/bumperbot_ws/install/bumperbot_msgs/lib/python3.10/site-packages'
[6.002s] Level 1:colcon.colcon_core.environment:checking '/home/filo/bumperbot_ws/install/bumperbot_msgs/bin'
[6.002s] INFO:colcon.colcon_core.shell:Creating package script '/home/filo/bumperbot_ws/install/bumperbot_msgs/share/bumperbot_msgs/package.ps1'
[6.002s] INFO:colcon.colcon_core.shell:Creating package descriptor '/home/filo/bumperbot_ws/install/bumperbot_msgs/share/bumperbot_msgs/package.dsv'
[6.003s] INFO:colcon.colcon_core.shell:Creating package script '/home/filo/bumperbot_ws/install/bumperbot_msgs/share/bumperbot_msgs/package.sh'
[6.003s] INFO:colcon.colcon_core.shell:Creating package script '/home/filo/bumperbot_ws/install/bumperbot_msgs/share/bumperbot_msgs/package.bash'
[6.003s] INFO:colcon.colcon_core.shell:Creating package script '/home/filo/bumperbot_ws/install/bumperbot_msgs/share/bumperbot_msgs/package.zsh'
[6.003s] Level 1:colcon.colcon_core.environment:create_file_with_runtime_dependencies(/home/filo/bumperbot_ws/install/bumperbot_msgs/share/colcon-core/packages/bumperbot_msgs)
[6.004s] DEBUG:colcon.colcon_parallel_executor.executor.parallel:closing loop
[6.004s] DEBUG:colcon.colcon_parallel_executor.executor.parallel:loop closed
[6.004s] DEBUG:colcon.colcon_parallel_executor.executor.parallel:run_until_complete finished with '0'
[6.004s] DEBUG:colcon.colcon_core.event_reactor:joining thread
[6.008s] INFO:colcon.colcon_core.plugin_system:Skipping extension 'colcon_notification.desktop_notification.terminal_notifier': Not used on non-Darwin systems
[6.008s] INFO:colcon.colcon_core.plugin_system:Skipping extension 'colcon_notification.desktop_notification.win32': Not used on non-Windows systems
[6.008s] INFO:colcon.colcon_notification.desktop_notification:Sending desktop notification using 'notify2'
[6.019s] DEBUG:colcon.colcon_core.event_reactor:joined thread
[6.019s] INFO:colcon.colcon_core.shell:Creating prefix script '/home/filo/bumperbot_ws/install/local_setup.ps1'
[6.020s] INFO:colcon.colcon_core.shell:Creating prefix util module '/home/filo/bumperbot_ws/install/_local_setup_util_ps1.py'
[6.021s] INFO:colcon.colcon_core.shell:Creating prefix chain script '/home/filo/bumperbot_ws/install/setup.ps1'
[6.022s] INFO:colcon.colcon_core.shell:Creating prefix script '/home/filo/bumperbot_ws/install/local_setup.sh'
[6.023s] INFO:colcon.colcon_core.shell:Creating prefix util module '/home/filo/bumperbot_ws/install/_local_setup_util_sh.py'
[6.023s] INFO:colcon.colcon_core.shell:Creating prefix chain script '/home/filo/bumperbot_ws/install/setup.sh'
[6.024s] INFO:colcon.colcon_core.shell:Creating prefix script '/home/filo/bumperbot_ws/install/local_setup.bash'
[6.025s] INFO:colcon.colcon_core.shell:Creating prefix chain script '/home/filo/bumperbot_ws/install/setup.bash'
[6.025s] INFO:colcon.colcon_core.shell:Creating prefix script '/home/filo/bumperbot_ws/install/local_setup.zsh'
[6.026s] INFO:colcon.colcon_core.shell:Creating prefix chain script '/home/filo/bumperbot_ws/install/setup.zsh'
