[0.035s] Invoking command in '/home/filo/bumperbot_ws/build/v4l2_camera': CMAKE_PREFIX_PATH=${CMAKE_PREFIX_PATH}:/home/filo/bumperbot_ws/install/bumperbot_py_examples:/opt/ros/humble /usr/bin/cmake /home/filo/bumperbot_ws/src/ros2_v4l2_camera -DCMAKE_INSTALL_PREFIX=/home/filo/bumperbot_ws/install/v4l2_camera
[1.357s] -- The C compiler identification is GNU 11.4.0
[1.737s] -- The CXX compiler identification is GNU 11.4.0
[1.754s] -- Detecting C compiler ABI info
[1.905s] -- Detecting C compiler ABI info - done
[1.916s] -- Check for working C compiler: /usr/bin/cc - skipped
[1.916s] -- Detecting C compile features
[1.930s] -- Detecting C compile features - done
[1.934s] -- Detecting CXX compiler ABI info
[2.023s] -- Detecting CXX compiler ABI info - done
[2.031s] -- Check for working CXX compiler: /usr/bin/c++ - skipped
[2.032s] -- Detecting CXX compile features
[2.032s] -- Detecting CXX compile features - done
[2.059s] -- Found ament_cmake_auto: 1.3.8 (/opt/ros/humble/share/ament_cmake_auto/cmake)
[2.316s] -- Found Python3: /usr/bin/python3 (found version "3.10.12") found components: Interpreter 
[3.048s] -- Found rosidl_generator_c: 3.1.5 (/opt/ros/humble/share/rosidl_generator_c/cmake)
[3.088s] -- Found rosidl_adapter: 3.1.5 (/opt/ros/humble/share/rosidl_adapter/cmake)
[3.118s] -- Found rosidl_generator_cpp: 3.1.5 (/opt/ros/humble/share/rosidl_generator_cpp/cmake)
[3.205s] -- Using all available rosidl_typesupport_c: rosidl_typesupport_fastrtps_c;rosidl_typesupport_introspection_c
[3.260s] -- Using all available rosidl_typesupport_cpp: rosidl_typesupport_fastrtps_cpp;rosidl_typesupport_introspection_cpp
[3.512s] -- Found rmw_implementation_cmake: 6.1.1 (/opt/ros/humble/share/rmw_implementation_cmake/cmake)
[3.529s] -- Found rmw_fastrtps_cpp: 6.2.6 (/opt/ros/humble/share/rmw_fastrtps_cpp/cmake)
[3.891s] -- Found OpenSSL: /usr/lib/x86_64-linux-gnu/libcrypto.so (found version "3.0.2")  
[3.968s] -- Found FastRTPS: /opt/ros/humble/include  
[4.025s] -- Using RMW implementation 'rmw_fastrtps_cpp' as default
[4.077s] -- Looking for pthread.h
[4.265s] -- Looking for pthread.h - found
[4.265s] -- Performing Test CMAKE_HAVE_LIBC_PTHREAD
[4.394s] -- Performing Test CMAKE_HAVE_LIBC_PTHREAD - Success
[4.396s] -- Found Threads: TRUE  
[5.356s] [0mCUDA_TOOLKIT_ROOT_DIR not found or specified[0m
[5.362s] -- Could NOT find CUDA (missing: CUDA_TOOLKIT_ROOT_DIR CUDA_NVCC_EXECUTABLE CUDA_INCLUDE_DIRS CUDA_CUDART_LIBRARY) 
[5.394s] -- Found ament_lint_auto: 0.12.10 (/opt/ros/humble/share/ament_lint_auto/cmake)
[5.479s] -- Added test 'cppcheck' to perform static code analysis on C / C++ code
[5.479s] -- Configured cppcheck include dirs: $<BUILD_INTERFACE:/home/filo/bumperbot_ws/src/ros2_v4l2_camera/include>
[5.479s] -- Configured cppcheck exclude dirs and/or files: 
[5.482s] -- Added test 'cpplint' to check C / C++ code against the Google style
[5.482s] -- Configured cpplint exclude dirs and/or files: 
[5.482s] -- Added test 'flake8' to check Python code syntax and style conventions
[5.484s] -- Added test 'lint_cmake' to check CMake code style
[5.484s] -- Added test 'pep257' to check Python code against some of the docstring style conventions in PEP 257
[5.487s] -- Added test 'uncrustify' to check C / C++ code style
[5.487s] -- Configured uncrustify additional arguments: 
[5.489s] -- Added test 'xmllint' to check XML markup files
[5.493s] -- Configuring done
[5.510s] -- Generating done
[5.512s] -- Build files have been written to: /home/filo/bumperbot_ws/build/v4l2_camera
[5.522s] Invoked command in '/home/filo/bumperbot_ws/build/v4l2_camera' returned '0': CMAKE_PREFIX_PATH=${CMAKE_PREFIX_PATH}:/home/filo/bumperbot_ws/install/bumperbot_py_examples:/opt/ros/humble /usr/bin/cmake /home/filo/bumperbot_ws/src/ros2_v4l2_camera -DCMAKE_INSTALL_PREFIX=/home/filo/bumperbot_ws/install/v4l2_camera
[5.523s] Invoking command in '/home/filo/bumperbot_ws/build/v4l2_camera': CMAKE_PREFIX_PATH=${CMAKE_PREFIX_PATH}:/home/filo/bumperbot_ws/install/bumperbot_py_examples:/opt/ros/humble /usr/bin/cmake --build /home/filo/bumperbot_ws/build/v4l2_camera -- -j8 -l8
[5.563s] [ 28%] [32mBuilding CXX object CMakeFiles/v4l2_camera.dir/src/v4l2_camera.cpp.o[0m
[5.563s] [ 28%] [32mBuilding CXX object CMakeFiles/v4l2_camera.dir/src/v4l2_camera_device.cpp.o[0m
[12.932s] [ 42%] [32m[1mLinking CXX shared library libv4l2_camera.so[0m
[13.779s] [ 42%] Built target v4l2_camera
[13.796s] [ 71%] [32mBuilding CXX object CMakeFiles/v4l2_camera_node.dir/src/v4l2_camera_node.cpp.o[0m
[13.796s] [ 71%] [32mBuilding CXX object CMakeFiles/v4l2_camera_compose_test.dir/src/v4l2_camera_compose_test.cpp.o[0m
[16.690s] [ 85%] [32m[1mLinking CXX executable v4l2_camera_node[0m
[16.887s] [ 85%] Built target v4l2_camera_node
[21.614s] [100%] [32m[1mLinking CXX executable v4l2_camera_compose_test[0m
[21.994s] [100%] Built target v4l2_camera_compose_test
[22.004s] Invoked command in '/home/filo/bumperbot_ws/build/v4l2_camera' returned '0': CMAKE_PREFIX_PATH=${CMAKE_PREFIX_PATH}:/home/filo/bumperbot_ws/install/bumperbot_py_examples:/opt/ros/humble /usr/bin/cmake --build /home/filo/bumperbot_ws/build/v4l2_camera -- -j8 -l8
[22.031s] Invoking command in '/home/filo/bumperbot_ws/build/v4l2_camera': CMAKE_PREFIX_PATH=${CMAKE_PREFIX_PATH}:/home/filo/bumperbot_ws/install/bumperbot_py_examples:/opt/ros/humble /usr/bin/cmake --install /home/filo/bumperbot_ws/build/v4l2_camera
[22.037s] -- Install configuration: ""
[22.037s] -- Installing: /home/filo/bumperbot_ws/install/v4l2_camera/include
[22.038s] -- Installing: /home/filo/bumperbot_ws/install/v4l2_camera/include/v4l2_camera
[22.038s] -- Installing: /home/filo/bumperbot_ws/install/v4l2_camera/include/v4l2_camera/fourcc.hpp
[22.038s] -- Installing: /home/filo/bumperbot_ws/install/v4l2_camera/include/v4l2_camera/control.hpp
[22.038s] -- Installing: /home/filo/bumperbot_ws/install/v4l2_camera/include/v4l2_camera/v4l2_camera.hpp
[22.038s] -- Installing: /home/filo/bumperbot_ws/install/v4l2_camera/include/v4l2_camera/pixel_format.hpp
[22.038s] -- Installing: /home/filo/bumperbot_ws/install/v4l2_camera/include/v4l2_camera/image_format.hpp
[22.038s] -- Installing: /home/filo/bumperbot_ws/install/v4l2_camera/include/v4l2_camera/visibility_control.h
[22.038s] -- Installing: /home/filo/bumperbot_ws/install/v4l2_camera/include/v4l2_camera/v4l2_camera_device.hpp
[22.038s] -- Installing: /home/filo/bumperbot_ws/install/v4l2_camera/lib/libv4l2_camera.so
[22.041s] -- Set runtime path of "/home/filo/bumperbot_ws/install/v4l2_camera/lib/libv4l2_camera.so" to ""
[22.041s] -- Installing: /home/filo/bumperbot_ws/install/v4l2_camera/lib/v4l2_camera/v4l2_camera_node
[22.041s] -- Set runtime path of "/home/filo/bumperbot_ws/install/v4l2_camera/lib/v4l2_camera/v4l2_camera_node" to ""
[22.041s] -- Installing: /home/filo/bumperbot_ws/install/v4l2_camera/lib/v4l2_camera/v4l2_camera_compose_test
[22.045s] -- Set runtime path of "/home/filo/bumperbot_ws/install/v4l2_camera/lib/v4l2_camera/v4l2_camera_compose_test" to ""
[22.045s] -- Installing: /home/filo/bumperbot_ws/install/v4l2_camera/share/v4l2_camera/environment/library_path.sh
[22.045s] -- Installing: /home/filo/bumperbot_ws/install/v4l2_camera/share/v4l2_camera/environment/library_path.dsv
[22.046s] -- Up-to-date: /home/filo/bumperbot_ws/install/v4l2_camera/include
[22.046s] -- Up-to-date: /home/filo/bumperbot_ws/install/v4l2_camera/include/v4l2_camera
[22.046s] -- Up-to-date: /home/filo/bumperbot_ws/install/v4l2_camera/include/v4l2_camera/fourcc.hpp
[22.046s] -- Up-to-date: /home/filo/bumperbot_ws/install/v4l2_camera/include/v4l2_camera/control.hpp
[22.046s] -- Up-to-date: /home/filo/bumperbot_ws/install/v4l2_camera/include/v4l2_camera/v4l2_camera.hpp
[22.046s] -- Up-to-date: /home/filo/bumperbot_ws/install/v4l2_camera/include/v4l2_camera/pixel_format.hpp
[22.046s] -- Up-to-date: /home/filo/bumperbot_ws/install/v4l2_camera/include/v4l2_camera/image_format.hpp
[22.046s] -- Up-to-date: /home/filo/bumperbot_ws/install/v4l2_camera/include/v4l2_camera/visibility_control.h
[22.046s] -- Up-to-date: /home/filo/bumperbot_ws/install/v4l2_camera/include/v4l2_camera/v4l2_camera_device.hpp
[22.046s] -- Installing: /home/filo/bumperbot_ws/install/v4l2_camera/share/v4l2_camera/launch
[22.046s] -- Installing: /home/filo/bumperbot_ws/install/v4l2_camera/share/v4l2_camera/launch/v4l2_camera.launch.py
[22.046s] -- Installing: /home/filo/bumperbot_ws/install/v4l2_camera/share/ament_index/resource_index/package_run_dependencies/v4l2_camera
[22.047s] -- Installing: /home/filo/bumperbot_ws/install/v4l2_camera/share/ament_index/resource_index/parent_prefix_path/v4l2_camera
[22.047s] -- Installing: /home/filo/bumperbot_ws/install/v4l2_camera/share/v4l2_camera/environment/ament_prefix_path.sh
[22.047s] -- Installing: /home/filo/bumperbot_ws/install/v4l2_camera/share/v4l2_camera/environment/ament_prefix_path.dsv
[22.047s] -- Installing: /home/filo/bumperbot_ws/install/v4l2_camera/share/v4l2_camera/environment/path.sh
[22.047s] -- Installing: /home/filo/bumperbot_ws/install/v4l2_camera/share/v4l2_camera/environment/path.dsv
[22.047s] -- Installing: /home/filo/bumperbot_ws/install/v4l2_camera/share/v4l2_camera/local_setup.bash
[22.047s] -- Installing: /home/filo/bumperbot_ws/install/v4l2_camera/share/v4l2_camera/local_setup.sh
[22.047s] -- Installing: /home/filo/bumperbot_ws/install/v4l2_camera/share/v4l2_camera/local_setup.zsh
[22.047s] -- Installing: /home/filo/bumperbot_ws/install/v4l2_camera/share/v4l2_camera/local_setup.dsv
[22.047s] -- Installing: /home/filo/bumperbot_ws/install/v4l2_camera/share/v4l2_camera/package.dsv
[22.047s] -- Installing: /home/filo/bumperbot_ws/install/v4l2_camera/share/ament_index/resource_index/packages/v4l2_camera
[22.047s] -- Installing: /home/filo/bumperbot_ws/install/v4l2_camera/share/ament_index/resource_index/rclcpp_components/v4l2_camera
[22.048s] -- Installing: /home/filo/bumperbot_ws/install/v4l2_camera/share/v4l2_camera/cmake/export_v4l2_cameraExport.cmake
[22.048s] -- Installing: /home/filo/bumperbot_ws/install/v4l2_camera/share/v4l2_camera/cmake/export_v4l2_cameraExport-noconfig.cmake
[22.048s] -- Installing: /home/filo/bumperbot_ws/install/v4l2_camera/share/v4l2_camera/cmake/ament_cmake_export_include_directories-extras.cmake
[22.048s] -- Installing: /home/filo/bumperbot_ws/install/v4l2_camera/share/v4l2_camera/cmake/ament_cmake_export_targets-extras.cmake
[22.048s] -- Installing: /home/filo/bumperbot_ws/install/v4l2_camera/share/v4l2_camera/cmake/ament_cmake_export_libraries-extras.cmake
[22.048s] -- Installing: /home/filo/bumperbot_ws/install/v4l2_camera/share/v4l2_camera/cmake/ament_cmake_export_dependencies-extras.cmake
[22.048s] -- Installing: /home/filo/bumperbot_ws/install/v4l2_camera/share/v4l2_camera/cmake/v4l2_cameraConfig.cmake
[22.048s] -- Installing: /home/filo/bumperbot_ws/install/v4l2_camera/share/v4l2_camera/cmake/v4l2_cameraConfig-version.cmake
[22.048s] -- Installing: /home/filo/bumperbot_ws/install/v4l2_camera/share/v4l2_camera/package.xml
[22.050s] Invoked command in '/home/filo/bumperbot_ws/build/v4l2_camera' returned '0': CMAKE_PREFIX_PATH=${CMAKE_PREFIX_PATH}:/home/filo/bumperbot_ws/install/bumperbot_py_examples:/opt/ros/humble /usr/bin/cmake --install /home/filo/bumperbot_ws/build/v4l2_camera
