[0.173s] Invoking command in '/home/filo/bumperbot_ws/build/bumperbot_cpp_examples': CMAKE_PREFIX_PATH=${CMAKE_PREFIX_PATH}:/home/filo/bumperbot_ws/install/bumperbot_py_examples:/opt/ros/humble /usr/bin/cmake --build /home/filo/bumperbot_ws/build/bumperbot_cpp_examples -- -j8 -l8
[0.681s] Invoked command in '/home/filo/bumperbot_ws/build/bumperbot_cpp_examples' returned '0': CMAKE_PREFIX_PATH=${CMAKE_PREFIX_PATH}:/home/filo/bumperbot_ws/install/bumperbot_py_examples:/opt/ros/humble /usr/bin/cmake --build /home/filo/bumperbot_ws/build/bumperbot_cpp_examples -- -j8 -l8
[0.709s] Invoking command in '/home/filo/bumperbot_ws/build/bumperbot_cpp_examples': CMAKE_PREFIX_PATH=${CMAKE_PREFIX_PATH}:/home/filo/bumperbot_ws/install/bumperbot_py_examples:/opt/ros/humble /usr/bin/cmake --install /home/filo/bumperbot_ws/build/bumperbot_cpp_examples
[0.769s] -- Install configuration: ""
[0.793s] -- Execute custom install script
[0.793s] -- Up-to-date symlink: /home/filo/bumperbot_ws/install/bumperbot_cpp_examples/share/ament_index/resource_index/package_run_dependencies/bumperbot_cpp_examples
[0.794s] -- Up-to-date symlink: /home/filo/bumperbot_ws/install/bumperbot_cpp_examples/share/ament_index/resource_index/parent_prefix_path/bumperbot_cpp_examples
[0.794s] -- Up-to-date symlink: /home/filo/bumperbot_ws/install/bumperbot_cpp_examples/share/bumperbot_cpp_examples/environment/ament_prefix_path.sh
[0.794s] -- Up-to-date symlink: /home/filo/bumperbot_ws/install/bumperbot_cpp_examples/share/bumperbot_cpp_examples/environment/ament_prefix_path.dsv
[0.795s] -- Up-to-date symlink: /home/filo/bumperbot_ws/install/bumperbot_cpp_examples/share/bumperbot_cpp_examples/environment/path.sh
[0.795s] -- Up-to-date symlink: /home/filo/bumperbot_ws/install/bumperbot_cpp_examples/share/bumperbot_cpp_examples/environment/path.dsv
[0.795s] -- Up-to-date symlink: /home/filo/bumperbot_ws/install/bumperbot_cpp_examples/share/bumperbot_cpp_examples/local_setup.bash
[0.795s] -- Up-to-date symlink: /home/filo/bumperbot_ws/install/bumperbot_cpp_examples/share/bumperbot_cpp_examples/local_setup.sh
[0.796s] -- Up-to-date symlink: /home/filo/bumperbot_ws/install/bumperbot_cpp_examples/share/bumperbot_cpp_examples/local_setup.zsh
[0.796s] -- Up-to-date symlink: /home/filo/bumperbot_ws/install/bumperbot_cpp_examples/share/bumperbot_cpp_examples/local_setup.dsv
[0.797s] -- Symlinking: /home/filo/bumperbot_ws/install/bumperbot_cpp_examples/share/bumperbot_cpp_examples/package.dsv
[0.819s] -- Up-to-date symlink: /home/filo/bumperbot_ws/install/bumperbot_cpp_examples/share/ament_index/resource_index/packages/bumperbot_cpp_examples
[0.820s] -- Up-to-date symlink: /home/filo/bumperbot_ws/install/bumperbot_cpp_examples/share/bumperbot_cpp_examples/cmake/bumperbot_cpp_examplesConfig.cmake
[0.820s] -- Up-to-date symlink: /home/filo/bumperbot_ws/install/bumperbot_cpp_examples/share/bumperbot_cpp_examples/cmake/bumperbot_cpp_examplesConfig-version.cmake
[0.820s] -- Up-to-date symlink: /home/filo/bumperbot_ws/install/bumperbot_cpp_examples/share/bumperbot_cpp_examples/package.xml
[1.114s] Invoked command in '/home/filo/bumperbot_ws/build/bumperbot_cpp_examples' returned '0': CMAKE_PREFIX_PATH=${CMAKE_PREFIX_PATH}:/home/filo/bumperbot_ws/install/bumperbot_py_examples:/opt/ros/humble /usr/bin/cmake --install /home/filo/bumperbot_ws/build/bumperbot_cpp_examples
