[0.024s] Invoking command in '/home/filo/bumperbot_ws/build/bumperbot_localization': CMAKE_PREFIX_PATH=${CMAKE_PREFIX_PATH}:/home/filo/bumperbot_ws/install/bumperbot_py_examples:/opt/ros/humble /usr/bin/cmake --build /home/filo/bumperbot_ws/build/bumperbot_localization -- -j8 -l8
[0.097s] Built target ament_cmake_python_copy_bumperbot_localization
[0.423s] running egg_info
[0.424s] writing bumperbot_localization.egg-info/PKG-INFO
[0.424s] writing dependency_links to bumperbot_localization.egg-info/dependency_links.txt
[0.424s] writing top-level names to bumperbot_localization.egg-info/top_level.txt
[0.428s] reading manifest file 'bumperbot_localization.egg-info/SOURCES.txt'
[0.428s] writing manifest file 'bumperbot_localization.egg-info/SOURCES.txt'
[0.469s] Built target ament_cmake_python_build_bumperbot_localization_egg
[0.482s] Invoked command in '/home/filo/bumperbot_ws/build/bumperbot_localization' returned '0': CMAKE_PREFIX_PATH=${CMAKE_PREFIX_PATH}:/home/filo/bumperbot_ws/install/bumperbot_py_examples:/opt/ros/humble /usr/bin/cmake --build /home/filo/bumperbot_ws/build/bumperbot_localization -- -j8 -l8
[0.504s] Invoking command in '/home/filo/bumperbot_ws/build/bumperbot_localization': CMAKE_PREFIX_PATH=${CMAKE_PREFIX_PATH}:/home/filo/bumperbot_ws/install/bumperbot_py_examples:/opt/ros/humble /usr/bin/cmake --install /home/filo/bumperbot_ws/build/bumperbot_localization
[0.516s] -- Install configuration: ""
[0.516s] -- Up-to-date: /home/filo/bumperbot_ws/install/bumperbot_localization/share/bumperbot_localization/environment/pythonpath.sh
[0.516s] -- Up-to-date: /home/filo/bumperbot_ws/install/bumperbot_localization/share/bumperbot_localization/environment/pythonpath.dsv
[0.516s] -- Up-to-date: /home/filo/bumperbot_ws/install/bumperbot_localization/local/lib/python3.10/dist-packages/bumperbot_localization-0.0.0-py3.10.egg-info
[0.517s] -- Installing: /home/filo/bumperbot_ws/install/bumperbot_localization/local/lib/python3.10/dist-packages/bumperbot_localization-0.0.0-py3.10.egg-info/top_level.txt
[0.517s] -- Installing: /home/filo/bumperbot_ws/install/bumperbot_localization/local/lib/python3.10/dist-packages/bumperbot_localization-0.0.0-py3.10.egg-info/PKG-INFO
[0.517s] -- Installing: /home/filo/bumperbot_ws/install/bumperbot_localization/local/lib/python3.10/dist-packages/bumperbot_localization-0.0.0-py3.10.egg-info/SOURCES.txt
[0.517s] -- Installing: /home/filo/bumperbot_ws/install/bumperbot_localization/local/lib/python3.10/dist-packages/bumperbot_localization-0.0.0-py3.10.egg-info/dependency_links.txt
[0.518s] -- Up-to-date: /home/filo/bumperbot_ws/install/bumperbot_localization/local/lib/python3.10/dist-packages/bumperbot_localization
[0.518s] -- Up-to-date: /home/filo/bumperbot_ws/install/bumperbot_localization/local/lib/python3.10/dist-packages/bumperbot_localization/__init__.py
[0.518s] -- Up-to-date: /home/filo/bumperbot_ws/install/bumperbot_localization/local/lib/python3.10/dist-packages/bumperbot_localization/imu_republisher.py
[0.518s] -- Up-to-date: /home/filo/bumperbot_ws/install/bumperbot_localization/local/lib/python3.10/dist-packages/bumperbot_localization/kalman_filter.py
[0.558s] Listing '/home/filo/bumperbot_ws/install/bumperbot_localization/local/lib/python3.10/dist-packages/bumperbot_localization'...
[0.564s] -- Up-to-date: /home/filo/bumperbot_ws/install/bumperbot_localization/lib/bumperbot_localization/kalman_filter.py
[0.564s] -- Up-to-date: /home/filo/bumperbot_ws/install/bumperbot_localization/lib/bumperbot_localization/imu_republisher.py
[0.564s] -- Up-to-date: /home/filo/bumperbot_ws/install/bumperbot_localization/share/bumperbot_localization/launch
[0.564s] -- Up-to-date: /home/filo/bumperbot_ws/install/bumperbot_localization/share/bumperbot_localization/launch/local_localization.launch.py
[0.564s] -- Up-to-date: /home/filo/bumperbot_ws/install/bumperbot_localization/share/bumperbot_localization/config
[0.565s] -- Up-to-date: /home/filo/bumperbot_ws/install/bumperbot_localization/share/bumperbot_localization/config/ekf.yaml
[0.565s] -- Up-to-date: /home/filo/bumperbot_ws/install/bumperbot_localization/share/ament_index/resource_index/package_run_dependencies/bumperbot_localization
[0.565s] -- Up-to-date: /home/filo/bumperbot_ws/install/bumperbot_localization/share/ament_index/resource_index/parent_prefix_path/bumperbot_localization
[0.565s] -- Up-to-date: /home/filo/bumperbot_ws/install/bumperbot_localization/share/bumperbot_localization/environment/ament_prefix_path.sh
[0.565s] -- Up-to-date: /home/filo/bumperbot_ws/install/bumperbot_localization/share/bumperbot_localization/environment/ament_prefix_path.dsv
[0.565s] -- Up-to-date: /home/filo/bumperbot_ws/install/bumperbot_localization/share/bumperbot_localization/environment/path.sh
[0.565s] -- Up-to-date: /home/filo/bumperbot_ws/install/bumperbot_localization/share/bumperbot_localization/environment/path.dsv
[0.565s] -- Up-to-date: /home/filo/bumperbot_ws/install/bumperbot_localization/share/bumperbot_localization/local_setup.bash
[0.565s] -- Up-to-date: /home/filo/bumperbot_ws/install/bumperbot_localization/share/bumperbot_localization/local_setup.sh
[0.566s] -- Up-to-date: /home/filo/bumperbot_ws/install/bumperbot_localization/share/bumperbot_localization/local_setup.zsh
[0.566s] -- Up-to-date: /home/filo/bumperbot_ws/install/bumperbot_localization/share/bumperbot_localization/local_setup.dsv
[0.566s] -- Installing: /home/filo/bumperbot_ws/install/bumperbot_localization/share/bumperbot_localization/package.dsv
[0.566s] -- Up-to-date: /home/filo/bumperbot_ws/install/bumperbot_localization/share/ament_index/resource_index/packages/bumperbot_localization
[0.567s] -- Up-to-date: /home/filo/bumperbot_ws/install/bumperbot_localization/share/bumperbot_localization/cmake/bumperbot_localizationConfig.cmake
[0.567s] -- Up-to-date: /home/filo/bumperbot_ws/install/bumperbot_localization/share/bumperbot_localization/cmake/bumperbot_localizationConfig-version.cmake
[0.567s] -- Up-to-date: /home/filo/bumperbot_ws/install/bumperbot_localization/share/bumperbot_localization/package.xml
[0.567s] Invoked command in '/home/filo/bumperbot_ws/build/bumperbot_localization' returned '0': CMAKE_PREFIX_PATH=${CMAKE_PREFIX_PATH}:/home/filo/bumperbot_ws/install/bumperbot_py_examples:/opt/ros/humble /usr/bin/cmake --install /home/filo/bumperbot_ws/build/bumperbot_localization
