[0.029s] Invoking command in '/home/filo/bumperbot_ws/build/v4l2_camera': CMAKE_PREFIX_PATH=${CMAKE_PREFIX_PATH}:/home/filo/bumperbot_ws/install/bumperbot_py_examples:/opt/ros/humble /usr/bin/cmake --build /home/filo/bumperbot_ws/build/v4l2_camera -- -j8 -l8
[0.085s] [35m[1mConsolidate compiler generated dependencies of target v4l2_camera[0m
[0.134s] [ 42%] Built target v4l2_camera
[0.150s] [35m[1mConsolidate compiler generated dependencies of target v4l2_camera_compose_test[0m
[0.157s] [35m[1mConsolidate compiler generated dependencies of target v4l2_camera_node[0m
[0.183s] [ 71%] Built target v4l2_camera_compose_test
[0.193s] [100%] Built target v4l2_camera_node
[0.210s] Invoked command in '/home/filo/bumperbot_ws/build/v4l2_camera' returned '0': CMAKE_PREFIX_PATH=${CMAKE_PREFIX_PATH}:/home/filo/bumperbot_ws/install/bumperbot_py_examples:/opt/ros/humble /usr/bin/cmake --build /home/filo/bumperbot_ws/build/v4l2_camera -- -j8 -l8
[0.273s] Invoking command in '/home/filo/bumperbot_ws/build/v4l2_camera': CMAKE_PREFIX_PATH=${CMAKE_PREFIX_PATH}:/home/filo/bumperbot_ws/install/bumperbot_py_examples:/opt/ros/humble /usr/bin/cmake --install /home/filo/bumperbot_ws/build/v4l2_camera
[0.285s] -- Install configuration: ""
[0.285s] -- Up-to-date: /home/filo/bumperbot_ws/install/v4l2_camera/include
[0.285s] -- Up-to-date: /home/filo/bumperbot_ws/install/v4l2_camera/include/v4l2_camera
[0.285s] -- Up-to-date: /home/filo/bumperbot_ws/install/v4l2_camera/include/v4l2_camera/fourcc.hpp
[0.285s] -- Up-to-date: /home/filo/bumperbot_ws/install/v4l2_camera/include/v4l2_camera/control.hpp
[0.285s] -- Up-to-date: /home/filo/bumperbot_ws/install/v4l2_camera/include/v4l2_camera/v4l2_camera.hpp
[0.285s] -- Up-to-date: /home/filo/bumperbot_ws/install/v4l2_camera/include/v4l2_camera/pixel_format.hpp
[0.286s] -- Up-to-date: /home/filo/bumperbot_ws/install/v4l2_camera/include/v4l2_camera/image_format.hpp
[0.286s] -- Up-to-date: /home/filo/bumperbot_ws/install/v4l2_camera/include/v4l2_camera/visibility_control.h
[0.286s] -- Up-to-date: /home/filo/bumperbot_ws/install/v4l2_camera/include/v4l2_camera/v4l2_camera_device.hpp
[0.286s] -- Up-to-date: /home/filo/bumperbot_ws/install/v4l2_camera/lib/libv4l2_camera.so
[0.286s] -- Up-to-date: /home/filo/bumperbot_ws/install/v4l2_camera/lib/v4l2_camera/v4l2_camera_node
[0.286s] -- Up-to-date: /home/filo/bumperbot_ws/install/v4l2_camera/lib/v4l2_camera/v4l2_camera_compose_test
[0.286s] -- Up-to-date: /home/filo/bumperbot_ws/install/v4l2_camera/share/v4l2_camera/environment/library_path.sh
[0.287s] -- Up-to-date: /home/filo/bumperbot_ws/install/v4l2_camera/share/v4l2_camera/environment/library_path.dsv
[0.288s] -- Up-to-date: /home/filo/bumperbot_ws/install/v4l2_camera/include
[0.288s] -- Up-to-date: /home/filo/bumperbot_ws/install/v4l2_camera/include/v4l2_camera
[0.289s] -- Up-to-date: /home/filo/bumperbot_ws/install/v4l2_camera/include/v4l2_camera/fourcc.hpp
[0.289s] -- Up-to-date: /home/filo/bumperbot_ws/install/v4l2_camera/include/v4l2_camera/control.hpp
[0.289s] -- Up-to-date: /home/filo/bumperbot_ws/install/v4l2_camera/include/v4l2_camera/v4l2_camera.hpp
[0.290s] -- Up-to-date: /home/filo/bumperbot_ws/install/v4l2_camera/include/v4l2_camera/pixel_format.hpp
[0.291s] -- Up-to-date: /home/filo/bumperbot_ws/install/v4l2_camera/include/v4l2_camera/image_format.hpp
[0.291s] -- Up-to-date: /home/filo/bumperbot_ws/install/v4l2_camera/include/v4l2_camera/visibility_control.h
[0.291s] -- Up-to-date: /home/filo/bumperbot_ws/install/v4l2_camera/include/v4l2_camera/v4l2_camera_device.hpp
[0.292s] -- Up-to-date: /home/filo/bumperbot_ws/install/v4l2_camera/share/v4l2_camera/launch
[0.292s] -- Up-to-date: /home/filo/bumperbot_ws/install/v4l2_camera/share/v4l2_camera/launch/v4l2_camera.launch.py
[0.292s] -- Up-to-date: /home/filo/bumperbot_ws/install/v4l2_camera/share/ament_index/resource_index/package_run_dependencies/v4l2_camera
[0.293s] -- Up-to-date: /home/filo/bumperbot_ws/install/v4l2_camera/share/ament_index/resource_index/parent_prefix_path/v4l2_camera
[0.293s] -- Up-to-date: /home/filo/bumperbot_ws/install/v4l2_camera/share/v4l2_camera/environment/ament_prefix_path.sh
[0.293s] -- Up-to-date: /home/filo/bumperbot_ws/install/v4l2_camera/share/v4l2_camera/environment/ament_prefix_path.dsv
[0.293s] -- Up-to-date: /home/filo/bumperbot_ws/install/v4l2_camera/share/v4l2_camera/environment/path.sh
[0.293s] -- Up-to-date: /home/filo/bumperbot_ws/install/v4l2_camera/share/v4l2_camera/environment/path.dsv
[0.294s] -- Up-to-date: /home/filo/bumperbot_ws/install/v4l2_camera/share/v4l2_camera/local_setup.bash
[0.294s] -- Up-to-date: /home/filo/bumperbot_ws/install/v4l2_camera/share/v4l2_camera/local_setup.sh
[0.294s] -- Up-to-date: /home/filo/bumperbot_ws/install/v4l2_camera/share/v4l2_camera/local_setup.zsh
[0.294s] -- Up-to-date: /home/filo/bumperbot_ws/install/v4l2_camera/share/v4l2_camera/local_setup.dsv
[0.294s] -- Installing: /home/filo/bumperbot_ws/install/v4l2_camera/share/v4l2_camera/package.dsv
[0.294s] -- Up-to-date: /home/filo/bumperbot_ws/install/v4l2_camera/share/ament_index/resource_index/packages/v4l2_camera
[0.294s] -- Up-to-date: /home/filo/bumperbot_ws/install/v4l2_camera/share/ament_index/resource_index/rclcpp_components/v4l2_camera
[0.295s] -- Up-to-date: /home/filo/bumperbot_ws/install/v4l2_camera/share/v4l2_camera/cmake/export_v4l2_cameraExport.cmake
[0.295s] -- Up-to-date: /home/filo/bumperbot_ws/install/v4l2_camera/share/v4l2_camera/cmake/export_v4l2_cameraExport-noconfig.cmake
[0.295s] -- Up-to-date: /home/filo/bumperbot_ws/install/v4l2_camera/share/v4l2_camera/cmake/ament_cmake_export_include_directories-extras.cmake
[0.295s] -- Up-to-date: /home/filo/bumperbot_ws/install/v4l2_camera/share/v4l2_camera/cmake/ament_cmake_export_targets-extras.cmake
[0.295s] -- Up-to-date: /home/filo/bumperbot_ws/install/v4l2_camera/share/v4l2_camera/cmake/ament_cmake_export_libraries-extras.cmake
[0.296s] -- Up-to-date: /home/filo/bumperbot_ws/install/v4l2_camera/share/v4l2_camera/cmake/ament_cmake_export_dependencies-extras.cmake
[0.296s] -- Up-to-date: /home/filo/bumperbot_ws/install/v4l2_camera/share/v4l2_camera/cmake/v4l2_cameraConfig.cmake
[0.296s] -- Up-to-date: /home/filo/bumperbot_ws/install/v4l2_camera/share/v4l2_camera/cmake/v4l2_cameraConfig-version.cmake
[0.297s] -- Up-to-date: /home/filo/bumperbot_ws/install/v4l2_camera/share/v4l2_camera/package.xml
[0.297s] Invoked command in '/home/filo/bumperbot_ws/build/v4l2_camera' returned '0': CMAKE_PREFIX_PATH=${CMAKE_PREFIX_PATH}:/home/filo/bumperbot_ws/install/bumperbot_py_examples:/opt/ros/humble /usr/bin/cmake --install /home/filo/bumperbot_ws/build/v4l2_camera
