[1.304s] DEBUG:colcon:Command line arguments: ['/home/filo/.local/bin/colcon', 'build']
[1.304s] DEBUG:colcon:Parsed command line arguments: Namespace(log_base=None, log_level=None, verb_name='build', build_base='build', install_base='install', merge_install=False, symlink_install=False, test_result_base=None, continue_on_error=False, executor='parallel', parallel_workers=8, event_handlers=None, ignore_user_meta=False, metas=['./colcon.meta'], base_paths=['.'], packages_ignore=None, packages_ignore_regex=None, paths=None, packages_up_to=None, packages_up_to_regex=None, packages_above=None, packages_above_and_dependencies=None, packages_above_depth=None, packages_select_by_dep=None, packages_skip_by_dep=None, packages_skip_up_to=None, packages_select_build_failed=False, packages_skip_build_finished=False, packages_select_test_failures=False, packages_skip_test_passed=False, packages_select=None, packages_skip=None, packages_select_regex=None, packages_skip_regex=None, packages_start=None, packages_end=None, allow_overriding=[], cmake_args=None, cmake_target=None, cmake_target_skip_unavailable=False, cmake_clean_cache=False, cmake_clean_first=False, cmake_force_configure=False, ament_cmake_args=None, catkin_cmake_args=None, catkin_skip_building_tests=False, verb_parser=<colcon_defaults.argument_parser.defaults.DefaultArgumentsDecorator object at 0x7564cebd7130>, verb_extension=<colcon_core.verb.build.BuildVerb object at 0x7564cecbfd30>, main=<bound method BuildVerb.main of <colcon_core.verb.build.BuildVerb object at 0x7564cecbfd30>>)
[2.664s] Level 1:colcon.colcon_core.package_discovery:discover_packages(colcon_meta) check parameters
[2.665s] Level 1:colcon.colcon_core.package_discovery:discover_packages(recursive) check parameters
[2.665s] Level 1:colcon.colcon_core.package_discovery:discover_packages(ignore) check parameters
[2.665s] Level 1:colcon.colcon_core.package_discovery:discover_packages(path) check parameters
[2.665s] Level 1:colcon.colcon_core.package_discovery:discover_packages(colcon_meta) discover
[2.665s] Level 1:colcon.colcon_core.package_discovery:discover_packages(recursive) discover
[2.665s] INFO:colcon.colcon_core.package_discovery:Crawling recursively for packages in '/home/filo/bumperbot_ws'
[2.665s] Level 1:colcon.colcon_core.package_identification:_identify(.) by extensions ['ignore', 'ignore_ament_install']
[2.665s] Level 1:colcon.colcon_core.package_identification:_identify(.) by extension 'ignore'
[2.665s] Level 1:colcon.colcon_core.package_identification:_identify(.) by extension 'ignore_ament_install'
[2.665s] Level 1:colcon.colcon_core.package_identification:_identify(.) by extensions ['colcon_pkg']
[2.665s] Level 1:colcon.colcon_core.package_identification:_identify(.) by extension 'colcon_pkg'
[2.665s] Level 1:colcon.colcon_core.package_identification:_identify(.) by extensions ['colcon_meta']
[2.665s] Level 1:colcon.colcon_core.package_identification:_identify(.) by extension 'colcon_meta'
[2.665s] Level 1:colcon.colcon_core.package_identification:_identify(.) by extensions ['ros']
[2.665s] Level 1:colcon.colcon_core.package_identification:_identify(.) by extension 'ros'
[2.674s] Level 1:colcon.colcon_core.package_identification:_identify(.) by extensions ['cmake', 'python']
[2.674s] Level 1:colcon.colcon_core.package_identification:_identify(.) by extension 'cmake'
[2.674s] Level 1:colcon.colcon_core.package_identification:_identify(.) by extension 'python'
[2.674s] Level 1:colcon.colcon_core.package_identification:_identify(.) by extensions ['python_setup_py']
[2.674s] Level 1:colcon.colcon_core.package_identification:_identify(.) by extension 'python_setup_py'
[2.675s] Level 1:colcon.colcon_core.package_identification:_identify(build) by extensions ['ignore', 'ignore_ament_install']
[2.675s] Level 1:colcon.colcon_core.package_identification:_identify(build) by extension 'ignore'
[2.675s] Level 1:colcon.colcon_core.package_identification:_identify(build) ignored
[2.675s] Level 1:colcon.colcon_core.package_identification:_identify(install) by extensions ['ignore', 'ignore_ament_install']
[2.675s] Level 1:colcon.colcon_core.package_identification:_identify(install) by extension 'ignore'
[2.675s] Level 1:colcon.colcon_core.package_identification:_identify(install) ignored
[2.675s] Level 1:colcon.colcon_core.package_identification:_identify(log) by extensions ['ignore', 'ignore_ament_install']
[2.675s] Level 1:colcon.colcon_core.package_identification:_identify(log) by extension 'ignore'
[2.675s] Level 1:colcon.colcon_core.package_identification:_identify(log) ignored
[2.675s] Level 1:colcon.colcon_core.package_identification:_identify(src) by extensions ['ignore', 'ignore_ament_install']
[2.675s] Level 1:colcon.colcon_core.package_identification:_identify(src) by extension 'ignore'
[2.676s] Level 1:colcon.colcon_core.package_identification:_identify(src) by extension 'ignore_ament_install'
[2.676s] Level 1:colcon.colcon_core.package_identification:_identify(src) by extensions ['colcon_pkg']
[2.676s] Level 1:colcon.colcon_core.package_identification:_identify(src) by extension 'colcon_pkg'
[2.676s] Level 1:colcon.colcon_core.package_identification:_identify(src) by extensions ['colcon_meta']
[2.676s] Level 1:colcon.colcon_core.package_identification:_identify(src) by extension 'colcon_meta'
[2.676s] Level 1:colcon.colcon_core.package_identification:_identify(src) by extensions ['ros']
[2.676s] Level 1:colcon.colcon_core.package_identification:_identify(src) by extension 'ros'
[2.676s] Level 1:colcon.colcon_core.package_identification:_identify(src) by extensions ['cmake', 'python']
[2.676s] Level 1:colcon.colcon_core.package_identification:_identify(src) by extension 'cmake'
[2.676s] Level 1:colcon.colcon_core.package_identification:_identify(src) by extension 'python'
[2.676s] Level 1:colcon.colcon_core.package_identification:_identify(src) by extensions ['python_setup_py']
[2.676s] Level 1:colcon.colcon_core.package_identification:_identify(src) by extension 'python_setup_py'
[2.676s] Level 1:colcon.colcon_core.package_identification:_identify(src/bumperbot_controller) by extensions ['ignore', 'ignore_ament_install']
[2.676s] Level 1:colcon.colcon_core.package_identification:_identify(src/bumperbot_controller) by extension 'ignore'
[2.676s] Level 1:colcon.colcon_core.package_identification:_identify(src/bumperbot_controller) by extension 'ignore_ament_install'
[2.676s] Level 1:colcon.colcon_core.package_identification:_identify(src/bumperbot_controller) by extensions ['colcon_pkg']
[2.676s] Level 1:colcon.colcon_core.package_identification:_identify(src/bumperbot_controller) by extension 'colcon_pkg'
[2.676s] Level 1:colcon.colcon_core.package_identification:_identify(src/bumperbot_controller) by extensions ['colcon_meta']
[2.676s] Level 1:colcon.colcon_core.package_identification:_identify(src/bumperbot_controller) by extension 'colcon_meta'
[2.676s] Level 1:colcon.colcon_core.package_identification:_identify(src/bumperbot_controller) by extensions ['ros']
[2.676s] Level 1:colcon.colcon_core.package_identification:_identify(src/bumperbot_controller) by extension 'ros'
[2.678s] DEBUG:colcon.colcon_core.package_identification:Package 'src/bumperbot_controller' with type 'ros.ament_cmake' and name 'bumperbot_controller'
[2.678s] Level 1:colcon.colcon_core.package_identification:_identify(src/bumperbot_cpp_examples) by extensions ['ignore', 'ignore_ament_install']
[2.679s] Level 1:colcon.colcon_core.package_identification:_identify(src/bumperbot_cpp_examples) by extension 'ignore'
[2.679s] Level 1:colcon.colcon_core.package_identification:_identify(src/bumperbot_cpp_examples) by extension 'ignore_ament_install'
[2.679s] Level 1:colcon.colcon_core.package_identification:_identify(src/bumperbot_cpp_examples) by extensions ['colcon_pkg']
[2.679s] Level 1:colcon.colcon_core.package_identification:_identify(src/bumperbot_cpp_examples) by extension 'colcon_pkg'
[2.679s] Level 1:colcon.colcon_core.package_identification:_identify(src/bumperbot_cpp_examples) by extensions ['colcon_meta']
[2.679s] Level 1:colcon.colcon_core.package_identification:_identify(src/bumperbot_cpp_examples) by extension 'colcon_meta'
[2.679s] Level 1:colcon.colcon_core.package_identification:_identify(src/bumperbot_cpp_examples) by extensions ['ros']
[2.679s] Level 1:colcon.colcon_core.package_identification:_identify(src/bumperbot_cpp_examples) by extension 'ros'
[2.679s] DEBUG:colcon.colcon_core.package_identification:Package 'src/bumperbot_cpp_examples' with type 'ros.ament_cmake' and name 'bumperbot_cpp_examples'
[2.679s] Level 1:colcon.colcon_core.package_identification:_identify(src/bumperbot_description) by extensions ['ignore', 'ignore_ament_install']
[2.679s] Level 1:colcon.colcon_core.package_identification:_identify(src/bumperbot_description) by extension 'ignore'
[2.679s] Level 1:colcon.colcon_core.package_identification:_identify(src/bumperbot_description) by extension 'ignore_ament_install'
[2.680s] Level 1:colcon.colcon_core.package_identification:_identify(src/bumperbot_description) by extensions ['colcon_pkg']
[2.680s] Level 1:colcon.colcon_core.package_identification:_identify(src/bumperbot_description) by extension 'colcon_pkg'
[2.680s] Level 1:colcon.colcon_core.package_identification:_identify(src/bumperbot_description) by extensions ['colcon_meta']
[2.680s] Level 1:colcon.colcon_core.package_identification:_identify(src/bumperbot_description) by extension 'colcon_meta'
[2.680s] Level 1:colcon.colcon_core.package_identification:_identify(src/bumperbot_description) by extensions ['ros']
[2.680s] Level 1:colcon.colcon_core.package_identification:_identify(src/bumperbot_description) by extension 'ros'
[2.680s] DEBUG:colcon.colcon_core.package_identification:Package 'src/bumperbot_description' with type 'ros.ament_cmake' and name 'bumperbot_description'
[2.680s] Level 1:colcon.colcon_core.package_identification:_identify(src/bumperbot_py_examples) by extensions ['ignore', 'ignore_ament_install']
[2.680s] Level 1:colcon.colcon_core.package_identification:_identify(src/bumperbot_py_examples) by extension 'ignore'
[2.680s] Level 1:colcon.colcon_core.package_identification:_identify(src/bumperbot_py_examples) by extension 'ignore_ament_install'
[2.680s] Level 1:colcon.colcon_core.package_identification:_identify(src/bumperbot_py_examples) by extensions ['colcon_pkg']
[2.680s] Level 1:colcon.colcon_core.package_identification:_identify(src/bumperbot_py_examples) by extension 'colcon_pkg'
[2.681s] Level 1:colcon.colcon_core.package_identification:_identify(src/bumperbot_py_examples) by extensions ['colcon_meta']
[2.681s] Level 1:colcon.colcon_core.package_identification:_identify(src/bumperbot_py_examples) by extension 'colcon_meta'
[2.681s] Level 1:colcon.colcon_core.package_identification:_identify(src/bumperbot_py_examples) by extensions ['ros']
[2.681s] Level 1:colcon.colcon_core.package_identification:_identify(src/bumperbot_py_examples) by extension 'ros'
[2.681s] DEBUG:colcon.colcon_core.package_identification:Package 'src/bumperbot_py_examples' with type 'ros.ament_python' and name 'bumperbot_py_examples'
[2.681s] Level 1:colcon.colcon_core.package_discovery:discover_packages(recursive) using defaults
[2.681s] Level 1:colcon.colcon_core.package_discovery:discover_packages(ignore) discover
[2.681s] Level 1:colcon.colcon_core.package_discovery:discover_packages(ignore) using defaults
[2.681s] Level 1:colcon.colcon_core.package_discovery:discover_packages(path) discover
[2.681s] Level 1:colcon.colcon_core.package_discovery:discover_packages(path) using defaults
[2.718s] Level 1:colcon.colcon_core.package_discovery:discover_packages(prefix_path) check parameters
[2.718s] Level 1:colcon.colcon_core.package_discovery:discover_packages(prefix_path) discover
[2.721s] DEBUG:colcon.colcon_installed_package_information.package_discovery:Found 5 installed packages in /home/filo/bumperbot_ws/install
[2.723s] DEBUG:colcon.colcon_installed_package_information.package_discovery:Found 329 installed packages in /opt/ros/humble
[2.724s] Level 1:colcon.colcon_core.package_discovery:discover_packages(prefix_path) using defaults
[2.895s] Level 5:colcon.colcon_core.verb:set package 'bumperbot_controller' build argument 'cmake_args' from command line to 'None'
[2.895s] Level 5:colcon.colcon_core.verb:set package 'bumperbot_controller' build argument 'cmake_target' from command line to 'None'
[2.895s] Level 5:colcon.colcon_core.verb:set package 'bumperbot_controller' build argument 'cmake_target_skip_unavailable' from command line to 'False'
[2.895s] Level 5:colcon.colcon_core.verb:set package 'bumperbot_controller' build argument 'cmake_clean_cache' from command line to 'False'
[2.895s] Level 5:colcon.colcon_core.verb:set package 'bumperbot_controller' build argument 'cmake_clean_first' from command line to 'False'
[2.895s] Level 5:colcon.colcon_core.verb:set package 'bumperbot_controller' build argument 'cmake_force_configure' from command line to 'False'
[2.895s] Level 5:colcon.colcon_core.verb:set package 'bumperbot_controller' build argument 'ament_cmake_args' from command line to 'None'
[2.895s] Level 5:colcon.colcon_core.verb:set package 'bumperbot_controller' build argument 'catkin_cmake_args' from command line to 'None'
[2.895s] Level 5:colcon.colcon_core.verb:set package 'bumperbot_controller' build argument 'catkin_skip_building_tests' from command line to 'False'
[2.895s] DEBUG:colcon.colcon_core.verb:Building package 'bumperbot_controller' with the following arguments: {'ament_cmake_args': None, 'build_base': '/home/filo/bumperbot_ws/build/bumperbot_controller', 'catkin_cmake_args': None, 'catkin_skip_building_tests': False, 'cmake_args': None, 'cmake_clean_cache': False, 'cmake_clean_first': False, 'cmake_force_configure': False, 'cmake_target': None, 'cmake_target_skip_unavailable': False, 'install_base': '/home/filo/bumperbot_ws/install/bumperbot_controller', 'merge_install': False, 'path': '/home/filo/bumperbot_ws/src/bumperbot_controller', 'symlink_install': False, 'test_result_base': None}
[2.895s] Level 5:colcon.colcon_core.verb:set package 'bumperbot_cpp_examples' build argument 'cmake_args' from command line to 'None'
[2.895s] Level 5:colcon.colcon_core.verb:set package 'bumperbot_cpp_examples' build argument 'cmake_target' from command line to 'None'
[2.895s] Level 5:colcon.colcon_core.verb:set package 'bumperbot_cpp_examples' build argument 'cmake_target_skip_unavailable' from command line to 'False'
[2.895s] Level 5:colcon.colcon_core.verb:set package 'bumperbot_cpp_examples' build argument 'cmake_clean_cache' from command line to 'False'
[2.895s] Level 5:colcon.colcon_core.verb:set package 'bumperbot_cpp_examples' build argument 'cmake_clean_first' from command line to 'False'
[2.895s] Level 5:colcon.colcon_core.verb:set package 'bumperbot_cpp_examples' build argument 'cmake_force_configure' from command line to 'False'
[2.895s] Level 5:colcon.colcon_core.verb:set package 'bumperbot_cpp_examples' build argument 'ament_cmake_args' from command line to 'None'
[2.895s] Level 5:colcon.colcon_core.verb:set package 'bumperbot_cpp_examples' build argument 'catkin_cmake_args' from command line to 'None'
[2.895s] Level 5:colcon.colcon_core.verb:set package 'bumperbot_cpp_examples' build argument 'catkin_skip_building_tests' from command line to 'False'
[2.895s] DEBUG:colcon.colcon_core.verb:Building package 'bumperbot_cpp_examples' with the following arguments: {'ament_cmake_args': None, 'build_base': '/home/filo/bumperbot_ws/build/bumperbot_cpp_examples', 'catkin_cmake_args': None, 'catkin_skip_building_tests': False, 'cmake_args': None, 'cmake_clean_cache': False, 'cmake_clean_first': False, 'cmake_force_configure': False, 'cmake_target': None, 'cmake_target_skip_unavailable': False, 'install_base': '/home/filo/bumperbot_ws/install/bumperbot_cpp_examples', 'merge_install': False, 'path': '/home/filo/bumperbot_ws/src/bumperbot_cpp_examples', 'symlink_install': False, 'test_result_base': None}
[2.896s] Level 5:colcon.colcon_core.verb:set package 'bumperbot_description' build argument 'cmake_args' from command line to 'None'
[2.896s] Level 5:colcon.colcon_core.verb:set package 'bumperbot_description' build argument 'cmake_target' from command line to 'None'
[2.896s] Level 5:colcon.colcon_core.verb:set package 'bumperbot_description' build argument 'cmake_target_skip_unavailable' from command line to 'False'
[2.896s] Level 5:colcon.colcon_core.verb:set package 'bumperbot_description' build argument 'cmake_clean_cache' from command line to 'False'
[2.896s] Level 5:colcon.colcon_core.verb:set package 'bumperbot_description' build argument 'cmake_clean_first' from command line to 'False'
[2.896s] Level 5:colcon.colcon_core.verb:set package 'bumperbot_description' build argument 'cmake_force_configure' from command line to 'False'
[2.896s] Level 5:colcon.colcon_core.verb:set package 'bumperbot_description' build argument 'ament_cmake_args' from command line to 'None'
[2.896s] Level 5:colcon.colcon_core.verb:set package 'bumperbot_description' build argument 'catkin_cmake_args' from command line to 'None'
[2.896s] Level 5:colcon.colcon_core.verb:set package 'bumperbot_description' build argument 'catkin_skip_building_tests' from command line to 'False'
[2.896s] DEBUG:colcon.colcon_core.verb:Building package 'bumperbot_description' with the following arguments: {'ament_cmake_args': None, 'build_base': '/home/filo/bumperbot_ws/build/bumperbot_description', 'catkin_cmake_args': None, 'catkin_skip_building_tests': False, 'cmake_args': None, 'cmake_clean_cache': False, 'cmake_clean_first': False, 'cmake_force_configure': False, 'cmake_target': None, 'cmake_target_skip_unavailable': False, 'install_base': '/home/filo/bumperbot_ws/install/bumperbot_description', 'merge_install': False, 'path': '/home/filo/bumperbot_ws/src/bumperbot_description', 'symlink_install': False, 'test_result_base': None}
[2.896s] Level 5:colcon.colcon_core.verb:set package 'bumperbot_py_examples' build argument 'cmake_args' from command line to 'None'
[2.896s] Level 5:colcon.colcon_core.verb:set package 'bumperbot_py_examples' build argument 'cmake_target' from command line to 'None'
[2.896s] Level 5:colcon.colcon_core.verb:set package 'bumperbot_py_examples' build argument 'cmake_target_skip_unavailable' from command line to 'False'
[2.896s] Level 5:colcon.colcon_core.verb:set package 'bumperbot_py_examples' build argument 'cmake_clean_cache' from command line to 'False'
[2.896s] Level 5:colcon.colcon_core.verb:set package 'bumperbot_py_examples' build argument 'cmake_clean_first' from command line to 'False'
[2.896s] Level 5:colcon.colcon_core.verb:set package 'bumperbot_py_examples' build argument 'cmake_force_configure' from command line to 'False'
[2.896s] Level 5:colcon.colcon_core.verb:set package 'bumperbot_py_examples' build argument 'ament_cmake_args' from command line to 'None'
[2.897s] Level 5:colcon.colcon_core.verb:set package 'bumperbot_py_examples' build argument 'catkin_cmake_args' from command line to 'None'
[2.897s] Level 5:colcon.colcon_core.verb:set package 'bumperbot_py_examples' build argument 'catkin_skip_building_tests' from command line to 'False'
[2.897s] DEBUG:colcon.colcon_core.verb:Building package 'bumperbot_py_examples' with the following arguments: {'ament_cmake_args': None, 'build_base': '/home/filo/bumperbot_ws/build/bumperbot_py_examples', 'catkin_cmake_args': None, 'catkin_skip_building_tests': False, 'cmake_args': None, 'cmake_clean_cache': False, 'cmake_clean_first': False, 'cmake_force_configure': False, 'cmake_target': None, 'cmake_target_skip_unavailable': False, 'install_base': '/home/filo/bumperbot_ws/install/bumperbot_py_examples', 'merge_install': False, 'path': '/home/filo/bumperbot_ws/src/bumperbot_py_examples', 'symlink_install': False, 'test_result_base': None}
[2.897s] INFO:colcon.colcon_core.executor:Executing jobs using 'parallel' executor
[2.897s] DEBUG:colcon.colcon_parallel_executor.executor.parallel:run_until_complete
[2.898s] INFO:colcon.colcon_ros.task.ament_cmake.build:Building ROS package in '/home/filo/bumperbot_ws/src/bumperbot_controller' with build type 'ament_cmake'
[2.898s] INFO:colcon.colcon_cmake.task.cmake.build:Building CMake package in '/home/filo/bumperbot_ws/src/bumperbot_controller'
[2.934s] INFO:colcon.colcon_core.plugin_system:Skipping extension 'colcon_core.shell.bat': Not used on non-Windows systems
[2.935s] INFO:colcon.colcon_core.shell:Skip shell extension 'powershell' for command environment: Not usable outside of PowerShell
[2.935s] DEBUG:colcon.colcon_core.shell:Skip shell extension 'dsv' for command environment
[2.969s] INFO:colcon.colcon_ros.task.ament_cmake.build:Building ROS package in '/home/filo/bumperbot_ws/src/bumperbot_cpp_examples' with build type 'ament_cmake'
[2.969s] INFO:colcon.colcon_cmake.task.cmake.build:Building CMake package in '/home/filo/bumperbot_ws/src/bumperbot_cpp_examples'
[2.970s] INFO:colcon.colcon_core.shell:Skip shell extension 'powershell' for command environment: Not usable outside of PowerShell
[2.970s] DEBUG:colcon.colcon_core.shell:Skip shell extension 'dsv' for command environment
[2.983s] INFO:colcon.colcon_ros.task.ament_cmake.build:Building ROS package in '/home/filo/bumperbot_ws/src/bumperbot_description' with build type 'ament_cmake'
[2.984s] INFO:colcon.colcon_cmake.task.cmake.build:Building CMake package in '/home/filo/bumperbot_ws/src/bumperbot_description'
[2.985s] INFO:colcon.colcon_core.shell:Skip shell extension 'powershell' for command environment: Not usable outside of PowerShell
[2.985s] DEBUG:colcon.colcon_core.shell:Skip shell extension 'dsv' for command environment
[2.994s] INFO:colcon.colcon_ros.task.ament_python.build:Building ROS package in '/home/filo/bumperbot_ws/src/bumperbot_py_examples' with build type 'ament_python'
[2.994s] Level 1:colcon.colcon_core.shell:create_environment_hook('bumperbot_py_examples', 'ament_prefix_path')
[2.994s] INFO:colcon.colcon_core.shell:Creating environment hook '/home/filo/bumperbot_ws/install/bumperbot_py_examples/share/bumperbot_py_examples/hook/ament_prefix_path.ps1'
[2.995s] INFO:colcon.colcon_core.shell:Creating environment descriptor '/home/filo/bumperbot_ws/install/bumperbot_py_examples/share/bumperbot_py_examples/hook/ament_prefix_path.dsv'
[2.996s] INFO:colcon.colcon_core.shell:Creating environment hook '/home/filo/bumperbot_ws/install/bumperbot_py_examples/share/bumperbot_py_examples/hook/ament_prefix_path.sh'
[2.998s] INFO:colcon.colcon_core.shell:Skip shell extension 'powershell' for command environment: Not usable outside of PowerShell
[2.998s] DEBUG:colcon.colcon_core.shell:Skip shell extension 'dsv' for command environment
[3.041s] DEBUG:colcon.colcon_core.event_handler.log_command:Invoking command in '/home/filo/bumperbot_ws/build/bumperbot_controller': CMAKE_PREFIX_PATH=${CMAKE_PREFIX_PATH}:/home/filo/bumperbot_ws/install/bumperbot_py_examples:/opt/ros/humble /usr/bin/cmake --build /home/filo/bumperbot_ws/build/bumperbot_controller -- -j8 -l8
[3.113s] DEBUG:colcon.colcon_core.event_handler.log_command:Invoking command in '/home/filo/bumperbot_ws/build/bumperbot_cpp_examples': CMAKE_PREFIX_PATH=${CMAKE_PREFIX_PATH}:/home/filo/bumperbot_ws/install/bumperbot_py_examples:/opt/ros/humble /usr/bin/cmake --build /home/filo/bumperbot_ws/build/bumperbot_cpp_examples -- -j8 -l8
[3.222s] DEBUG:colcon.colcon_core.event_handler.log_command:Invoking command in '/home/filo/bumperbot_ws/build/bumperbot_description': CMAKE_PREFIX_PATH=${CMAKE_PREFIX_PATH}:/home/filo/bumperbot_ws/install/bumperbot_py_examples:/opt/ros/humble /usr/bin/cmake --build /home/filo/bumperbot_ws/build/bumperbot_description -- -j8 -l8
[3.544s] INFO:colcon.colcon_core.task.python.build:Building Python package in '/home/filo/bumperbot_ws/src/bumperbot_py_examples'
[3.544s] INFO:colcon.colcon_core.shell:Skip shell extension 'powershell' for command environment: Not usable outside of PowerShell
[3.544s] DEBUG:colcon.colcon_core.shell:Skip shell extension 'dsv' for command environment
[3.625s] DEBUG:colcon.colcon_core.event_handler.log_command:Invoked command in '/home/filo/bumperbot_ws/build/bumperbot_cpp_examples' returned '0': CMAKE_PREFIX_PATH=${CMAKE_PREFIX_PATH}:/home/filo/bumperbot_ws/install/bumperbot_py_examples:/opt/ros/humble /usr/bin/cmake --build /home/filo/bumperbot_ws/build/bumperbot_cpp_examples -- -j8 -l8
[3.627s] DEBUG:colcon.colcon_core.event_handler.log_command:Invoked command in '/home/filo/bumperbot_ws/build/bumperbot_description' returned '0': CMAKE_PREFIX_PATH=${CMAKE_PREFIX_PATH}:/home/filo/bumperbot_ws/install/bumperbot_py_examples:/opt/ros/humble /usr/bin/cmake --build /home/filo/bumperbot_ws/build/bumperbot_description -- -j8 -l8
[3.671s] DEBUG:colcon.colcon_core.event_handler.log_command:Invoking command in '/home/filo/bumperbot_ws/build/bumperbot_cpp_examples': CMAKE_PREFIX_PATH=${CMAKE_PREFIX_PATH}:/home/filo/bumperbot_ws/install/bumperbot_py_examples:/opt/ros/humble /usr/bin/cmake --install /home/filo/bumperbot_ws/build/bumperbot_cpp_examples
[3.674s] DEBUG:colcon.colcon_core.event_handler.log_command:Invoking command in '/home/filo/bumperbot_ws/build/bumperbot_description': CMAKE_PREFIX_PATH=${CMAKE_PREFIX_PATH}:/home/filo/bumperbot_ws/install/bumperbot_py_examples:/opt/ros/humble /usr/bin/cmake --install /home/filo/bumperbot_ws/build/bumperbot_description
[3.744s] Level 1:colcon.colcon_core.environment:create_environment_scripts_only(bumperbot_description)
[3.746s] DEBUG:colcon.colcon_core.event_handler.log_command:Invoked command in '/home/filo/bumperbot_ws/build/bumperbot_description' returned '0': CMAKE_PREFIX_PATH=${CMAKE_PREFIX_PATH}:/home/filo/bumperbot_ws/install/bumperbot_py_examples:/opt/ros/humble /usr/bin/cmake --install /home/filo/bumperbot_ws/build/bumperbot_description
[3.752s] Level 1:colcon.colcon_core.environment:checking '/home/filo/bumperbot_ws/install/bumperbot_description' for CMake module files
[3.753s] Level 1:colcon.colcon_core.environment:checking '/home/filo/bumperbot_ws/install/bumperbot_description' for CMake config files
[3.754s] Level 1:colcon.colcon_core.shell:create_environment_hook('bumperbot_description', 'cmake_prefix_path')
[3.754s] INFO:colcon.colcon_core.shell:Creating environment hook '/home/filo/bumperbot_ws/install/bumperbot_description/share/bumperbot_description/hook/cmake_prefix_path.ps1'
[3.755s] INFO:colcon.colcon_core.shell:Creating environment descriptor '/home/filo/bumperbot_ws/install/bumperbot_description/share/bumperbot_description/hook/cmake_prefix_path.dsv'
[3.756s] INFO:colcon.colcon_core.shell:Creating environment hook '/home/filo/bumperbot_ws/install/bumperbot_description/share/bumperbot_description/hook/cmake_prefix_path.sh'
[3.757s] Level 1:colcon.colcon_core.environment:checking '/home/filo/bumperbot_ws/install/bumperbot_description/bin'
[3.757s] Level 1:colcon.colcon_core.environment:checking '/home/filo/bumperbot_ws/install/bumperbot_description/lib/pkgconfig/bumperbot_description.pc'
[3.758s] Level 1:colcon.colcon_core.environment:checking '/home/filo/bumperbot_ws/install/bumperbot_description/lib/python3.10/site-packages'
[3.758s] Level 1:colcon.colcon_core.environment:checking '/home/filo/bumperbot_ws/install/bumperbot_description/bin'
[3.759s] INFO:colcon.colcon_core.shell:Creating package script '/home/filo/bumperbot_ws/install/bumperbot_description/share/bumperbot_description/package.ps1'
[3.762s] INFO:colcon.colcon_core.shell:Creating package descriptor '/home/filo/bumperbot_ws/install/bumperbot_description/share/bumperbot_description/package.dsv'
[3.763s] INFO:colcon.colcon_core.shell:Creating package script '/home/filo/bumperbot_ws/install/bumperbot_description/share/bumperbot_description/package.sh'
[3.765s] INFO:colcon.colcon_core.shell:Creating package script '/home/filo/bumperbot_ws/install/bumperbot_description/share/bumperbot_description/package.bash'
[3.766s] INFO:colcon.colcon_core.shell:Creating package script '/home/filo/bumperbot_ws/install/bumperbot_description/share/bumperbot_description/package.zsh'
[3.789s] Level 1:colcon.colcon_core.environment:create_file_with_runtime_dependencies(/home/filo/bumperbot_ws/install/bumperbot_description/share/colcon-core/packages/bumperbot_description)
[3.791s] Level 1:colcon.colcon_core.environment:create_environment_scripts_only(bumperbot_cpp_examples)
[3.792s] Level 1:colcon.colcon_core.environment:checking '/home/filo/bumperbot_ws/install/bumperbot_cpp_examples' for CMake module files
[3.793s] DEBUG:colcon.colcon_core.event_handler.log_command:Invoked command in '/home/filo/bumperbot_ws/build/bumperbot_cpp_examples' returned '0': CMAKE_PREFIX_PATH=${CMAKE_PREFIX_PATH}:/home/filo/bumperbot_ws/install/bumperbot_py_examples:/opt/ros/humble /usr/bin/cmake --install /home/filo/bumperbot_ws/build/bumperbot_cpp_examples
[3.793s] Level 1:colcon.colcon_core.environment:checking '/home/filo/bumperbot_ws/install/bumperbot_cpp_examples' for CMake config files
[3.793s] Level 1:colcon.colcon_core.shell:create_environment_hook('bumperbot_cpp_examples', 'cmake_prefix_path')
[3.794s] INFO:colcon.colcon_core.shell:Creating environment hook '/home/filo/bumperbot_ws/install/bumperbot_cpp_examples/share/bumperbot_cpp_examples/hook/cmake_prefix_path.ps1'
[3.794s] INFO:colcon.colcon_core.shell:Creating environment descriptor '/home/filo/bumperbot_ws/install/bumperbot_cpp_examples/share/bumperbot_cpp_examples/hook/cmake_prefix_path.dsv'
[3.795s] INFO:colcon.colcon_core.shell:Creating environment hook '/home/filo/bumperbot_ws/install/bumperbot_cpp_examples/share/bumperbot_cpp_examples/hook/cmake_prefix_path.sh'
[3.795s] Level 1:colcon.colcon_core.environment:checking '/home/filo/bumperbot_ws/install/bumperbot_cpp_examples/bin'
[3.796s] Level 1:colcon.colcon_core.environment:checking '/home/filo/bumperbot_ws/install/bumperbot_cpp_examples/lib/pkgconfig/bumperbot_cpp_examples.pc'
[3.796s] Level 1:colcon.colcon_core.environment:checking '/home/filo/bumperbot_ws/install/bumperbot_cpp_examples/lib/python3.10/site-packages'
[3.796s] Level 1:colcon.colcon_core.environment:checking '/home/filo/bumperbot_ws/install/bumperbot_cpp_examples/bin'
[3.797s] INFO:colcon.colcon_core.shell:Creating package script '/home/filo/bumperbot_ws/install/bumperbot_cpp_examples/share/bumperbot_cpp_examples/package.ps1'
[3.797s] INFO:colcon.colcon_core.shell:Creating package descriptor '/home/filo/bumperbot_ws/install/bumperbot_cpp_examples/share/bumperbot_cpp_examples/package.dsv'
[3.798s] INFO:colcon.colcon_core.shell:Creating package script '/home/filo/bumperbot_ws/install/bumperbot_cpp_examples/share/bumperbot_cpp_examples/package.sh'
[3.799s] INFO:colcon.colcon_core.shell:Creating package script '/home/filo/bumperbot_ws/install/bumperbot_cpp_examples/share/bumperbot_cpp_examples/package.bash'
[3.799s] INFO:colcon.colcon_core.shell:Creating package script '/home/filo/bumperbot_ws/install/bumperbot_cpp_examples/share/bumperbot_cpp_examples/package.zsh'
[3.800s] Level 1:colcon.colcon_core.environment:create_file_with_runtime_dependencies(/home/filo/bumperbot_ws/install/bumperbot_cpp_examples/share/colcon-core/packages/bumperbot_cpp_examples)
[3.808s] Level 1:colcon.colcon_core.environment:create_environment_scripts_only(bumperbot_description)
[3.809s] Level 1:colcon.colcon_core.environment:checking '/home/filo/bumperbot_ws/install/bumperbot_description' for CMake module files
[3.809s] Level 1:colcon.colcon_core.environment:checking '/home/filo/bumperbot_ws/install/bumperbot_description' for CMake config files
[3.810s] Level 1:colcon.colcon_core.shell:create_environment_hook('bumperbot_description', 'cmake_prefix_path')
[3.810s] INFO:colcon.colcon_core.shell:Creating environment hook '/home/filo/bumperbot_ws/install/bumperbot_description/share/bumperbot_description/hook/cmake_prefix_path.ps1'
[3.811s] INFO:colcon.colcon_core.shell:Creating environment descriptor '/home/filo/bumperbot_ws/install/bumperbot_description/share/bumperbot_description/hook/cmake_prefix_path.dsv'
[3.811s] INFO:colcon.colcon_core.shell:Creating environment hook '/home/filo/bumperbot_ws/install/bumperbot_description/share/bumperbot_description/hook/cmake_prefix_path.sh'
[3.812s] Level 1:colcon.colcon_core.environment:checking '/home/filo/bumperbot_ws/install/bumperbot_description/bin'
[3.812s] Level 1:colcon.colcon_core.environment:checking '/home/filo/bumperbot_ws/install/bumperbot_description/lib/pkgconfig/bumperbot_description.pc'
[3.813s] Level 1:colcon.colcon_core.environment:checking '/home/filo/bumperbot_ws/install/bumperbot_description/lib/python3.10/site-packages'
[3.813s] Level 1:colcon.colcon_core.environment:checking '/home/filo/bumperbot_ws/install/bumperbot_description/bin'
[3.814s] INFO:colcon.colcon_core.shell:Creating package script '/home/filo/bumperbot_ws/install/bumperbot_description/share/bumperbot_description/package.ps1'
[3.814s] INFO:colcon.colcon_core.shell:Creating package descriptor '/home/filo/bumperbot_ws/install/bumperbot_description/share/bumperbot_description/package.dsv'
[3.815s] INFO:colcon.colcon_core.shell:Creating package script '/home/filo/bumperbot_ws/install/bumperbot_description/share/bumperbot_description/package.sh'
[3.816s] INFO:colcon.colcon_core.shell:Creating package script '/home/filo/bumperbot_ws/install/bumperbot_description/share/bumperbot_description/package.bash'
[3.816s] INFO:colcon.colcon_core.shell:Creating package script '/home/filo/bumperbot_ws/install/bumperbot_description/share/bumperbot_description/package.zsh'
[3.817s] Level 1:colcon.colcon_core.environment:create_file_with_runtime_dependencies(/home/filo/bumperbot_ws/install/bumperbot_description/share/colcon-core/packages/bumperbot_description)
[3.818s] Level 1:colcon.colcon_core.environment:create_environment_scripts_only(bumperbot_cpp_examples)
[3.819s] Level 1:colcon.colcon_core.environment:checking '/home/filo/bumperbot_ws/install/bumperbot_cpp_examples' for CMake module files
[3.820s] Level 1:colcon.colcon_core.environment:checking '/home/filo/bumperbot_ws/install/bumperbot_cpp_examples' for CMake config files
[3.820s] Level 1:colcon.colcon_core.shell:create_environment_hook('bumperbot_cpp_examples', 'cmake_prefix_path')
[3.821s] INFO:colcon.colcon_core.shell:Creating environment hook '/home/filo/bumperbot_ws/install/bumperbot_cpp_examples/share/bumperbot_cpp_examples/hook/cmake_prefix_path.ps1'
[3.821s] INFO:colcon.colcon_core.shell:Creating environment descriptor '/home/filo/bumperbot_ws/install/bumperbot_cpp_examples/share/bumperbot_cpp_examples/hook/cmake_prefix_path.dsv'
[3.821s] INFO:colcon.colcon_core.shell:Creating environment hook '/home/filo/bumperbot_ws/install/bumperbot_cpp_examples/share/bumperbot_cpp_examples/hook/cmake_prefix_path.sh'
[3.822s] Level 1:colcon.colcon_core.environment:checking '/home/filo/bumperbot_ws/install/bumperbot_cpp_examples/bin'
[3.822s] Level 1:colcon.colcon_core.environment:checking '/home/filo/bumperbot_ws/install/bumperbot_cpp_examples/lib/pkgconfig/bumperbot_cpp_examples.pc'
[3.823s] Level 1:colcon.colcon_core.environment:checking '/home/filo/bumperbot_ws/install/bumperbot_cpp_examples/lib/python3.10/site-packages'
[3.823s] Level 1:colcon.colcon_core.environment:checking '/home/filo/bumperbot_ws/install/bumperbot_cpp_examples/bin'
[3.824s] INFO:colcon.colcon_core.shell:Creating package script '/home/filo/bumperbot_ws/install/bumperbot_cpp_examples/share/bumperbot_cpp_examples/package.ps1'
[3.824s] INFO:colcon.colcon_core.shell:Creating package descriptor '/home/filo/bumperbot_ws/install/bumperbot_cpp_examples/share/bumperbot_cpp_examples/package.dsv'
[3.825s] INFO:colcon.colcon_core.shell:Creating package script '/home/filo/bumperbot_ws/install/bumperbot_cpp_examples/share/bumperbot_cpp_examples/package.sh'
[3.826s] INFO:colcon.colcon_core.shell:Creating package script '/home/filo/bumperbot_ws/install/bumperbot_cpp_examples/share/bumperbot_cpp_examples/package.bash'
[3.826s] INFO:colcon.colcon_core.shell:Creating package script '/home/filo/bumperbot_ws/install/bumperbot_cpp_examples/share/bumperbot_cpp_examples/package.zsh'
[3.827s] Level 1:colcon.colcon_core.environment:create_file_with_runtime_dependencies(/home/filo/bumperbot_ws/install/bumperbot_cpp_examples/share/colcon-core/packages/bumperbot_cpp_examples)
[4.329s] DEBUG:colcon.colcon_core.event_handler.log_command:Invoked command in '/home/filo/bumperbot_ws/build/bumperbot_controller' returned '0': CMAKE_PREFIX_PATH=${CMAKE_PREFIX_PATH}:/home/filo/bumperbot_ws/install/bumperbot_py_examples:/opt/ros/humble /usr/bin/cmake --build /home/filo/bumperbot_ws/build/bumperbot_controller -- -j8 -l8
[4.356s] DEBUG:colcon.colcon_core.event_handler.log_command:Invoking command in '/home/filo/bumperbot_ws/build/bumperbot_controller': CMAKE_PREFIX_PATH=${CMAKE_PREFIX_PATH}:/home/filo/bumperbot_ws/install/bumperbot_py_examples:/opt/ros/humble /usr/bin/cmake --install /home/filo/bumperbot_ws/build/bumperbot_controller
[4.558s] Level 1:colcon.colcon_core.environment:create_environment_scripts_only(bumperbot_controller)
[4.559s] Level 1:colcon.colcon_core.environment:checking '/home/filo/bumperbot_ws/install/bumperbot_controller' for CMake module files
[4.562s] DEBUG:colcon.colcon_core.event_handler.log_command:Invoked command in '/home/filo/bumperbot_ws/build/bumperbot_controller' returned '0': CMAKE_PREFIX_PATH=${CMAKE_PREFIX_PATH}:/home/filo/bumperbot_ws/install/bumperbot_py_examples:/opt/ros/humble /usr/bin/cmake --install /home/filo/bumperbot_ws/build/bumperbot_controller
[4.564s] Level 1:colcon.colcon_core.environment:checking '/home/filo/bumperbot_ws/install/bumperbot_controller' for CMake config files
[4.565s] Level 1:colcon.colcon_core.shell:create_environment_hook('bumperbot_controller', 'cmake_prefix_path')
[4.566s] INFO:colcon.colcon_core.shell:Creating environment hook '/home/filo/bumperbot_ws/install/bumperbot_controller/share/bumperbot_controller/hook/cmake_prefix_path.ps1'
[4.568s] INFO:colcon.colcon_core.shell:Creating environment descriptor '/home/filo/bumperbot_ws/install/bumperbot_controller/share/bumperbot_controller/hook/cmake_prefix_path.dsv'
[4.569s] INFO:colcon.colcon_core.shell:Creating environment hook '/home/filo/bumperbot_ws/install/bumperbot_controller/share/bumperbot_controller/hook/cmake_prefix_path.sh'
[4.571s] Level 1:colcon.colcon_core.environment:checking '/home/filo/bumperbot_ws/install/bumperbot_controller/lib'
[4.572s] Level 1:colcon.colcon_core.environment:checking '/home/filo/bumperbot_ws/install/bumperbot_controller/bin'
[4.572s] Level 1:colcon.colcon_core.environment:checking '/home/filo/bumperbot_ws/install/bumperbot_controller/lib/pkgconfig/bumperbot_controller.pc'
[4.573s] Level 1:colcon.colcon_core.environment:checking '/home/filo/bumperbot_ws/install/bumperbot_controller/lib/python3.10/site-packages'
[4.574s] Level 1:colcon.colcon_core.environment:checking '/home/filo/bumperbot_ws/install/bumperbot_controller/bin'
[4.575s] INFO:colcon.colcon_core.shell:Creating package script '/home/filo/bumperbot_ws/install/bumperbot_controller/share/bumperbot_controller/package.ps1'
[4.576s] INFO:colcon.colcon_core.shell:Creating package descriptor '/home/filo/bumperbot_ws/install/bumperbot_controller/share/bumperbot_controller/package.dsv'
[4.577s] INFO:colcon.colcon_core.shell:Creating package script '/home/filo/bumperbot_ws/install/bumperbot_controller/share/bumperbot_controller/package.sh'
[4.578s] INFO:colcon.colcon_core.shell:Creating package script '/home/filo/bumperbot_ws/install/bumperbot_controller/share/bumperbot_controller/package.bash'
[4.578s] INFO:colcon.colcon_core.shell:Creating package script '/home/filo/bumperbot_ws/install/bumperbot_controller/share/bumperbot_controller/package.zsh'
[4.579s] Level 1:colcon.colcon_core.environment:create_file_with_runtime_dependencies(/home/filo/bumperbot_ws/install/bumperbot_controller/share/colcon-core/packages/bumperbot_controller)
[4.602s] Level 1:colcon.colcon_core.environment:create_environment_scripts_only(bumperbot_controller)
[4.603s] Level 1:colcon.colcon_core.environment:checking '/home/filo/bumperbot_ws/install/bumperbot_controller' for CMake module files
[4.603s] Level 1:colcon.colcon_core.environment:checking '/home/filo/bumperbot_ws/install/bumperbot_controller' for CMake config files
[4.603s] Level 1:colcon.colcon_core.shell:create_environment_hook('bumperbot_controller', 'cmake_prefix_path')
[4.604s] INFO:colcon.colcon_core.shell:Creating environment hook '/home/filo/bumperbot_ws/install/bumperbot_controller/share/bumperbot_controller/hook/cmake_prefix_path.ps1'
[4.604s] INFO:colcon.colcon_core.shell:Creating environment descriptor '/home/filo/bumperbot_ws/install/bumperbot_controller/share/bumperbot_controller/hook/cmake_prefix_path.dsv'
[4.605s] INFO:colcon.colcon_core.shell:Creating environment hook '/home/filo/bumperbot_ws/install/bumperbot_controller/share/bumperbot_controller/hook/cmake_prefix_path.sh'
[4.605s] Level 1:colcon.colcon_core.environment:checking '/home/filo/bumperbot_ws/install/bumperbot_controller/lib'
[4.605s] Level 1:colcon.colcon_core.environment:checking '/home/filo/bumperbot_ws/install/bumperbot_controller/bin'
[4.606s] Level 1:colcon.colcon_core.environment:checking '/home/filo/bumperbot_ws/install/bumperbot_controller/lib/pkgconfig/bumperbot_controller.pc'
[4.606s] Level 1:colcon.colcon_core.environment:checking '/home/filo/bumperbot_ws/install/bumperbot_controller/lib/python3.10/site-packages'
[4.606s] Level 1:colcon.colcon_core.environment:checking '/home/filo/bumperbot_ws/install/bumperbot_controller/bin'
[4.607s] INFO:colcon.colcon_core.shell:Creating package script '/home/filo/bumperbot_ws/install/bumperbot_controller/share/bumperbot_controller/package.ps1'
[4.607s] INFO:colcon.colcon_core.shell:Creating package descriptor '/home/filo/bumperbot_ws/install/bumperbot_controller/share/bumperbot_controller/package.dsv'
[4.608s] INFO:colcon.colcon_core.shell:Creating package script '/home/filo/bumperbot_ws/install/bumperbot_controller/share/bumperbot_controller/package.sh'
[4.608s] INFO:colcon.colcon_core.shell:Creating package script '/home/filo/bumperbot_ws/install/bumperbot_controller/share/bumperbot_controller/package.bash'
[4.609s] INFO:colcon.colcon_core.shell:Creating package script '/home/filo/bumperbot_ws/install/bumperbot_controller/share/bumperbot_controller/package.zsh'
[4.616s] Level 1:colcon.colcon_core.environment:create_file_with_runtime_dependencies(/home/filo/bumperbot_ws/install/bumperbot_controller/share/colcon-core/packages/bumperbot_controller)
[4.660s] DEBUG:colcon.colcon_core.event_handler.log_command:Invoking command in '/home/filo/bumperbot_ws/src/bumperbot_py_examples': PYTHONPATH=/home/filo/bumperbot_ws/build/bumperbot_py_examples/prefix_override:/home/filo/bumperbot_ws/install/bumperbot_py_examples/lib/python3.10/site-packages:${PYTHONPATH} /usr/bin/python3 -W ignore:setup.py install is deprecated setup.py egg_info --egg-base ../../build/bumperbot_py_examples build --build-base /home/filo/bumperbot_ws/build/bumperbot_py_examples/build install --record /home/filo/bumperbot_ws/build/bumperbot_py_examples/install.log --single-version-externally-managed install_data
[5.402s] Level 1:colcon.colcon_core.environment:checking '/home/filo/bumperbot_ws/install/bumperbot_py_examples' for CMake module files
[5.403s] DEBUG:colcon.colcon_core.event_handler.log_command:Invoked command in '/home/filo/bumperbot_ws/src/bumperbot_py_examples' returned '0': PYTHONPATH=/home/filo/bumperbot_ws/build/bumperbot_py_examples/prefix_override:/home/filo/bumperbot_ws/install/bumperbot_py_examples/lib/python3.10/site-packages:${PYTHONPATH} /usr/bin/python3 -W ignore:setup.py install is deprecated setup.py egg_info --egg-base ../../build/bumperbot_py_examples build --build-base /home/filo/bumperbot_ws/build/bumperbot_py_examples/build install --record /home/filo/bumperbot_ws/build/bumperbot_py_examples/install.log --single-version-externally-managed install_data
[5.404s] Level 1:colcon.colcon_core.environment:checking '/home/filo/bumperbot_ws/install/bumperbot_py_examples' for CMake config files
[5.405s] Level 1:colcon.colcon_core.environment:checking '/home/filo/bumperbot_ws/install/bumperbot_py_examples/lib'
[5.405s] Level 1:colcon.colcon_core.environment:checking '/home/filo/bumperbot_ws/install/bumperbot_py_examples/bin'
[5.405s] Level 1:colcon.colcon_core.environment:checking '/home/filo/bumperbot_ws/install/bumperbot_py_examples/lib/pkgconfig/bumperbot_py_examples.pc'
[5.406s] Level 1:colcon.colcon_core.environment:checking '/home/filo/bumperbot_ws/install/bumperbot_py_examples/lib/python3.10/site-packages'
[5.406s] Level 1:colcon.colcon_core.shell:create_environment_hook('bumperbot_py_examples', 'pythonpath')
[5.406s] INFO:colcon.colcon_core.shell:Creating environment hook '/home/filo/bumperbot_ws/install/bumperbot_py_examples/share/bumperbot_py_examples/hook/pythonpath.ps1'
[5.407s] INFO:colcon.colcon_core.shell:Creating environment descriptor '/home/filo/bumperbot_ws/install/bumperbot_py_examples/share/bumperbot_py_examples/hook/pythonpath.dsv'
[5.408s] INFO:colcon.colcon_core.shell:Creating environment hook '/home/filo/bumperbot_ws/install/bumperbot_py_examples/share/bumperbot_py_examples/hook/pythonpath.sh'
[5.409s] Level 1:colcon.colcon_core.environment:checking '/home/filo/bumperbot_ws/install/bumperbot_py_examples/bin'
[5.409s] Level 1:colcon.colcon_core.environment:create_environment_scripts_only(bumperbot_py_examples)
[5.409s] INFO:colcon.colcon_core.shell:Creating package script '/home/filo/bumperbot_ws/install/bumperbot_py_examples/share/bumperbot_py_examples/package.ps1'
[5.410s] INFO:colcon.colcon_core.shell:Creating package descriptor '/home/filo/bumperbot_ws/install/bumperbot_py_examples/share/bumperbot_py_examples/package.dsv'
[5.411s] INFO:colcon.colcon_core.shell:Creating package script '/home/filo/bumperbot_ws/install/bumperbot_py_examples/share/bumperbot_py_examples/package.sh'
[5.411s] INFO:colcon.colcon_core.shell:Creating package script '/home/filo/bumperbot_ws/install/bumperbot_py_examples/share/bumperbot_py_examples/package.bash'
[5.412s] INFO:colcon.colcon_core.shell:Creating package script '/home/filo/bumperbot_ws/install/bumperbot_py_examples/share/bumperbot_py_examples/package.zsh'
[5.412s] Level 1:colcon.colcon_core.environment:create_file_with_runtime_dependencies(/home/filo/bumperbot_ws/install/bumperbot_py_examples/share/colcon-core/packages/bumperbot_py_examples)
[5.413s] DEBUG:colcon.colcon_parallel_executor.executor.parallel:closing loop
[5.413s] DEBUG:colcon.colcon_parallel_executor.executor.parallel:loop closed
[5.414s] DEBUG:colcon.colcon_parallel_executor.executor.parallel:run_until_complete finished with '0'
[5.414s] DEBUG:colcon.colcon_core.event_reactor:joining thread
[5.438s] INFO:colcon.colcon_core.plugin_system:Skipping extension 'colcon_notification.desktop_notification.terminal_notifier': Not used on non-Darwin systems
[5.438s] INFO:colcon.colcon_core.plugin_system:Skipping extension 'colcon_notification.desktop_notification.win32': Not used on non-Windows systems
[5.438s] INFO:colcon.colcon_notification.desktop_notification:Sending desktop notification using 'notify2'
[5.480s] DEBUG:colcon.colcon_core.event_reactor:joined thread
[5.480s] INFO:colcon.colcon_core.shell:Creating prefix script '/home/filo/bumperbot_ws/install/local_setup.ps1'
[5.481s] INFO:colcon.colcon_core.shell:Creating prefix util module '/home/filo/bumperbot_ws/install/_local_setup_util_ps1.py'
[5.483s] INFO:colcon.colcon_core.shell:Creating prefix chain script '/home/filo/bumperbot_ws/install/setup.ps1'
[5.485s] INFO:colcon.colcon_core.shell:Creating prefix script '/home/filo/bumperbot_ws/install/local_setup.sh'
[5.486s] INFO:colcon.colcon_core.shell:Creating prefix util module '/home/filo/bumperbot_ws/install/_local_setup_util_sh.py'
[5.486s] INFO:colcon.colcon_core.shell:Creating prefix chain script '/home/filo/bumperbot_ws/install/setup.sh'
[5.488s] INFO:colcon.colcon_core.shell:Creating prefix script '/home/filo/bumperbot_ws/install/local_setup.bash'
[5.488s] INFO:colcon.colcon_core.shell:Creating prefix chain script '/home/filo/bumperbot_ws/install/setup.bash'
[5.490s] INFO:colcon.colcon_core.shell:Creating prefix script '/home/filo/bumperbot_ws/install/local_setup.zsh'
[5.490s] INFO:colcon.colcon_core.shell:Creating prefix chain script '/home/filo/bumperbot_ws/install/setup.zsh'
