[0.038s] Invoking command in '/home/filo/bumperbot_ws/build/bumperbot_cpp_examples': CMAKE_PREFIX_PATH=${CMAKE_PREFIX_PATH}:/opt/ros/humble:/home/filo/bumperbot_ws/install/bumperbot_py_examples:/home/filo/bumperbot_ws/install/bumperbot_description:/home/filo/bumperbot_ws/install/bumperbot_cpp_examples /usr/bin/cmake --build /home/filo/bumperbot_ws/build/bumperbot_cpp_examples -- -j8 -l8
[0.579s] Invoked command in '/home/filo/bumperbot_ws/build/bumperbot_cpp_examples' returned '0': CMAKE_PREFIX_PATH=${CMAKE_PREFIX_PATH}:/opt/ros/humble:/home/filo/bumperbot_ws/install/bumperbot_py_examples:/home/filo/bumperbot_ws/install/bumperbot_description:/home/filo/bumperbot_ws/install/bumperbot_cpp_examples /usr/bin/cmake --build /home/filo/bumperbot_ws/build/bumperbot_cpp_examples -- -j8 -l8
[0.626s] Invoking command in '/home/filo/bumperbot_ws/build/bumperbot_cpp_examples': CMAKE_PREFIX_PATH=${CMAKE_PREFIX_PATH}:/opt/ros/humble:/home/filo/bumperbot_ws/install/bumperbot_py_examples:/home/filo/bumperbot_ws/install/bumperbot_description:/home/filo/bumperbot_ws/install/bumperbot_cpp_examples /usr/bin/cmake --install /home/filo/bumperbot_ws/build/bumperbot_cpp_examples
[0.638s] -- Install configuration: ""
[0.639s] -- Execute custom install script
[0.639s] -- Up-to-date symlink: /home/filo/bumperbot_ws/install/bumperbot_cpp_examples/share/ament_index/resource_index/package_run_dependencies/bumperbot_cpp_examples
[0.640s] -- Up-to-date symlink: /home/filo/bumperbot_ws/install/bumperbot_cpp_examples/share/ament_index/resource_index/parent_prefix_path/bumperbot_cpp_examples
[0.640s] -- Up-to-date symlink: /home/filo/bumperbot_ws/install/bumperbot_cpp_examples/share/bumperbot_cpp_examples/environment/ament_prefix_path.sh
[0.641s] -- Up-to-date symlink: /home/filo/bumperbot_ws/install/bumperbot_cpp_examples/share/bumperbot_cpp_examples/environment/ament_prefix_path.dsv
[0.641s] -- Up-to-date symlink: /home/filo/bumperbot_ws/install/bumperbot_cpp_examples/share/bumperbot_cpp_examples/environment/path.sh
[0.642s] -- Up-to-date symlink: /home/filo/bumperbot_ws/install/bumperbot_cpp_examples/share/bumperbot_cpp_examples/environment/path.dsv
[0.644s] -- Up-to-date symlink: /home/filo/bumperbot_ws/install/bumperbot_cpp_examples/share/bumperbot_cpp_examples/local_setup.bash
[0.650s] -- Up-to-date symlink: /home/filo/bumperbot_ws/install/bumperbot_cpp_examples/share/bumperbot_cpp_examples/local_setup.sh
[0.653s] -- Up-to-date symlink: /home/filo/bumperbot_ws/install/bumperbot_cpp_examples/share/bumperbot_cpp_examples/local_setup.zsh
[0.655s] -- Up-to-date symlink: /home/filo/bumperbot_ws/install/bumperbot_cpp_examples/share/bumperbot_cpp_examples/local_setup.dsv
[0.656s] -- Up-to-date symlink: /home/filo/bumperbot_ws/install/bumperbot_cpp_examples/share/bumperbot_cpp_examples/package.dsv
[0.657s] -- Up-to-date symlink: /home/filo/bumperbot_ws/install/bumperbot_cpp_examples/share/ament_index/resource_index/packages/bumperbot_cpp_examples
[0.657s] -- Up-to-date symlink: /home/filo/bumperbot_ws/install/bumperbot_cpp_examples/share/bumperbot_cpp_examples/cmake/bumperbot_cpp_examplesConfig.cmake
[0.658s] -- Up-to-date symlink: /home/filo/bumperbot_ws/install/bumperbot_cpp_examples/share/bumperbot_cpp_examples/cmake/bumperbot_cpp_examplesConfig-version.cmake
[0.659s] -- Up-to-date symlink: /home/filo/bumperbot_ws/install/bumperbot_cpp_examples/share/bumperbot_cpp_examples/package.xml
[0.675s] Invoked command in '/home/filo/bumperbot_ws/build/bumperbot_cpp_examples' returned '0': CMAKE_PREFIX_PATH=${CMAKE_PREFIX_PATH}:/opt/ros/humble:/home/filo/bumperbot_ws/install/bumperbot_py_examples:/home/filo/bumperbot_ws/install/bumperbot_description:/home/filo/bumperbot_ws/install/bumperbot_cpp_examples /usr/bin/cmake --install /home/filo/bumperbot_ws/build/bumperbot_cpp_examples
