[0.243s] DEBUG:colcon:Command line arguments: ['/home/filo/.local/bin/colcon', 'build']
[0.243s] DEBUG:colcon:Parsed command line arguments: Namespace(log_base=None, log_level=None, verb_name='build', build_base='build', install_base='install', merge_install=False, symlink_install=False, test_result_base=None, continue_on_error=False, executor='parallel', parallel_workers=8, event_handlers=None, ignore_user_meta=False, metas=['./colcon.meta'], base_paths=['.'], packages_ignore=None, packages_ignore_regex=None, paths=None, packages_up_to=None, packages_up_to_regex=None, packages_above=None, packages_above_and_dependencies=None, packages_above_depth=None, packages_select_by_dep=None, packages_skip_by_dep=None, packages_skip_up_to=None, packages_select_build_failed=False, packages_skip_build_finished=False, packages_select_test_failures=False, packages_skip_test_passed=False, packages_select=None, packages_skip=None, packages_select_regex=None, packages_skip_regex=None, packages_start=None, packages_end=None, allow_overriding=[], cmake_args=None, cmake_target=None, cmake_target_skip_unavailable=False, cmake_clean_cache=False, cmake_clean_first=False, cmake_force_configure=False, ament_cmake_args=None, catkin_cmake_args=None, catkin_skip_building_tests=False, verb_parser=<colcon_defaults.argument_parser.defaults.DefaultArgumentsDecorator object at 0x7f2d10ed7130>, verb_extension=<colcon_core.verb.build.BuildVerb object at 0x7f2d10fc3d30>, main=<bound method BuildVerb.main of <colcon_core.verb.build.BuildVerb object at 0x7f2d10fc3d30>>)
[1.618s] Level 1:colcon.colcon_core.package_discovery:discover_packages(colcon_meta) check parameters
[1.618s] Level 1:colcon.colcon_core.package_discovery:discover_packages(recursive) check parameters
[1.618s] Level 1:colcon.colcon_core.package_discovery:discover_packages(ignore) check parameters
[1.618s] Level 1:colcon.colcon_core.package_discovery:discover_packages(path) check parameters
[1.618s] Level 1:colcon.colcon_core.package_discovery:discover_packages(colcon_meta) discover
[1.618s] Level 1:colcon.colcon_core.package_discovery:discover_packages(recursive) discover
[1.619s] INFO:colcon.colcon_core.package_discovery:Crawling recursively for packages in '/home/filo/bumperbot_ws'
[1.619s] Level 1:colcon.colcon_core.package_identification:_identify(.) by extensions ['ignore', 'ignore_ament_install']
[1.619s] Level 1:colcon.colcon_core.package_identification:_identify(.) by extension 'ignore'
[1.619s] Level 1:colcon.colcon_core.package_identification:_identify(.) by extension 'ignore_ament_install'
[1.619s] Level 1:colcon.colcon_core.package_identification:_identify(.) by extensions ['colcon_pkg']
[1.619s] Level 1:colcon.colcon_core.package_identification:_identify(.) by extension 'colcon_pkg'
[1.619s] Level 1:colcon.colcon_core.package_identification:_identify(.) by extensions ['colcon_meta']
[1.619s] Level 1:colcon.colcon_core.package_identification:_identify(.) by extension 'colcon_meta'
[1.619s] Level 1:colcon.colcon_core.package_identification:_identify(.) by extensions ['ros']
[1.619s] Level 1:colcon.colcon_core.package_identification:_identify(.) by extension 'ros'
[1.628s] Level 1:colcon.colcon_core.package_identification:_identify(.) by extensions ['cmake', 'python']
[1.628s] Level 1:colcon.colcon_core.package_identification:_identify(.) by extension 'cmake'
[1.628s] Level 1:colcon.colcon_core.package_identification:_identify(.) by extension 'python'
[1.628s] Level 1:colcon.colcon_core.package_identification:_identify(.) by extensions ['python_setup_py']
[1.628s] Level 1:colcon.colcon_core.package_identification:_identify(.) by extension 'python_setup_py'
[1.628s] Level 1:colcon.colcon_core.package_identification:_identify(build) by extensions ['ignore', 'ignore_ament_install']
[1.629s] Level 1:colcon.colcon_core.package_identification:_identify(build) by extension 'ignore'
[1.629s] Level 1:colcon.colcon_core.package_identification:_identify(build) ignored
[1.629s] Level 1:colcon.colcon_core.package_identification:_identify(install) by extensions ['ignore', 'ignore_ament_install']
[1.629s] Level 1:colcon.colcon_core.package_identification:_identify(install) by extension 'ignore'
[1.629s] Level 1:colcon.colcon_core.package_identification:_identify(install) ignored
[1.629s] Level 1:colcon.colcon_core.package_identification:_identify(log) by extensions ['ignore', 'ignore_ament_install']
[1.629s] Level 1:colcon.colcon_core.package_identification:_identify(log) by extension 'ignore'
[1.629s] Level 1:colcon.colcon_core.package_identification:_identify(log) ignored
[1.629s] Level 1:colcon.colcon_core.package_identification:_identify(src) by extensions ['ignore', 'ignore_ament_install']
[1.629s] Level 1:colcon.colcon_core.package_identification:_identify(src) by extension 'ignore'
[1.629s] Level 1:colcon.colcon_core.package_identification:_identify(src) by extension 'ignore_ament_install'
[1.629s] Level 1:colcon.colcon_core.package_identification:_identify(src) by extensions ['colcon_pkg']
[1.629s] Level 1:colcon.colcon_core.package_identification:_identify(src) by extension 'colcon_pkg'
[1.629s] Level 1:colcon.colcon_core.package_identification:_identify(src) by extensions ['colcon_meta']
[1.629s] Level 1:colcon.colcon_core.package_identification:_identify(src) by extension 'colcon_meta'
[1.629s] Level 1:colcon.colcon_core.package_identification:_identify(src) by extensions ['ros']
[1.629s] Level 1:colcon.colcon_core.package_identification:_identify(src) by extension 'ros'
[1.629s] Level 1:colcon.colcon_core.package_identification:_identify(src) by extensions ['cmake', 'python']
[1.629s] Level 1:colcon.colcon_core.package_identification:_identify(src) by extension 'cmake'
[1.629s] Level 1:colcon.colcon_core.package_identification:_identify(src) by extension 'python'
[1.630s] Level 1:colcon.colcon_core.package_identification:_identify(src) by extensions ['python_setup_py']
[1.630s] Level 1:colcon.colcon_core.package_identification:_identify(src) by extension 'python_setup_py'
[1.630s] Level 1:colcon.colcon_core.package_identification:_identify(src/bumperbot_controller) by extensions ['ignore', 'ignore_ament_install']
[1.630s] Level 1:colcon.colcon_core.package_identification:_identify(src/bumperbot_controller) by extension 'ignore'
[1.630s] Level 1:colcon.colcon_core.package_identification:_identify(src/bumperbot_controller) by extension 'ignore_ament_install'
[1.630s] Level 1:colcon.colcon_core.package_identification:_identify(src/bumperbot_controller) by extensions ['colcon_pkg']
[1.630s] Level 1:colcon.colcon_core.package_identification:_identify(src/bumperbot_controller) by extension 'colcon_pkg'
[1.630s] Level 1:colcon.colcon_core.package_identification:_identify(src/bumperbot_controller) by extensions ['colcon_meta']
[1.630s] Level 1:colcon.colcon_core.package_identification:_identify(src/bumperbot_controller) by extension 'colcon_meta'
[1.630s] Level 1:colcon.colcon_core.package_identification:_identify(src/bumperbot_controller) by extensions ['ros']
[1.630s] Level 1:colcon.colcon_core.package_identification:_identify(src/bumperbot_controller) by extension 'ros'
[1.632s] DEBUG:colcon.colcon_core.package_identification:Package 'src/bumperbot_controller' with type 'ros.ament_cmake' and name 'bumperbot_controller'
[1.632s] Level 1:colcon.colcon_core.package_identification:_identify(src/bumperbot_cpp_examples) by extensions ['ignore', 'ignore_ament_install']
[1.632s] Level 1:colcon.colcon_core.package_identification:_identify(src/bumperbot_cpp_examples) by extension 'ignore'
[1.632s] Level 1:colcon.colcon_core.package_identification:_identify(src/bumperbot_cpp_examples) by extension 'ignore_ament_install'
[1.632s] Level 1:colcon.colcon_core.package_identification:_identify(src/bumperbot_cpp_examples) by extensions ['colcon_pkg']
[1.632s] Level 1:colcon.colcon_core.package_identification:_identify(src/bumperbot_cpp_examples) by extension 'colcon_pkg'
[1.632s] Level 1:colcon.colcon_core.package_identification:_identify(src/bumperbot_cpp_examples) by extensions ['colcon_meta']
[1.632s] Level 1:colcon.colcon_core.package_identification:_identify(src/bumperbot_cpp_examples) by extension 'colcon_meta'
[1.632s] Level 1:colcon.colcon_core.package_identification:_identify(src/bumperbot_cpp_examples) by extensions ['ros']
[1.632s] Level 1:colcon.colcon_core.package_identification:_identify(src/bumperbot_cpp_examples) by extension 'ros'
[1.633s] DEBUG:colcon.colcon_core.package_identification:Package 'src/bumperbot_cpp_examples' with type 'ros.ament_cmake' and name 'bumperbot_cpp_examples'
[1.633s] Level 1:colcon.colcon_core.package_identification:_identify(src/bumperbot_description) by extensions ['ignore', 'ignore_ament_install']
[1.633s] Level 1:colcon.colcon_core.package_identification:_identify(src/bumperbot_description) by extension 'ignore'
[1.633s] Level 1:colcon.colcon_core.package_identification:_identify(src/bumperbot_description) by extension 'ignore_ament_install'
[1.633s] Level 1:colcon.colcon_core.package_identification:_identify(src/bumperbot_description) by extensions ['colcon_pkg']
[1.633s] Level 1:colcon.colcon_core.package_identification:_identify(src/bumperbot_description) by extension 'colcon_pkg'
[1.633s] Level 1:colcon.colcon_core.package_identification:_identify(src/bumperbot_description) by extensions ['colcon_meta']
[1.633s] Level 1:colcon.colcon_core.package_identification:_identify(src/bumperbot_description) by extension 'colcon_meta'
[1.633s] Level 1:colcon.colcon_core.package_identification:_identify(src/bumperbot_description) by extensions ['ros']
[1.633s] Level 1:colcon.colcon_core.package_identification:_identify(src/bumperbot_description) by extension 'ros'
[1.633s] DEBUG:colcon.colcon_core.package_identification:Package 'src/bumperbot_description' with type 'ros.ament_cmake' and name 'bumperbot_description'
[1.634s] Level 1:colcon.colcon_core.package_identification:_identify(src/bumperbot_msgs) by extensions ['ignore', 'ignore_ament_install']
[1.634s] Level 1:colcon.colcon_core.package_identification:_identify(src/bumperbot_msgs) by extension 'ignore'
[1.634s] Level 1:colcon.colcon_core.package_identification:_identify(src/bumperbot_msgs) by extension 'ignore_ament_install'
[1.634s] Level 1:colcon.colcon_core.package_identification:_identify(src/bumperbot_msgs) by extensions ['colcon_pkg']
[1.634s] Level 1:colcon.colcon_core.package_identification:_identify(src/bumperbot_msgs) by extension 'colcon_pkg'
[1.634s] Level 1:colcon.colcon_core.package_identification:_identify(src/bumperbot_msgs) by extensions ['colcon_meta']
[1.634s] Level 1:colcon.colcon_core.package_identification:_identify(src/bumperbot_msgs) by extension 'colcon_meta'
[1.634s] Level 1:colcon.colcon_core.package_identification:_identify(src/bumperbot_msgs) by extensions ['ros']
[1.634s] Level 1:colcon.colcon_core.package_identification:_identify(src/bumperbot_msgs) by extension 'ros'
[1.634s] DEBUG:colcon.colcon_core.package_identification:Package 'src/bumperbot_msgs' with type 'ros.ament_cmake' and name 'bumperbot_msgs'
[1.634s] Level 1:colcon.colcon_core.package_identification:_identify(src/bumperbot_py_examples) by extensions ['ignore', 'ignore_ament_install']
[1.634s] Level 1:colcon.colcon_core.package_identification:_identify(src/bumperbot_py_examples) by extension 'ignore'
[1.634s] Level 1:colcon.colcon_core.package_identification:_identify(src/bumperbot_py_examples) by extension 'ignore_ament_install'
[1.634s] Level 1:colcon.colcon_core.package_identification:_identify(src/bumperbot_py_examples) by extensions ['colcon_pkg']
[1.634s] Level 1:colcon.colcon_core.package_identification:_identify(src/bumperbot_py_examples) by extension 'colcon_pkg'
[1.634s] Level 1:colcon.colcon_core.package_identification:_identify(src/bumperbot_py_examples) by extensions ['colcon_meta']
[1.634s] Level 1:colcon.colcon_core.package_identification:_identify(src/bumperbot_py_examples) by extension 'colcon_meta'
[1.635s] Level 1:colcon.colcon_core.package_identification:_identify(src/bumperbot_py_examples) by extensions ['ros']
[1.635s] Level 1:colcon.colcon_core.package_identification:_identify(src/bumperbot_py_examples) by extension 'ros'
[1.635s] DEBUG:colcon.colcon_core.package_identification:Package 'src/bumperbot_py_examples' with type 'ros.ament_python' and name 'bumperbot_py_examples'
[1.635s] Level 1:colcon.colcon_core.package_discovery:discover_packages(recursive) using defaults
[1.635s] Level 1:colcon.colcon_core.package_discovery:discover_packages(ignore) discover
[1.635s] Level 1:colcon.colcon_core.package_discovery:discover_packages(ignore) using defaults
[1.635s] Level 1:colcon.colcon_core.package_discovery:discover_packages(path) discover
[1.635s] Level 1:colcon.colcon_core.package_discovery:discover_packages(path) using defaults
[1.666s] Level 1:colcon.colcon_core.package_discovery:discover_packages(prefix_path) check parameters
[1.666s] Level 1:colcon.colcon_core.package_discovery:discover_packages(prefix_path) discover
[1.669s] DEBUG:colcon.colcon_installed_package_information.package_discovery:Found 5 installed packages in /home/filo/bumperbot_ws/install
[1.670s] DEBUG:colcon.colcon_installed_package_information.package_discovery:Found 329 installed packages in /opt/ros/humble
[1.671s] Level 1:colcon.colcon_core.package_discovery:discover_packages(prefix_path) using defaults
[1.875s] Level 5:colcon.colcon_core.verb:set package 'bumperbot_controller' build argument 'cmake_args' from command line to 'None'
[1.875s] Level 5:colcon.colcon_core.verb:set package 'bumperbot_controller' build argument 'cmake_target' from command line to 'None'
[1.875s] Level 5:colcon.colcon_core.verb:set package 'bumperbot_controller' build argument 'cmake_target_skip_unavailable' from command line to 'False'
[1.875s] Level 5:colcon.colcon_core.verb:set package 'bumperbot_controller' build argument 'cmake_clean_cache' from command line to 'False'
[1.875s] Level 5:colcon.colcon_core.verb:set package 'bumperbot_controller' build argument 'cmake_clean_first' from command line to 'False'
[1.875s] Level 5:colcon.colcon_core.verb:set package 'bumperbot_controller' build argument 'cmake_force_configure' from command line to 'False'
[1.875s] Level 5:colcon.colcon_core.verb:set package 'bumperbot_controller' build argument 'ament_cmake_args' from command line to 'None'
[1.875s] Level 5:colcon.colcon_core.verb:set package 'bumperbot_controller' build argument 'catkin_cmake_args' from command line to 'None'
[1.875s] Level 5:colcon.colcon_core.verb:set package 'bumperbot_controller' build argument 'catkin_skip_building_tests' from command line to 'False'
[1.875s] DEBUG:colcon.colcon_core.verb:Building package 'bumperbot_controller' with the following arguments: {'ament_cmake_args': None, 'build_base': '/home/filo/bumperbot_ws/build/bumperbot_controller', 'catkin_cmake_args': None, 'catkin_skip_building_tests': False, 'cmake_args': None, 'cmake_clean_cache': False, 'cmake_clean_first': False, 'cmake_force_configure': False, 'cmake_target': None, 'cmake_target_skip_unavailable': False, 'install_base': '/home/filo/bumperbot_ws/install/bumperbot_controller', 'merge_install': False, 'path': '/home/filo/bumperbot_ws/src/bumperbot_controller', 'symlink_install': False, 'test_result_base': None}
[1.875s] Level 5:colcon.colcon_core.verb:set package 'bumperbot_cpp_examples' build argument 'cmake_args' from command line to 'None'
[1.875s] Level 5:colcon.colcon_core.verb:set package 'bumperbot_cpp_examples' build argument 'cmake_target' from command line to 'None'
[1.875s] Level 5:colcon.colcon_core.verb:set package 'bumperbot_cpp_examples' build argument 'cmake_target_skip_unavailable' from command line to 'False'
[1.875s] Level 5:colcon.colcon_core.verb:set package 'bumperbot_cpp_examples' build argument 'cmake_clean_cache' from command line to 'False'
[1.875s] Level 5:colcon.colcon_core.verb:set package 'bumperbot_cpp_examples' build argument 'cmake_clean_first' from command line to 'False'
[1.875s] Level 5:colcon.colcon_core.verb:set package 'bumperbot_cpp_examples' build argument 'cmake_force_configure' from command line to 'False'
[1.875s] Level 5:colcon.colcon_core.verb:set package 'bumperbot_cpp_examples' build argument 'ament_cmake_args' from command line to 'None'
[1.875s] Level 5:colcon.colcon_core.verb:set package 'bumperbot_cpp_examples' build argument 'catkin_cmake_args' from command line to 'None'
[1.875s] Level 5:colcon.colcon_core.verb:set package 'bumperbot_cpp_examples' build argument 'catkin_skip_building_tests' from command line to 'False'
[1.875s] DEBUG:colcon.colcon_core.verb:Building package 'bumperbot_cpp_examples' with the following arguments: {'ament_cmake_args': None, 'build_base': '/home/filo/bumperbot_ws/build/bumperbot_cpp_examples', 'catkin_cmake_args': None, 'catkin_skip_building_tests': False, 'cmake_args': None, 'cmake_clean_cache': False, 'cmake_clean_first': False, 'cmake_force_configure': False, 'cmake_target': None, 'cmake_target_skip_unavailable': False, 'install_base': '/home/filo/bumperbot_ws/install/bumperbot_cpp_examples', 'merge_install': False, 'path': '/home/filo/bumperbot_ws/src/bumperbot_cpp_examples', 'symlink_install': False, 'test_result_base': None}
[1.876s] Level 5:colcon.colcon_core.verb:set package 'bumperbot_description' build argument 'cmake_args' from command line to 'None'
[1.876s] Level 5:colcon.colcon_core.verb:set package 'bumperbot_description' build argument 'cmake_target' from command line to 'None'
[1.876s] Level 5:colcon.colcon_core.verb:set package 'bumperbot_description' build argument 'cmake_target_skip_unavailable' from command line to 'False'
[1.876s] Level 5:colcon.colcon_core.verb:set package 'bumperbot_description' build argument 'cmake_clean_cache' from command line to 'False'
[1.876s] Level 5:colcon.colcon_core.verb:set package 'bumperbot_description' build argument 'cmake_clean_first' from command line to 'False'
[1.876s] Level 5:colcon.colcon_core.verb:set package 'bumperbot_description' build argument 'cmake_force_configure' from command line to 'False'
[1.876s] Level 5:colcon.colcon_core.verb:set package 'bumperbot_description' build argument 'ament_cmake_args' from command line to 'None'
[1.876s] Level 5:colcon.colcon_core.verb:set package 'bumperbot_description' build argument 'catkin_cmake_args' from command line to 'None'
[1.876s] Level 5:colcon.colcon_core.verb:set package 'bumperbot_description' build argument 'catkin_skip_building_tests' from command line to 'False'
[1.876s] DEBUG:colcon.colcon_core.verb:Building package 'bumperbot_description' with the following arguments: {'ament_cmake_args': None, 'build_base': '/home/filo/bumperbot_ws/build/bumperbot_description', 'catkin_cmake_args': None, 'catkin_skip_building_tests': False, 'cmake_args': None, 'cmake_clean_cache': False, 'cmake_clean_first': False, 'cmake_force_configure': False, 'cmake_target': None, 'cmake_target_skip_unavailable': False, 'install_base': '/home/filo/bumperbot_ws/install/bumperbot_description', 'merge_install': False, 'path': '/home/filo/bumperbot_ws/src/bumperbot_description', 'symlink_install': False, 'test_result_base': None}
[1.876s] Level 5:colcon.colcon_core.verb:set package 'bumperbot_msgs' build argument 'cmake_args' from command line to 'None'
[1.876s] Level 5:colcon.colcon_core.verb:set package 'bumperbot_msgs' build argument 'cmake_target' from command line to 'None'
[1.876s] Level 5:colcon.colcon_core.verb:set package 'bumperbot_msgs' build argument 'cmake_target_skip_unavailable' from command line to 'False'
[1.876s] Level 5:colcon.colcon_core.verb:set package 'bumperbot_msgs' build argument 'cmake_clean_cache' from command line to 'False'
[1.876s] Level 5:colcon.colcon_core.verb:set package 'bumperbot_msgs' build argument 'cmake_clean_first' from command line to 'False'
[1.876s] Level 5:colcon.colcon_core.verb:set package 'bumperbot_msgs' build argument 'cmake_force_configure' from command line to 'False'
[1.876s] Level 5:colcon.colcon_core.verb:set package 'bumperbot_msgs' build argument 'ament_cmake_args' from command line to 'None'
[1.876s] Level 5:colcon.colcon_core.verb:set package 'bumperbot_msgs' build argument 'catkin_cmake_args' from command line to 'None'
[1.877s] Level 5:colcon.colcon_core.verb:set package 'bumperbot_msgs' build argument 'catkin_skip_building_tests' from command line to 'False'
[1.877s] DEBUG:colcon.colcon_core.verb:Building package 'bumperbot_msgs' with the following arguments: {'ament_cmake_args': None, 'build_base': '/home/filo/bumperbot_ws/build/bumperbot_msgs', 'catkin_cmake_args': None, 'catkin_skip_building_tests': False, 'cmake_args': None, 'cmake_clean_cache': False, 'cmake_clean_first': False, 'cmake_force_configure': False, 'cmake_target': None, 'cmake_target_skip_unavailable': False, 'install_base': '/home/filo/bumperbot_ws/install/bumperbot_msgs', 'merge_install': False, 'path': '/home/filo/bumperbot_ws/src/bumperbot_msgs', 'symlink_install': False, 'test_result_base': None}
[1.877s] Level 5:colcon.colcon_core.verb:set package 'bumperbot_py_examples' build argument 'cmake_args' from command line to 'None'
[1.877s] Level 5:colcon.colcon_core.verb:set package 'bumperbot_py_examples' build argument 'cmake_target' from command line to 'None'
[1.877s] Level 5:colcon.colcon_core.verb:set package 'bumperbot_py_examples' build argument 'cmake_target_skip_unavailable' from command line to 'False'
[1.877s] Level 5:colcon.colcon_core.verb:set package 'bumperbot_py_examples' build argument 'cmake_clean_cache' from command line to 'False'
[1.877s] Level 5:colcon.colcon_core.verb:set package 'bumperbot_py_examples' build argument 'cmake_clean_first' from command line to 'False'
[1.877s] Level 5:colcon.colcon_core.verb:set package 'bumperbot_py_examples' build argument 'cmake_force_configure' from command line to 'False'
[1.877s] Level 5:colcon.colcon_core.verb:set package 'bumperbot_py_examples' build argument 'ament_cmake_args' from command line to 'None'
[1.877s] Level 5:colcon.colcon_core.verb:set package 'bumperbot_py_examples' build argument 'catkin_cmake_args' from command line to 'None'
[1.877s] Level 5:colcon.colcon_core.verb:set package 'bumperbot_py_examples' build argument 'catkin_skip_building_tests' from command line to 'False'
[1.877s] DEBUG:colcon.colcon_core.verb:Building package 'bumperbot_py_examples' with the following arguments: {'ament_cmake_args': None, 'build_base': '/home/filo/bumperbot_ws/build/bumperbot_py_examples', 'catkin_cmake_args': None, 'catkin_skip_building_tests': False, 'cmake_args': None, 'cmake_clean_cache': False, 'cmake_clean_first': False, 'cmake_force_configure': False, 'cmake_target': None, 'cmake_target_skip_unavailable': False, 'install_base': '/home/filo/bumperbot_ws/install/bumperbot_py_examples', 'merge_install': False, 'path': '/home/filo/bumperbot_ws/src/bumperbot_py_examples', 'symlink_install': False, 'test_result_base': None}
[1.877s] INFO:colcon.colcon_core.executor:Executing jobs using 'parallel' executor
[1.878s] DEBUG:colcon.colcon_parallel_executor.executor.parallel:run_until_complete
[1.878s] INFO:colcon.colcon_ros.task.ament_cmake.build:Building ROS package in '/home/filo/bumperbot_ws/src/bumperbot_controller' with build type 'ament_cmake'
[1.878s] INFO:colcon.colcon_cmake.task.cmake.build:Building CMake package in '/home/filo/bumperbot_ws/src/bumperbot_controller'
[1.931s] INFO:colcon.colcon_core.plugin_system:Skipping extension 'colcon_core.shell.bat': Not used on non-Windows systems
[1.932s] INFO:colcon.colcon_core.shell:Skip shell extension 'powershell' for command environment: Not usable outside of PowerShell
[1.932s] DEBUG:colcon.colcon_core.shell:Skip shell extension 'dsv' for command environment
[1.958s] INFO:colcon.colcon_ros.task.ament_cmake.build:Building ROS package in '/home/filo/bumperbot_ws/src/bumperbot_cpp_examples' with build type 'ament_cmake'
[1.958s] INFO:colcon.colcon_cmake.task.cmake.build:Building CMake package in '/home/filo/bumperbot_ws/src/bumperbot_cpp_examples'
[1.959s] INFO:colcon.colcon_core.shell:Skip shell extension 'powershell' for command environment: Not usable outside of PowerShell
[1.959s] DEBUG:colcon.colcon_core.shell:Skip shell extension 'dsv' for command environment
[1.965s] INFO:colcon.colcon_ros.task.ament_cmake.build:Building ROS package in '/home/filo/bumperbot_ws/src/bumperbot_description' with build type 'ament_cmake'
[1.965s] INFO:colcon.colcon_cmake.task.cmake.build:Building CMake package in '/home/filo/bumperbot_ws/src/bumperbot_description'
[1.965s] INFO:colcon.colcon_core.shell:Skip shell extension 'powershell' for command environment: Not usable outside of PowerShell
[1.965s] DEBUG:colcon.colcon_core.shell:Skip shell extension 'dsv' for command environment
[1.968s] INFO:colcon.colcon_ros.task.ament_cmake.build:Building ROS package in '/home/filo/bumperbot_ws/src/bumperbot_msgs' with build type 'ament_cmake'
[1.969s] INFO:colcon.colcon_cmake.task.cmake.build:Building CMake package in '/home/filo/bumperbot_ws/src/bumperbot_msgs'
[1.969s] INFO:colcon.colcon_core.shell:Skip shell extension 'powershell' for command environment: Not usable outside of PowerShell
[1.969s] DEBUG:colcon.colcon_core.shell:Skip shell extension 'dsv' for command environment
[1.972s] INFO:colcon.colcon_ros.task.ament_python.build:Building ROS package in '/home/filo/bumperbot_ws/src/bumperbot_py_examples' with build type 'ament_python'
[1.972s] Level 1:colcon.colcon_core.shell:create_environment_hook('bumperbot_py_examples', 'ament_prefix_path')
[1.972s] INFO:colcon.colcon_core.shell:Creating environment hook '/home/filo/bumperbot_ws/install/bumperbot_py_examples/share/bumperbot_py_examples/hook/ament_prefix_path.ps1'
[1.987s] INFO:colcon.colcon_core.shell:Creating environment descriptor '/home/filo/bumperbot_ws/install/bumperbot_py_examples/share/bumperbot_py_examples/hook/ament_prefix_path.dsv'
[1.987s] INFO:colcon.colcon_core.shell:Creating environment hook '/home/filo/bumperbot_ws/install/bumperbot_py_examples/share/bumperbot_py_examples/hook/ament_prefix_path.sh'
[2.008s] INFO:colcon.colcon_core.shell:Skip shell extension 'powershell' for command environment: Not usable outside of PowerShell
[2.008s] DEBUG:colcon.colcon_core.shell:Skip shell extension 'dsv' for command environment
[2.084s] DEBUG:colcon.colcon_core.event_handler.log_command:Invoking command in '/home/filo/bumperbot_ws/build/bumperbot_controller': CMAKE_PREFIX_PATH=${CMAKE_PREFIX_PATH}:/home/filo/bumperbot_ws/install/bumperbot_py_examples:/opt/ros/humble /usr/bin/cmake --build /home/filo/bumperbot_ws/build/bumperbot_controller -- -j8 -l8
[2.141s] DEBUG:colcon.colcon_core.event_handler.log_command:Invoking command in '/home/filo/bumperbot_ws/build/bumperbot_cpp_examples': CMAKE_PREFIX_PATH=${CMAKE_PREFIX_PATH}:/home/filo/bumperbot_ws/install/bumperbot_py_examples:/opt/ros/humble /usr/bin/cmake --build /home/filo/bumperbot_ws/build/bumperbot_cpp_examples -- -j8 -l8
[2.197s] DEBUG:colcon.colcon_core.event_handler.log_command:Invoking command in '/home/filo/bumperbot_ws/build/bumperbot_description': CMAKE_PREFIX_PATH=${CMAKE_PREFIX_PATH}:/home/filo/bumperbot_ws/install/bumperbot_py_examples:/opt/ros/humble /usr/bin/cmake --build /home/filo/bumperbot_ws/build/bumperbot_description -- -j8 -l8
[2.204s] DEBUG:colcon.colcon_core.event_handler.log_command:Invoking command in '/home/filo/bumperbot_ws/build/bumperbot_msgs': CMAKE_PREFIX_PATH=${CMAKE_PREFIX_PATH}:/home/filo/bumperbot_ws/install/bumperbot_py_examples:/opt/ros/humble /usr/bin/cmake /home/filo/bumperbot_ws/src/bumperbot_msgs -DCMAKE_INSTALL_PREFIX=/home/filo/bumperbot_ws/install/bumperbot_msgs
[2.559s] INFO:colcon.colcon_core.task.python.build:Building Python package in '/home/filo/bumperbot_ws/src/bumperbot_py_examples'
[2.559s] INFO:colcon.colcon_core.shell:Skip shell extension 'powershell' for command environment: Not usable outside of PowerShell
[2.559s] DEBUG:colcon.colcon_core.shell:Skip shell extension 'dsv' for command environment
[2.619s] DEBUG:colcon.colcon_core.event_handler.log_command:Invoked command in '/home/filo/bumperbot_ws/build/bumperbot_cpp_examples' returned '0': CMAKE_PREFIX_PATH=${CMAKE_PREFIX_PATH}:/home/filo/bumperbot_ws/install/bumperbot_py_examples:/opt/ros/humble /usr/bin/cmake --build /home/filo/bumperbot_ws/build/bumperbot_cpp_examples -- -j8 -l8
[2.621s] DEBUG:colcon.colcon_core.event_handler.log_command:Invoked command in '/home/filo/bumperbot_ws/build/bumperbot_description' returned '0': CMAKE_PREFIX_PATH=${CMAKE_PREFIX_PATH}:/home/filo/bumperbot_ws/install/bumperbot_py_examples:/opt/ros/humble /usr/bin/cmake --build /home/filo/bumperbot_ws/build/bumperbot_description -- -j8 -l8
[2.642s] DEBUG:colcon.colcon_core.event_handler.log_command:Invoking command in '/home/filo/bumperbot_ws/build/bumperbot_cpp_examples': CMAKE_PREFIX_PATH=${CMAKE_PREFIX_PATH}:/home/filo/bumperbot_ws/install/bumperbot_py_examples:/opt/ros/humble /usr/bin/cmake --install /home/filo/bumperbot_ws/build/bumperbot_cpp_examples
[2.645s] DEBUG:colcon.colcon_core.event_handler.log_command:Invoking command in '/home/filo/bumperbot_ws/build/bumperbot_description': CMAKE_PREFIX_PATH=${CMAKE_PREFIX_PATH}:/home/filo/bumperbot_ws/install/bumperbot_py_examples:/opt/ros/humble /usr/bin/cmake --install /home/filo/bumperbot_ws/build/bumperbot_description
[2.814s] Level 1:colcon.colcon_core.environment:create_environment_scripts_only(bumperbot_cpp_examples)
[2.814s] DEBUG:colcon.colcon_core.event_handler.log_command:Invoked command in '/home/filo/bumperbot_ws/build/bumperbot_cpp_examples' returned '0': CMAKE_PREFIX_PATH=${CMAKE_PREFIX_PATH}:/home/filo/bumperbot_ws/install/bumperbot_py_examples:/opt/ros/humble /usr/bin/cmake --install /home/filo/bumperbot_ws/build/bumperbot_cpp_examples
[2.945s] Level 1:colcon.colcon_core.environment:checking '/home/filo/bumperbot_ws/install/bumperbot_cpp_examples' for CMake module files
[2.948s] Level 1:colcon.colcon_core.environment:checking '/home/filo/bumperbot_ws/install/bumperbot_cpp_examples' for CMake config files
[2.949s] Level 1:colcon.colcon_core.shell:create_environment_hook('bumperbot_cpp_examples', 'cmake_prefix_path')
[2.950s] INFO:colcon.colcon_core.shell:Creating environment hook '/home/filo/bumperbot_ws/install/bumperbot_cpp_examples/share/bumperbot_cpp_examples/hook/cmake_prefix_path.ps1'
[2.952s] INFO:colcon.colcon_core.shell:Creating environment descriptor '/home/filo/bumperbot_ws/install/bumperbot_cpp_examples/share/bumperbot_cpp_examples/hook/cmake_prefix_path.dsv'
[2.953s] INFO:colcon.colcon_core.shell:Creating environment hook '/home/filo/bumperbot_ws/install/bumperbot_cpp_examples/share/bumperbot_cpp_examples/hook/cmake_prefix_path.sh'
[2.955s] Level 1:colcon.colcon_core.environment:checking '/home/filo/bumperbot_ws/install/bumperbot_cpp_examples/bin'
[2.956s] Level 1:colcon.colcon_core.environment:checking '/home/filo/bumperbot_ws/install/bumperbot_cpp_examples/lib/pkgconfig/bumperbot_cpp_examples.pc'
[2.957s] Level 1:colcon.colcon_core.environment:checking '/home/filo/bumperbot_ws/install/bumperbot_cpp_examples/lib/python3.10/site-packages'
[2.958s] Level 1:colcon.colcon_core.environment:checking '/home/filo/bumperbot_ws/install/bumperbot_cpp_examples/bin'
[2.959s] INFO:colcon.colcon_core.shell:Creating package script '/home/filo/bumperbot_ws/install/bumperbot_cpp_examples/share/bumperbot_cpp_examples/package.ps1'
[2.971s] INFO:colcon.colcon_core.shell:Creating package descriptor '/home/filo/bumperbot_ws/install/bumperbot_cpp_examples/share/bumperbot_cpp_examples/package.dsv'
[2.977s] INFO:colcon.colcon_core.shell:Creating package script '/home/filo/bumperbot_ws/install/bumperbot_cpp_examples/share/bumperbot_cpp_examples/package.sh'
[2.990s] INFO:colcon.colcon_core.shell:Creating package script '/home/filo/bumperbot_ws/install/bumperbot_cpp_examples/share/bumperbot_cpp_examples/package.bash'
[3.155s] INFO:colcon.colcon_core.shell:Creating package script '/home/filo/bumperbot_ws/install/bumperbot_cpp_examples/share/bumperbot_cpp_examples/package.zsh'
[3.196s] Level 1:colcon.colcon_core.environment:create_file_with_runtime_dependencies(/home/filo/bumperbot_ws/install/bumperbot_cpp_examples/share/colcon-core/packages/bumperbot_cpp_examples)
[3.200s] Level 1:colcon.colcon_core.environment:create_environment_scripts_only(bumperbot_description)
[3.201s] DEBUG:colcon.colcon_core.event_handler.log_command:Invoked command in '/home/filo/bumperbot_ws/build/bumperbot_description' returned '0': CMAKE_PREFIX_PATH=${CMAKE_PREFIX_PATH}:/home/filo/bumperbot_ws/install/bumperbot_py_examples:/opt/ros/humble /usr/bin/cmake --install /home/filo/bumperbot_ws/build/bumperbot_description
[3.202s] Level 1:colcon.colcon_core.environment:checking '/home/filo/bumperbot_ws/install/bumperbot_description' for CMake module files
[3.203s] Level 1:colcon.colcon_core.environment:checking '/home/filo/bumperbot_ws/install/bumperbot_description' for CMake config files
[3.204s] Level 1:colcon.colcon_core.shell:create_environment_hook('bumperbot_description', 'cmake_prefix_path')
[3.205s] INFO:colcon.colcon_core.shell:Creating environment hook '/home/filo/bumperbot_ws/install/bumperbot_description/share/bumperbot_description/hook/cmake_prefix_path.ps1'
[3.205s] INFO:colcon.colcon_core.shell:Creating environment descriptor '/home/filo/bumperbot_ws/install/bumperbot_description/share/bumperbot_description/hook/cmake_prefix_path.dsv'
[3.206s] INFO:colcon.colcon_core.shell:Creating environment hook '/home/filo/bumperbot_ws/install/bumperbot_description/share/bumperbot_description/hook/cmake_prefix_path.sh'
[3.207s] Level 1:colcon.colcon_core.environment:checking '/home/filo/bumperbot_ws/install/bumperbot_description/bin'
[3.208s] Level 1:colcon.colcon_core.environment:checking '/home/filo/bumperbot_ws/install/bumperbot_description/lib/pkgconfig/bumperbot_description.pc'
[3.208s] Level 1:colcon.colcon_core.environment:checking '/home/filo/bumperbot_ws/install/bumperbot_description/lib/python3.10/site-packages'
[3.208s] Level 1:colcon.colcon_core.environment:checking '/home/filo/bumperbot_ws/install/bumperbot_description/bin'
[3.209s] INFO:colcon.colcon_core.shell:Creating package script '/home/filo/bumperbot_ws/install/bumperbot_description/share/bumperbot_description/package.ps1'
[3.210s] INFO:colcon.colcon_core.shell:Creating package descriptor '/home/filo/bumperbot_ws/install/bumperbot_description/share/bumperbot_description/package.dsv'
[3.210s] INFO:colcon.colcon_core.shell:Creating package script '/home/filo/bumperbot_ws/install/bumperbot_description/share/bumperbot_description/package.sh'
[3.216s] INFO:colcon.colcon_core.shell:Creating package script '/home/filo/bumperbot_ws/install/bumperbot_description/share/bumperbot_description/package.bash'
[3.217s] INFO:colcon.colcon_core.shell:Creating package script '/home/filo/bumperbot_ws/install/bumperbot_description/share/bumperbot_description/package.zsh'
[3.217s] Level 1:colcon.colcon_core.environment:create_file_with_runtime_dependencies(/home/filo/bumperbot_ws/install/bumperbot_description/share/colcon-core/packages/bumperbot_description)
[3.225s] Level 1:colcon.colcon_core.environment:create_environment_scripts_only(bumperbot_cpp_examples)
[3.225s] Level 1:colcon.colcon_core.environment:checking '/home/filo/bumperbot_ws/install/bumperbot_cpp_examples' for CMake module files
[3.225s] Level 1:colcon.colcon_core.environment:checking '/home/filo/bumperbot_ws/install/bumperbot_cpp_examples' for CMake config files
[3.226s] Level 1:colcon.colcon_core.shell:create_environment_hook('bumperbot_cpp_examples', 'cmake_prefix_path')
[3.226s] INFO:colcon.colcon_core.shell:Creating environment hook '/home/filo/bumperbot_ws/install/bumperbot_cpp_examples/share/bumperbot_cpp_examples/hook/cmake_prefix_path.ps1'
[3.226s] INFO:colcon.colcon_core.shell:Creating environment descriptor '/home/filo/bumperbot_ws/install/bumperbot_cpp_examples/share/bumperbot_cpp_examples/hook/cmake_prefix_path.dsv'
[3.226s] INFO:colcon.colcon_core.shell:Creating environment hook '/home/filo/bumperbot_ws/install/bumperbot_cpp_examples/share/bumperbot_cpp_examples/hook/cmake_prefix_path.sh'
[3.227s] Level 1:colcon.colcon_core.environment:checking '/home/filo/bumperbot_ws/install/bumperbot_cpp_examples/bin'
[3.227s] Level 1:colcon.colcon_core.environment:checking '/home/filo/bumperbot_ws/install/bumperbot_cpp_examples/lib/pkgconfig/bumperbot_cpp_examples.pc'
[3.227s] Level 1:colcon.colcon_core.environment:checking '/home/filo/bumperbot_ws/install/bumperbot_cpp_examples/lib/python3.10/site-packages'
[3.228s] Level 1:colcon.colcon_core.environment:checking '/home/filo/bumperbot_ws/install/bumperbot_cpp_examples/bin'
[3.228s] INFO:colcon.colcon_core.shell:Creating package script '/home/filo/bumperbot_ws/install/bumperbot_cpp_examples/share/bumperbot_cpp_examples/package.ps1'
[3.228s] INFO:colcon.colcon_core.shell:Creating package descriptor '/home/filo/bumperbot_ws/install/bumperbot_cpp_examples/share/bumperbot_cpp_examples/package.dsv'
[3.229s] INFO:colcon.colcon_core.shell:Creating package script '/home/filo/bumperbot_ws/install/bumperbot_cpp_examples/share/bumperbot_cpp_examples/package.sh'
[3.243s] INFO:colcon.colcon_core.shell:Creating package script '/home/filo/bumperbot_ws/install/bumperbot_cpp_examples/share/bumperbot_cpp_examples/package.bash'
[3.245s] INFO:colcon.colcon_core.shell:Creating package script '/home/filo/bumperbot_ws/install/bumperbot_cpp_examples/share/bumperbot_cpp_examples/package.zsh'
[3.247s] Level 1:colcon.colcon_core.environment:create_file_with_runtime_dependencies(/home/filo/bumperbot_ws/install/bumperbot_cpp_examples/share/colcon-core/packages/bumperbot_cpp_examples)
[3.250s] Level 1:colcon.colcon_core.environment:create_environment_scripts_only(bumperbot_description)
[3.251s] Level 1:colcon.colcon_core.environment:checking '/home/filo/bumperbot_ws/install/bumperbot_description' for CMake module files
[3.254s] Level 1:colcon.colcon_core.environment:checking '/home/filo/bumperbot_ws/install/bumperbot_description' for CMake config files
[3.256s] Level 1:colcon.colcon_core.shell:create_environment_hook('bumperbot_description', 'cmake_prefix_path')
[3.257s] INFO:colcon.colcon_core.shell:Creating environment hook '/home/filo/bumperbot_ws/install/bumperbot_description/share/bumperbot_description/hook/cmake_prefix_path.ps1'
[3.259s] INFO:colcon.colcon_core.shell:Creating environment descriptor '/home/filo/bumperbot_ws/install/bumperbot_description/share/bumperbot_description/hook/cmake_prefix_path.dsv'
[3.260s] INFO:colcon.colcon_core.shell:Creating environment hook '/home/filo/bumperbot_ws/install/bumperbot_description/share/bumperbot_description/hook/cmake_prefix_path.sh'
[3.262s] Level 1:colcon.colcon_core.environment:checking '/home/filo/bumperbot_ws/install/bumperbot_description/bin'
[3.262s] Level 1:colcon.colcon_core.environment:checking '/home/filo/bumperbot_ws/install/bumperbot_description/lib/pkgconfig/bumperbot_description.pc'
[3.263s] Level 1:colcon.colcon_core.environment:checking '/home/filo/bumperbot_ws/install/bumperbot_description/lib/python3.10/site-packages'
[3.264s] Level 1:colcon.colcon_core.environment:checking '/home/filo/bumperbot_ws/install/bumperbot_description/bin'
[3.264s] INFO:colcon.colcon_core.shell:Creating package script '/home/filo/bumperbot_ws/install/bumperbot_description/share/bumperbot_description/package.ps1'
[3.265s] INFO:colcon.colcon_core.shell:Creating package descriptor '/home/filo/bumperbot_ws/install/bumperbot_description/share/bumperbot_description/package.dsv'
[3.266s] INFO:colcon.colcon_core.shell:Creating package script '/home/filo/bumperbot_ws/install/bumperbot_description/share/bumperbot_description/package.sh'
[3.267s] INFO:colcon.colcon_core.shell:Creating package script '/home/filo/bumperbot_ws/install/bumperbot_description/share/bumperbot_description/package.bash'
[3.277s] INFO:colcon.colcon_core.shell:Creating package script '/home/filo/bumperbot_ws/install/bumperbot_description/share/bumperbot_description/package.zsh'
[3.278s] Level 1:colcon.colcon_core.environment:create_file_with_runtime_dependencies(/home/filo/bumperbot_ws/install/bumperbot_description/share/colcon-core/packages/bumperbot_description)
[3.900s] DEBUG:colcon.colcon_core.event_handler.log_command:Invoked command in '/home/filo/bumperbot_ws/build/bumperbot_controller' returned '0': CMAKE_PREFIX_PATH=${CMAKE_PREFIX_PATH}:/home/filo/bumperbot_ws/install/bumperbot_py_examples:/opt/ros/humble /usr/bin/cmake --build /home/filo/bumperbot_ws/build/bumperbot_controller -- -j8 -l8
[3.918s] DEBUG:colcon.colcon_core.event_handler.log_command:Invoking command in '/home/filo/bumperbot_ws/build/bumperbot_controller': CMAKE_PREFIX_PATH=${CMAKE_PREFIX_PATH}:/home/filo/bumperbot_ws/install/bumperbot_py_examples:/opt/ros/humble /usr/bin/cmake --install /home/filo/bumperbot_ws/build/bumperbot_controller
[4.214s] Level 1:colcon.colcon_core.environment:create_environment_scripts_only(bumperbot_controller)
[4.215s] Level 1:colcon.colcon_core.environment:checking '/home/filo/bumperbot_ws/install/bumperbot_controller' for CMake module files
[4.217s] DEBUG:colcon.colcon_core.event_handler.log_command:Invoked command in '/home/filo/bumperbot_ws/build/bumperbot_controller' returned '0': CMAKE_PREFIX_PATH=${CMAKE_PREFIX_PATH}:/home/filo/bumperbot_ws/install/bumperbot_py_examples:/opt/ros/humble /usr/bin/cmake --install /home/filo/bumperbot_ws/build/bumperbot_controller
[4.218s] Level 1:colcon.colcon_core.environment:checking '/home/filo/bumperbot_ws/install/bumperbot_controller' for CMake config files
[4.218s] Level 1:colcon.colcon_core.shell:create_environment_hook('bumperbot_controller', 'cmake_prefix_path')
[4.219s] INFO:colcon.colcon_core.shell:Creating environment hook '/home/filo/bumperbot_ws/install/bumperbot_controller/share/bumperbot_controller/hook/cmake_prefix_path.ps1'
[4.220s] INFO:colcon.colcon_core.shell:Creating environment descriptor '/home/filo/bumperbot_ws/install/bumperbot_controller/share/bumperbot_controller/hook/cmake_prefix_path.dsv'
[4.221s] INFO:colcon.colcon_core.shell:Creating environment hook '/home/filo/bumperbot_ws/install/bumperbot_controller/share/bumperbot_controller/hook/cmake_prefix_path.sh'
[4.222s] Level 1:colcon.colcon_core.environment:checking '/home/filo/bumperbot_ws/install/bumperbot_controller/lib'
[4.223s] Level 1:colcon.colcon_core.environment:checking '/home/filo/bumperbot_ws/install/bumperbot_controller/bin'
[4.223s] Level 1:colcon.colcon_core.environment:checking '/home/filo/bumperbot_ws/install/bumperbot_controller/lib/pkgconfig/bumperbot_controller.pc'
[4.224s] Level 1:colcon.colcon_core.environment:checking '/home/filo/bumperbot_ws/install/bumperbot_controller/lib/python3.10/site-packages'
[4.224s] Level 1:colcon.colcon_core.environment:checking '/home/filo/bumperbot_ws/install/bumperbot_controller/bin'
[4.225s] INFO:colcon.colcon_core.shell:Creating package script '/home/filo/bumperbot_ws/install/bumperbot_controller/share/bumperbot_controller/package.ps1'
[4.226s] INFO:colcon.colcon_core.shell:Creating package descriptor '/home/filo/bumperbot_ws/install/bumperbot_controller/share/bumperbot_controller/package.dsv'
[4.227s] INFO:colcon.colcon_core.shell:Creating package script '/home/filo/bumperbot_ws/install/bumperbot_controller/share/bumperbot_controller/package.sh'
[4.244s] INFO:colcon.colcon_core.shell:Creating package script '/home/filo/bumperbot_ws/install/bumperbot_controller/share/bumperbot_controller/package.bash'
[4.246s] INFO:colcon.colcon_core.shell:Creating package script '/home/filo/bumperbot_ws/install/bumperbot_controller/share/bumperbot_controller/package.zsh'
[4.247s] Level 1:colcon.colcon_core.environment:create_file_with_runtime_dependencies(/home/filo/bumperbot_ws/install/bumperbot_controller/share/colcon-core/packages/bumperbot_controller)
[4.308s] Level 1:colcon.colcon_core.environment:create_environment_scripts_only(bumperbot_controller)
[4.310s] Level 1:colcon.colcon_core.environment:checking '/home/filo/bumperbot_ws/install/bumperbot_controller' for CMake module files
[4.312s] Level 1:colcon.colcon_core.environment:checking '/home/filo/bumperbot_ws/install/bumperbot_controller' for CMake config files
[4.313s] Level 1:colcon.colcon_core.shell:create_environment_hook('bumperbot_controller', 'cmake_prefix_path')
[4.314s] INFO:colcon.colcon_core.shell:Creating environment hook '/home/filo/bumperbot_ws/install/bumperbot_controller/share/bumperbot_controller/hook/cmake_prefix_path.ps1'
[4.315s] INFO:colcon.colcon_core.shell:Creating environment descriptor '/home/filo/bumperbot_ws/install/bumperbot_controller/share/bumperbot_controller/hook/cmake_prefix_path.dsv'
[4.316s] INFO:colcon.colcon_core.shell:Creating environment hook '/home/filo/bumperbot_ws/install/bumperbot_controller/share/bumperbot_controller/hook/cmake_prefix_path.sh'
[4.317s] Level 1:colcon.colcon_core.environment:checking '/home/filo/bumperbot_ws/install/bumperbot_controller/lib'
[4.318s] Level 1:colcon.colcon_core.environment:checking '/home/filo/bumperbot_ws/install/bumperbot_controller/bin'
[4.318s] Level 1:colcon.colcon_core.environment:checking '/home/filo/bumperbot_ws/install/bumperbot_controller/lib/pkgconfig/bumperbot_controller.pc'
[4.319s] Level 1:colcon.colcon_core.environment:checking '/home/filo/bumperbot_ws/install/bumperbot_controller/lib/python3.10/site-packages'
[4.319s] Level 1:colcon.colcon_core.environment:checking '/home/filo/bumperbot_ws/install/bumperbot_controller/bin'
[4.320s] INFO:colcon.colcon_core.shell:Creating package script '/home/filo/bumperbot_ws/install/bumperbot_controller/share/bumperbot_controller/package.ps1'
[4.321s] INFO:colcon.colcon_core.shell:Creating package descriptor '/home/filo/bumperbot_ws/install/bumperbot_controller/share/bumperbot_controller/package.dsv'
[4.323s] INFO:colcon.colcon_core.shell:Creating package script '/home/filo/bumperbot_ws/install/bumperbot_controller/share/bumperbot_controller/package.sh'
[4.323s] INFO:colcon.colcon_core.shell:Creating package script '/home/filo/bumperbot_ws/install/bumperbot_controller/share/bumperbot_controller/package.bash'
[4.324s] INFO:colcon.colcon_core.shell:Creating package script '/home/filo/bumperbot_ws/install/bumperbot_controller/share/bumperbot_controller/package.zsh'
[4.331s] Level 1:colcon.colcon_core.environment:create_file_with_runtime_dependencies(/home/filo/bumperbot_ws/install/bumperbot_controller/share/colcon-core/packages/bumperbot_controller)
[6.103s] DEBUG:colcon.colcon_core.event_handler.log_command:Invoking command in '/home/filo/bumperbot_ws/src/bumperbot_py_examples': PYTHONPATH=/home/filo/bumperbot_ws/build/bumperbot_py_examples/prefix_override:/home/filo/bumperbot_ws/install/bumperbot_py_examples/lib/python3.10/site-packages:${PYTHONPATH} /usr/bin/python3 -W ignore:setup.py install is deprecated setup.py egg_info --egg-base ../../build/bumperbot_py_examples build --build-base /home/filo/bumperbot_ws/build/bumperbot_py_examples/build install --record /home/filo/bumperbot_ws/build/bumperbot_py_examples/install.log --single-version-externally-managed install_data
[6.447s] Level 1:colcon.colcon_core.environment:checking '/home/filo/bumperbot_ws/install/bumperbot_py_examples' for CMake module files
[6.448s] DEBUG:colcon.colcon_core.event_handler.log_command:Invoked command in '/home/filo/bumperbot_ws/src/bumperbot_py_examples' returned '0': PYTHONPATH=/home/filo/bumperbot_ws/build/bumperbot_py_examples/prefix_override:/home/filo/bumperbot_ws/install/bumperbot_py_examples/lib/python3.10/site-packages:${PYTHONPATH} /usr/bin/python3 -W ignore:setup.py install is deprecated setup.py egg_info --egg-base ../../build/bumperbot_py_examples build --build-base /home/filo/bumperbot_ws/build/bumperbot_py_examples/build install --record /home/filo/bumperbot_ws/build/bumperbot_py_examples/install.log --single-version-externally-managed install_data
[6.448s] Level 1:colcon.colcon_core.environment:checking '/home/filo/bumperbot_ws/install/bumperbot_py_examples' for CMake config files
[6.449s] Level 1:colcon.colcon_core.environment:checking '/home/filo/bumperbot_ws/install/bumperbot_py_examples/lib'
[6.449s] Level 1:colcon.colcon_core.environment:checking '/home/filo/bumperbot_ws/install/bumperbot_py_examples/bin'
[6.449s] Level 1:colcon.colcon_core.environment:checking '/home/filo/bumperbot_ws/install/bumperbot_py_examples/lib/pkgconfig/bumperbot_py_examples.pc'
[6.449s] Level 1:colcon.colcon_core.environment:checking '/home/filo/bumperbot_ws/install/bumperbot_py_examples/lib/python3.10/site-packages'
[6.450s] Level 1:colcon.colcon_core.shell:create_environment_hook('bumperbot_py_examples', 'pythonpath')
[6.450s] INFO:colcon.colcon_core.shell:Creating environment hook '/home/filo/bumperbot_ws/install/bumperbot_py_examples/share/bumperbot_py_examples/hook/pythonpath.ps1'
[6.450s] INFO:colcon.colcon_core.shell:Creating environment descriptor '/home/filo/bumperbot_ws/install/bumperbot_py_examples/share/bumperbot_py_examples/hook/pythonpath.dsv'
[6.450s] INFO:colcon.colcon_core.shell:Creating environment hook '/home/filo/bumperbot_ws/install/bumperbot_py_examples/share/bumperbot_py_examples/hook/pythonpath.sh'
[6.451s] Level 1:colcon.colcon_core.environment:checking '/home/filo/bumperbot_ws/install/bumperbot_py_examples/bin'
[6.451s] Level 1:colcon.colcon_core.environment:create_environment_scripts_only(bumperbot_py_examples)
[6.451s] INFO:colcon.colcon_core.shell:Creating package script '/home/filo/bumperbot_ws/install/bumperbot_py_examples/share/bumperbot_py_examples/package.ps1'
[6.452s] INFO:colcon.colcon_core.shell:Creating package descriptor '/home/filo/bumperbot_ws/install/bumperbot_py_examples/share/bumperbot_py_examples/package.dsv'
[6.452s] INFO:colcon.colcon_core.shell:Creating package script '/home/filo/bumperbot_ws/install/bumperbot_py_examples/share/bumperbot_py_examples/package.sh'
[6.452s] INFO:colcon.colcon_core.shell:Creating package script '/home/filo/bumperbot_ws/install/bumperbot_py_examples/share/bumperbot_py_examples/package.bash'
[6.453s] INFO:colcon.colcon_core.shell:Creating package script '/home/filo/bumperbot_ws/install/bumperbot_py_examples/share/bumperbot_py_examples/package.zsh'
[6.453s] Level 1:colcon.colcon_core.environment:create_file_with_runtime_dependencies(/home/filo/bumperbot_ws/install/bumperbot_py_examples/share/colcon-core/packages/bumperbot_py_examples)
[7.202s] DEBUG:colcon.colcon_core.event_handler.log_command:Invoked command in '/home/filo/bumperbot_ws/build/bumperbot_msgs' returned '0': CMAKE_PREFIX_PATH=${CMAKE_PREFIX_PATH}:/home/filo/bumperbot_ws/install/bumperbot_py_examples:/opt/ros/humble /usr/bin/cmake /home/filo/bumperbot_ws/src/bumperbot_msgs -DCMAKE_INSTALL_PREFIX=/home/filo/bumperbot_ws/install/bumperbot_msgs
[7.205s] DEBUG:colcon.colcon_core.event_handler.log_command:Invoking command in '/home/filo/bumperbot_ws/build/bumperbot_msgs': CMAKE_PREFIX_PATH=${CMAKE_PREFIX_PATH}:/home/filo/bumperbot_ws/install/bumperbot_py_examples:/opt/ros/humble /usr/bin/cmake --build /home/filo/bumperbot_ws/build/bumperbot_msgs -- -j8 -l8
[7.267s] DEBUG:colcon.colcon_core.event_handler.log_command:Invoked command in '/home/filo/bumperbot_ws/build/bumperbot_msgs' returned '0': CMAKE_PREFIX_PATH=${CMAKE_PREFIX_PATH}:/home/filo/bumperbot_ws/install/bumperbot_py_examples:/opt/ros/humble /usr/bin/cmake --build /home/filo/bumperbot_ws/build/bumperbot_msgs -- -j8 -l8
[7.300s] DEBUG:colcon.colcon_core.event_handler.log_command:Invoking command in '/home/filo/bumperbot_ws/build/bumperbot_msgs': CMAKE_PREFIX_PATH=${CMAKE_PREFIX_PATH}:/home/filo/bumperbot_ws/install/bumperbot_py_examples:/opt/ros/humble /usr/bin/cmake --install /home/filo/bumperbot_ws/build/bumperbot_msgs
[7.318s] Level 1:colcon.colcon_core.environment:create_environment_scripts_only(bumperbot_msgs)
[7.318s] Level 1:colcon.colcon_core.environment:checking '/home/filo/bumperbot_ws/install/bumperbot_msgs' for CMake module files
[7.320s] DEBUG:colcon.colcon_core.event_handler.log_command:Invoked command in '/home/filo/bumperbot_ws/build/bumperbot_msgs' returned '0': CMAKE_PREFIX_PATH=${CMAKE_PREFIX_PATH}:/home/filo/bumperbot_ws/install/bumperbot_py_examples:/opt/ros/humble /usr/bin/cmake --install /home/filo/bumperbot_ws/build/bumperbot_msgs
[7.320s] Level 1:colcon.colcon_core.environment:checking '/home/filo/bumperbot_ws/install/bumperbot_msgs' for CMake config files
[7.321s] Level 1:colcon.colcon_core.shell:create_environment_hook('bumperbot_msgs', 'cmake_prefix_path')
[7.321s] INFO:colcon.colcon_core.shell:Creating environment hook '/home/filo/bumperbot_ws/install/bumperbot_msgs/share/bumperbot_msgs/hook/cmake_prefix_path.ps1'
[7.322s] INFO:colcon.colcon_core.shell:Creating environment descriptor '/home/filo/bumperbot_ws/install/bumperbot_msgs/share/bumperbot_msgs/hook/cmake_prefix_path.dsv'
[7.323s] INFO:colcon.colcon_core.shell:Creating environment hook '/home/filo/bumperbot_ws/install/bumperbot_msgs/share/bumperbot_msgs/hook/cmake_prefix_path.sh'
[7.324s] Level 1:colcon.colcon_core.environment:checking '/home/filo/bumperbot_ws/install/bumperbot_msgs/bin'
[7.324s] Level 1:colcon.colcon_core.environment:checking '/home/filo/bumperbot_ws/install/bumperbot_msgs/lib/pkgconfig/bumperbot_msgs.pc'
[7.325s] Level 1:colcon.colcon_core.environment:checking '/home/filo/bumperbot_ws/install/bumperbot_msgs/lib/python3.10/site-packages'
[7.325s] Level 1:colcon.colcon_core.environment:checking '/home/filo/bumperbot_ws/install/bumperbot_msgs/bin'
[7.326s] INFO:colcon.colcon_core.shell:Creating package script '/home/filo/bumperbot_ws/install/bumperbot_msgs/share/bumperbot_msgs/package.ps1'
[7.327s] INFO:colcon.colcon_core.shell:Creating package descriptor '/home/filo/bumperbot_ws/install/bumperbot_msgs/share/bumperbot_msgs/package.dsv'
[7.328s] INFO:colcon.colcon_core.shell:Creating package script '/home/filo/bumperbot_ws/install/bumperbot_msgs/share/bumperbot_msgs/package.sh'
[7.328s] INFO:colcon.colcon_core.shell:Creating package script '/home/filo/bumperbot_ws/install/bumperbot_msgs/share/bumperbot_msgs/package.bash'
[7.329s] INFO:colcon.colcon_core.shell:Creating package script '/home/filo/bumperbot_ws/install/bumperbot_msgs/share/bumperbot_msgs/package.zsh'
[7.330s] Level 1:colcon.colcon_core.environment:create_file_with_runtime_dependencies(/home/filo/bumperbot_ws/install/bumperbot_msgs/share/colcon-core/packages/bumperbot_msgs)
[7.354s] Level 1:colcon.colcon_core.environment:create_environment_scripts_only(bumperbot_msgs)
[7.355s] Level 1:colcon.colcon_core.environment:checking '/home/filo/bumperbot_ws/install/bumperbot_msgs' for CMake module files
[7.355s] Level 1:colcon.colcon_core.environment:checking '/home/filo/bumperbot_ws/install/bumperbot_msgs' for CMake config files
[7.355s] Level 1:colcon.colcon_core.shell:create_environment_hook('bumperbot_msgs', 'cmake_prefix_path')
[7.355s] INFO:colcon.colcon_core.shell:Creating environment hook '/home/filo/bumperbot_ws/install/bumperbot_msgs/share/bumperbot_msgs/hook/cmake_prefix_path.ps1'
[7.356s] INFO:colcon.colcon_core.shell:Creating environment descriptor '/home/filo/bumperbot_ws/install/bumperbot_msgs/share/bumperbot_msgs/hook/cmake_prefix_path.dsv'
[7.356s] INFO:colcon.colcon_core.shell:Creating environment hook '/home/filo/bumperbot_ws/install/bumperbot_msgs/share/bumperbot_msgs/hook/cmake_prefix_path.sh'
[7.357s] Level 1:colcon.colcon_core.environment:checking '/home/filo/bumperbot_ws/install/bumperbot_msgs/bin'
[7.357s] Level 1:colcon.colcon_core.environment:checking '/home/filo/bumperbot_ws/install/bumperbot_msgs/lib/pkgconfig/bumperbot_msgs.pc'
[7.357s] Level 1:colcon.colcon_core.environment:checking '/home/filo/bumperbot_ws/install/bumperbot_msgs/lib/python3.10/site-packages'
[7.357s] Level 1:colcon.colcon_core.environment:checking '/home/filo/bumperbot_ws/install/bumperbot_msgs/bin'
[7.358s] INFO:colcon.colcon_core.shell:Creating package script '/home/filo/bumperbot_ws/install/bumperbot_msgs/share/bumperbot_msgs/package.ps1'
[7.358s] INFO:colcon.colcon_core.shell:Creating package descriptor '/home/filo/bumperbot_ws/install/bumperbot_msgs/share/bumperbot_msgs/package.dsv'
[7.359s] INFO:colcon.colcon_core.shell:Creating package script '/home/filo/bumperbot_ws/install/bumperbot_msgs/share/bumperbot_msgs/package.sh'
[7.359s] INFO:colcon.colcon_core.shell:Creating package script '/home/filo/bumperbot_ws/install/bumperbot_msgs/share/bumperbot_msgs/package.bash'
[7.359s] INFO:colcon.colcon_core.shell:Creating package script '/home/filo/bumperbot_ws/install/bumperbot_msgs/share/bumperbot_msgs/package.zsh'
[7.360s] Level 1:colcon.colcon_core.environment:create_file_with_runtime_dependencies(/home/filo/bumperbot_ws/install/bumperbot_msgs/share/colcon-core/packages/bumperbot_msgs)
[7.360s] DEBUG:colcon.colcon_parallel_executor.executor.parallel:closing loop
[7.360s] DEBUG:colcon.colcon_parallel_executor.executor.parallel:loop closed
[7.360s] DEBUG:colcon.colcon_parallel_executor.executor.parallel:run_until_complete finished with '0'
[7.361s] DEBUG:colcon.colcon_core.event_reactor:joining thread
[7.407s] INFO:colcon.colcon_core.plugin_system:Skipping extension 'colcon_notification.desktop_notification.terminal_notifier': Not used on non-Darwin systems
[7.407s] INFO:colcon.colcon_core.plugin_system:Skipping extension 'colcon_notification.desktop_notification.win32': Not used on non-Windows systems
[7.408s] INFO:colcon.colcon_notification.desktop_notification:Sending desktop notification using 'notify2'
[7.458s] DEBUG:colcon.colcon_core.event_reactor:joined thread
[7.459s] INFO:colcon.colcon_core.shell:Creating prefix script '/home/filo/bumperbot_ws/install/local_setup.ps1'
[7.476s] INFO:colcon.colcon_core.shell:Creating prefix util module '/home/filo/bumperbot_ws/install/_local_setup_util_ps1.py'
[7.484s] INFO:colcon.colcon_core.shell:Creating prefix chain script '/home/filo/bumperbot_ws/install/setup.ps1'
[7.486s] INFO:colcon.colcon_core.shell:Creating prefix script '/home/filo/bumperbot_ws/install/local_setup.sh'
[7.494s] INFO:colcon.colcon_core.shell:Creating prefix util module '/home/filo/bumperbot_ws/install/_local_setup_util_sh.py'
[7.495s] INFO:colcon.colcon_core.shell:Creating prefix chain script '/home/filo/bumperbot_ws/install/setup.sh'
[7.496s] INFO:colcon.colcon_core.shell:Creating prefix script '/home/filo/bumperbot_ws/install/local_setup.bash'
[7.509s] INFO:colcon.colcon_core.shell:Creating prefix chain script '/home/filo/bumperbot_ws/install/setup.bash'
[7.510s] INFO:colcon.colcon_core.shell:Creating prefix script '/home/filo/bumperbot_ws/install/local_setup.zsh'
[7.526s] INFO:colcon.colcon_core.shell:Creating prefix chain script '/home/filo/bumperbot_ws/install/setup.zsh'
