[0.605s] DEBUG:colcon:Command line arguments: ['/home/filo/.local/bin/colcon', 'build']
[0.605s] DEBUG:colcon:Parsed command line arguments: Namespace(log_base=None, log_level=None, verb_name='build', build_base='build', install_base='install', merge_install=False, symlink_install=False, test_result_base=None, continue_on_error=False, executor='parallel', parallel_workers=8, event_handlers=None, ignore_user_meta=False, metas=['./colcon.meta'], base_paths=['.'], packages_ignore=None, packages_ignore_regex=None, paths=None, packages_up_to=None, packages_up_to_regex=None, packages_above=None, packages_above_and_dependencies=None, packages_above_depth=None, packages_select_by_dep=None, packages_skip_by_dep=None, packages_skip_up_to=None, packages_select_build_failed=False, packages_skip_build_finished=False, packages_select_test_failures=False, packages_skip_test_passed=False, packages_select=None, packages_skip=None, packages_select_regex=None, packages_skip_regex=None, packages_start=None, packages_end=None, allow_overriding=[], cmake_args=None, cmake_target=None, cmake_target_skip_unavailable=False, cmake_clean_cache=False, cmake_clean_first=False, cmake_force_configure=False, ament_cmake_args=None, catkin_cmake_args=None, catkin_skip_building_tests=False, verb_parser=<colcon_defaults.argument_parser.defaults.DefaultArgumentsDecorator object at 0x77eb736dbc10>, verb_extension=<colcon_core.verb.build.BuildVerb object at 0x77eb73628850>, main=<bound method BuildVerb.main of <colcon_core.verb.build.BuildVerb object at 0x77eb73628850>>)
[2.738s] Level 1:colcon.colcon_core.package_discovery:discover_packages(colcon_meta) check parameters
[2.738s] Level 1:colcon.colcon_core.package_discovery:discover_packages(recursive) check parameters
[2.738s] Level 1:colcon.colcon_core.package_discovery:discover_packages(ignore) check parameters
[2.738s] Level 1:colcon.colcon_core.package_discovery:discover_packages(path) check parameters
[2.738s] Level 1:colcon.colcon_core.package_discovery:discover_packages(colcon_meta) discover
[2.738s] Level 1:colcon.colcon_core.package_discovery:discover_packages(recursive) discover
[2.739s] INFO:colcon.colcon_core.package_discovery:Crawling recursively for packages in '/home/filo/bumperbot_ws'
[2.739s] Level 1:colcon.colcon_core.package_identification:_identify(.) by extensions ['ignore', 'ignore_ament_install']
[2.739s] Level 1:colcon.colcon_core.package_identification:_identify(.) by extension 'ignore'
[2.739s] Level 1:colcon.colcon_core.package_identification:_identify(.) by extension 'ignore_ament_install'
[2.739s] Level 1:colcon.colcon_core.package_identification:_identify(.) by extensions ['colcon_pkg']
[2.740s] Level 1:colcon.colcon_core.package_identification:_identify(.) by extension 'colcon_pkg'
[2.740s] Level 1:colcon.colcon_core.package_identification:_identify(.) by extensions ['colcon_meta']
[2.740s] Level 1:colcon.colcon_core.package_identification:_identify(.) by extension 'colcon_meta'
[2.740s] Level 1:colcon.colcon_core.package_identification:_identify(.) by extensions ['ros']
[2.740s] Level 1:colcon.colcon_core.package_identification:_identify(.) by extension 'ros'
[2.761s] Level 1:colcon.colcon_core.package_identification:_identify(.) by extensions ['cmake', 'python']
[2.761s] Level 1:colcon.colcon_core.package_identification:_identify(.) by extension 'cmake'
[2.761s] Level 1:colcon.colcon_core.package_identification:_identify(.) by extension 'python'
[2.761s] Level 1:colcon.colcon_core.package_identification:_identify(.) by extensions ['python_setup_py']
[2.762s] Level 1:colcon.colcon_core.package_identification:_identify(.) by extension 'python_setup_py'
[2.762s] Level 1:colcon.colcon_core.package_identification:_identify(build) by extensions ['ignore', 'ignore_ament_install']
[2.762s] Level 1:colcon.colcon_core.package_identification:_identify(build) by extension 'ignore'
[2.762s] Level 1:colcon.colcon_core.package_identification:_identify(build) ignored
[2.763s] Level 1:colcon.colcon_core.package_identification:_identify(install) by extensions ['ignore', 'ignore_ament_install']
[2.763s] Level 1:colcon.colcon_core.package_identification:_identify(install) by extension 'ignore'
[2.763s] Level 1:colcon.colcon_core.package_identification:_identify(install) ignored
[2.763s] Level 1:colcon.colcon_core.package_identification:_identify(log) by extensions ['ignore', 'ignore_ament_install']
[2.764s] Level 1:colcon.colcon_core.package_identification:_identify(log) by extension 'ignore'
[2.764s] Level 1:colcon.colcon_core.package_identification:_identify(log) ignored
[2.764s] Level 1:colcon.colcon_core.package_identification:_identify(src) by extensions ['ignore', 'ignore_ament_install']
[2.764s] Level 1:colcon.colcon_core.package_identification:_identify(src) by extension 'ignore'
[2.765s] Level 1:colcon.colcon_core.package_identification:_identify(src) by extension 'ignore_ament_install'
[2.765s] Level 1:colcon.colcon_core.package_identification:_identify(src) by extensions ['colcon_pkg']
[2.765s] Level 1:colcon.colcon_core.package_identification:_identify(src) by extension 'colcon_pkg'
[2.765s] Level 1:colcon.colcon_core.package_identification:_identify(src) by extensions ['colcon_meta']
[2.765s] Level 1:colcon.colcon_core.package_identification:_identify(src) by extension 'colcon_meta'
[2.765s] Level 1:colcon.colcon_core.package_identification:_identify(src) by extensions ['ros']
[2.765s] Level 1:colcon.colcon_core.package_identification:_identify(src) by extension 'ros'
[2.765s] Level 1:colcon.colcon_core.package_identification:_identify(src) by extensions ['cmake', 'python']
[2.766s] Level 1:colcon.colcon_core.package_identification:_identify(src) by extension 'cmake'
[2.766s] Level 1:colcon.colcon_core.package_identification:_identify(src) by extension 'python'
[2.766s] Level 1:colcon.colcon_core.package_identification:_identify(src) by extensions ['python_setup_py']
[2.766s] Level 1:colcon.colcon_core.package_identification:_identify(src) by extension 'python_setup_py'
[2.766s] Level 1:colcon.colcon_core.package_identification:_identify(src/bumperbot_controller) by extensions ['ignore', 'ignore_ament_install']
[2.766s] Level 1:colcon.colcon_core.package_identification:_identify(src/bumperbot_controller) by extension 'ignore'
[2.767s] Level 1:colcon.colcon_core.package_identification:_identify(src/bumperbot_controller) by extension 'ignore_ament_install'
[2.767s] Level 1:colcon.colcon_core.package_identification:_identify(src/bumperbot_controller) by extensions ['colcon_pkg']
[2.767s] Level 1:colcon.colcon_core.package_identification:_identify(src/bumperbot_controller) by extension 'colcon_pkg'
[2.767s] Level 1:colcon.colcon_core.package_identification:_identify(src/bumperbot_controller) by extensions ['colcon_meta']
[2.767s] Level 1:colcon.colcon_core.package_identification:_identify(src/bumperbot_controller) by extension 'colcon_meta'
[2.767s] Level 1:colcon.colcon_core.package_identification:_identify(src/bumperbot_controller) by extensions ['ros']
[2.767s] Level 1:colcon.colcon_core.package_identification:_identify(src/bumperbot_controller) by extension 'ros'
[2.773s] DEBUG:colcon.colcon_core.package_identification:Package 'src/bumperbot_controller' with type 'ros.ament_cmake' and name 'bumperbot_controller'
[2.773s] Level 1:colcon.colcon_core.package_identification:_identify(src/bumperbot_cpp_examples) by extensions ['ignore', 'ignore_ament_install']
[2.773s] Level 1:colcon.colcon_core.package_identification:_identify(src/bumperbot_cpp_examples) by extension 'ignore'
[2.773s] Level 1:colcon.colcon_core.package_identification:_identify(src/bumperbot_cpp_examples) by extension 'ignore_ament_install'
[2.773s] Level 1:colcon.colcon_core.package_identification:_identify(src/bumperbot_cpp_examples) by extensions ['colcon_pkg']
[2.774s] Level 1:colcon.colcon_core.package_identification:_identify(src/bumperbot_cpp_examples) by extension 'colcon_pkg'
[2.774s] Level 1:colcon.colcon_core.package_identification:_identify(src/bumperbot_cpp_examples) by extensions ['colcon_meta']
[2.774s] Level 1:colcon.colcon_core.package_identification:_identify(src/bumperbot_cpp_examples) by extension 'colcon_meta'
[2.774s] Level 1:colcon.colcon_core.package_identification:_identify(src/bumperbot_cpp_examples) by extensions ['ros']
[2.774s] Level 1:colcon.colcon_core.package_identification:_identify(src/bumperbot_cpp_examples) by extension 'ros'
[2.775s] DEBUG:colcon.colcon_core.package_identification:Package 'src/bumperbot_cpp_examples' with type 'ros.ament_cmake' and name 'bumperbot_cpp_examples'
[2.775s] Level 1:colcon.colcon_core.package_identification:_identify(src/bumperbot_description) by extensions ['ignore', 'ignore_ament_install']
[2.775s] Level 1:colcon.colcon_core.package_identification:_identify(src/bumperbot_description) by extension 'ignore'
[2.776s] Level 1:colcon.colcon_core.package_identification:_identify(src/bumperbot_description) by extension 'ignore_ament_install'
[2.776s] Level 1:colcon.colcon_core.package_identification:_identify(src/bumperbot_description) by extensions ['colcon_pkg']
[2.776s] Level 1:colcon.colcon_core.package_identification:_identify(src/bumperbot_description) by extension 'colcon_pkg'
[2.776s] Level 1:colcon.colcon_core.package_identification:_identify(src/bumperbot_description) by extensions ['colcon_meta']
[2.776s] Level 1:colcon.colcon_core.package_identification:_identify(src/bumperbot_description) by extension 'colcon_meta'
[2.776s] Level 1:colcon.colcon_core.package_identification:_identify(src/bumperbot_description) by extensions ['ros']
[2.776s] Level 1:colcon.colcon_core.package_identification:_identify(src/bumperbot_description) by extension 'ros'
[2.777s] DEBUG:colcon.colcon_core.package_identification:Package 'src/bumperbot_description' with type 'ros.ament_cmake' and name 'bumperbot_description'
[2.778s] Level 1:colcon.colcon_core.package_identification:_identify(src/bumperbot_localization) by extensions ['ignore', 'ignore_ament_install']
[2.778s] Level 1:colcon.colcon_core.package_identification:_identify(src/bumperbot_localization) by extension 'ignore'
[2.778s] Level 1:colcon.colcon_core.package_identification:_identify(src/bumperbot_localization) by extension 'ignore_ament_install'
[2.778s] Level 1:colcon.colcon_core.package_identification:_identify(src/bumperbot_localization) by extensions ['colcon_pkg']
[2.778s] Level 1:colcon.colcon_core.package_identification:_identify(src/bumperbot_localization) by extension 'colcon_pkg'
[2.778s] Level 1:colcon.colcon_core.package_identification:_identify(src/bumperbot_localization) by extensions ['colcon_meta']
[2.778s] Level 1:colcon.colcon_core.package_identification:_identify(src/bumperbot_localization) by extension 'colcon_meta'
[2.779s] Level 1:colcon.colcon_core.package_identification:_identify(src/bumperbot_localization) by extensions ['ros']
[2.779s] Level 1:colcon.colcon_core.package_identification:_identify(src/bumperbot_localization) by extension 'ros'
[2.780s] DEBUG:colcon.colcon_core.package_identification:Package 'src/bumperbot_localization' with type 'ros.ament_cmake' and name 'bumperbot_localization'
[2.780s] Level 1:colcon.colcon_core.package_identification:_identify(src/bumperbot_msgs) by extensions ['ignore', 'ignore_ament_install']
[2.781s] Level 1:colcon.colcon_core.package_identification:_identify(src/bumperbot_msgs) by extension 'ignore'
[2.781s] Level 1:colcon.colcon_core.package_identification:_identify(src/bumperbot_msgs) by extension 'ignore_ament_install'
[2.781s] Level 1:colcon.colcon_core.package_identification:_identify(src/bumperbot_msgs) by extensions ['colcon_pkg']
[2.781s] Level 1:colcon.colcon_core.package_identification:_identify(src/bumperbot_msgs) by extension 'colcon_pkg'
[2.781s] Level 1:colcon.colcon_core.package_identification:_identify(src/bumperbot_msgs) by extensions ['colcon_meta']
[2.781s] Level 1:colcon.colcon_core.package_identification:_identify(src/bumperbot_msgs) by extension 'colcon_meta'
[2.781s] Level 1:colcon.colcon_core.package_identification:_identify(src/bumperbot_msgs) by extensions ['ros']
[2.781s] Level 1:colcon.colcon_core.package_identification:_identify(src/bumperbot_msgs) by extension 'ros'
[2.783s] DEBUG:colcon.colcon_core.package_identification:Package 'src/bumperbot_msgs' with type 'ros.ament_cmake' and name 'bumperbot_msgs'
[2.783s] Level 1:colcon.colcon_core.package_identification:_identify(src/bumperbot_py_examples) by extensions ['ignore', 'ignore_ament_install']
[2.783s] Level 1:colcon.colcon_core.package_identification:_identify(src/bumperbot_py_examples) by extension 'ignore'
[2.783s] Level 1:colcon.colcon_core.package_identification:_identify(src/bumperbot_py_examples) by extension 'ignore_ament_install'
[2.784s] Level 1:colcon.colcon_core.package_identification:_identify(src/bumperbot_py_examples) by extensions ['colcon_pkg']
[2.784s] Level 1:colcon.colcon_core.package_identification:_identify(src/bumperbot_py_examples) by extension 'colcon_pkg'
[2.784s] Level 1:colcon.colcon_core.package_identification:_identify(src/bumperbot_py_examples) by extensions ['colcon_meta']
[2.784s] Level 1:colcon.colcon_core.package_identification:_identify(src/bumperbot_py_examples) by extension 'colcon_meta'
[2.784s] Level 1:colcon.colcon_core.package_identification:_identify(src/bumperbot_py_examples) by extensions ['ros']
[2.784s] Level 1:colcon.colcon_core.package_identification:_identify(src/bumperbot_py_examples) by extension 'ros'
[2.785s] DEBUG:colcon.colcon_core.package_identification:Package 'src/bumperbot_py_examples' with type 'ros.ament_python' and name 'bumperbot_py_examples'
[2.785s] Level 1:colcon.colcon_core.package_discovery:discover_packages(recursive) using defaults
[2.785s] Level 1:colcon.colcon_core.package_discovery:discover_packages(ignore) discover
[2.786s] Level 1:colcon.colcon_core.package_discovery:discover_packages(ignore) using defaults
[2.786s] Level 1:colcon.colcon_core.package_discovery:discover_packages(path) discover
[2.786s] Level 1:colcon.colcon_core.package_discovery:discover_packages(path) using defaults
[2.927s] Level 1:colcon.colcon_core.package_discovery:discover_packages(prefix_path) check parameters
[2.928s] Level 1:colcon.colcon_core.package_discovery:discover_packages(prefix_path) discover
[2.938s] DEBUG:colcon.colcon_installed_package_information.package_discovery:Found 7 installed packages in /home/filo/bumperbot_ws/install
[2.944s] DEBUG:colcon.colcon_installed_package_information.package_discovery:Found 329 installed packages in /opt/ros/humble
[2.951s] Level 1:colcon.colcon_core.package_discovery:discover_packages(prefix_path) using defaults
[3.126s] Level 5:colcon.colcon_core.verb:set package 'bumperbot_controller' build argument 'cmake_args' from command line to 'None'
[3.126s] Level 5:colcon.colcon_core.verb:set package 'bumperbot_controller' build argument 'cmake_target' from command line to 'None'
[3.126s] Level 5:colcon.colcon_core.verb:set package 'bumperbot_controller' build argument 'cmake_target_skip_unavailable' from command line to 'False'
[3.126s] Level 5:colcon.colcon_core.verb:set package 'bumperbot_controller' build argument 'cmake_clean_cache' from command line to 'False'
[3.126s] Level 5:colcon.colcon_core.verb:set package 'bumperbot_controller' build argument 'cmake_clean_first' from command line to 'False'
[3.126s] Level 5:colcon.colcon_core.verb:set package 'bumperbot_controller' build argument 'cmake_force_configure' from command line to 'False'
[3.126s] Level 5:colcon.colcon_core.verb:set package 'bumperbot_controller' build argument 'ament_cmake_args' from command line to 'None'
[3.126s] Level 5:colcon.colcon_core.verb:set package 'bumperbot_controller' build argument 'catkin_cmake_args' from command line to 'None'
[3.126s] Level 5:colcon.colcon_core.verb:set package 'bumperbot_controller' build argument 'catkin_skip_building_tests' from command line to 'False'
[3.126s] DEBUG:colcon.colcon_core.verb:Building package 'bumperbot_controller' with the following arguments: {'ament_cmake_args': None, 'build_base': '/home/filo/bumperbot_ws/build/bumperbot_controller', 'catkin_cmake_args': None, 'catkin_skip_building_tests': False, 'cmake_args': None, 'cmake_clean_cache': False, 'cmake_clean_first': False, 'cmake_force_configure': False, 'cmake_target': None, 'cmake_target_skip_unavailable': False, 'install_base': '/home/filo/bumperbot_ws/install/bumperbot_controller', 'merge_install': False, 'path': '/home/filo/bumperbot_ws/src/bumperbot_controller', 'symlink_install': False, 'test_result_base': None}
[3.127s] Level 5:colcon.colcon_core.verb:set package 'bumperbot_cpp_examples' build argument 'cmake_args' from command line to 'None'
[3.127s] Level 5:colcon.colcon_core.verb:set package 'bumperbot_cpp_examples' build argument 'cmake_target' from command line to 'None'
[3.127s] Level 5:colcon.colcon_core.verb:set package 'bumperbot_cpp_examples' build argument 'cmake_target_skip_unavailable' from command line to 'False'
[3.128s] Level 5:colcon.colcon_core.verb:set package 'bumperbot_cpp_examples' build argument 'cmake_clean_cache' from command line to 'False'
[3.128s] Level 5:colcon.colcon_core.verb:set package 'bumperbot_cpp_examples' build argument 'cmake_clean_first' from command line to 'False'
[3.128s] Level 5:colcon.colcon_core.verb:set package 'bumperbot_cpp_examples' build argument 'cmake_force_configure' from command line to 'False'
[3.128s] Level 5:colcon.colcon_core.verb:set package 'bumperbot_cpp_examples' build argument 'ament_cmake_args' from command line to 'None'
[3.128s] Level 5:colcon.colcon_core.verb:set package 'bumperbot_cpp_examples' build argument 'catkin_cmake_args' from command line to 'None'
[3.128s] Level 5:colcon.colcon_core.verb:set package 'bumperbot_cpp_examples' build argument 'catkin_skip_building_tests' from command line to 'False'
[3.128s] DEBUG:colcon.colcon_core.verb:Building package 'bumperbot_cpp_examples' with the following arguments: {'ament_cmake_args': None, 'build_base': '/home/filo/bumperbot_ws/build/bumperbot_cpp_examples', 'catkin_cmake_args': None, 'catkin_skip_building_tests': False, 'cmake_args': None, 'cmake_clean_cache': False, 'cmake_clean_first': False, 'cmake_force_configure': False, 'cmake_target': None, 'cmake_target_skip_unavailable': False, 'install_base': '/home/filo/bumperbot_ws/install/bumperbot_cpp_examples', 'merge_install': False, 'path': '/home/filo/bumperbot_ws/src/bumperbot_cpp_examples', 'symlink_install': False, 'test_result_base': None}
[3.129s] Level 5:colcon.colcon_core.verb:set package 'bumperbot_description' build argument 'cmake_args' from command line to 'None'
[3.129s] Level 5:colcon.colcon_core.verb:set package 'bumperbot_description' build argument 'cmake_target' from command line to 'None'
[3.129s] Level 5:colcon.colcon_core.verb:set package 'bumperbot_description' build argument 'cmake_target_skip_unavailable' from command line to 'False'
[3.129s] Level 5:colcon.colcon_core.verb:set package 'bumperbot_description' build argument 'cmake_clean_cache' from command line to 'False'
[3.129s] Level 5:colcon.colcon_core.verb:set package 'bumperbot_description' build argument 'cmake_clean_first' from command line to 'False'
[3.129s] Level 5:colcon.colcon_core.verb:set package 'bumperbot_description' build argument 'cmake_force_configure' from command line to 'False'
[3.129s] Level 5:colcon.colcon_core.verb:set package 'bumperbot_description' build argument 'ament_cmake_args' from command line to 'None'
[3.129s] Level 5:colcon.colcon_core.verb:set package 'bumperbot_description' build argument 'catkin_cmake_args' from command line to 'None'
[3.130s] Level 5:colcon.colcon_core.verb:set package 'bumperbot_description' build argument 'catkin_skip_building_tests' from command line to 'False'
[3.130s] DEBUG:colcon.colcon_core.verb:Building package 'bumperbot_description' with the following arguments: {'ament_cmake_args': None, 'build_base': '/home/filo/bumperbot_ws/build/bumperbot_description', 'catkin_cmake_args': None, 'catkin_skip_building_tests': False, 'cmake_args': None, 'cmake_clean_cache': False, 'cmake_clean_first': False, 'cmake_force_configure': False, 'cmake_target': None, 'cmake_target_skip_unavailable': False, 'install_base': '/home/filo/bumperbot_ws/install/bumperbot_description', 'merge_install': False, 'path': '/home/filo/bumperbot_ws/src/bumperbot_description', 'symlink_install': False, 'test_result_base': None}
[3.130s] Level 5:colcon.colcon_core.verb:set package 'bumperbot_localization' build argument 'cmake_args' from command line to 'None'
[3.131s] Level 5:colcon.colcon_core.verb:set package 'bumperbot_localization' build argument 'cmake_target' from command line to 'None'
[3.131s] Level 5:colcon.colcon_core.verb:set package 'bumperbot_localization' build argument 'cmake_target_skip_unavailable' from command line to 'False'
[3.131s] Level 5:colcon.colcon_core.verb:set package 'bumperbot_localization' build argument 'cmake_clean_cache' from command line to 'False'
[3.131s] Level 5:colcon.colcon_core.verb:set package 'bumperbot_localization' build argument 'cmake_clean_first' from command line to 'False'
[3.131s] Level 5:colcon.colcon_core.verb:set package 'bumperbot_localization' build argument 'cmake_force_configure' from command line to 'False'
[3.131s] Level 5:colcon.colcon_core.verb:set package 'bumperbot_localization' build argument 'ament_cmake_args' from command line to 'None'
[3.131s] Level 5:colcon.colcon_core.verb:set package 'bumperbot_localization' build argument 'catkin_cmake_args' from command line to 'None'
[3.131s] Level 5:colcon.colcon_core.verb:set package 'bumperbot_localization' build argument 'catkin_skip_building_tests' from command line to 'False'
[3.131s] DEBUG:colcon.colcon_core.verb:Building package 'bumperbot_localization' with the following arguments: {'ament_cmake_args': None, 'build_base': '/home/filo/bumperbot_ws/build/bumperbot_localization', 'catkin_cmake_args': None, 'catkin_skip_building_tests': False, 'cmake_args': None, 'cmake_clean_cache': False, 'cmake_clean_first': False, 'cmake_force_configure': False, 'cmake_target': None, 'cmake_target_skip_unavailable': False, 'install_base': '/home/filo/bumperbot_ws/install/bumperbot_localization', 'merge_install': False, 'path': '/home/filo/bumperbot_ws/src/bumperbot_localization', 'symlink_install': False, 'test_result_base': None}
[3.132s] Level 5:colcon.colcon_core.verb:set package 'bumperbot_msgs' build argument 'cmake_args' from command line to 'None'
[3.132s] Level 5:colcon.colcon_core.verb:set package 'bumperbot_msgs' build argument 'cmake_target' from command line to 'None'
[3.132s] Level 5:colcon.colcon_core.verb:set package 'bumperbot_msgs' build argument 'cmake_target_skip_unavailable' from command line to 'False'
[3.132s] Level 5:colcon.colcon_core.verb:set package 'bumperbot_msgs' build argument 'cmake_clean_cache' from command line to 'False'
[3.132s] Level 5:colcon.colcon_core.verb:set package 'bumperbot_msgs' build argument 'cmake_clean_first' from command line to 'False'
[3.132s] Level 5:colcon.colcon_core.verb:set package 'bumperbot_msgs' build argument 'cmake_force_configure' from command line to 'False'
[3.133s] Level 5:colcon.colcon_core.verb:set package 'bumperbot_msgs' build argument 'ament_cmake_args' from command line to 'None'
[3.133s] Level 5:colcon.colcon_core.verb:set package 'bumperbot_msgs' build argument 'catkin_cmake_args' from command line to 'None'
[3.133s] Level 5:colcon.colcon_core.verb:set package 'bumperbot_msgs' build argument 'catkin_skip_building_tests' from command line to 'False'
[3.133s] DEBUG:colcon.colcon_core.verb:Building package 'bumperbot_msgs' with the following arguments: {'ament_cmake_args': None, 'build_base': '/home/filo/bumperbot_ws/build/bumperbot_msgs', 'catkin_cmake_args': None, 'catkin_skip_building_tests': False, 'cmake_args': None, 'cmake_clean_cache': False, 'cmake_clean_first': False, 'cmake_force_configure': False, 'cmake_target': None, 'cmake_target_skip_unavailable': False, 'install_base': '/home/filo/bumperbot_ws/install/bumperbot_msgs', 'merge_install': False, 'path': '/home/filo/bumperbot_ws/src/bumperbot_msgs', 'symlink_install': False, 'test_result_base': None}
[3.134s] Level 5:colcon.colcon_core.verb:set package 'bumperbot_py_examples' build argument 'cmake_args' from command line to 'None'
[3.134s] Level 5:colcon.colcon_core.verb:set package 'bumperbot_py_examples' build argument 'cmake_target' from command line to 'None'
[3.134s] Level 5:colcon.colcon_core.verb:set package 'bumperbot_py_examples' build argument 'cmake_target_skip_unavailable' from command line to 'False'
[3.134s] Level 5:colcon.colcon_core.verb:set package 'bumperbot_py_examples' build argument 'cmake_clean_cache' from command line to 'False'
[3.134s] Level 5:colcon.colcon_core.verb:set package 'bumperbot_py_examples' build argument 'cmake_clean_first' from command line to 'False'
[3.134s] Level 5:colcon.colcon_core.verb:set package 'bumperbot_py_examples' build argument 'cmake_force_configure' from command line to 'False'
[3.134s] Level 5:colcon.colcon_core.verb:set package 'bumperbot_py_examples' build argument 'ament_cmake_args' from command line to 'None'
[3.134s] Level 5:colcon.colcon_core.verb:set package 'bumperbot_py_examples' build argument 'catkin_cmake_args' from command line to 'None'
[3.134s] Level 5:colcon.colcon_core.verb:set package 'bumperbot_py_examples' build argument 'catkin_skip_building_tests' from command line to 'False'
[3.134s] DEBUG:colcon.colcon_core.verb:Building package 'bumperbot_py_examples' with the following arguments: {'ament_cmake_args': None, 'build_base': '/home/filo/bumperbot_ws/build/bumperbot_py_examples', 'catkin_cmake_args': None, 'catkin_skip_building_tests': False, 'cmake_args': None, 'cmake_clean_cache': False, 'cmake_clean_first': False, 'cmake_force_configure': False, 'cmake_target': None, 'cmake_target_skip_unavailable': False, 'install_base': '/home/filo/bumperbot_ws/install/bumperbot_py_examples', 'merge_install': False, 'path': '/home/filo/bumperbot_ws/src/bumperbot_py_examples', 'symlink_install': False, 'test_result_base': None}
[3.135s] INFO:colcon.colcon_core.executor:Executing jobs using 'parallel' executor
[3.136s] DEBUG:colcon.colcon_parallel_executor.executor.parallel:run_until_complete
[3.137s] INFO:colcon.colcon_ros.task.ament_cmake.build:Building ROS package in '/home/filo/bumperbot_ws/src/bumperbot_msgs' with build type 'ament_cmake'
[3.137s] INFO:colcon.colcon_cmake.task.cmake.build:Building CMake package in '/home/filo/bumperbot_ws/src/bumperbot_msgs'
[3.173s] INFO:colcon.colcon_core.plugin_system:Skipping extension 'colcon_core.shell.bat': Not used on non-Windows systems
[3.174s] INFO:colcon.colcon_core.shell:Skip shell extension 'powershell' for command environment: Not usable outside of PowerShell
[3.175s] DEBUG:colcon.colcon_core.shell:Skip shell extension 'dsv' for command environment
[3.199s] INFO:colcon.colcon_ros.task.ament_cmake.build:Building ROS package in '/home/filo/bumperbot_ws/src/bumperbot_controller' with build type 'ament_cmake'
[3.199s] INFO:colcon.colcon_cmake.task.cmake.build:Building CMake package in '/home/filo/bumperbot_ws/src/bumperbot_controller'
[3.200s] INFO:colcon.colcon_core.shell:Skip shell extension 'powershell' for command environment: Not usable outside of PowerShell
[3.200s] DEBUG:colcon.colcon_core.shell:Skip shell extension 'dsv' for command environment
[3.208s] INFO:colcon.colcon_ros.task.ament_cmake.build:Building ROS package in '/home/filo/bumperbot_ws/src/bumperbot_cpp_examples' with build type 'ament_cmake'
[3.209s] INFO:colcon.colcon_cmake.task.cmake.build:Building CMake package in '/home/filo/bumperbot_ws/src/bumperbot_cpp_examples'
[3.209s] INFO:colcon.colcon_core.shell:Skip shell extension 'powershell' for command environment: Not usable outside of PowerShell
[3.210s] DEBUG:colcon.colcon_core.shell:Skip shell extension 'dsv' for command environment
[3.221s] INFO:colcon.colcon_ros.task.ament_cmake.build:Building ROS package in '/home/filo/bumperbot_ws/src/bumperbot_description' with build type 'ament_cmake'
[3.221s] INFO:colcon.colcon_cmake.task.cmake.build:Building CMake package in '/home/filo/bumperbot_ws/src/bumperbot_description'
[3.222s] INFO:colcon.colcon_core.shell:Skip shell extension 'powershell' for command environment: Not usable outside of PowerShell
[3.222s] DEBUG:colcon.colcon_core.shell:Skip shell extension 'dsv' for command environment
[3.230s] INFO:colcon.colcon_ros.task.ament_cmake.build:Building ROS package in '/home/filo/bumperbot_ws/src/bumperbot_localization' with build type 'ament_cmake'
[3.230s] INFO:colcon.colcon_cmake.task.cmake.build:Building CMake package in '/home/filo/bumperbot_ws/src/bumperbot_localization'
[3.231s] INFO:colcon.colcon_core.shell:Skip shell extension 'powershell' for command environment: Not usable outside of PowerShell
[3.231s] DEBUG:colcon.colcon_core.shell:Skip shell extension 'dsv' for command environment
[3.316s] DEBUG:colcon.colcon_core.event_handler.log_command:Invoking command in '/home/filo/bumperbot_ws/build/bumperbot_msgs': CMAKE_PREFIX_PATH=${CMAKE_PREFIX_PATH}:/home/filo/bumperbot_ws/install/bumperbot_py_examples:/opt/ros/humble /usr/bin/cmake --build /home/filo/bumperbot_ws/build/bumperbot_msgs -- -j8 -l8
[3.375s] DEBUG:colcon.colcon_core.event_handler.log_command:Invoking command in '/home/filo/bumperbot_ws/build/bumperbot_controller': CMAKE_PREFIX_PATH=${CMAKE_PREFIX_PATH}:/home/filo/bumperbot_ws/install/bumperbot_py_examples:/opt/ros/humble /usr/bin/cmake --build /home/filo/bumperbot_ws/build/bumperbot_controller -- -j8 -l8
[3.442s] DEBUG:colcon.colcon_core.event_handler.log_command:Invoking command in '/home/filo/bumperbot_ws/build/bumperbot_cpp_examples': CMAKE_PREFIX_PATH=${CMAKE_PREFIX_PATH}:/home/filo/bumperbot_ws/install/bumperbot_py_examples:/opt/ros/humble /usr/bin/cmake --build /home/filo/bumperbot_ws/build/bumperbot_cpp_examples -- -j8 -l8
[3.475s] DEBUG:colcon.colcon_core.event_handler.log_command:Invoking command in '/home/filo/bumperbot_ws/build/bumperbot_description': CMAKE_PREFIX_PATH=${CMAKE_PREFIX_PATH}:/home/filo/bumperbot_ws/install/bumperbot_py_examples:/opt/ros/humble /usr/bin/cmake --build /home/filo/bumperbot_ws/build/bumperbot_description -- -j8 -l8
[3.503s] DEBUG:colcon.colcon_core.event_handler.log_command:Invoking command in '/home/filo/bumperbot_ws/build/bumperbot_localization': CMAKE_PREFIX_PATH=${CMAKE_PREFIX_PATH}:/home/filo/bumperbot_ws/install/bumperbot_py_examples:/opt/ros/humble /usr/bin/cmake --build /home/filo/bumperbot_ws/build/bumperbot_localization -- -j8 -l8
[3.951s] DEBUG:colcon.colcon_core.event_handler.log_command:Invoked command in '/home/filo/bumperbot_ws/build/bumperbot_description' returned '0': CMAKE_PREFIX_PATH=${CMAKE_PREFIX_PATH}:/home/filo/bumperbot_ws/install/bumperbot_py_examples:/opt/ros/humble /usr/bin/cmake --build /home/filo/bumperbot_ws/build/bumperbot_description -- -j8 -l8
[3.953s] DEBUG:colcon.colcon_core.event_handler.log_command:Invoked command in '/home/filo/bumperbot_ws/build/bumperbot_cpp_examples' returned '0': CMAKE_PREFIX_PATH=${CMAKE_PREFIX_PATH}:/home/filo/bumperbot_ws/install/bumperbot_py_examples:/opt/ros/humble /usr/bin/cmake --build /home/filo/bumperbot_ws/build/bumperbot_cpp_examples -- -j8 -l8
[3.980s] DEBUG:colcon.colcon_core.event_handler.log_command:Invoking command in '/home/filo/bumperbot_ws/build/bumperbot_description': CMAKE_PREFIX_PATH=${CMAKE_PREFIX_PATH}:/home/filo/bumperbot_ws/install/bumperbot_py_examples:/opt/ros/humble /usr/bin/cmake --install /home/filo/bumperbot_ws/build/bumperbot_description
[3.982s] DEBUG:colcon.colcon_core.event_handler.log_command:Invoking command in '/home/filo/bumperbot_ws/build/bumperbot_cpp_examples': CMAKE_PREFIX_PATH=${CMAKE_PREFIX_PATH}:/home/filo/bumperbot_ws/install/bumperbot_py_examples:/opt/ros/humble /usr/bin/cmake --install /home/filo/bumperbot_ws/build/bumperbot_cpp_examples
[4.083s] Level 1:colcon.colcon_core.environment:create_environment_scripts_only(bumperbot_cpp_examples)
[4.084s] DEBUG:colcon.colcon_core.event_handler.log_command:Invoked command in '/home/filo/bumperbot_ws/build/bumperbot_cpp_examples' returned '0': CMAKE_PREFIX_PATH=${CMAKE_PREFIX_PATH}:/home/filo/bumperbot_ws/install/bumperbot_py_examples:/opt/ros/humble /usr/bin/cmake --install /home/filo/bumperbot_ws/build/bumperbot_cpp_examples
[4.270s] Level 1:colcon.colcon_core.environment:checking '/home/filo/bumperbot_ws/install/bumperbot_cpp_examples' for CMake module files
[4.272s] Level 1:colcon.colcon_core.environment:checking '/home/filo/bumperbot_ws/install/bumperbot_cpp_examples' for CMake config files
[4.273s] Level 1:colcon.colcon_core.shell:create_environment_hook('bumperbot_cpp_examples', 'cmake_prefix_path')
[4.274s] INFO:colcon.colcon_core.shell:Creating environment hook '/home/filo/bumperbot_ws/install/bumperbot_cpp_examples/share/bumperbot_cpp_examples/hook/cmake_prefix_path.ps1'
[4.282s] INFO:colcon.colcon_core.shell:Creating environment descriptor '/home/filo/bumperbot_ws/install/bumperbot_cpp_examples/share/bumperbot_cpp_examples/hook/cmake_prefix_path.dsv'
[4.288s] INFO:colcon.colcon_core.shell:Creating environment hook '/home/filo/bumperbot_ws/install/bumperbot_cpp_examples/share/bumperbot_cpp_examples/hook/cmake_prefix_path.sh'
[4.293s] Level 1:colcon.colcon_core.environment:checking '/home/filo/bumperbot_ws/install/bumperbot_cpp_examples/bin'
[4.293s] Level 1:colcon.colcon_core.environment:checking '/home/filo/bumperbot_ws/install/bumperbot_cpp_examples/lib/pkgconfig/bumperbot_cpp_examples.pc'
[4.294s] Level 1:colcon.colcon_core.environment:checking '/home/filo/bumperbot_ws/install/bumperbot_cpp_examples/lib/python3.10/site-packages'
[4.295s] Level 1:colcon.colcon_core.environment:checking '/home/filo/bumperbot_ws/install/bumperbot_cpp_examples/bin'
[4.297s] INFO:colcon.colcon_core.shell:Creating package script '/home/filo/bumperbot_ws/install/bumperbot_cpp_examples/share/bumperbot_cpp_examples/package.ps1'
[4.302s] INFO:colcon.colcon_core.shell:Creating package descriptor '/home/filo/bumperbot_ws/install/bumperbot_cpp_examples/share/bumperbot_cpp_examples/package.dsv'
[4.313s] INFO:colcon.colcon_core.shell:Creating package script '/home/filo/bumperbot_ws/install/bumperbot_cpp_examples/share/bumperbot_cpp_examples/package.sh'
[4.324s] INFO:colcon.colcon_core.shell:Creating package script '/home/filo/bumperbot_ws/install/bumperbot_cpp_examples/share/bumperbot_cpp_examples/package.bash'
[4.329s] INFO:colcon.colcon_core.shell:Creating package script '/home/filo/bumperbot_ws/install/bumperbot_cpp_examples/share/bumperbot_cpp_examples/package.zsh'
[4.422s] Level 1:colcon.colcon_core.environment:create_file_with_runtime_dependencies(/home/filo/bumperbot_ws/install/bumperbot_cpp_examples/share/colcon-core/packages/bumperbot_cpp_examples)
[4.424s] Level 1:colcon.colcon_core.environment:create_environment_scripts_only(bumperbot_description)
[4.425s] Level 1:colcon.colcon_core.environment:checking '/home/filo/bumperbot_ws/install/bumperbot_description' for CMake module files
[4.425s] DEBUG:colcon.colcon_core.event_handler.log_command:Invoked command in '/home/filo/bumperbot_ws/build/bumperbot_description' returned '0': CMAKE_PREFIX_PATH=${CMAKE_PREFIX_PATH}:/home/filo/bumperbot_ws/install/bumperbot_py_examples:/opt/ros/humble /usr/bin/cmake --install /home/filo/bumperbot_ws/build/bumperbot_description
[4.426s] Level 1:colcon.colcon_core.environment:checking '/home/filo/bumperbot_ws/install/bumperbot_description' for CMake config files
[4.426s] Level 1:colcon.colcon_core.shell:create_environment_hook('bumperbot_description', 'cmake_prefix_path')
[4.427s] INFO:colcon.colcon_core.shell:Creating environment hook '/home/filo/bumperbot_ws/install/bumperbot_description/share/bumperbot_description/hook/cmake_prefix_path.ps1'
[4.427s] INFO:colcon.colcon_core.shell:Creating environment descriptor '/home/filo/bumperbot_ws/install/bumperbot_description/share/bumperbot_description/hook/cmake_prefix_path.dsv'
[4.428s] INFO:colcon.colcon_core.shell:Creating environment hook '/home/filo/bumperbot_ws/install/bumperbot_description/share/bumperbot_description/hook/cmake_prefix_path.sh'
[4.429s] Level 1:colcon.colcon_core.environment:checking '/home/filo/bumperbot_ws/install/bumperbot_description/bin'
[4.429s] Level 1:colcon.colcon_core.environment:checking '/home/filo/bumperbot_ws/install/bumperbot_description/lib/pkgconfig/bumperbot_description.pc'
[4.429s] Level 1:colcon.colcon_core.environment:checking '/home/filo/bumperbot_ws/install/bumperbot_description/lib/python3.10/site-packages'
[4.430s] Level 1:colcon.colcon_core.environment:checking '/home/filo/bumperbot_ws/install/bumperbot_description/bin'
[4.430s] INFO:colcon.colcon_core.shell:Creating package script '/home/filo/bumperbot_ws/install/bumperbot_description/share/bumperbot_description/package.ps1'
[4.431s] INFO:colcon.colcon_core.shell:Creating package descriptor '/home/filo/bumperbot_ws/install/bumperbot_description/share/bumperbot_description/package.dsv'
[4.431s] INFO:colcon.colcon_core.shell:Creating package script '/home/filo/bumperbot_ws/install/bumperbot_description/share/bumperbot_description/package.sh'
[4.437s] INFO:colcon.colcon_core.shell:Creating package script '/home/filo/bumperbot_ws/install/bumperbot_description/share/bumperbot_description/package.bash'
[4.438s] INFO:colcon.colcon_core.shell:Creating package script '/home/filo/bumperbot_ws/install/bumperbot_description/share/bumperbot_description/package.zsh'
[4.438s] Level 1:colcon.colcon_core.environment:create_file_with_runtime_dependencies(/home/filo/bumperbot_ws/install/bumperbot_description/share/colcon-core/packages/bumperbot_description)
[4.441s] Level 1:colcon.colcon_core.environment:create_environment_scripts_only(bumperbot_cpp_examples)
[4.441s] Level 1:colcon.colcon_core.environment:checking '/home/filo/bumperbot_ws/install/bumperbot_cpp_examples' for CMake module files
[4.442s] Level 1:colcon.colcon_core.environment:checking '/home/filo/bumperbot_ws/install/bumperbot_cpp_examples' for CMake config files
[4.442s] Level 1:colcon.colcon_core.shell:create_environment_hook('bumperbot_cpp_examples', 'cmake_prefix_path')
[4.442s] INFO:colcon.colcon_core.shell:Creating environment hook '/home/filo/bumperbot_ws/install/bumperbot_cpp_examples/share/bumperbot_cpp_examples/hook/cmake_prefix_path.ps1'
[4.443s] INFO:colcon.colcon_core.shell:Creating environment descriptor '/home/filo/bumperbot_ws/install/bumperbot_cpp_examples/share/bumperbot_cpp_examples/hook/cmake_prefix_path.dsv'
[4.443s] INFO:colcon.colcon_core.shell:Creating environment hook '/home/filo/bumperbot_ws/install/bumperbot_cpp_examples/share/bumperbot_cpp_examples/hook/cmake_prefix_path.sh'
[4.444s] Level 1:colcon.colcon_core.environment:checking '/home/filo/bumperbot_ws/install/bumperbot_cpp_examples/bin'
[4.444s] Level 1:colcon.colcon_core.environment:checking '/home/filo/bumperbot_ws/install/bumperbot_cpp_examples/lib/pkgconfig/bumperbot_cpp_examples.pc'
[4.444s] Level 1:colcon.colcon_core.environment:checking '/home/filo/bumperbot_ws/install/bumperbot_cpp_examples/lib/python3.10/site-packages'
[4.445s] Level 1:colcon.colcon_core.environment:checking '/home/filo/bumperbot_ws/install/bumperbot_cpp_examples/bin'
[4.445s] INFO:colcon.colcon_core.shell:Creating package script '/home/filo/bumperbot_ws/install/bumperbot_cpp_examples/share/bumperbot_cpp_examples/package.ps1'
[4.446s] INFO:colcon.colcon_core.shell:Creating package descriptor '/home/filo/bumperbot_ws/install/bumperbot_cpp_examples/share/bumperbot_cpp_examples/package.dsv'
[4.447s] INFO:colcon.colcon_core.shell:Creating package script '/home/filo/bumperbot_ws/install/bumperbot_cpp_examples/share/bumperbot_cpp_examples/package.sh'
[4.447s] INFO:colcon.colcon_core.shell:Creating package script '/home/filo/bumperbot_ws/install/bumperbot_cpp_examples/share/bumperbot_cpp_examples/package.bash'
[4.448s] INFO:colcon.colcon_core.shell:Creating package script '/home/filo/bumperbot_ws/install/bumperbot_cpp_examples/share/bumperbot_cpp_examples/package.zsh'
[4.449s] Level 1:colcon.colcon_core.environment:create_file_with_runtime_dependencies(/home/filo/bumperbot_ws/install/bumperbot_cpp_examples/share/colcon-core/packages/bumperbot_cpp_examples)
[4.459s] Level 1:colcon.colcon_core.environment:create_environment_scripts_only(bumperbot_description)
[4.459s] Level 1:colcon.colcon_core.environment:checking '/home/filo/bumperbot_ws/install/bumperbot_description' for CMake module files
[4.459s] Level 1:colcon.colcon_core.environment:checking '/home/filo/bumperbot_ws/install/bumperbot_description' for CMake config files
[4.460s] Level 1:colcon.colcon_core.shell:create_environment_hook('bumperbot_description', 'cmake_prefix_path')
[4.460s] INFO:colcon.colcon_core.shell:Creating environment hook '/home/filo/bumperbot_ws/install/bumperbot_description/share/bumperbot_description/hook/cmake_prefix_path.ps1'
[4.461s] INFO:colcon.colcon_core.shell:Creating environment descriptor '/home/filo/bumperbot_ws/install/bumperbot_description/share/bumperbot_description/hook/cmake_prefix_path.dsv'
[4.461s] INFO:colcon.colcon_core.shell:Creating environment hook '/home/filo/bumperbot_ws/install/bumperbot_description/share/bumperbot_description/hook/cmake_prefix_path.sh'
[4.461s] Level 1:colcon.colcon_core.environment:checking '/home/filo/bumperbot_ws/install/bumperbot_description/bin'
[4.461s] Level 1:colcon.colcon_core.environment:checking '/home/filo/bumperbot_ws/install/bumperbot_description/lib/pkgconfig/bumperbot_description.pc'
[4.462s] Level 1:colcon.colcon_core.environment:checking '/home/filo/bumperbot_ws/install/bumperbot_description/lib/python3.10/site-packages'
[4.462s] Level 1:colcon.colcon_core.environment:checking '/home/filo/bumperbot_ws/install/bumperbot_description/bin'
[4.462s] INFO:colcon.colcon_core.shell:Creating package script '/home/filo/bumperbot_ws/install/bumperbot_description/share/bumperbot_description/package.ps1'
[4.463s] INFO:colcon.colcon_core.shell:Creating package descriptor '/home/filo/bumperbot_ws/install/bumperbot_description/share/bumperbot_description/package.dsv'
[4.463s] INFO:colcon.colcon_core.shell:Creating package script '/home/filo/bumperbot_ws/install/bumperbot_description/share/bumperbot_description/package.sh'
[4.463s] INFO:colcon.colcon_core.shell:Creating package script '/home/filo/bumperbot_ws/install/bumperbot_description/share/bumperbot_description/package.bash'
[4.467s] INFO:colcon.colcon_core.shell:Creating package script '/home/filo/bumperbot_ws/install/bumperbot_description/share/bumperbot_description/package.zsh'
[4.468s] Level 1:colcon.colcon_core.environment:create_file_with_runtime_dependencies(/home/filo/bumperbot_ws/install/bumperbot_description/share/colcon-core/packages/bumperbot_description)
[5.258s] DEBUG:colcon.colcon_core.event_handler.log_command:Invoked command in '/home/filo/bumperbot_ws/build/bumperbot_controller' returned '0': CMAKE_PREFIX_PATH=${CMAKE_PREFIX_PATH}:/home/filo/bumperbot_ws/install/bumperbot_py_examples:/opt/ros/humble /usr/bin/cmake --build /home/filo/bumperbot_ws/build/bumperbot_controller -- -j8 -l8
[5.308s] DEBUG:colcon.colcon_core.event_handler.log_command:Invoking command in '/home/filo/bumperbot_ws/build/bumperbot_controller': CMAKE_PREFIX_PATH=${CMAKE_PREFIX_PATH}:/home/filo/bumperbot_ws/install/bumperbot_py_examples:/opt/ros/humble /usr/bin/cmake --install /home/filo/bumperbot_ws/build/bumperbot_controller
[5.334s] DEBUG:colcon.colcon_core.event_handler.log_command:Invoked command in '/home/filo/bumperbot_ws/build/bumperbot_msgs' returned '0': CMAKE_PREFIX_PATH=${CMAKE_PREFIX_PATH}:/home/filo/bumperbot_ws/install/bumperbot_py_examples:/opt/ros/humble /usr/bin/cmake --build /home/filo/bumperbot_ws/build/bumperbot_msgs -- -j8 -l8
[5.399s] DEBUG:colcon.colcon_core.event_handler.log_command:Invoking command in '/home/filo/bumperbot_ws/build/bumperbot_msgs': CMAKE_PREFIX_PATH=${CMAKE_PREFIX_PATH}:/home/filo/bumperbot_ws/install/bumperbot_py_examples:/opt/ros/humble /usr/bin/cmake --install /home/filo/bumperbot_ws/build/bumperbot_msgs
[5.756s] Level 1:colcon.colcon_core.environment:create_environment_scripts_only(bumperbot_controller)
[5.756s] Level 1:colcon.colcon_core.environment:checking '/home/filo/bumperbot_ws/install/bumperbot_controller' for CMake module files
[5.757s] DEBUG:colcon.colcon_core.event_handler.log_command:Invoked command in '/home/filo/bumperbot_ws/build/bumperbot_controller' returned '0': CMAKE_PREFIX_PATH=${CMAKE_PREFIX_PATH}:/home/filo/bumperbot_ws/install/bumperbot_py_examples:/opt/ros/humble /usr/bin/cmake --install /home/filo/bumperbot_ws/build/bumperbot_controller
[5.758s] Level 1:colcon.colcon_core.environment:checking '/home/filo/bumperbot_ws/install/bumperbot_controller' for CMake config files
[5.758s] Level 1:colcon.colcon_core.shell:create_environment_hook('bumperbot_controller', 'cmake_prefix_path')
[5.759s] INFO:colcon.colcon_core.shell:Creating environment hook '/home/filo/bumperbot_ws/install/bumperbot_controller/share/bumperbot_controller/hook/cmake_prefix_path.ps1'
[5.759s] INFO:colcon.colcon_core.shell:Creating environment descriptor '/home/filo/bumperbot_ws/install/bumperbot_controller/share/bumperbot_controller/hook/cmake_prefix_path.dsv'
[5.760s] INFO:colcon.colcon_core.shell:Creating environment hook '/home/filo/bumperbot_ws/install/bumperbot_controller/share/bumperbot_controller/hook/cmake_prefix_path.sh'
[5.761s] Level 1:colcon.colcon_core.environment:checking '/home/filo/bumperbot_ws/install/bumperbot_controller/lib'
[5.761s] Level 1:colcon.colcon_core.environment:checking '/home/filo/bumperbot_ws/install/bumperbot_controller/bin'
[5.761s] Level 1:colcon.colcon_core.environment:checking '/home/filo/bumperbot_ws/install/bumperbot_controller/lib/pkgconfig/bumperbot_controller.pc'
[5.761s] Level 1:colcon.colcon_core.environment:checking '/home/filo/bumperbot_ws/install/bumperbot_controller/lib/python3.10/site-packages'
[5.762s] Level 1:colcon.colcon_core.environment:checking '/home/filo/bumperbot_ws/install/bumperbot_controller/bin'
[5.762s] INFO:colcon.colcon_core.shell:Creating package script '/home/filo/bumperbot_ws/install/bumperbot_controller/share/bumperbot_controller/package.ps1'
[5.763s] INFO:colcon.colcon_core.shell:Creating package descriptor '/home/filo/bumperbot_ws/install/bumperbot_controller/share/bumperbot_controller/package.dsv'
[5.763s] INFO:colcon.colcon_core.shell:Creating package script '/home/filo/bumperbot_ws/install/bumperbot_controller/share/bumperbot_controller/package.sh'
[5.768s] INFO:colcon.colcon_core.shell:Creating package script '/home/filo/bumperbot_ws/install/bumperbot_controller/share/bumperbot_controller/package.bash'
[5.768s] INFO:colcon.colcon_core.shell:Creating package script '/home/filo/bumperbot_ws/install/bumperbot_controller/share/bumperbot_controller/package.zsh'
[5.769s] Level 1:colcon.colcon_core.environment:create_file_with_runtime_dependencies(/home/filo/bumperbot_ws/install/bumperbot_controller/share/colcon-core/packages/bumperbot_controller)
[5.788s] Level 1:colcon.colcon_core.environment:create_environment_scripts_only(bumperbot_controller)
[5.788s] Level 1:colcon.colcon_core.environment:checking '/home/filo/bumperbot_ws/install/bumperbot_controller' for CMake module files
[5.789s] Level 1:colcon.colcon_core.environment:checking '/home/filo/bumperbot_ws/install/bumperbot_controller' for CMake config files
[5.789s] Level 1:colcon.colcon_core.shell:create_environment_hook('bumperbot_controller', 'cmake_prefix_path')
[5.789s] INFO:colcon.colcon_core.shell:Creating environment hook '/home/filo/bumperbot_ws/install/bumperbot_controller/share/bumperbot_controller/hook/cmake_prefix_path.ps1'
[5.790s] INFO:colcon.colcon_core.shell:Creating environment descriptor '/home/filo/bumperbot_ws/install/bumperbot_controller/share/bumperbot_controller/hook/cmake_prefix_path.dsv'
[5.790s] INFO:colcon.colcon_core.shell:Creating environment hook '/home/filo/bumperbot_ws/install/bumperbot_controller/share/bumperbot_controller/hook/cmake_prefix_path.sh'
[5.790s] Level 1:colcon.colcon_core.environment:checking '/home/filo/bumperbot_ws/install/bumperbot_controller/lib'
[5.790s] Level 1:colcon.colcon_core.environment:checking '/home/filo/bumperbot_ws/install/bumperbot_controller/bin'
[5.791s] Level 1:colcon.colcon_core.environment:checking '/home/filo/bumperbot_ws/install/bumperbot_controller/lib/pkgconfig/bumperbot_controller.pc'
[5.791s] Level 1:colcon.colcon_core.environment:checking '/home/filo/bumperbot_ws/install/bumperbot_controller/lib/python3.10/site-packages'
[5.791s] Level 1:colcon.colcon_core.environment:checking '/home/filo/bumperbot_ws/install/bumperbot_controller/bin'
[5.791s] INFO:colcon.colcon_core.shell:Creating package script '/home/filo/bumperbot_ws/install/bumperbot_controller/share/bumperbot_controller/package.ps1'
[5.792s] INFO:colcon.colcon_core.shell:Creating package descriptor '/home/filo/bumperbot_ws/install/bumperbot_controller/share/bumperbot_controller/package.dsv'
[5.792s] INFO:colcon.colcon_core.shell:Creating package script '/home/filo/bumperbot_ws/install/bumperbot_controller/share/bumperbot_controller/package.sh'
[5.792s] INFO:colcon.colcon_core.shell:Creating package script '/home/filo/bumperbot_ws/install/bumperbot_controller/share/bumperbot_controller/package.bash'
[5.801s] INFO:colcon.colcon_core.shell:Creating package script '/home/filo/bumperbot_ws/install/bumperbot_controller/share/bumperbot_controller/package.zsh'
[5.803s] Level 1:colcon.colcon_core.environment:create_file_with_runtime_dependencies(/home/filo/bumperbot_ws/install/bumperbot_controller/share/colcon-core/packages/bumperbot_controller)
[6.016s] Level 1:colcon.colcon_core.environment:create_environment_scripts_only(bumperbot_msgs)
[6.017s] Level 1:colcon.colcon_core.environment:checking '/home/filo/bumperbot_ws/install/bumperbot_msgs' for CMake module files
[6.019s] DEBUG:colcon.colcon_core.event_handler.log_command:Invoked command in '/home/filo/bumperbot_ws/build/bumperbot_msgs' returned '0': CMAKE_PREFIX_PATH=${CMAKE_PREFIX_PATH}:/home/filo/bumperbot_ws/install/bumperbot_py_examples:/opt/ros/humble /usr/bin/cmake --install /home/filo/bumperbot_ws/build/bumperbot_msgs
[6.021s] Level 1:colcon.colcon_core.environment:checking '/home/filo/bumperbot_ws/install/bumperbot_msgs' for CMake config files
[6.021s] Level 1:colcon.colcon_core.shell:create_environment_hook('bumperbot_msgs', 'cmake_prefix_path')
[6.022s] INFO:colcon.colcon_core.shell:Creating environment hook '/home/filo/bumperbot_ws/install/bumperbot_msgs/share/bumperbot_msgs/hook/cmake_prefix_path.ps1'
[6.023s] INFO:colcon.colcon_core.shell:Creating environment descriptor '/home/filo/bumperbot_ws/install/bumperbot_msgs/share/bumperbot_msgs/hook/cmake_prefix_path.dsv'
[6.024s] INFO:colcon.colcon_core.shell:Creating environment hook '/home/filo/bumperbot_ws/install/bumperbot_msgs/share/bumperbot_msgs/hook/cmake_prefix_path.sh'
[6.026s] Level 1:colcon.colcon_core.environment:checking '/home/filo/bumperbot_ws/install/bumperbot_msgs/lib'
[6.026s] Level 1:colcon.colcon_core.shell:create_environment_hook('bumperbot_msgs', 'ld_library_path_lib')
[6.027s] INFO:colcon.colcon_core.shell:Creating environment hook '/home/filo/bumperbot_ws/install/bumperbot_msgs/share/bumperbot_msgs/hook/ld_library_path_lib.ps1'
[6.028s] INFO:colcon.colcon_core.shell:Creating environment descriptor '/home/filo/bumperbot_ws/install/bumperbot_msgs/share/bumperbot_msgs/hook/ld_library_path_lib.dsv'
[6.029s] INFO:colcon.colcon_core.shell:Creating environment hook '/home/filo/bumperbot_ws/install/bumperbot_msgs/share/bumperbot_msgs/hook/ld_library_path_lib.sh'
[6.030s] Level 1:colcon.colcon_core.environment:checking '/home/filo/bumperbot_ws/install/bumperbot_msgs/bin'
[6.030s] Level 1:colcon.colcon_core.environment:checking '/home/filo/bumperbot_ws/install/bumperbot_msgs/lib/pkgconfig/bumperbot_msgs.pc'
[6.031s] Level 1:colcon.colcon_core.environment:checking '/home/filo/bumperbot_ws/install/bumperbot_msgs/lib/python3.10/site-packages'
[6.032s] Level 1:colcon.colcon_core.environment:checking '/home/filo/bumperbot_ws/install/bumperbot_msgs/bin'
[6.033s] INFO:colcon.colcon_core.shell:Creating package script '/home/filo/bumperbot_ws/install/bumperbot_msgs/share/bumperbot_msgs/package.ps1'
[6.034s] INFO:colcon.colcon_core.shell:Creating package descriptor '/home/filo/bumperbot_ws/install/bumperbot_msgs/share/bumperbot_msgs/package.dsv'
[6.036s] INFO:colcon.colcon_core.shell:Creating package script '/home/filo/bumperbot_ws/install/bumperbot_msgs/share/bumperbot_msgs/package.sh'
[6.037s] INFO:colcon.colcon_core.shell:Creating package script '/home/filo/bumperbot_ws/install/bumperbot_msgs/share/bumperbot_msgs/package.bash'
[6.038s] INFO:colcon.colcon_core.shell:Creating package script '/home/filo/bumperbot_ws/install/bumperbot_msgs/share/bumperbot_msgs/package.zsh'
[6.039s] Level 1:colcon.colcon_core.environment:create_file_with_runtime_dependencies(/home/filo/bumperbot_ws/install/bumperbot_msgs/share/colcon-core/packages/bumperbot_msgs)
[6.132s] Level 1:colcon.colcon_core.environment:create_environment_scripts_only(bumperbot_msgs)
[6.132s] Level 1:colcon.colcon_core.environment:checking '/home/filo/bumperbot_ws/install/bumperbot_msgs' for CMake module files
[6.133s] Level 1:colcon.colcon_core.environment:checking '/home/filo/bumperbot_ws/install/bumperbot_msgs' for CMake config files
[6.133s] Level 1:colcon.colcon_core.shell:create_environment_hook('bumperbot_msgs', 'cmake_prefix_path')
[6.134s] INFO:colcon.colcon_core.shell:Creating environment hook '/home/filo/bumperbot_ws/install/bumperbot_msgs/share/bumperbot_msgs/hook/cmake_prefix_path.ps1'
[6.134s] INFO:colcon.colcon_core.shell:Creating environment descriptor '/home/filo/bumperbot_ws/install/bumperbot_msgs/share/bumperbot_msgs/hook/cmake_prefix_path.dsv'
[6.134s] INFO:colcon.colcon_core.shell:Creating environment hook '/home/filo/bumperbot_ws/install/bumperbot_msgs/share/bumperbot_msgs/hook/cmake_prefix_path.sh'
[6.135s] Level 1:colcon.colcon_core.environment:checking '/home/filo/bumperbot_ws/install/bumperbot_msgs/lib'
[6.135s] Level 1:colcon.colcon_core.shell:create_environment_hook('bumperbot_msgs', 'ld_library_path_lib')
[6.135s] INFO:colcon.colcon_core.shell:Creating environment hook '/home/filo/bumperbot_ws/install/bumperbot_msgs/share/bumperbot_msgs/hook/ld_library_path_lib.ps1'
[6.136s] INFO:colcon.colcon_core.shell:Creating environment descriptor '/home/filo/bumperbot_ws/install/bumperbot_msgs/share/bumperbot_msgs/hook/ld_library_path_lib.dsv'
[6.136s] INFO:colcon.colcon_core.shell:Creating environment hook '/home/filo/bumperbot_ws/install/bumperbot_msgs/share/bumperbot_msgs/hook/ld_library_path_lib.sh'
[6.137s] Level 1:colcon.colcon_core.environment:checking '/home/filo/bumperbot_ws/install/bumperbot_msgs/bin'
[6.137s] Level 1:colcon.colcon_core.environment:checking '/home/filo/bumperbot_ws/install/bumperbot_msgs/lib/pkgconfig/bumperbot_msgs.pc'
[6.137s] Level 1:colcon.colcon_core.environment:checking '/home/filo/bumperbot_ws/install/bumperbot_msgs/lib/python3.10/site-packages'
[6.137s] Level 1:colcon.colcon_core.environment:checking '/home/filo/bumperbot_ws/install/bumperbot_msgs/bin'
[6.138s] INFO:colcon.colcon_core.shell:Creating package script '/home/filo/bumperbot_ws/install/bumperbot_msgs/share/bumperbot_msgs/package.ps1'
[6.157s] INFO:colcon.colcon_core.shell:Creating package descriptor '/home/filo/bumperbot_ws/install/bumperbot_msgs/share/bumperbot_msgs/package.dsv'
[6.160s] INFO:colcon.colcon_core.shell:Creating package script '/home/filo/bumperbot_ws/install/bumperbot_msgs/share/bumperbot_msgs/package.sh'
[6.161s] INFO:colcon.colcon_core.shell:Creating package script '/home/filo/bumperbot_ws/install/bumperbot_msgs/share/bumperbot_msgs/package.bash'
[6.163s] INFO:colcon.colcon_core.shell:Creating package script '/home/filo/bumperbot_ws/install/bumperbot_msgs/share/bumperbot_msgs/package.zsh'
[6.164s] Level 1:colcon.colcon_core.environment:create_file_with_runtime_dependencies(/home/filo/bumperbot_ws/install/bumperbot_msgs/share/colcon-core/packages/bumperbot_msgs)
[6.165s] INFO:colcon.colcon_ros.task.ament_python.build:Building ROS package in '/home/filo/bumperbot_ws/src/bumperbot_py_examples' with build type 'ament_python'
[6.165s] Level 1:colcon.colcon_core.shell:create_environment_hook('bumperbot_py_examples', 'ament_prefix_path')
[6.166s] INFO:colcon.colcon_core.shell:Creating environment hook '/home/filo/bumperbot_ws/install/bumperbot_py_examples/share/bumperbot_py_examples/hook/ament_prefix_path.ps1'
[6.170s] INFO:colcon.colcon_core.shell:Creating environment descriptor '/home/filo/bumperbot_ws/install/bumperbot_py_examples/share/bumperbot_py_examples/hook/ament_prefix_path.dsv'
[6.171s] INFO:colcon.colcon_core.shell:Creating environment hook '/home/filo/bumperbot_ws/install/bumperbot_py_examples/share/bumperbot_py_examples/hook/ament_prefix_path.sh'
[6.172s] INFO:colcon.colcon_core.shell:Skip shell extension 'powershell' for command environment: Not usable outside of PowerShell
[6.172s] DEBUG:colcon.colcon_core.shell:Skip shell extension 'dsv' for command environment
[6.696s] INFO:colcon.colcon_core.task.python.build:Building Python package in '/home/filo/bumperbot_ws/src/bumperbot_py_examples'
[6.697s] INFO:colcon.colcon_core.shell:Skip shell extension 'powershell' for command environment: Not usable outside of PowerShell
[6.697s] DEBUG:colcon.colcon_core.shell:Skip shell extension 'dsv' for command environment
[8.288s] DEBUG:colcon.colcon_core.event_handler.log_command:Invoking command in '/home/filo/bumperbot_ws/src/bumperbot_py_examples': CMAKE_PREFIX_PATH=/home/filo/bumperbot_ws/install/bumperbot_msgs:/home/filo/bumperbot_ws/install/bumperbot_localization:/home/filo/bumperbot_ws/install/bumperbot_controller:/home/filo/bumperbot_ws/install/bumperbot_description:/home/filo/bumperbot_ws/install/bumperbot_cpp_examples PYTHONPATH=/home/filo/bumperbot_ws/build/bumperbot_py_examples/prefix_override:/home/filo/bumperbot_ws/install/bumperbot_py_examples/lib/python3.10/site-packages:${PYTHONPATH} /usr/bin/python3 -W ignore:setup.py install is deprecated setup.py egg_info --egg-base ../../build/bumperbot_py_examples build --build-base /home/filo/bumperbot_ws/build/bumperbot_py_examples/build install --record /home/filo/bumperbot_ws/build/bumperbot_py_examples/install.log --single-version-externally-managed install_data
[8.654s] DEBUG:colcon.colcon_core.event_handler.log_command:Invoked command in '/home/filo/bumperbot_ws/build/bumperbot_localization' returned '0': CMAKE_PREFIX_PATH=${CMAKE_PREFIX_PATH}:/home/filo/bumperbot_ws/install/bumperbot_py_examples:/opt/ros/humble /usr/bin/cmake --build /home/filo/bumperbot_ws/build/bumperbot_localization -- -j8 -l8
[8.675s] DEBUG:colcon.colcon_core.event_handler.log_command:Invoking command in '/home/filo/bumperbot_ws/build/bumperbot_localization': CMAKE_PREFIX_PATH=${CMAKE_PREFIX_PATH}:/home/filo/bumperbot_ws/install/bumperbot_py_examples:/opt/ros/humble /usr/bin/cmake --install /home/filo/bumperbot_ws/build/bumperbot_localization
[8.790s] Level 1:colcon.colcon_core.environment:checking '/home/filo/bumperbot_ws/install/bumperbot_py_examples' for CMake module files
[8.793s] DEBUG:colcon.colcon_core.event_handler.log_command:Invoked command in '/home/filo/bumperbot_ws/src/bumperbot_py_examples' returned '0': CMAKE_PREFIX_PATH=/home/filo/bumperbot_ws/install/bumperbot_msgs:/home/filo/bumperbot_ws/install/bumperbot_localization:/home/filo/bumperbot_ws/install/bumperbot_controller:/home/filo/bumperbot_ws/install/bumperbot_description:/home/filo/bumperbot_ws/install/bumperbot_cpp_examples PYTHONPATH=/home/filo/bumperbot_ws/build/bumperbot_py_examples/prefix_override:/home/filo/bumperbot_ws/install/bumperbot_py_examples/lib/python3.10/site-packages:${PYTHONPATH} /usr/bin/python3 -W ignore:setup.py install is deprecated setup.py egg_info --egg-base ../../build/bumperbot_py_examples build --build-base /home/filo/bumperbot_ws/build/bumperbot_py_examples/build install --record /home/filo/bumperbot_ws/build/bumperbot_py_examples/install.log --single-version-externally-managed install_data
[8.794s] Level 1:colcon.colcon_core.environment:checking '/home/filo/bumperbot_ws/install/bumperbot_py_examples' for CMake config files
[8.797s] Level 1:colcon.colcon_core.environment:checking '/home/filo/bumperbot_ws/install/bumperbot_py_examples/lib'
[8.797s] Level 1:colcon.colcon_core.environment:checking '/home/filo/bumperbot_ws/install/bumperbot_py_examples/bin'
[8.797s] Level 1:colcon.colcon_core.environment:checking '/home/filo/bumperbot_ws/install/bumperbot_py_examples/lib/pkgconfig/bumperbot_py_examples.pc'
[8.798s] Level 1:colcon.colcon_core.environment:checking '/home/filo/bumperbot_ws/install/bumperbot_py_examples/lib/python3.10/site-packages'
[8.798s] Level 1:colcon.colcon_core.shell:create_environment_hook('bumperbot_py_examples', 'pythonpath')
[8.798s] INFO:colcon.colcon_core.shell:Creating environment hook '/home/filo/bumperbot_ws/install/bumperbot_py_examples/share/bumperbot_py_examples/hook/pythonpath.ps1'
[8.799s] INFO:colcon.colcon_core.shell:Creating environment descriptor '/home/filo/bumperbot_ws/install/bumperbot_py_examples/share/bumperbot_py_examples/hook/pythonpath.dsv'
[8.800s] INFO:colcon.colcon_core.shell:Creating environment hook '/home/filo/bumperbot_ws/install/bumperbot_py_examples/share/bumperbot_py_examples/hook/pythonpath.sh'
[8.802s] Level 1:colcon.colcon_core.environment:checking '/home/filo/bumperbot_ws/install/bumperbot_py_examples/bin'
[8.802s] Level 1:colcon.colcon_core.environment:create_environment_scripts_only(bumperbot_py_examples)
[8.803s] INFO:colcon.colcon_core.shell:Creating package script '/home/filo/bumperbot_ws/install/bumperbot_py_examples/share/bumperbot_py_examples/package.ps1'
[8.803s] INFO:colcon.colcon_core.shell:Creating package descriptor '/home/filo/bumperbot_ws/install/bumperbot_py_examples/share/bumperbot_py_examples/package.dsv'
[8.804s] INFO:colcon.colcon_core.shell:Creating package script '/home/filo/bumperbot_ws/install/bumperbot_py_examples/share/bumperbot_py_examples/package.sh'
[8.805s] INFO:colcon.colcon_core.shell:Creating package script '/home/filo/bumperbot_ws/install/bumperbot_py_examples/share/bumperbot_py_examples/package.bash'
[8.806s] INFO:colcon.colcon_core.shell:Creating package script '/home/filo/bumperbot_ws/install/bumperbot_py_examples/share/bumperbot_py_examples/package.zsh'
[8.806s] Level 1:colcon.colcon_core.environment:create_file_with_runtime_dependencies(/home/filo/bumperbot_ws/install/bumperbot_py_examples/share/colcon-core/packages/bumperbot_py_examples)
[8.809s] Level 1:colcon.colcon_core.environment:create_environment_scripts_only(bumperbot_localization)
[8.810s] Level 1:colcon.colcon_core.environment:checking '/home/filo/bumperbot_ws/install/bumperbot_localization' for CMake module files
[8.811s] DEBUG:colcon.colcon_core.event_handler.log_command:Invoked command in '/home/filo/bumperbot_ws/build/bumperbot_localization' returned '0': CMAKE_PREFIX_PATH=${CMAKE_PREFIX_PATH}:/home/filo/bumperbot_ws/install/bumperbot_py_examples:/opt/ros/humble /usr/bin/cmake --install /home/filo/bumperbot_ws/build/bumperbot_localization
[8.813s] Level 1:colcon.colcon_core.environment:checking '/home/filo/bumperbot_ws/install/bumperbot_localization' for CMake config files
[8.813s] Level 1:colcon.colcon_core.shell:create_environment_hook('bumperbot_localization', 'cmake_prefix_path')
[8.814s] INFO:colcon.colcon_core.shell:Creating environment hook '/home/filo/bumperbot_ws/install/bumperbot_localization/share/bumperbot_localization/hook/cmake_prefix_path.ps1'
[8.815s] INFO:colcon.colcon_core.shell:Creating environment descriptor '/home/filo/bumperbot_ws/install/bumperbot_localization/share/bumperbot_localization/hook/cmake_prefix_path.dsv'
[8.815s] INFO:colcon.colcon_core.shell:Creating environment hook '/home/filo/bumperbot_ws/install/bumperbot_localization/share/bumperbot_localization/hook/cmake_prefix_path.sh'
[8.817s] Level 1:colcon.colcon_core.environment:checking '/home/filo/bumperbot_ws/install/bumperbot_localization/lib'
[8.817s] Level 1:colcon.colcon_core.environment:checking '/home/filo/bumperbot_ws/install/bumperbot_localization/bin'
[8.817s] Level 1:colcon.colcon_core.environment:checking '/home/filo/bumperbot_ws/install/bumperbot_localization/lib/pkgconfig/bumperbot_localization.pc'
[8.818s] Level 1:colcon.colcon_core.environment:checking '/home/filo/bumperbot_ws/install/bumperbot_localization/lib/python3.10/site-packages'
[8.818s] Level 1:colcon.colcon_core.environment:checking '/home/filo/bumperbot_ws/install/bumperbot_localization/bin'
[8.819s] INFO:colcon.colcon_core.shell:Creating package script '/home/filo/bumperbot_ws/install/bumperbot_localization/share/bumperbot_localization/package.ps1'
[8.820s] INFO:colcon.colcon_core.shell:Creating package descriptor '/home/filo/bumperbot_ws/install/bumperbot_localization/share/bumperbot_localization/package.dsv'
[8.821s] INFO:colcon.colcon_core.shell:Creating package script '/home/filo/bumperbot_ws/install/bumperbot_localization/share/bumperbot_localization/package.sh'
[8.821s] INFO:colcon.colcon_core.shell:Creating package script '/home/filo/bumperbot_ws/install/bumperbot_localization/share/bumperbot_localization/package.bash'
[8.822s] INFO:colcon.colcon_core.shell:Creating package script '/home/filo/bumperbot_ws/install/bumperbot_localization/share/bumperbot_localization/package.zsh'
[8.822s] Level 1:colcon.colcon_core.environment:create_file_with_runtime_dependencies(/home/filo/bumperbot_ws/install/bumperbot_localization/share/colcon-core/packages/bumperbot_localization)
[8.845s] Level 1:colcon.colcon_core.environment:create_environment_scripts_only(bumperbot_localization)
[8.845s] Level 1:colcon.colcon_core.environment:checking '/home/filo/bumperbot_ws/install/bumperbot_localization' for CMake module files
[8.846s] Level 1:colcon.colcon_core.environment:checking '/home/filo/bumperbot_ws/install/bumperbot_localization' for CMake config files
[8.846s] Level 1:colcon.colcon_core.shell:create_environment_hook('bumperbot_localization', 'cmake_prefix_path')
[8.846s] INFO:colcon.colcon_core.shell:Creating environment hook '/home/filo/bumperbot_ws/install/bumperbot_localization/share/bumperbot_localization/hook/cmake_prefix_path.ps1'
[8.847s] INFO:colcon.colcon_core.shell:Creating environment descriptor '/home/filo/bumperbot_ws/install/bumperbot_localization/share/bumperbot_localization/hook/cmake_prefix_path.dsv'
[8.848s] INFO:colcon.colcon_core.shell:Creating environment hook '/home/filo/bumperbot_ws/install/bumperbot_localization/share/bumperbot_localization/hook/cmake_prefix_path.sh'
[8.848s] Level 1:colcon.colcon_core.environment:checking '/home/filo/bumperbot_ws/install/bumperbot_localization/lib'
[8.848s] Level 1:colcon.colcon_core.environment:checking '/home/filo/bumperbot_ws/install/bumperbot_localization/bin'
[8.848s] Level 1:colcon.colcon_core.environment:checking '/home/filo/bumperbot_ws/install/bumperbot_localization/lib/pkgconfig/bumperbot_localization.pc'
[8.849s] Level 1:colcon.colcon_core.environment:checking '/home/filo/bumperbot_ws/install/bumperbot_localization/lib/python3.10/site-packages'
[8.849s] Level 1:colcon.colcon_core.environment:checking '/home/filo/bumperbot_ws/install/bumperbot_localization/bin'
[8.850s] INFO:colcon.colcon_core.shell:Creating package script '/home/filo/bumperbot_ws/install/bumperbot_localization/share/bumperbot_localization/package.ps1'
[8.850s] INFO:colcon.colcon_core.shell:Creating package descriptor '/home/filo/bumperbot_ws/install/bumperbot_localization/share/bumperbot_localization/package.dsv'
[8.851s] INFO:colcon.colcon_core.shell:Creating package script '/home/filo/bumperbot_ws/install/bumperbot_localization/share/bumperbot_localization/package.sh'
[8.851s] INFO:colcon.colcon_core.shell:Creating package script '/home/filo/bumperbot_ws/install/bumperbot_localization/share/bumperbot_localization/package.bash'
[8.852s] INFO:colcon.colcon_core.shell:Creating package script '/home/filo/bumperbot_ws/install/bumperbot_localization/share/bumperbot_localization/package.zsh'
[8.853s] Level 1:colcon.colcon_core.environment:create_file_with_runtime_dependencies(/home/filo/bumperbot_ws/install/bumperbot_localization/share/colcon-core/packages/bumperbot_localization)
[8.853s] DEBUG:colcon.colcon_parallel_executor.executor.parallel:closing loop
[8.853s] DEBUG:colcon.colcon_parallel_executor.executor.parallel:loop closed
[8.853s] DEBUG:colcon.colcon_parallel_executor.executor.parallel:run_until_complete finished with '0'
[8.854s] DEBUG:colcon.colcon_core.event_reactor:joining thread
[8.883s] INFO:colcon.colcon_core.plugin_system:Skipping extension 'colcon_notification.desktop_notification.terminal_notifier': Not used on non-Darwin systems
[8.884s] INFO:colcon.colcon_core.plugin_system:Skipping extension 'colcon_notification.desktop_notification.win32': Not used on non-Windows systems
[8.884s] INFO:colcon.colcon_notification.desktop_notification:Sending desktop notification using 'notify2'
[8.899s] DEBUG:colcon.colcon_core.event_reactor:joined thread
[8.899s] INFO:colcon.colcon_core.shell:Creating prefix script '/home/filo/bumperbot_ws/install/local_setup.ps1'
[8.914s] INFO:colcon.colcon_core.shell:Creating prefix util module '/home/filo/bumperbot_ws/install/_local_setup_util_ps1.py'
[8.942s] INFO:colcon.colcon_core.shell:Creating prefix chain script '/home/filo/bumperbot_ws/install/setup.ps1'
[8.944s] INFO:colcon.colcon_core.shell:Creating prefix script '/home/filo/bumperbot_ws/install/local_setup.sh'
[8.945s] INFO:colcon.colcon_core.shell:Creating prefix util module '/home/filo/bumperbot_ws/install/_local_setup_util_sh.py'
[8.945s] INFO:colcon.colcon_core.shell:Creating prefix chain script '/home/filo/bumperbot_ws/install/setup.sh'
[8.947s] INFO:colcon.colcon_core.shell:Creating prefix script '/home/filo/bumperbot_ws/install/local_setup.bash'
[8.953s] INFO:colcon.colcon_core.shell:Creating prefix chain script '/home/filo/bumperbot_ws/install/setup.bash'
[8.954s] INFO:colcon.colcon_core.shell:Creating prefix script '/home/filo/bumperbot_ws/install/local_setup.zsh'
[8.967s] INFO:colcon.colcon_core.shell:Creating prefix chain script '/home/filo/bumperbot_ws/install/setup.zsh'
