[2.702s] Invoking command in '/home/filo/bumperbot_ws/src/bumperbot_py_examples': CMAKE_PREFIX_PATH=/home/filo/bumperbot_ws/install/bumperbot_msgs:/home/filo/bumperbot_ws/install/bumperbot_controller:/home/filo/bumperbot_ws/install/bumperbot_description:/home/filo/bumperbot_ws/install/bumperbot_cpp_examples PYTHONPATH=/home/filo/bumperbot_ws/build/bumperbot_py_examples/prefix_override:/home/filo/bumperbot_ws/install/bumperbot_py_examples/lib/python3.10/site-packages:${PYTHONPATH} /usr/bin/python3 -W ignore:setup.py install is deprecated setup.py egg_info --egg-base ../../build/bumperbot_py_examples build --build-base /home/filo/bumperbot_ws/build/bumperbot_py_examples/build install --record /home/filo/bumperbot_ws/build/bumperbot_py_examples/install.log --single-version-externally-managed install_data
[3.259s] running egg_info
[3.260s] writing ../../build/bumperbot_py_examples/bumperbot_py_examples.egg-info/PKG-INFO
[3.261s] writing dependency_links to ../../build/bumperbot_py_examples/bumperbot_py_examples.egg-info/dependency_links.txt
[3.261s] writing entry points to ../../build/bumperbot_py_examples/bumperbot_py_examples.egg-info/entry_points.txt
[3.261s] writing requirements to ../../build/bumperbot_py_examples/bumperbot_py_examples.egg-info/requires.txt
[3.262s] writing top-level names to ../../build/bumperbot_py_examples/bumperbot_py_examples.egg-info/top_level.txt
[3.265s] reading manifest file '../../build/bumperbot_py_examples/bumperbot_py_examples.egg-info/SOURCES.txt'
[3.282s] writing manifest file '../../build/bumperbot_py_examples/bumperbot_py_examples.egg-info/SOURCES.txt'
[3.282s] running build
[3.282s] running build_py
[3.284s] running install
[3.284s] running install_lib
[3.288s] running install_data
[3.288s] running install_egg_info
[3.292s] removing '/home/filo/bumperbot_ws/install/bumperbot_py_examples/lib/python3.10/site-packages/bumperbot_py_examples-0.0.0-py3.10.egg-info' (and everything under it)
[3.293s] Copying ../../build/bumperbot_py_examples/bumperbot_py_examples.egg-info to /home/filo/bumperbot_ws/install/bumperbot_py_examples/lib/python3.10/site-packages/bumperbot_py_examples-0.0.0-py3.10.egg-info
[3.307s] running install_scripts
[3.343s] Installing simple_parameter script to /home/filo/bumperbot_ws/install/bumperbot_py_examples/lib/bumperbot_py_examples
[3.344s] Installing simple_publisher script to /home/filo/bumperbot_ws/install/bumperbot_py_examples/lib/bumperbot_py_examples
[3.344s] Installing simple_service_client script to /home/filo/bumperbot_ws/install/bumperbot_py_examples/lib/bumperbot_py_examples
[3.345s] Installing simple_service_server script to /home/filo/bumperbot_ws/install/bumperbot_py_examples/lib/bumperbot_py_examples
[3.345s] Installing simple_subscriber script to /home/filo/bumperbot_ws/install/bumperbot_py_examples/lib/bumperbot_py_examples
[3.345s] Installing simple_tf_kinematics script to /home/filo/bumperbot_ws/install/bumperbot_py_examples/lib/bumperbot_py_examples
[3.345s] Installing simple_turtlesim_kinematics script to /home/filo/bumperbot_ws/install/bumperbot_py_examples/lib/bumperbot_py_examples
[3.346s] writing list of installed files to '/home/filo/bumperbot_ws/build/bumperbot_py_examples/install.log'
[3.382s] Invoked command in '/home/filo/bumperbot_ws/src/bumperbot_py_examples' returned '0': CMAKE_PREFIX_PATH=/home/filo/bumperbot_ws/install/bumperbot_msgs:/home/filo/bumperbot_ws/install/bumperbot_controller:/home/filo/bumperbot_ws/install/bumperbot_description:/home/filo/bumperbot_ws/install/bumperbot_cpp_examples PYTHONPATH=/home/filo/bumperbot_ws/build/bumperbot_py_examples/prefix_override:/home/filo/bumperbot_ws/install/bumperbot_py_examples/lib/python3.10/site-packages:${PYTHONPATH} /usr/bin/python3 -W ignore:setup.py install is deprecated setup.py egg_info --egg-base ../../build/bumperbot_py_examples build --build-base /home/filo/bumperbot_ws/build/bumperbot_py_examples/build install --record /home/filo/bumperbot_ws/build/bumperbot_py_examples/install.log --single-version-externally-managed install_data
