[0.248s] Invoking command in '/home/filo/bumperbot_ws/build/bumperbot_localization': CMAKE_PREFIX_PATH=${CMAKE_PREFIX_PATH}:/home/filo/bumperbot_ws/install/bumperbot_py_examples:/opt/ros/humble /usr/bin/cmake --build /home/filo/bumperbot_ws/build/bumperbot_localization -- -j8 -l8
[0.889s] Built target ament_cmake_python_copy_bumperbot_localization
[1.372s] running egg_info
[1.372s] writing bumperbot_localization.egg-info/PKG-INFO
[1.372s] writing dependency_links to bumperbot_localization.egg-info/dependency_links.txt
[1.372s] writing top-level names to bumperbot_localization.egg-info/top_level.txt
[1.381s] reading manifest file 'bumperbot_localization.egg-info/SOURCES.txt'
[1.382s] writing manifest file 'bumperbot_localization.egg-info/SOURCES.txt'
[1.413s] Built target ament_cmake_python_build_bumperbot_localization_egg
[1.423s] Invoked command in '/home/filo/bumperbot_ws/build/bumperbot_localization' returned '0': CMAKE_PREFIX_PATH=${CMAKE_PREFIX_PATH}:/home/filo/bumperbot_ws/install/bumperbot_py_examples:/opt/ros/humble /usr/bin/cmake --build /home/filo/bumperbot_ws/build/bumperbot_localization -- -j8 -l8
[1.448s] Invoking command in '/home/filo/bumperbot_ws/build/bumperbot_localization': CMAKE_PREFIX_PATH=${CMAKE_PREFIX_PATH}:/home/filo/bumperbot_ws/install/bumperbot_py_examples:/opt/ros/humble /usr/bin/cmake --install /home/filo/bumperbot_ws/build/bumperbot_localization
[1.458s] -- Install configuration: ""
[1.458s] -- Up-to-date: /home/filo/bumperbot_ws/install/bumperbot_localization/share/bumperbot_localization/environment/pythonpath.sh
[1.459s] -- Up-to-date: /home/filo/bumperbot_ws/install/bumperbot_localization/share/bumperbot_localization/environment/pythonpath.dsv
[1.459s] -- Up-to-date: /home/filo/bumperbot_ws/install/bumperbot_localization/local/lib/python3.10/dist-packages/bumperbot_localization-0.0.0-py3.10.egg-info
[1.459s] -- Installing: /home/filo/bumperbot_ws/install/bumperbot_localization/local/lib/python3.10/dist-packages/bumperbot_localization-0.0.0-py3.10.egg-info/top_level.txt
[1.459s] -- Installing: /home/filo/bumperbot_ws/install/bumperbot_localization/local/lib/python3.10/dist-packages/bumperbot_localization-0.0.0-py3.10.egg-info/PKG-INFO
[1.459s] -- Installing: /home/filo/bumperbot_ws/install/bumperbot_localization/local/lib/python3.10/dist-packages/bumperbot_localization-0.0.0-py3.10.egg-info/SOURCES.txt
[1.459s] -- Installing: /home/filo/bumperbot_ws/install/bumperbot_localization/local/lib/python3.10/dist-packages/bumperbot_localization-0.0.0-py3.10.egg-info/dependency_links.txt
[1.459s] -- Up-to-date: /home/filo/bumperbot_ws/install/bumperbot_localization/local/lib/python3.10/dist-packages/bumperbot_localization
[1.459s] -- Up-to-date: /home/filo/bumperbot_ws/install/bumperbot_localization/local/lib/python3.10/dist-packages/bumperbot_localization/__init__.py
[1.460s] -- Up-to-date: /home/filo/bumperbot_ws/install/bumperbot_localization/local/lib/python3.10/dist-packages/bumperbot_localization/imu_republisher.py
[1.460s] -- Up-to-date: /home/filo/bumperbot_ws/install/bumperbot_localization/local/lib/python3.10/dist-packages/bumperbot_localization/kalman_filter.py
[1.564s] Listing '/home/filo/bumperbot_ws/install/bumperbot_localization/local/lib/python3.10/dist-packages/bumperbot_localization'...
[1.572s] -- Up-to-date: /home/filo/bumperbot_ws/install/bumperbot_localization/lib/bumperbot_localization/kalman_filter.py
[1.572s] -- Up-to-date: /home/filo/bumperbot_ws/install/bumperbot_localization/lib/bumperbot_localization/imu_republisher.py
[1.572s] -- Up-to-date: /home/filo/bumperbot_ws/install/bumperbot_localization/share/bumperbot_localization/launch
[1.573s] -- Up-to-date: /home/filo/bumperbot_ws/install/bumperbot_localization/share/bumperbot_localization/launch/local_localization.launch.py
[1.573s] -- Up-to-date: /home/filo/bumperbot_ws/install/bumperbot_localization/share/bumperbot_localization/config
[1.573s] -- Up-to-date: /home/filo/bumperbot_ws/install/bumperbot_localization/share/bumperbot_localization/config/ekf.yaml
[1.573s] -- Up-to-date: /home/filo/bumperbot_ws/install/bumperbot_localization/share/ament_index/resource_index/package_run_dependencies/bumperbot_localization
[1.573s] -- Up-to-date: /home/filo/bumperbot_ws/install/bumperbot_localization/share/ament_index/resource_index/parent_prefix_path/bumperbot_localization
[1.573s] -- Up-to-date: /home/filo/bumperbot_ws/install/bumperbot_localization/share/bumperbot_localization/environment/ament_prefix_path.sh
[1.573s] -- Up-to-date: /home/filo/bumperbot_ws/install/bumperbot_localization/share/bumperbot_localization/environment/ament_prefix_path.dsv
[1.573s] -- Up-to-date: /home/filo/bumperbot_ws/install/bumperbot_localization/share/bumperbot_localization/environment/path.sh
[1.574s] -- Up-to-date: /home/filo/bumperbot_ws/install/bumperbot_localization/share/bumperbot_localization/environment/path.dsv
[1.574s] -- Up-to-date: /home/filo/bumperbot_ws/install/bumperbot_localization/share/bumperbot_localization/local_setup.bash
[1.574s] -- Up-to-date: /home/filo/bumperbot_ws/install/bumperbot_localization/share/bumperbot_localization/local_setup.sh
[1.574s] -- Up-to-date: /home/filo/bumperbot_ws/install/bumperbot_localization/share/bumperbot_localization/local_setup.zsh
[1.574s] -- Up-to-date: /home/filo/bumperbot_ws/install/bumperbot_localization/share/bumperbot_localization/local_setup.dsv
[1.574s] -- Installing: /home/filo/bumperbot_ws/install/bumperbot_localization/share/bumperbot_localization/package.dsv
[1.583s] -- Up-to-date: /home/filo/bumperbot_ws/install/bumperbot_localization/share/ament_index/resource_index/packages/bumperbot_localization
[1.583s] -- Up-to-date: /home/filo/bumperbot_ws/install/bumperbot_localization/share/bumperbot_localization/cmake/bumperbot_localizationConfig.cmake
[1.583s] -- Up-to-date: /home/filo/bumperbot_ws/install/bumperbot_localization/share/bumperbot_localization/cmake/bumperbot_localizationConfig-version.cmake
[1.583s] -- Up-to-date: /home/filo/bumperbot_ws/install/bumperbot_localization/share/bumperbot_localization/package.xml
[1.586s] Invoked command in '/home/filo/bumperbot_ws/build/bumperbot_localization' returned '0': CMAKE_PREFIX_PATH=${CMAKE_PREFIX_PATH}:/home/filo/bumperbot_ws/install/bumperbot_py_examples:/opt/ros/humble /usr/bin/cmake --install /home/filo/bumperbot_ws/build/bumperbot_localization
