[0.057s] Invoking command in '/home/filo/bumperbot_ws/build/bumperbot_controller': CMAKE_PREFIX_PATH=${CMAKE_PREFIX_PATH}:/home/filo/bumperbot_ws/install/bumperbot_py_examples:/opt/ros/humble /usr/bin/cmake --build /home/filo/bumperbot_ws/build/bumperbot_controller -- -j8 -l8
[0.202s] Built target ament_cmake_python_copy_bumperbot_controller
[0.858s] running egg_info
[0.859s] writing bumperbot_controller.egg-info/PKG-INFO
[0.860s] writing dependency_links to bumperbot_controller.egg-info/dependency_links.txt
[0.860s] writing top-level names to bumperbot_controller.egg-info/top_level.txt
[0.864s] reading manifest file 'bumperbot_controller.egg-info/SOURCES.txt'
[0.865s] writing manifest file 'bumperbot_controller.egg-info/SOURCES.txt'
[0.907s] Built target ament_cmake_python_build_bumperbot_controller_egg
[0.924s] Invoked command in '/home/filo/bumperbot_ws/build/bumperbot_controller' returned '0': CMAKE_PREFIX_PATH=${CMAKE_PREFIX_PATH}:/home/filo/bumperbot_ws/install/bumperbot_py_examples:/opt/ros/humble /usr/bin/cmake --build /home/filo/bumperbot_ws/build/bumperbot_controller -- -j8 -l8
[0.964s] Invoking command in '/home/filo/bumperbot_ws/build/bumperbot_controller': CMAKE_PREFIX_PATH=${CMAKE_PREFIX_PATH}:/home/filo/bumperbot_ws/install/bumperbot_py_examples:/opt/ros/humble /usr/bin/cmake --install /home/filo/bumperbot_ws/build/bumperbot_controller
[0.975s] -- Install configuration: ""
[0.976s] -- Up-to-date: /home/filo/bumperbot_ws/install/bumperbot_controller/share/bumperbot_controller/environment/pythonpath.sh
[0.976s] -- Up-to-date: /home/filo/bumperbot_ws/install/bumperbot_controller/share/bumperbot_controller/environment/pythonpath.dsv
[0.977s] -- Up-to-date: /home/filo/bumperbot_ws/install/bumperbot_controller/local/lib/python3.10/dist-packages/bumperbot_controller-0.0.0-py3.10.egg-info
[0.977s] -- Installing: /home/filo/bumperbot_ws/install/bumperbot_controller/local/lib/python3.10/dist-packages/bumperbot_controller-0.0.0-py3.10.egg-info/top_level.txt
[0.978s] -- Installing: /home/filo/bumperbot_ws/install/bumperbot_controller/local/lib/python3.10/dist-packages/bumperbot_controller-0.0.0-py3.10.egg-info/PKG-INFO
[0.978s] -- Installing: /home/filo/bumperbot_ws/install/bumperbot_controller/local/lib/python3.10/dist-packages/bumperbot_controller-0.0.0-py3.10.egg-info/SOURCES.txt
[0.978s] -- Installing: /home/filo/bumperbot_ws/install/bumperbot_controller/local/lib/python3.10/dist-packages/bumperbot_controller-0.0.0-py3.10.egg-info/dependency_links.txt
[0.978s] -- Up-to-date: /home/filo/bumperbot_ws/install/bumperbot_controller/local/lib/python3.10/dist-packages/bumperbot_controller
[0.978s] -- Up-to-date: /home/filo/bumperbot_ws/install/bumperbot_controller/local/lib/python3.10/dist-packages/bumperbot_controller/__init__.py
[0.979s] -- Up-to-date: /home/filo/bumperbot_ws/install/bumperbot_controller/local/lib/python3.10/dist-packages/bumperbot_controller/simple_controller.py
[0.979s] -- Up-to-date: /home/filo/bumperbot_ws/install/bumperbot_controller/local/lib/python3.10/dist-packages/bumperbot_controller/noisy_controller.py
[1.038s] Listing '/home/filo/bumperbot_ws/install/bumperbot_controller/local/lib/python3.10/dist-packages/bumperbot_controller'...
[1.046s] -- Up-to-date: /home/filo/bumperbot_ws/install/bumperbot_controller/share/bumperbot_controller/config
[1.047s] -- Up-to-date: /home/filo/bumperbot_ws/install/bumperbot_controller/share/bumperbot_controller/config/bumperbot_controllers.yaml
[1.047s] -- Up-to-date: /home/filo/bumperbot_ws/install/bumperbot_controller/share/bumperbot_controller/config/joy_teleop.yaml
[1.047s] -- Up-to-date: /home/filo/bumperbot_ws/install/bumperbot_controller/share/bumperbot_controller/config/joy_config.yaml
[1.047s] -- Up-to-date: /home/filo/bumperbot_ws/install/bumperbot_controller/share/bumperbot_controller/launch
[1.048s] -- Up-to-date: /home/filo/bumperbot_ws/install/bumperbot_controller/share/bumperbot_controller/launch/controller.launch.py
[1.048s] -- Up-to-date: /home/filo/bumperbot_ws/install/bumperbot_controller/share/bumperbot_controller/launch/joystick_teleop.launch.py
[1.048s] -- Up-to-date: /home/filo/bumperbot_ws/install/bumperbot_controller/lib/bumperbot_controller/simple_controller.py
[1.048s] -- Up-to-date: /home/filo/bumperbot_ws/install/bumperbot_controller/lib/bumperbot_controller/noisy_controller.py
[1.049s] -- Up-to-date: /home/filo/bumperbot_ws/install/bumperbot_controller/share/ament_index/resource_index/package_run_dependencies/bumperbot_controller
[1.049s] -- Up-to-date: /home/filo/bumperbot_ws/install/bumperbot_controller/share/ament_index/resource_index/parent_prefix_path/bumperbot_controller
[1.049s] -- Up-to-date: /home/filo/bumperbot_ws/install/bumperbot_controller/share/bumperbot_controller/environment/ament_prefix_path.sh
[1.049s] -- Up-to-date: /home/filo/bumperbot_ws/install/bumperbot_controller/share/bumperbot_controller/environment/ament_prefix_path.dsv
[1.050s] -- Up-to-date: /home/filo/bumperbot_ws/install/bumperbot_controller/share/bumperbot_controller/environment/path.sh
[1.050s] -- Up-to-date: /home/filo/bumperbot_ws/install/bumperbot_controller/share/bumperbot_controller/environment/path.dsv
[1.050s] -- Up-to-date: /home/filo/bumperbot_ws/install/bumperbot_controller/share/bumperbot_controller/local_setup.bash
[1.050s] -- Up-to-date: /home/filo/bumperbot_ws/install/bumperbot_controller/share/bumperbot_controller/local_setup.sh
[1.050s] -- Up-to-date: /home/filo/bumperbot_ws/install/bumperbot_controller/share/bumperbot_controller/local_setup.zsh
[1.050s] -- Up-to-date: /home/filo/bumperbot_ws/install/bumperbot_controller/share/bumperbot_controller/local_setup.dsv
[1.050s] -- Installing: /home/filo/bumperbot_ws/install/bumperbot_controller/share/bumperbot_controller/package.dsv
[1.051s] -- Up-to-date: /home/filo/bumperbot_ws/install/bumperbot_controller/share/ament_index/resource_index/packages/bumperbot_controller
[1.051s] -- Up-to-date: /home/filo/bumperbot_ws/install/bumperbot_controller/share/bumperbot_controller/cmake/bumperbot_controllerConfig.cmake
[1.051s] -- Up-to-date: /home/filo/bumperbot_ws/install/bumperbot_controller/share/bumperbot_controller/cmake/bumperbot_controllerConfig-version.cmake
[1.051s] -- Up-to-date: /home/filo/bumperbot_ws/install/bumperbot_controller/share/bumperbot_controller/package.xml
[1.054s] Invoked command in '/home/filo/bumperbot_ws/build/bumperbot_controller' returned '0': CMAKE_PREFIX_PATH=${CMAKE_PREFIX_PATH}:/home/filo/bumperbot_ws/install/bumperbot_py_examples:/opt/ros/humble /usr/bin/cmake --install /home/filo/bumperbot_ws/build/bumperbot_controller
