[0.262s] Invoking command in '/home/filo/bumperbot_ws/build/bumperbot_description': CMAKE_PREFIX_PATH=${CMAKE_PREFIX_PATH}:/home/filo/bumperbot_ws/install/bumperbot_py_examples:/opt/ros/humble /usr/bin/cmake --build /home/filo/bumperbot_ws/build/bumperbot_description -- -j8 -l8
[0.753s] Invoked command in '/home/filo/bumperbot_ws/build/bumperbot_description' returned '0': CMAKE_PREFIX_PATH=${CMAKE_PREFIX_PATH}:/home/filo/bumperbot_ws/install/bumperbot_py_examples:/opt/ros/humble /usr/bin/cmake --build /home/filo/bumperbot_ws/build/bumperbot_description -- -j8 -l8
[0.782s] Invoking command in '/home/filo/bumperbot_ws/build/bumperbot_description': CMAKE_PREFIX_PATH=${CMAKE_PREFIX_PATH}:/home/filo/bumperbot_ws/install/bumperbot_py_examples:/opt/ros/humble /usr/bin/cmake --install /home/filo/bumperbot_ws/build/bumperbot_description
[0.811s] -- Install configuration: ""
[0.834s] -- Up-to-date: /home/filo/bumperbot_ws/install/bumperbot_description/share/bumperbot_description/meshes
[0.834s] -- Up-to-date: /home/filo/bumperbot_ws/install/bumperbot_description/share/bumperbot_description/meshes/caster_rear_link.STL
[0.834s] -- Up-to-date: /home/filo/bumperbot_ws/install/bumperbot_description/share/bumperbot_description/meshes/imu_link.STL
[0.835s] -- Up-to-date: /home/filo/bumperbot_ws/install/bumperbot_description/share/bumperbot_description/meshes/caster_front_link.STL
[0.836s] -- Up-to-date: /home/filo/bumperbot_ws/install/bumperbot_description/share/bumperbot_description/meshes/base_link.STL
[0.836s] -- Up-to-date: /home/filo/bumperbot_ws/install/bumperbot_description/share/bumperbot_description/meshes/wheel_left_link.STL
[0.836s] -- Up-to-date: /home/filo/bumperbot_ws/install/bumperbot_description/share/bumperbot_description/meshes/camera_link.stl
[0.836s] -- Up-to-date: /home/filo/bumperbot_ws/install/bumperbot_description/share/bumperbot_description/meshes/wheel_right_link.STL
[0.837s] -- Up-to-date: /home/filo/bumperbot_ws/install/bumperbot_description/share/bumperbot_description/urdf
[0.837s] -- Up-to-date: /home/filo/bumperbot_ws/install/bumperbot_description/share/bumperbot_description/urdf/bumperbot_gazebo.xacro
[0.837s] -- Up-to-date: /home/filo/bumperbot_ws/install/bumperbot_description/share/bumperbot_description/urdf/bumperbot_ros2_control.xacro
[0.837s] -- Up-to-date: /home/filo/bumperbot_ws/install/bumperbot_description/share/bumperbot_description/urdf/bumperbot.udrf.xacro
[0.837s] -- Up-to-date: /home/filo/bumperbot_ws/install/bumperbot_description/share/bumperbot_description/launch
[0.838s] -- Up-to-date: /home/filo/bumperbot_ws/install/bumperbot_description/share/bumperbot_description/launch/gazebo.launch.py
[0.838s] -- Up-to-date: /home/filo/bumperbot_ws/install/bumperbot_description/share/bumperbot_description/launch/display.launch.py
[0.838s] -- Up-to-date: /home/filo/bumperbot_ws/install/bumperbot_description/share/bumperbot_description/rviz
[0.838s] -- Up-to-date: /home/filo/bumperbot_ws/install/bumperbot_description/share/bumperbot_description/rviz/display.rviz
[0.838s] -- Up-to-date: /home/filo/bumperbot_ws/install/bumperbot_description/share/ament_index/resource_index/package_run_dependencies/bumperbot_description
[0.838s] -- Up-to-date: /home/filo/bumperbot_ws/install/bumperbot_description/share/ament_index/resource_index/parent_prefix_path/bumperbot_description
[0.839s] -- Up-to-date: /home/filo/bumperbot_ws/install/bumperbot_description/share/bumperbot_description/environment/ament_prefix_path.sh
[0.839s] -- Up-to-date: /home/filo/bumperbot_ws/install/bumperbot_description/share/bumperbot_description/environment/ament_prefix_path.dsv
[0.839s] -- Up-to-date: /home/filo/bumperbot_ws/install/bumperbot_description/share/bumperbot_description/environment/path.sh
[0.839s] -- Up-to-date: /home/filo/bumperbot_ws/install/bumperbot_description/share/bumperbot_description/environment/path.dsv
[0.839s] -- Up-to-date: /home/filo/bumperbot_ws/install/bumperbot_description/share/bumperbot_description/local_setup.bash
[0.839s] -- Up-to-date: /home/filo/bumperbot_ws/install/bumperbot_description/share/bumperbot_description/local_setup.sh
[0.839s] -- Up-to-date: /home/filo/bumperbot_ws/install/bumperbot_description/share/bumperbot_description/local_setup.zsh
[0.839s] -- Up-to-date: /home/filo/bumperbot_ws/install/bumperbot_description/share/bumperbot_description/local_setup.dsv
[0.840s] -- Installing: /home/filo/bumperbot_ws/install/bumperbot_description/share/bumperbot_description/package.dsv
[0.945s] -- Up-to-date: /home/filo/bumperbot_ws/install/bumperbot_description/share/ament_index/resource_index/packages/bumperbot_description
[0.946s] -- Up-to-date: /home/filo/bumperbot_ws/install/bumperbot_description/share/bumperbot_description/cmake/bumperbot_descriptionConfig.cmake
[0.946s] -- Up-to-date: /home/filo/bumperbot_ws/install/bumperbot_description/share/bumperbot_description/cmake/bumperbot_descriptionConfig-version.cmake
[0.947s] -- Up-to-date: /home/filo/bumperbot_ws/install/bumperbot_description/share/bumperbot_description/package.xml
[1.248s] Invoked command in '/home/filo/bumperbot_ws/build/bumperbot_description' returned '0': CMAKE_PREFIX_PATH=${CMAKE_PREFIX_PATH}:/home/filo/bumperbot_ws/install/bumperbot_py_examples:/opt/ros/humble /usr/bin/cmake --install /home/filo/bumperbot_ws/build/bumperbot_description
