[0.048s] Invoking command in '/home/filo/bumperbot_ws/build/bumperbot_msgs': CMAKE_PREFIX_PATH=${CMAKE_PREFIX_PATH}:/home/filo/bumperbot_ws/install/bumperbot_py_examples:/opt/ros/humble /usr/bin/cmake --build /home/filo/bumperbot_ws/build/bumperbot_msgs -- -j8 -l8
[0.153s] [  2%] Built target bumperbot_msgs__cpp
[0.160s] [ 12%] Built target bumperbot_msgs__rosidl_generator_c
[0.182s] [ 12%] Built target ament_cmake_python_copy_bumperbot_msgs
[0.224s] [ 33%] Built target bumperbot_msgs__rosidl_typesupport_introspection_cpp
[0.225s] [ 30%] Built target bumperbot_msgs__rosidl_typesupport_cpp
[0.227s] [ 43%] Built target bumperbot_msgs__rosidl_typesupport_fastrtps_c
[0.260s] [ 53%] Built target bumperbot_msgs__rosidl_typesupport_introspection_c
[0.263s] [ 64%] Built target bumperbot_msgs__rosidl_typesupport_c
[0.265s] [ 74%] Built target bumperbot_msgs__rosidl_typesupport_fastrtps_cpp
[0.312s] [ 74%] Built target bumperbot_msgs
[0.360s] [ 76%] Built target bumperbot_msgs__py
[0.411s] [ 84%] Built target bumperbot_msgs__rosidl_generator_py
[0.461s] [ 94%] Built target bumperbot_msgs__rosidl_typesupport_fastrtps_c__pyext
[0.462s] [ 94%] Built target bumperbot_msgs__rosidl_typesupport_c__pyext
[0.462s] [100%] Built target bumperbot_msgs__rosidl_typesupport_introspection_c__pyext
[0.823s] running egg_info
[0.824s] writing bumperbot_msgs.egg-info/PKG-INFO
[0.824s] writing dependency_links to bumperbot_msgs.egg-info/dependency_links.txt
[0.825s] writing top-level names to bumperbot_msgs.egg-info/top_level.txt
[0.830s] reading manifest file 'bumperbot_msgs.egg-info/SOURCES.txt'
[0.831s] writing manifest file 'bumperbot_msgs.egg-info/SOURCES.txt'
[0.876s] [100%] Built target ament_cmake_python_build_bumperbot_msgs_egg
[0.895s] Invoked command in '/home/filo/bumperbot_ws/build/bumperbot_msgs' returned '0': CMAKE_PREFIX_PATH=${CMAKE_PREFIX_PATH}:/home/filo/bumperbot_ws/install/bumperbot_py_examples:/opt/ros/humble /usr/bin/cmake --build /home/filo/bumperbot_ws/build/bumperbot_msgs -- -j8 -l8
[1.045s] Invoking command in '/home/filo/bumperbot_ws/build/bumperbot_msgs': CMAKE_PREFIX_PATH=${CMAKE_PREFIX_PATH}:/home/filo/bumperbot_ws/install/bumperbot_py_examples:/opt/ros/humble /usr/bin/cmake --install /home/filo/bumperbot_ws/build/bumperbot_msgs
[1.059s] -- Install configuration: ""
[1.060s] -- Up-to-date: /home/filo/bumperbot_ws/install/bumperbot_msgs/share/ament_index/resource_index/rosidl_interfaces/bumperbot_msgs
[1.060s] -- Up-to-date: /home/filo/bumperbot_ws/install/bumperbot_msgs/include/bumperbot_msgs/bumperbot_msgs
[1.060s] -- Up-to-date: /home/filo/bumperbot_ws/install/bumperbot_msgs/include/bumperbot_msgs/bumperbot_msgs/srv
[1.060s] -- Up-to-date: /home/filo/bumperbot_ws/install/bumperbot_msgs/include/bumperbot_msgs/bumperbot_msgs/srv/get_transform.h
[1.061s] -- Up-to-date: /home/filo/bumperbot_ws/install/bumperbot_msgs/include/bumperbot_msgs/bumperbot_msgs/srv/add_two_ints.h
[1.061s] -- Up-to-date: /home/filo/bumperbot_ws/install/bumperbot_msgs/include/bumperbot_msgs/bumperbot_msgs/srv/detail
[1.061s] -- Up-to-date: /home/filo/bumperbot_ws/install/bumperbot_msgs/include/bumperbot_msgs/bumperbot_msgs/srv/detail/add_two_ints__type_support.h
[1.062s] -- Up-to-date: /home/filo/bumperbot_ws/install/bumperbot_msgs/include/bumperbot_msgs/bumperbot_msgs/srv/detail/add_two_ints__functions.h
[1.062s] -- Up-to-date: /home/filo/bumperbot_ws/install/bumperbot_msgs/include/bumperbot_msgs/bumperbot_msgs/srv/detail/get_transform__type_support.h
[1.062s] -- Up-to-date: /home/filo/bumperbot_ws/install/bumperbot_msgs/include/bumperbot_msgs/bumperbot_msgs/srv/detail/add_two_ints__struct.h
[1.062s] -- Up-to-date: /home/filo/bumperbot_ws/install/bumperbot_msgs/include/bumperbot_msgs/bumperbot_msgs/srv/detail/get_transform__functions.c
[1.063s] -- Up-to-date: /home/filo/bumperbot_ws/install/bumperbot_msgs/include/bumperbot_msgs/bumperbot_msgs/srv/detail/get_transform__functions.h
[1.063s] -- Up-to-date: /home/filo/bumperbot_ws/install/bumperbot_msgs/include/bumperbot_msgs/bumperbot_msgs/srv/detail/get_transform__struct.h
[1.063s] -- Up-to-date: /home/filo/bumperbot_ws/install/bumperbot_msgs/include/bumperbot_msgs/bumperbot_msgs/srv/detail/add_two_ints__functions.c
[1.063s] -- Up-to-date: /home/filo/bumperbot_ws/install/bumperbot_msgs/include/bumperbot_msgs/bumperbot_msgs/msg
[1.064s] -- Up-to-date: /home/filo/bumperbot_ws/install/bumperbot_msgs/include/bumperbot_msgs/bumperbot_msgs/msg/rosidl_generator_c__visibility_control.h
[1.065s] -- Up-to-date: /home/filo/bumperbot_ws/install/bumperbot_msgs/share/bumperbot_msgs/environment/library_path.sh
[1.065s] -- Up-to-date: /home/filo/bumperbot_ws/install/bumperbot_msgs/share/bumperbot_msgs/environment/library_path.dsv
[1.066s] -- Up-to-date: /home/filo/bumperbot_ws/install/bumperbot_msgs/lib/libbumperbot_msgs__rosidl_generator_c.so
[1.066s] -- Up-to-date: /home/filo/bumperbot_ws/install/bumperbot_msgs/include/bumperbot_msgs/bumperbot_msgs
[1.067s] -- Up-to-date: /home/filo/bumperbot_ws/install/bumperbot_msgs/include/bumperbot_msgs/bumperbot_msgs/srv
[1.067s] -- Up-to-date: /home/filo/bumperbot_ws/install/bumperbot_msgs/include/bumperbot_msgs/bumperbot_msgs/srv/detail
[1.068s] -- Up-to-date: /home/filo/bumperbot_ws/install/bumperbot_msgs/include/bumperbot_msgs/bumperbot_msgs/srv/detail/add_two_ints__rosidl_typesupport_fastrtps_c.h
[1.068s] -- Up-to-date: /home/filo/bumperbot_ws/install/bumperbot_msgs/include/bumperbot_msgs/bumperbot_msgs/srv/detail/get_transform__rosidl_typesupport_fastrtps_c.h
[1.068s] -- Up-to-date: /home/filo/bumperbot_ws/install/bumperbot_msgs/include/bumperbot_msgs/bumperbot_msgs/msg
[1.069s] -- Up-to-date: /home/filo/bumperbot_ws/install/bumperbot_msgs/include/bumperbot_msgs/bumperbot_msgs/msg/rosidl_typesupport_fastrtps_c__visibility_control.h
[1.069s] -- Up-to-date: /home/filo/bumperbot_ws/install/bumperbot_msgs/lib/libbumperbot_msgs__rosidl_typesupport_fastrtps_c.so
[1.069s] -- Up-to-date: /home/filo/bumperbot_ws/install/bumperbot_msgs/include/bumperbot_msgs/bumperbot_msgs
[1.070s] -- Up-to-date: /home/filo/bumperbot_ws/install/bumperbot_msgs/include/bumperbot_msgs/bumperbot_msgs/srv
[1.070s] -- Up-to-date: /home/filo/bumperbot_ws/install/bumperbot_msgs/include/bumperbot_msgs/bumperbot_msgs/srv/add_two_ints.hpp
[1.071s] -- Up-to-date: /home/filo/bumperbot_ws/install/bumperbot_msgs/include/bumperbot_msgs/bumperbot_msgs/srv/get_transform.hpp
[1.071s] -- Up-to-date: /home/filo/bumperbot_ws/install/bumperbot_msgs/include/bumperbot_msgs/bumperbot_msgs/srv/detail
[1.072s] -- Up-to-date: /home/filo/bumperbot_ws/install/bumperbot_msgs/include/bumperbot_msgs/bumperbot_msgs/srv/detail/get_transform__struct.hpp
[1.072s] -- Up-to-date: /home/filo/bumperbot_ws/install/bumperbot_msgs/include/bumperbot_msgs/bumperbot_msgs/srv/detail/get_transform__builder.hpp
[1.072s] -- Up-to-date: /home/filo/bumperbot_ws/install/bumperbot_msgs/include/bumperbot_msgs/bumperbot_msgs/srv/detail/add_two_ints__builder.hpp
[1.072s] -- Up-to-date: /home/filo/bumperbot_ws/install/bumperbot_msgs/include/bumperbot_msgs/bumperbot_msgs/srv/detail/add_two_ints__traits.hpp
[1.072s] -- Up-to-date: /home/filo/bumperbot_ws/install/bumperbot_msgs/include/bumperbot_msgs/bumperbot_msgs/srv/detail/get_transform__traits.hpp
[1.072s] -- Up-to-date: /home/filo/bumperbot_ws/install/bumperbot_msgs/include/bumperbot_msgs/bumperbot_msgs/srv/detail/add_two_ints__struct.hpp
[1.073s] -- Up-to-date: /home/filo/bumperbot_ws/install/bumperbot_msgs/include/bumperbot_msgs/bumperbot_msgs
[1.073s] -- Up-to-date: /home/filo/bumperbot_ws/install/bumperbot_msgs/include/bumperbot_msgs/bumperbot_msgs/srv
[1.073s] -- Up-to-date: /home/filo/bumperbot_ws/install/bumperbot_msgs/include/bumperbot_msgs/bumperbot_msgs/srv/detail
[1.073s] -- Up-to-date: /home/filo/bumperbot_ws/install/bumperbot_msgs/include/bumperbot_msgs/bumperbot_msgs/srv/detail/get_transform__rosidl_typesupport_fastrtps_cpp.hpp
[1.074s] -- Up-to-date: /home/filo/bumperbot_ws/install/bumperbot_msgs/include/bumperbot_msgs/bumperbot_msgs/srv/detail/dds_fastrtps
[1.074s] -- Up-to-date: /home/filo/bumperbot_ws/install/bumperbot_msgs/include/bumperbot_msgs/bumperbot_msgs/srv/detail/add_two_ints__rosidl_typesupport_fastrtps_cpp.hpp
[1.074s] -- Up-to-date: /home/filo/bumperbot_ws/install/bumperbot_msgs/include/bumperbot_msgs/bumperbot_msgs/msg
[1.075s] -- Up-to-date: /home/filo/bumperbot_ws/install/bumperbot_msgs/include/bumperbot_msgs/bumperbot_msgs/msg/rosidl_typesupport_fastrtps_cpp__visibility_control.h
[1.075s] -- Up-to-date: /home/filo/bumperbot_ws/install/bumperbot_msgs/lib/libbumperbot_msgs__rosidl_typesupport_fastrtps_cpp.so
[1.075s] -- Up-to-date: /home/filo/bumperbot_ws/install/bumperbot_msgs/include/bumperbot_msgs/bumperbot_msgs
[1.075s] -- Up-to-date: /home/filo/bumperbot_ws/install/bumperbot_msgs/include/bumperbot_msgs/bumperbot_msgs/srv
[1.076s] -- Up-to-date: /home/filo/bumperbot_ws/install/bumperbot_msgs/include/bumperbot_msgs/bumperbot_msgs/srv/detail
[1.076s] -- Up-to-date: /home/filo/bumperbot_ws/install/bumperbot_msgs/include/bumperbot_msgs/bumperbot_msgs/srv/detail/get_transform__rosidl_typesupport_introspection_c.h
[1.076s] -- Up-to-date: /home/filo/bumperbot_ws/install/bumperbot_msgs/include/bumperbot_msgs/bumperbot_msgs/srv/detail/add_two_ints__rosidl_typesupport_introspection_c.h
[1.077s] -- Up-to-date: /home/filo/bumperbot_ws/install/bumperbot_msgs/include/bumperbot_msgs/bumperbot_msgs/srv/detail/add_two_ints__type_support.c
[1.077s] -- Up-to-date: /home/filo/bumperbot_ws/install/bumperbot_msgs/include/bumperbot_msgs/bumperbot_msgs/srv/detail/get_transform__type_support.c
[1.077s] -- Up-to-date: /home/filo/bumperbot_ws/install/bumperbot_msgs/include/bumperbot_msgs/bumperbot_msgs/msg
[1.078s] -- Up-to-date: /home/filo/bumperbot_ws/install/bumperbot_msgs/include/bumperbot_msgs/bumperbot_msgs/msg/rosidl_typesupport_introspection_c__visibility_control.h
[1.078s] -- Up-to-date: /home/filo/bumperbot_ws/install/bumperbot_msgs/lib/libbumperbot_msgs__rosidl_typesupport_introspection_c.so
[1.078s] -- Up-to-date: /home/filo/bumperbot_ws/install/bumperbot_msgs/lib/libbumperbot_msgs__rosidl_typesupport_c.so
[1.078s] -- Up-to-date: /home/filo/bumperbot_ws/install/bumperbot_msgs/include/bumperbot_msgs/bumperbot_msgs
[1.079s] -- Up-to-date: /home/filo/bumperbot_ws/install/bumperbot_msgs/include/bumperbot_msgs/bumperbot_msgs/srv
[1.079s] -- Up-to-date: /home/filo/bumperbot_ws/install/bumperbot_msgs/include/bumperbot_msgs/bumperbot_msgs/srv/detail
[1.079s] -- Up-to-date: /home/filo/bumperbot_ws/install/bumperbot_msgs/include/bumperbot_msgs/bumperbot_msgs/srv/detail/get_transform__rosidl_typesupport_introspection_cpp.hpp
[1.080s] -- Up-to-date: /home/filo/bumperbot_ws/install/bumperbot_msgs/include/bumperbot_msgs/bumperbot_msgs/srv/detail/get_transform__type_support.cpp
[1.080s] -- Up-to-date: /home/filo/bumperbot_ws/install/bumperbot_msgs/include/bumperbot_msgs/bumperbot_msgs/srv/detail/add_two_ints__rosidl_typesupport_introspection_cpp.hpp
[1.080s] -- Up-to-date: /home/filo/bumperbot_ws/install/bumperbot_msgs/include/bumperbot_msgs/bumperbot_msgs/srv/detail/add_two_ints__type_support.cpp
[1.081s] -- Up-to-date: /home/filo/bumperbot_ws/install/bumperbot_msgs/lib/libbumperbot_msgs__rosidl_typesupport_introspection_cpp.so
[1.084s] -- Up-to-date: /home/filo/bumperbot_ws/install/bumperbot_msgs/lib/libbumperbot_msgs__rosidl_typesupport_cpp.so
[1.084s] -- Up-to-date: /home/filo/bumperbot_ws/install/bumperbot_msgs/share/bumperbot_msgs/environment/pythonpath.sh
[1.084s] -- Up-to-date: /home/filo/bumperbot_ws/install/bumperbot_msgs/share/bumperbot_msgs/environment/pythonpath.dsv
[1.085s] -- Up-to-date: /home/filo/bumperbot_ws/install/bumperbot_msgs/local/lib/python3.10/dist-packages/bumperbot_msgs-0.0.0-py3.10.egg-info
[1.086s] -- Installing: /home/filo/bumperbot_ws/install/bumperbot_msgs/local/lib/python3.10/dist-packages/bumperbot_msgs-0.0.0-py3.10.egg-info/top_level.txt
[1.086s] -- Installing: /home/filo/bumperbot_ws/install/bumperbot_msgs/local/lib/python3.10/dist-packages/bumperbot_msgs-0.0.0-py3.10.egg-info/PKG-INFO
[1.086s] -- Installing: /home/filo/bumperbot_ws/install/bumperbot_msgs/local/lib/python3.10/dist-packages/bumperbot_msgs-0.0.0-py3.10.egg-info/SOURCES.txt
[1.087s] -- Installing: /home/filo/bumperbot_ws/install/bumperbot_msgs/local/lib/python3.10/dist-packages/bumperbot_msgs-0.0.0-py3.10.egg-info/dependency_links.txt
[1.087s] -- Up-to-date: /home/filo/bumperbot_ws/install/bumperbot_msgs/local/lib/python3.10/dist-packages/bumperbot_msgs
[1.088s] -- Up-to-date: /home/filo/bumperbot_ws/install/bumperbot_msgs/local/lib/python3.10/dist-packages/bumperbot_msgs/_bumperbot_msgs_s.ep.rosidl_typesupport_introspection_c.c
[1.089s] -- Up-to-date: /home/filo/bumperbot_ws/install/bumperbot_msgs/local/lib/python3.10/dist-packages/bumperbot_msgs/_bumperbot_msgs_s.ep.rosidl_typesupport_c.c
[1.090s] -- Up-to-date: /home/filo/bumperbot_ws/install/bumperbot_msgs/local/lib/python3.10/dist-packages/bumperbot_msgs/__init__.py
[1.090s] -- Up-to-date: /home/filo/bumperbot_ws/install/bumperbot_msgs/local/lib/python3.10/dist-packages/bumperbot_msgs/bumperbot_msgs_s__rosidl_typesupport_fastrtps_c.cpython-310-x86_64-linux-gnu.so
[1.091s] -- Up-to-date: /home/filo/bumperbot_ws/install/bumperbot_msgs/local/lib/python3.10/dist-packages/bumperbot_msgs/bumperbot_msgs_s__rosidl_typesupport_introspection_c.cpython-310-x86_64-linux-gnu.so
[1.091s] -- Up-to-date: /home/filo/bumperbot_ws/install/bumperbot_msgs/local/lib/python3.10/dist-packages/bumperbot_msgs/bumperbot_msgs_s__rosidl_typesupport_c.cpython-310-x86_64-linux-gnu.so
[1.092s] -- Up-to-date: /home/filo/bumperbot_ws/install/bumperbot_msgs/local/lib/python3.10/dist-packages/bumperbot_msgs/libbumperbot_msgs__rosidl_generator_py.so
[1.092s] -- Up-to-date: /home/filo/bumperbot_ws/install/bumperbot_msgs/local/lib/python3.10/dist-packages/bumperbot_msgs/_bumperbot_msgs_s.ep.rosidl_typesupport_fastrtps_c.c
[1.093s] -- Up-to-date: /home/filo/bumperbot_ws/install/bumperbot_msgs/local/lib/python3.10/dist-packages/bumperbot_msgs/srv
[1.094s] -- Up-to-date: /home/filo/bumperbot_ws/install/bumperbot_msgs/local/lib/python3.10/dist-packages/bumperbot_msgs/srv/_add_two_ints.py
[1.094s] -- Up-to-date: /home/filo/bumperbot_ws/install/bumperbot_msgs/local/lib/python3.10/dist-packages/bumperbot_msgs/srv/_get_transform.py
[1.097s] -- Up-to-date: /home/filo/bumperbot_ws/install/bumperbot_msgs/local/lib/python3.10/dist-packages/bumperbot_msgs/srv/_add_two_ints_s.c
[1.098s] -- Up-to-date: /home/filo/bumperbot_ws/install/bumperbot_msgs/local/lib/python3.10/dist-packages/bumperbot_msgs/srv/__init__.py
[1.098s] -- Up-to-date: /home/filo/bumperbot_ws/install/bumperbot_msgs/local/lib/python3.10/dist-packages/bumperbot_msgs/srv/_get_transform_s.c
[1.139s] Listing '/home/filo/bumperbot_ws/install/bumperbot_msgs/local/lib/python3.10/dist-packages/bumperbot_msgs'...
[1.139s] Listing '/home/filo/bumperbot_ws/install/bumperbot_msgs/local/lib/python3.10/dist-packages/bumperbot_msgs/srv'...
[1.147s] -- Up-to-date: /home/filo/bumperbot_ws/install/bumperbot_msgs/local/lib/python3.10/dist-packages/bumperbot_msgs/bumperbot_msgs_s__rosidl_typesupport_fastrtps_c.cpython-310-x86_64-linux-gnu.so
[1.148s] -- Up-to-date: /home/filo/bumperbot_ws/install/bumperbot_msgs/local/lib/python3.10/dist-packages/bumperbot_msgs/bumperbot_msgs_s__rosidl_typesupport_introspection_c.cpython-310-x86_64-linux-gnu.so
[1.149s] -- Up-to-date: /home/filo/bumperbot_ws/install/bumperbot_msgs/local/lib/python3.10/dist-packages/bumperbot_msgs/bumperbot_msgs_s__rosidl_typesupport_c.cpython-310-x86_64-linux-gnu.so
[1.149s] -- Up-to-date: /home/filo/bumperbot_ws/install/bumperbot_msgs/lib/libbumperbot_msgs__rosidl_generator_py.so
[1.150s] -- Up-to-date: /home/filo/bumperbot_ws/install/bumperbot_msgs/share/bumperbot_msgs/srv/AddTwoInts.idl
[1.150s] -- Up-to-date: /home/filo/bumperbot_ws/install/bumperbot_msgs/share/bumperbot_msgs/srv/GetTransform.idl
[1.151s] -- Up-to-date: /home/filo/bumperbot_ws/install/bumperbot_msgs/share/bumperbot_msgs/srv/AddTwoInts.srv
[1.151s] -- Up-to-date: /home/filo/bumperbot_ws/install/bumperbot_msgs/share/bumperbot_msgs/srv/AddTwoInts_Request.msg
[1.151s] -- Up-to-date: /home/filo/bumperbot_ws/install/bumperbot_msgs/share/bumperbot_msgs/srv/AddTwoInts_Response.msg
[1.152s] -- Up-to-date: /home/filo/bumperbot_ws/install/bumperbot_msgs/share/bumperbot_msgs/srv/GetTransform.srv
[1.152s] -- Up-to-date: /home/filo/bumperbot_ws/install/bumperbot_msgs/share/bumperbot_msgs/srv/GetTransform_Request.msg
[1.152s] -- Up-to-date: /home/filo/bumperbot_ws/install/bumperbot_msgs/share/bumperbot_msgs/srv/GetTransform_Response.msg
[1.152s] -- Up-to-date: /home/filo/bumperbot_ws/install/bumperbot_msgs/share/ament_index/resource_index/package_run_dependencies/bumperbot_msgs
[1.153s] -- Up-to-date: /home/filo/bumperbot_ws/install/bumperbot_msgs/share/ament_index/resource_index/parent_prefix_path/bumperbot_msgs
[1.153s] -- Up-to-date: /home/filo/bumperbot_ws/install/bumperbot_msgs/share/bumperbot_msgs/environment/ament_prefix_path.sh
[1.153s] -- Up-to-date: /home/filo/bumperbot_ws/install/bumperbot_msgs/share/bumperbot_msgs/environment/ament_prefix_path.dsv
[1.153s] -- Up-to-date: /home/filo/bumperbot_ws/install/bumperbot_msgs/share/bumperbot_msgs/environment/path.sh
[1.154s] -- Up-to-date: /home/filo/bumperbot_ws/install/bumperbot_msgs/share/bumperbot_msgs/environment/path.dsv
[1.154s] -- Up-to-date: /home/filo/bumperbot_ws/install/bumperbot_msgs/share/bumperbot_msgs/local_setup.bash
[1.154s] -- Up-to-date: /home/filo/bumperbot_ws/install/bumperbot_msgs/share/bumperbot_msgs/local_setup.sh
[1.154s] -- Up-to-date: /home/filo/bumperbot_ws/install/bumperbot_msgs/share/bumperbot_msgs/local_setup.zsh
[1.155s] -- Up-to-date: /home/filo/bumperbot_ws/install/bumperbot_msgs/share/bumperbot_msgs/local_setup.dsv
[1.155s] -- Installing: /home/filo/bumperbot_ws/install/bumperbot_msgs/share/bumperbot_msgs/package.dsv
[1.155s] -- Up-to-date: /home/filo/bumperbot_ws/install/bumperbot_msgs/share/ament_index/resource_index/packages/bumperbot_msgs
[1.156s] -- Up-to-date: /home/filo/bumperbot_ws/install/bumperbot_msgs/share/bumperbot_msgs/cmake/export_bumperbot_msgs__rosidl_generator_cExport.cmake
[1.156s] -- Up-to-date: /home/filo/bumperbot_ws/install/bumperbot_msgs/share/bumperbot_msgs/cmake/export_bumperbot_msgs__rosidl_generator_cExport-noconfig.cmake
[1.156s] -- Up-to-date: /home/filo/bumperbot_ws/install/bumperbot_msgs/share/bumperbot_msgs/cmake/export_bumperbot_msgs__rosidl_typesupport_fastrtps_cExport.cmake
[1.156s] -- Up-to-date: /home/filo/bumperbot_ws/install/bumperbot_msgs/share/bumperbot_msgs/cmake/export_bumperbot_msgs__rosidl_typesupport_fastrtps_cExport-noconfig.cmake
[1.157s] -- Up-to-date: /home/filo/bumperbot_ws/install/bumperbot_msgs/share/bumperbot_msgs/cmake/export_bumperbot_msgs__rosidl_generator_cppExport.cmake
[1.157s] -- Up-to-date: /home/filo/bumperbot_ws/install/bumperbot_msgs/share/bumperbot_msgs/cmake/export_bumperbot_msgs__rosidl_typesupport_fastrtps_cppExport.cmake
[1.157s] -- Up-to-date: /home/filo/bumperbot_ws/install/bumperbot_msgs/share/bumperbot_msgs/cmake/export_bumperbot_msgs__rosidl_typesupport_fastrtps_cppExport-noconfig.cmake
[1.157s] -- Up-to-date: /home/filo/bumperbot_ws/install/bumperbot_msgs/share/bumperbot_msgs/cmake/bumperbot_msgs__rosidl_typesupport_introspection_cExport.cmake
[1.158s] -- Up-to-date: /home/filo/bumperbot_ws/install/bumperbot_msgs/share/bumperbot_msgs/cmake/bumperbot_msgs__rosidl_typesupport_introspection_cExport-noconfig.cmake
[1.158s] -- Up-to-date: /home/filo/bumperbot_ws/install/bumperbot_msgs/share/bumperbot_msgs/cmake/bumperbot_msgs__rosidl_typesupport_cExport.cmake
[1.158s] -- Up-to-date: /home/filo/bumperbot_ws/install/bumperbot_msgs/share/bumperbot_msgs/cmake/bumperbot_msgs__rosidl_typesupport_cExport-noconfig.cmake
[1.158s] -- Up-to-date: /home/filo/bumperbot_ws/install/bumperbot_msgs/share/bumperbot_msgs/cmake/bumperbot_msgs__rosidl_typesupport_introspection_cppExport.cmake
[1.158s] -- Up-to-date: /home/filo/bumperbot_ws/install/bumperbot_msgs/share/bumperbot_msgs/cmake/bumperbot_msgs__rosidl_typesupport_introspection_cppExport-noconfig.cmake
[1.159s] -- Up-to-date: /home/filo/bumperbot_ws/install/bumperbot_msgs/share/bumperbot_msgs/cmake/bumperbot_msgs__rosidl_typesupport_cppExport.cmake
[1.159s] -- Up-to-date: /home/filo/bumperbot_ws/install/bumperbot_msgs/share/bumperbot_msgs/cmake/bumperbot_msgs__rosidl_typesupport_cppExport-noconfig.cmake
[1.159s] -- Up-to-date: /home/filo/bumperbot_ws/install/bumperbot_msgs/share/bumperbot_msgs/cmake/export_bumperbot_msgs__rosidl_generator_pyExport.cmake
[1.159s] -- Up-to-date: /home/filo/bumperbot_ws/install/bumperbot_msgs/share/bumperbot_msgs/cmake/export_bumperbot_msgs__rosidl_generator_pyExport-noconfig.cmake
[1.160s] -- Up-to-date: /home/filo/bumperbot_ws/install/bumperbot_msgs/share/bumperbot_msgs/cmake/rosidl_cmake-extras.cmake
[1.160s] -- Up-to-date: /home/filo/bumperbot_ws/install/bumperbot_msgs/share/bumperbot_msgs/cmake/ament_cmake_export_dependencies-extras.cmake
[1.160s] -- Up-to-date: /home/filo/bumperbot_ws/install/bumperbot_msgs/share/bumperbot_msgs/cmake/ament_cmake_export_include_directories-extras.cmake
[1.160s] -- Up-to-date: /home/filo/bumperbot_ws/install/bumperbot_msgs/share/bumperbot_msgs/cmake/ament_cmake_export_libraries-extras.cmake
[1.160s] -- Up-to-date: /home/filo/bumperbot_ws/install/bumperbot_msgs/share/bumperbot_msgs/cmake/ament_cmake_export_targets-extras.cmake
[1.161s] -- Up-to-date: /home/filo/bumperbot_ws/install/bumperbot_msgs/share/bumperbot_msgs/cmake/rosidl_cmake_export_typesupport_targets-extras.cmake
[1.161s] -- Up-to-date: /home/filo/bumperbot_ws/install/bumperbot_msgs/share/bumperbot_msgs/cmake/rosidl_cmake_export_typesupport_libraries-extras.cmake
[1.161s] -- Up-to-date: /home/filo/bumperbot_ws/install/bumperbot_msgs/share/bumperbot_msgs/cmake/bumperbot_msgsConfig.cmake
[1.162s] -- Up-to-date: /home/filo/bumperbot_ws/install/bumperbot_msgs/share/bumperbot_msgs/cmake/bumperbot_msgsConfig-version.cmake
[1.163s] -- Up-to-date: /home/filo/bumperbot_ws/install/bumperbot_msgs/share/bumperbot_msgs/package.xml
[1.165s] Invoked command in '/home/filo/bumperbot_ws/build/bumperbot_msgs' returned '0': CMAKE_PREFIX_PATH=${CMAKE_PREFIX_PATH}:/home/filo/bumperbot_ws/install/bumperbot_py_examples:/opt/ros/humble /usr/bin/cmake --install /home/filo/bumperbot_ws/build/bumperbot_msgs
