[0.141s] Invoking command in '/home/filo/bumperbot_ws/build/bumperbot_controller': CMAKE_PREFIX_PATH=${CMAKE_PREFIX_PATH}:/home/filo/bumperbot_ws/install/bumperbot_py_examples:/opt/ros/humble /usr/bin/cmake --build /home/filo/bumperbot_ws/build/bumperbot_controller -- -j8 -l8
[1.194s] -- Found ament_cmake: 1.3.8 (/opt/ros/humble/share/ament_cmake/cmake)
[2.267s] -- Found rclpy: 3.3.12 (/opt/ros/humble/share/rclpy/cmake)
[2.283s] -- Found std_msgs: 4.2.3 (/opt/ros/humble/share/std_msgs/cmake)
[2.817s] -- Found rosidl_generator_c: 3.1.5 (/opt/ros/humble/share/rosidl_generator_c/cmake)
[2.886s] -- Found rosidl_adapter: 3.1.5 (/opt/ros/humble/share/rosidl_adapter/cmake)
[3.032s] -- Found rosidl_generator_cpp: 3.1.5 (/opt/ros/humble/share/rosidl_generator_cpp/cmake)
[3.163s] -- Using all available rosidl_typesupport_c: rosidl_typesupport_fastrtps_c;rosidl_typesupport_introspection_c
[3.269s] -- Using all available rosidl_typesupport_cpp: rosidl_typesupport_fastrtps_cpp;rosidl_typesupport_introspection_cpp
[3.616s] -- Found geometry_msgs: 4.2.3 (/opt/ros/humble/share/geometry_msgs/cmake)
[3.825s] -- Found sensor_msgs: 4.2.3 (/opt/ros/humble/share/sensor_msgs/cmake)
[4.095s] -- Found nav_msgs: 4.2.3 (/opt/ros/humble/share/nav_msgs/cmake)
[4.516s] -- Found ament_lint_auto: 0.12.10 (/opt/ros/humble/share/ament_lint_auto/cmake)
[4.785s] -- Added test 'flake8' to check Python code syntax and style conventions
[4.786s] -- Added test 'lint_cmake' to check CMake code style
[4.788s] -- Added test 'pep257' to check Python code against some of the docstring style conventions in PEP 257
[4.791s] -- Added test 'xmllint' to check XML markup files
[4.794s] -- Configuring done
[4.889s] -- Generating done
[4.893s] -- Build files have been written to: /home/filo/bumperbot_ws/build/bumperbot_controller
[4.965s] Built target ament_cmake_python_copy_bumperbot_controller
[5.477s] running egg_info
[5.479s] writing bumperbot_controller.egg-info/PKG-INFO
[5.479s] writing dependency_links to bumperbot_controller.egg-info/dependency_links.txt
[5.479s] writing top-level names to bumperbot_controller.egg-info/top_level.txt
[5.483s] reading manifest file 'bumperbot_controller.egg-info/SOURCES.txt'
[5.485s] writing manifest file 'bumperbot_controller.egg-info/SOURCES.txt'
[5.528s] Built target ament_cmake_python_build_bumperbot_controller_egg
[5.544s] Invoked command in '/home/filo/bumperbot_ws/build/bumperbot_controller' returned '0': CMAKE_PREFIX_PATH=${CMAKE_PREFIX_PATH}:/home/filo/bumperbot_ws/install/bumperbot_py_examples:/opt/ros/humble /usr/bin/cmake --build /home/filo/bumperbot_ws/build/bumperbot_controller -- -j8 -l8
[5.580s] Invoking command in '/home/filo/bumperbot_ws/build/bumperbot_controller': CMAKE_PREFIX_PATH=${CMAKE_PREFIX_PATH}:/home/filo/bumperbot_ws/install/bumperbot_py_examples:/opt/ros/humble /usr/bin/cmake --install /home/filo/bumperbot_ws/build/bumperbot_controller
[5.591s] -- Install configuration: ""
[5.592s] -- Up-to-date: /home/filo/bumperbot_ws/install/bumperbot_controller/share/bumperbot_controller/environment/pythonpath.sh
[5.592s] -- Installing: /home/filo/bumperbot_ws/install/bumperbot_controller/share/bumperbot_controller/environment/pythonpath.dsv
[5.592s] -- Up-to-date: /home/filo/bumperbot_ws/install/bumperbot_controller/local/lib/python3.10/dist-packages/bumperbot_controller-0.0.0-py3.10.egg-info
[5.592s] -- Installing: /home/filo/bumperbot_ws/install/bumperbot_controller/local/lib/python3.10/dist-packages/bumperbot_controller-0.0.0-py3.10.egg-info/top_level.txt
[5.592s] -- Installing: /home/filo/bumperbot_ws/install/bumperbot_controller/local/lib/python3.10/dist-packages/bumperbot_controller-0.0.0-py3.10.egg-info/PKG-INFO
[5.592s] -- Installing: /home/filo/bumperbot_ws/install/bumperbot_controller/local/lib/python3.10/dist-packages/bumperbot_controller-0.0.0-py3.10.egg-info/SOURCES.txt
[5.593s] -- Installing: /home/filo/bumperbot_ws/install/bumperbot_controller/local/lib/python3.10/dist-packages/bumperbot_controller-0.0.0-py3.10.egg-info/dependency_links.txt
[5.593s] -- Up-to-date: /home/filo/bumperbot_ws/install/bumperbot_controller/local/lib/python3.10/dist-packages/bumperbot_controller
[5.593s] -- Up-to-date: /home/filo/bumperbot_ws/install/bumperbot_controller/local/lib/python3.10/dist-packages/bumperbot_controller/__init__.py
[5.593s] -- Installing: /home/filo/bumperbot_ws/install/bumperbot_controller/local/lib/python3.10/dist-packages/bumperbot_controller/simple_controller.py
[5.684s] Listing '/home/filo/bumperbot_ws/install/bumperbot_controller/local/lib/python3.10/dist-packages/bumperbot_controller'...
[5.684s] Compiling '/home/filo/bumperbot_ws/install/bumperbot_controller/local/lib/python3.10/dist-packages/bumperbot_controller/simple_controller.py'...
[5.692s] -- Up-to-date: /home/filo/bumperbot_ws/install/bumperbot_controller/share/bumperbot_controller/config
[5.692s] -- Up-to-date: /home/filo/bumperbot_ws/install/bumperbot_controller/share/bumperbot_controller/config/bumperbot_controllers.yaml
[5.692s] -- Up-to-date: /home/filo/bumperbot_ws/install/bumperbot_controller/share/bumperbot_controller/config/joy_teleop.yaml
[5.692s] -- Up-to-date: /home/filo/bumperbot_ws/install/bumperbot_controller/share/bumperbot_controller/config/joy_config.yaml
[5.693s] -- Up-to-date: /home/filo/bumperbot_ws/install/bumperbot_controller/share/bumperbot_controller/launch
[5.693s] -- Up-to-date: /home/filo/bumperbot_ws/install/bumperbot_controller/share/bumperbot_controller/launch/controller.launch.py
[5.693s] -- Up-to-date: /home/filo/bumperbot_ws/install/bumperbot_controller/share/bumperbot_controller/launch/joystick_teleop.launch.py
[5.693s] -- Installing: /home/filo/bumperbot_ws/install/bumperbot_controller/lib/bumperbot_controller/simple_controller.py
[5.693s] -- Installing: /home/filo/bumperbot_ws/install/bumperbot_controller/share/ament_index/resource_index/package_run_dependencies/bumperbot_controller
[5.694s] -- Up-to-date: /home/filo/bumperbot_ws/install/bumperbot_controller/share/ament_index/resource_index/parent_prefix_path/bumperbot_controller
[5.694s] -- Up-to-date: /home/filo/bumperbot_ws/install/bumperbot_controller/share/bumperbot_controller/environment/ament_prefix_path.sh
[5.694s] -- Installing: /home/filo/bumperbot_ws/install/bumperbot_controller/share/bumperbot_controller/environment/ament_prefix_path.dsv
[5.694s] -- Up-to-date: /home/filo/bumperbot_ws/install/bumperbot_controller/share/bumperbot_controller/environment/path.sh
[5.694s] -- Installing: /home/filo/bumperbot_ws/install/bumperbot_controller/share/bumperbot_controller/environment/path.dsv
[5.694s] -- Up-to-date: /home/filo/bumperbot_ws/install/bumperbot_controller/share/bumperbot_controller/local_setup.bash
[5.694s] -- Up-to-date: /home/filo/bumperbot_ws/install/bumperbot_controller/share/bumperbot_controller/local_setup.sh
[5.695s] -- Up-to-date: /home/filo/bumperbot_ws/install/bumperbot_controller/share/bumperbot_controller/local_setup.zsh
[5.695s] -- Installing: /home/filo/bumperbot_ws/install/bumperbot_controller/share/bumperbot_controller/local_setup.dsv
[5.695s] -- Installing: /home/filo/bumperbot_ws/install/bumperbot_controller/share/bumperbot_controller/package.dsv
[5.695s] -- Up-to-date: /home/filo/bumperbot_ws/install/bumperbot_controller/share/ament_index/resource_index/packages/bumperbot_controller
[5.695s] -- Up-to-date: /home/filo/bumperbot_ws/install/bumperbot_controller/share/bumperbot_controller/cmake/bumperbot_controllerConfig.cmake
[5.695s] -- Up-to-date: /home/filo/bumperbot_ws/install/bumperbot_controller/share/bumperbot_controller/cmake/bumperbot_controllerConfig-version.cmake
[5.695s] -- Installing: /home/filo/bumperbot_ws/install/bumperbot_controller/share/bumperbot_controller/package.xml
[5.698s] Invoked command in '/home/filo/bumperbot_ws/build/bumperbot_controller' returned '0': CMAKE_PREFIX_PATH=${CMAKE_PREFIX_PATH}:/home/filo/bumperbot_ws/install/bumperbot_py_examples:/opt/ros/humble /usr/bin/cmake --install /home/filo/bumperbot_ws/build/bumperbot_controller
