[2.066s] Invoking command in '/home/filo/bumperbot_ws/src/bumperbot_py_examples': CMAKE_PREFIX_PATH=/home/filo/bumperbot_ws/install/bumperbot_msgs:/home/filo/bumperbot_ws/install/v4l2_camera:/home/filo/bumperbot_ws/install/bumperbot_localization:/home/filo/bumperbot_ws/install/bumperbot_controller:/home/filo/bumperbot_ws/install/bumperbot_description:/home/filo/bumperbot_ws/install/bumperbot_cpp_examples LD_LIBRARY_PATH=/home/filo/bumperbot_ws/install/bumperbot_msgs/lib:/home/filo/bumperbot_ws/install/v4l2_camera/lib:/usr/lib/x86_64-linux-gnu/gazebo-11/plugins:/opt/ros/humble/opt/rviz_ogre_vendor/lib:/opt/ros/humble/lib/x86_64-linux-gnu:/opt/ros/humble/lib PYTHONPATH=/home/filo/bumperbot_ws/build/bumperbot_py_examples/prefix_override:/home/filo/bumperbot_ws/install/bumperbot_py_examples/lib/python3.10/site-packages:${PYTHONPATH} /usr/bin/python3 -W ignore:setup.py install is deprecated setup.py egg_info --egg-base ../../build/bumperbot_py_examples build --build-base /home/filo/bumperbot_ws/build/bumperbot_py_examples/build install --record /home/filo/bumperbot_ws/build/bumperbot_py_examples/install.log --single-version-externally-managed install_data
[3.029s] running egg_info
[3.031s] writing ../../build/bumperbot_py_examples/bumperbot_py_examples.egg-info/PKG-INFO
[3.031s] writing dependency_links to ../../build/bumperbot_py_examples/bumperbot_py_examples.egg-info/dependency_links.txt
[3.033s] writing entry points to ../../build/bumperbot_py_examples/bumperbot_py_examples.egg-info/entry_points.txt
[3.036s] writing requirements to ../../build/bumperbot_py_examples/bumperbot_py_examples.egg-info/requires.txt
[3.037s] writing top-level names to ../../build/bumperbot_py_examples/bumperbot_py_examples.egg-info/top_level.txt
[3.141s] reading manifest file '../../build/bumperbot_py_examples/bumperbot_py_examples.egg-info/SOURCES.txt'
[3.147s] writing manifest file '../../build/bumperbot_py_examples/bumperbot_py_examples.egg-info/SOURCES.txt'
[3.149s] running build
[3.150s] running build_py
[3.153s] running install
[3.155s] running install_lib
[3.165s] running install_data
[3.165s] running install_egg_info
[3.169s] removing '/home/filo/bumperbot_ws/install/bumperbot_py_examples/lib/python3.10/site-packages/bumperbot_py_examples-0.0.0-py3.10.egg-info' (and everything under it)
[3.170s] Copying ../../build/bumperbot_py_examples/bumperbot_py_examples.egg-info to /home/filo/bumperbot_ws/install/bumperbot_py_examples/lib/python3.10/site-packages/bumperbot_py_examples-0.0.0-py3.10.egg-info
[3.172s] running install_scripts
[3.249s] Installing simple_parameter script to /home/filo/bumperbot_ws/install/bumperbot_py_examples/lib/bumperbot_py_examples
[3.250s] Installing simple_publisher script to /home/filo/bumperbot_ws/install/bumperbot_py_examples/lib/bumperbot_py_examples
[3.250s] Installing simple_service_client script to /home/filo/bumperbot_ws/install/bumperbot_py_examples/lib/bumperbot_py_examples
[3.250s] Installing simple_service_server script to /home/filo/bumperbot_ws/install/bumperbot_py_examples/lib/bumperbot_py_examples
[3.251s] Installing simple_subscriber script to /home/filo/bumperbot_ws/install/bumperbot_py_examples/lib/bumperbot_py_examples
[3.254s] Installing simple_tf_kinematics script to /home/filo/bumperbot_ws/install/bumperbot_py_examples/lib/bumperbot_py_examples
[3.255s] Installing simple_turtlesim_kinematics script to /home/filo/bumperbot_ws/install/bumperbot_py_examples/lib/bumperbot_py_examples
[3.256s] writing list of installed files to '/home/filo/bumperbot_ws/build/bumperbot_py_examples/install.log'
[3.365s] Invoked command in '/home/filo/bumperbot_ws/src/bumperbot_py_examples' returned '0': CMAKE_PREFIX_PATH=/home/filo/bumperbot_ws/install/bumperbot_msgs:/home/filo/bumperbot_ws/install/v4l2_camera:/home/filo/bumperbot_ws/install/bumperbot_localization:/home/filo/bumperbot_ws/install/bumperbot_controller:/home/filo/bumperbot_ws/install/bumperbot_description:/home/filo/bumperbot_ws/install/bumperbot_cpp_examples LD_LIBRARY_PATH=/home/filo/bumperbot_ws/install/bumperbot_msgs/lib:/home/filo/bumperbot_ws/install/v4l2_camera/lib:/usr/lib/x86_64-linux-gnu/gazebo-11/plugins:/opt/ros/humble/opt/rviz_ogre_vendor/lib:/opt/ros/humble/lib/x86_64-linux-gnu:/opt/ros/humble/lib PYTHONPATH=/home/filo/bumperbot_ws/build/bumperbot_py_examples/prefix_override:/home/filo/bumperbot_ws/install/bumperbot_py_examples/lib/python3.10/site-packages:${PYTHONPATH} /usr/bin/python3 -W ignore:setup.py install is deprecated setup.py egg_info --egg-base ../../build/bumperbot_py_examples build --build-base /home/filo/bumperbot_ws/build/bumperbot_py_examples/build install --record /home/filo/bumperbot_ws/build/bumperbot_py_examples/install.log --single-version-externally-managed install_data
