[0.251s] DEBUG:colcon:Command line arguments: ['/home/filo/.local/bin/colcon', 'build']
[0.251s] DEBUG:colcon:Parsed command line arguments: Namespace(log_base=None, log_level=None, verb_name='build', build_base='build', install_base='install', merge_install=False, symlink_install=False, test_result_base=None, continue_on_error=False, executor='parallel', parallel_workers=8, event_handlers=None, ignore_user_meta=False, metas=['./colcon.meta'], base_paths=['.'], packages_ignore=None, packages_ignore_regex=None, paths=None, packages_up_to=None, packages_up_to_regex=None, packages_above=None, packages_above_and_dependencies=None, packages_above_depth=None, packages_select_by_dep=None, packages_skip_by_dep=None, packages_skip_up_to=None, packages_select_build_failed=False, packages_skip_build_finished=False, packages_select_test_failures=False, packages_skip_test_passed=False, packages_select=None, packages_skip=None, packages_select_regex=None, packages_skip_regex=None, packages_start=None, packages_end=None, allow_overriding=[], cmake_args=None, cmake_target=None, cmake_target_skip_unavailable=False, cmake_clean_cache=False, cmake_clean_first=False, cmake_force_configure=False, ament_cmake_args=None, catkin_cmake_args=None, catkin_skip_building_tests=False, verb_parser=<colcon_defaults.argument_parser.defaults.DefaultArgumentsDecorator object at 0x7b991abd3c10>, verb_extension=<colcon_core.verb.build.BuildVerb object at 0x7b991ab20850>, main=<bound method BuildVerb.main of <colcon_core.verb.build.BuildVerb object at 0x7b991ab20850>>)
[0.577s] Level 1:colcon.colcon_core.package_discovery:discover_packages(colcon_meta) check parameters
[0.577s] Level 1:colcon.colcon_core.package_discovery:discover_packages(recursive) check parameters
[0.577s] Level 1:colcon.colcon_core.package_discovery:discover_packages(ignore) check parameters
[0.577s] Level 1:colcon.colcon_core.package_discovery:discover_packages(path) check parameters
[0.577s] Level 1:colcon.colcon_core.package_discovery:discover_packages(colcon_meta) discover
[0.577s] Level 1:colcon.colcon_core.package_discovery:discover_packages(recursive) discover
[0.577s] INFO:colcon.colcon_core.package_discovery:Crawling recursively for packages in '/home/filo/bumperbot_ws'
[0.577s] Level 1:colcon.colcon_core.package_identification:_identify(.) by extensions ['ignore', 'ignore_ament_install']
[0.578s] Level 1:colcon.colcon_core.package_identification:_identify(.) by extension 'ignore'
[0.578s] Level 1:colcon.colcon_core.package_identification:_identify(.) by extension 'ignore_ament_install'
[0.578s] Level 1:colcon.colcon_core.package_identification:_identify(.) by extensions ['colcon_pkg']
[0.578s] Level 1:colcon.colcon_core.package_identification:_identify(.) by extension 'colcon_pkg'
[0.578s] Level 1:colcon.colcon_core.package_identification:_identify(.) by extensions ['colcon_meta']
[0.578s] Level 1:colcon.colcon_core.package_identification:_identify(.) by extension 'colcon_meta'
[0.578s] Level 1:colcon.colcon_core.package_identification:_identify(.) by extensions ['ros']
[0.578s] Level 1:colcon.colcon_core.package_identification:_identify(.) by extension 'ros'
[0.599s] Level 1:colcon.colcon_core.package_identification:_identify(.) by extensions ['cmake', 'python']
[0.600s] Level 1:colcon.colcon_core.package_identification:_identify(.) by extension 'cmake'
[0.600s] Level 1:colcon.colcon_core.package_identification:_identify(.) by extension 'python'
[0.600s] Level 1:colcon.colcon_core.package_identification:_identify(.) by extensions ['python_setup_py']
[0.600s] Level 1:colcon.colcon_core.package_identification:_identify(.) by extension 'python_setup_py'
[0.600s] Level 1:colcon.colcon_core.package_identification:_identify(build) by extensions ['ignore', 'ignore_ament_install']
[0.600s] Level 1:colcon.colcon_core.package_identification:_identify(build) by extension 'ignore'
[0.600s] Level 1:colcon.colcon_core.package_identification:_identify(build) ignored
[0.601s] Level 1:colcon.colcon_core.package_identification:_identify(install) by extensions ['ignore', 'ignore_ament_install']
[0.601s] Level 1:colcon.colcon_core.package_identification:_identify(install) by extension 'ignore'
[0.601s] Level 1:colcon.colcon_core.package_identification:_identify(install) ignored
[0.601s] Level 1:colcon.colcon_core.package_identification:_identify(log) by extensions ['ignore', 'ignore_ament_install']
[0.601s] Level 1:colcon.colcon_core.package_identification:_identify(log) by extension 'ignore'
[0.602s] Level 1:colcon.colcon_core.package_identification:_identify(log) ignored
[0.602s] Level 1:colcon.colcon_core.package_identification:_identify(src) by extensions ['ignore', 'ignore_ament_install']
[0.602s] Level 1:colcon.colcon_core.package_identification:_identify(src) by extension 'ignore'
[0.602s] Level 1:colcon.colcon_core.package_identification:_identify(src) by extension 'ignore_ament_install'
[0.602s] Level 1:colcon.colcon_core.package_identification:_identify(src) by extensions ['colcon_pkg']
[0.602s] Level 1:colcon.colcon_core.package_identification:_identify(src) by extension 'colcon_pkg'
[0.602s] Level 1:colcon.colcon_core.package_identification:_identify(src) by extensions ['colcon_meta']
[0.602s] Level 1:colcon.colcon_core.package_identification:_identify(src) by extension 'colcon_meta'
[0.602s] Level 1:colcon.colcon_core.package_identification:_identify(src) by extensions ['ros']
[0.602s] Level 1:colcon.colcon_core.package_identification:_identify(src) by extension 'ros'
[0.603s] Level 1:colcon.colcon_core.package_identification:_identify(src) by extensions ['cmake', 'python']
[0.603s] Level 1:colcon.colcon_core.package_identification:_identify(src) by extension 'cmake'
[0.603s] Level 1:colcon.colcon_core.package_identification:_identify(src) by extension 'python'
[0.603s] Level 1:colcon.colcon_core.package_identification:_identify(src) by extensions ['python_setup_py']
[0.603s] Level 1:colcon.colcon_core.package_identification:_identify(src) by extension 'python_setup_py'
[0.603s] Level 1:colcon.colcon_core.package_identification:_identify(src/bumperbot_controller) by extensions ['ignore', 'ignore_ament_install']
[0.603s] Level 1:colcon.colcon_core.package_identification:_identify(src/bumperbot_controller) by extension 'ignore'
[0.603s] Level 1:colcon.colcon_core.package_identification:_identify(src/bumperbot_controller) by extension 'ignore_ament_install'
[0.603s] Level 1:colcon.colcon_core.package_identification:_identify(src/bumperbot_controller) by extensions ['colcon_pkg']
[0.604s] Level 1:colcon.colcon_core.package_identification:_identify(src/bumperbot_controller) by extension 'colcon_pkg'
[0.604s] Level 1:colcon.colcon_core.package_identification:_identify(src/bumperbot_controller) by extensions ['colcon_meta']
[0.604s] Level 1:colcon.colcon_core.package_identification:_identify(src/bumperbot_controller) by extension 'colcon_meta'
[0.604s] Level 1:colcon.colcon_core.package_identification:_identify(src/bumperbot_controller) by extensions ['ros']
[0.604s] Level 1:colcon.colcon_core.package_identification:_identify(src/bumperbot_controller) by extension 'ros'
[0.609s] DEBUG:colcon.colcon_core.package_identification:Package 'src/bumperbot_controller' with type 'ros.ament_cmake' and name 'bumperbot_controller'
[0.609s] Level 1:colcon.colcon_core.package_identification:_identify(src/bumperbot_cpp_examples) by extensions ['ignore', 'ignore_ament_install']
[0.609s] Level 1:colcon.colcon_core.package_identification:_identify(src/bumperbot_cpp_examples) by extension 'ignore'
[0.609s] Level 1:colcon.colcon_core.package_identification:_identify(src/bumperbot_cpp_examples) by extension 'ignore_ament_install'
[0.609s] Level 1:colcon.colcon_core.package_identification:_identify(src/bumperbot_cpp_examples) by extensions ['colcon_pkg']
[0.609s] Level 1:colcon.colcon_core.package_identification:_identify(src/bumperbot_cpp_examples) by extension 'colcon_pkg'
[0.609s] Level 1:colcon.colcon_core.package_identification:_identify(src/bumperbot_cpp_examples) by extensions ['colcon_meta']
[0.610s] Level 1:colcon.colcon_core.package_identification:_identify(src/bumperbot_cpp_examples) by extension 'colcon_meta'
[0.610s] Level 1:colcon.colcon_core.package_identification:_identify(src/bumperbot_cpp_examples) by extensions ['ros']
[0.610s] Level 1:colcon.colcon_core.package_identification:_identify(src/bumperbot_cpp_examples) by extension 'ros'
[0.611s] DEBUG:colcon.colcon_core.package_identification:Package 'src/bumperbot_cpp_examples' with type 'ros.ament_cmake' and name 'bumperbot_cpp_examples'
[0.611s] Level 1:colcon.colcon_core.package_identification:_identify(src/bumperbot_description) by extensions ['ignore', 'ignore_ament_install']
[0.611s] Level 1:colcon.colcon_core.package_identification:_identify(src/bumperbot_description) by extension 'ignore'
[0.611s] Level 1:colcon.colcon_core.package_identification:_identify(src/bumperbot_description) by extension 'ignore_ament_install'
[0.611s] Level 1:colcon.colcon_core.package_identification:_identify(src/bumperbot_description) by extensions ['colcon_pkg']
[0.611s] Level 1:colcon.colcon_core.package_identification:_identify(src/bumperbot_description) by extension 'colcon_pkg'
[0.611s] Level 1:colcon.colcon_core.package_identification:_identify(src/bumperbot_description) by extensions ['colcon_meta']
[0.612s] Level 1:colcon.colcon_core.package_identification:_identify(src/bumperbot_description) by extension 'colcon_meta'
[0.612s] Level 1:colcon.colcon_core.package_identification:_identify(src/bumperbot_description) by extensions ['ros']
[0.612s] Level 1:colcon.colcon_core.package_identification:_identify(src/bumperbot_description) by extension 'ros'
[0.613s] DEBUG:colcon.colcon_core.package_identification:Package 'src/bumperbot_description' with type 'ros.ament_cmake' and name 'bumperbot_description'
[0.613s] Level 1:colcon.colcon_core.package_identification:_identify(src/bumperbot_localization) by extensions ['ignore', 'ignore_ament_install']
[0.613s] Level 1:colcon.colcon_core.package_identification:_identify(src/bumperbot_localization) by extension 'ignore'
[0.613s] Level 1:colcon.colcon_core.package_identification:_identify(src/bumperbot_localization) by extension 'ignore_ament_install'
[0.613s] Level 1:colcon.colcon_core.package_identification:_identify(src/bumperbot_localization) by extensions ['colcon_pkg']
[0.613s] Level 1:colcon.colcon_core.package_identification:_identify(src/bumperbot_localization) by extension 'colcon_pkg'
[0.613s] Level 1:colcon.colcon_core.package_identification:_identify(src/bumperbot_localization) by extensions ['colcon_meta']
[0.613s] Level 1:colcon.colcon_core.package_identification:_identify(src/bumperbot_localization) by extension 'colcon_meta'
[0.614s] Level 1:colcon.colcon_core.package_identification:_identify(src/bumperbot_localization) by extensions ['ros']
[0.614s] Level 1:colcon.colcon_core.package_identification:_identify(src/bumperbot_localization) by extension 'ros'
[0.615s] DEBUG:colcon.colcon_core.package_identification:Package 'src/bumperbot_localization' with type 'ros.ament_cmake' and name 'bumperbot_localization'
[0.615s] Level 1:colcon.colcon_core.package_identification:_identify(src/bumperbot_msgs) by extensions ['ignore', 'ignore_ament_install']
[0.615s] Level 1:colcon.colcon_core.package_identification:_identify(src/bumperbot_msgs) by extension 'ignore'
[0.615s] Level 1:colcon.colcon_core.package_identification:_identify(src/bumperbot_msgs) by extension 'ignore_ament_install'
[0.615s] Level 1:colcon.colcon_core.package_identification:_identify(src/bumperbot_msgs) by extensions ['colcon_pkg']
[0.615s] Level 1:colcon.colcon_core.package_identification:_identify(src/bumperbot_msgs) by extension 'colcon_pkg'
[0.616s] Level 1:colcon.colcon_core.package_identification:_identify(src/bumperbot_msgs) by extensions ['colcon_meta']
[0.616s] Level 1:colcon.colcon_core.package_identification:_identify(src/bumperbot_msgs) by extension 'colcon_meta'
[0.616s] Level 1:colcon.colcon_core.package_identification:_identify(src/bumperbot_msgs) by extensions ['ros']
[0.616s] Level 1:colcon.colcon_core.package_identification:_identify(src/bumperbot_msgs) by extension 'ros'
[0.617s] DEBUG:colcon.colcon_core.package_identification:Package 'src/bumperbot_msgs' with type 'ros.ament_cmake' and name 'bumperbot_msgs'
[0.617s] Level 1:colcon.colcon_core.package_identification:_identify(src/bumperbot_py_examples) by extensions ['ignore', 'ignore_ament_install']
[0.617s] Level 1:colcon.colcon_core.package_identification:_identify(src/bumperbot_py_examples) by extension 'ignore'
[0.617s] Level 1:colcon.colcon_core.package_identification:_identify(src/bumperbot_py_examples) by extension 'ignore_ament_install'
[0.618s] Level 1:colcon.colcon_core.package_identification:_identify(src/bumperbot_py_examples) by extensions ['colcon_pkg']
[0.618s] Level 1:colcon.colcon_core.package_identification:_identify(src/bumperbot_py_examples) by extension 'colcon_pkg'
[0.618s] Level 1:colcon.colcon_core.package_identification:_identify(src/bumperbot_py_examples) by extensions ['colcon_meta']
[0.618s] Level 1:colcon.colcon_core.package_identification:_identify(src/bumperbot_py_examples) by extension 'colcon_meta'
[0.618s] Level 1:colcon.colcon_core.package_identification:_identify(src/bumperbot_py_examples) by extensions ['ros']
[0.618s] Level 1:colcon.colcon_core.package_identification:_identify(src/bumperbot_py_examples) by extension 'ros'
[0.619s] DEBUG:colcon.colcon_core.package_identification:Package 'src/bumperbot_py_examples' with type 'ros.ament_python' and name 'bumperbot_py_examples'
[0.619s] Level 1:colcon.colcon_core.package_discovery:discover_packages(recursive) using defaults
[0.619s] Level 1:colcon.colcon_core.package_discovery:discover_packages(ignore) discover
[0.619s] Level 1:colcon.colcon_core.package_discovery:discover_packages(ignore) using defaults
[0.619s] Level 1:colcon.colcon_core.package_discovery:discover_packages(path) discover
[0.619s] Level 1:colcon.colcon_core.package_discovery:discover_packages(path) using defaults
[0.657s] Level 1:colcon.colcon_core.package_discovery:discover_packages(prefix_path) check parameters
[0.657s] Level 1:colcon.colcon_core.package_discovery:discover_packages(prefix_path) discover
[0.660s] DEBUG:colcon.colcon_installed_package_information.package_discovery:Found 7 installed packages in /home/filo/bumperbot_ws/install
[0.663s] DEBUG:colcon.colcon_installed_package_information.package_discovery:Found 335 installed packages in /opt/ros/humble
[0.667s] Level 1:colcon.colcon_core.package_discovery:discover_packages(prefix_path) using defaults
[0.763s] Level 5:colcon.colcon_core.verb:set package 'bumperbot_controller' build argument 'cmake_args' from command line to 'None'
[0.764s] Level 5:colcon.colcon_core.verb:set package 'bumperbot_controller' build argument 'cmake_target' from command line to 'None'
[0.764s] Level 5:colcon.colcon_core.verb:set package 'bumperbot_controller' build argument 'cmake_target_skip_unavailable' from command line to 'False'
[0.764s] Level 5:colcon.colcon_core.verb:set package 'bumperbot_controller' build argument 'cmake_clean_cache' from command line to 'False'
[0.764s] Level 5:colcon.colcon_core.verb:set package 'bumperbot_controller' build argument 'cmake_clean_first' from command line to 'False'
[0.764s] Level 5:colcon.colcon_core.verb:set package 'bumperbot_controller' build argument 'cmake_force_configure' from command line to 'False'
[0.764s] Level 5:colcon.colcon_core.verb:set package 'bumperbot_controller' build argument 'ament_cmake_args' from command line to 'None'
[0.764s] Level 5:colcon.colcon_core.verb:set package 'bumperbot_controller' build argument 'catkin_cmake_args' from command line to 'None'
[0.764s] Level 5:colcon.colcon_core.verb:set package 'bumperbot_controller' build argument 'catkin_skip_building_tests' from command line to 'False'
[0.764s] DEBUG:colcon.colcon_core.verb:Building package 'bumperbot_controller' with the following arguments: {'ament_cmake_args': None, 'build_base': '/home/filo/bumperbot_ws/build/bumperbot_controller', 'catkin_cmake_args': None, 'catkin_skip_building_tests': False, 'cmake_args': None, 'cmake_clean_cache': False, 'cmake_clean_first': False, 'cmake_force_configure': False, 'cmake_target': None, 'cmake_target_skip_unavailable': False, 'install_base': '/home/filo/bumperbot_ws/install/bumperbot_controller', 'merge_install': False, 'path': '/home/filo/bumperbot_ws/src/bumperbot_controller', 'symlink_install': False, 'test_result_base': None}
[0.765s] Level 5:colcon.colcon_core.verb:set package 'bumperbot_cpp_examples' build argument 'cmake_args' from command line to 'None'
[0.765s] Level 5:colcon.colcon_core.verb:set package 'bumperbot_cpp_examples' build argument 'cmake_target' from command line to 'None'
[0.765s] Level 5:colcon.colcon_core.verb:set package 'bumperbot_cpp_examples' build argument 'cmake_target_skip_unavailable' from command line to 'False'
[0.765s] Level 5:colcon.colcon_core.verb:set package 'bumperbot_cpp_examples' build argument 'cmake_clean_cache' from command line to 'False'
[0.765s] Level 5:colcon.colcon_core.verb:set package 'bumperbot_cpp_examples' build argument 'cmake_clean_first' from command line to 'False'
[0.765s] Level 5:colcon.colcon_core.verb:set package 'bumperbot_cpp_examples' build argument 'cmake_force_configure' from command line to 'False'
[0.765s] Level 5:colcon.colcon_core.verb:set package 'bumperbot_cpp_examples' build argument 'ament_cmake_args' from command line to 'None'
[0.765s] Level 5:colcon.colcon_core.verb:set package 'bumperbot_cpp_examples' build argument 'catkin_cmake_args' from command line to 'None'
[0.765s] Level 5:colcon.colcon_core.verb:set package 'bumperbot_cpp_examples' build argument 'catkin_skip_building_tests' from command line to 'False'
[0.765s] DEBUG:colcon.colcon_core.verb:Building package 'bumperbot_cpp_examples' with the following arguments: {'ament_cmake_args': None, 'build_base': '/home/filo/bumperbot_ws/build/bumperbot_cpp_examples', 'catkin_cmake_args': None, 'catkin_skip_building_tests': False, 'cmake_args': None, 'cmake_clean_cache': False, 'cmake_clean_first': False, 'cmake_force_configure': False, 'cmake_target': None, 'cmake_target_skip_unavailable': False, 'install_base': '/home/filo/bumperbot_ws/install/bumperbot_cpp_examples', 'merge_install': False, 'path': '/home/filo/bumperbot_ws/src/bumperbot_cpp_examples', 'symlink_install': False, 'test_result_base': None}
[0.766s] Level 5:colcon.colcon_core.verb:set package 'bumperbot_description' build argument 'cmake_args' from command line to 'None'
[0.766s] Level 5:colcon.colcon_core.verb:set package 'bumperbot_description' build argument 'cmake_target' from command line to 'None'
[0.766s] Level 5:colcon.colcon_core.verb:set package 'bumperbot_description' build argument 'cmake_target_skip_unavailable' from command line to 'False'
[0.766s] Level 5:colcon.colcon_core.verb:set package 'bumperbot_description' build argument 'cmake_clean_cache' from command line to 'False'
[0.766s] Level 5:colcon.colcon_core.verb:set package 'bumperbot_description' build argument 'cmake_clean_first' from command line to 'False'
[0.766s] Level 5:colcon.colcon_core.verb:set package 'bumperbot_description' build argument 'cmake_force_configure' from command line to 'False'
[0.766s] Level 5:colcon.colcon_core.verb:set package 'bumperbot_description' build argument 'ament_cmake_args' from command line to 'None'
[0.766s] Level 5:colcon.colcon_core.verb:set package 'bumperbot_description' build argument 'catkin_cmake_args' from command line to 'None'
[0.766s] Level 5:colcon.colcon_core.verb:set package 'bumperbot_description' build argument 'catkin_skip_building_tests' from command line to 'False'
[0.766s] DEBUG:colcon.colcon_core.verb:Building package 'bumperbot_description' with the following arguments: {'ament_cmake_args': None, 'build_base': '/home/filo/bumperbot_ws/build/bumperbot_description', 'catkin_cmake_args': None, 'catkin_skip_building_tests': False, 'cmake_args': None, 'cmake_clean_cache': False, 'cmake_clean_first': False, 'cmake_force_configure': False, 'cmake_target': None, 'cmake_target_skip_unavailable': False, 'install_base': '/home/filo/bumperbot_ws/install/bumperbot_description', 'merge_install': False, 'path': '/home/filo/bumperbot_ws/src/bumperbot_description', 'symlink_install': False, 'test_result_base': None}
[0.767s] Level 5:colcon.colcon_core.verb:set package 'bumperbot_localization' build argument 'cmake_args' from command line to 'None'
[0.767s] Level 5:colcon.colcon_core.verb:set package 'bumperbot_localization' build argument 'cmake_target' from command line to 'None'
[0.767s] Level 5:colcon.colcon_core.verb:set package 'bumperbot_localization' build argument 'cmake_target_skip_unavailable' from command line to 'False'
[0.767s] Level 5:colcon.colcon_core.verb:set package 'bumperbot_localization' build argument 'cmake_clean_cache' from command line to 'False'
[0.767s] Level 5:colcon.colcon_core.verb:set package 'bumperbot_localization' build argument 'cmake_clean_first' from command line to 'False'
[0.767s] Level 5:colcon.colcon_core.verb:set package 'bumperbot_localization' build argument 'cmake_force_configure' from command line to 'False'
[0.767s] Level 5:colcon.colcon_core.verb:set package 'bumperbot_localization' build argument 'ament_cmake_args' from command line to 'None'
[0.767s] Level 5:colcon.colcon_core.verb:set package 'bumperbot_localization' build argument 'catkin_cmake_args' from command line to 'None'
[0.768s] Level 5:colcon.colcon_core.verb:set package 'bumperbot_localization' build argument 'catkin_skip_building_tests' from command line to 'False'
[0.768s] DEBUG:colcon.colcon_core.verb:Building package 'bumperbot_localization' with the following arguments: {'ament_cmake_args': None, 'build_base': '/home/filo/bumperbot_ws/build/bumperbot_localization', 'catkin_cmake_args': None, 'catkin_skip_building_tests': False, 'cmake_args': None, 'cmake_clean_cache': False, 'cmake_clean_first': False, 'cmake_force_configure': False, 'cmake_target': None, 'cmake_target_skip_unavailable': False, 'install_base': '/home/filo/bumperbot_ws/install/bumperbot_localization', 'merge_install': False, 'path': '/home/filo/bumperbot_ws/src/bumperbot_localization', 'symlink_install': False, 'test_result_base': None}
[0.768s] Level 5:colcon.colcon_core.verb:set package 'bumperbot_msgs' build argument 'cmake_args' from command line to 'None'
[0.768s] Level 5:colcon.colcon_core.verb:set package 'bumperbot_msgs' build argument 'cmake_target' from command line to 'None'
[0.768s] Level 5:colcon.colcon_core.verb:set package 'bumperbot_msgs' build argument 'cmake_target_skip_unavailable' from command line to 'False'
[0.768s] Level 5:colcon.colcon_core.verb:set package 'bumperbot_msgs' build argument 'cmake_clean_cache' from command line to 'False'
[0.768s] Level 5:colcon.colcon_core.verb:set package 'bumperbot_msgs' build argument 'cmake_clean_first' from command line to 'False'
[0.769s] Level 5:colcon.colcon_core.verb:set package 'bumperbot_msgs' build argument 'cmake_force_configure' from command line to 'False'
[0.769s] Level 5:colcon.colcon_core.verb:set package 'bumperbot_msgs' build argument 'ament_cmake_args' from command line to 'None'
[0.769s] Level 5:colcon.colcon_core.verb:set package 'bumperbot_msgs' build argument 'catkin_cmake_args' from command line to 'None'
[0.769s] Level 5:colcon.colcon_core.verb:set package 'bumperbot_msgs' build argument 'catkin_skip_building_tests' from command line to 'False'
[0.769s] DEBUG:colcon.colcon_core.verb:Building package 'bumperbot_msgs' with the following arguments: {'ament_cmake_args': None, 'build_base': '/home/filo/bumperbot_ws/build/bumperbot_msgs', 'catkin_cmake_args': None, 'catkin_skip_building_tests': False, 'cmake_args': None, 'cmake_clean_cache': False, 'cmake_clean_first': False, 'cmake_force_configure': False, 'cmake_target': None, 'cmake_target_skip_unavailable': False, 'install_base': '/home/filo/bumperbot_ws/install/bumperbot_msgs', 'merge_install': False, 'path': '/home/filo/bumperbot_ws/src/bumperbot_msgs', 'symlink_install': False, 'test_result_base': None}
[0.769s] Level 5:colcon.colcon_core.verb:set package 'bumperbot_py_examples' build argument 'cmake_args' from command line to 'None'
[0.769s] Level 5:colcon.colcon_core.verb:set package 'bumperbot_py_examples' build argument 'cmake_target' from command line to 'None'
[0.770s] Level 5:colcon.colcon_core.verb:set package 'bumperbot_py_examples' build argument 'cmake_target_skip_unavailable' from command line to 'False'
[0.770s] Level 5:colcon.colcon_core.verb:set package 'bumperbot_py_examples' build argument 'cmake_clean_cache' from command line to 'False'
[0.770s] Level 5:colcon.colcon_core.verb:set package 'bumperbot_py_examples' build argument 'cmake_clean_first' from command line to 'False'
[0.770s] Level 5:colcon.colcon_core.verb:set package 'bumperbot_py_examples' build argument 'cmake_force_configure' from command line to 'False'
[0.770s] Level 5:colcon.colcon_core.verb:set package 'bumperbot_py_examples' build argument 'ament_cmake_args' from command line to 'None'
[0.770s] Level 5:colcon.colcon_core.verb:set package 'bumperbot_py_examples' build argument 'catkin_cmake_args' from command line to 'None'
[0.770s] Level 5:colcon.colcon_core.verb:set package 'bumperbot_py_examples' build argument 'catkin_skip_building_tests' from command line to 'False'
[0.770s] DEBUG:colcon.colcon_core.verb:Building package 'bumperbot_py_examples' with the following arguments: {'ament_cmake_args': None, 'build_base': '/home/filo/bumperbot_ws/build/bumperbot_py_examples', 'catkin_cmake_args': None, 'catkin_skip_building_tests': False, 'cmake_args': None, 'cmake_clean_cache': False, 'cmake_clean_first': False, 'cmake_force_configure': False, 'cmake_target': None, 'cmake_target_skip_unavailable': False, 'install_base': '/home/filo/bumperbot_ws/install/bumperbot_py_examples', 'merge_install': False, 'path': '/home/filo/bumperbot_ws/src/bumperbot_py_examples', 'symlink_install': False, 'test_result_base': None}
[0.770s] INFO:colcon.colcon_core.executor:Executing jobs using 'parallel' executor
[0.772s] DEBUG:colcon.colcon_parallel_executor.executor.parallel:run_until_complete
[0.772s] INFO:colcon.colcon_ros.task.ament_cmake.build:Building ROS package in '/home/filo/bumperbot_ws/src/bumperbot_msgs' with build type 'ament_cmake'
[0.772s] INFO:colcon.colcon_cmake.task.cmake.build:Building CMake package in '/home/filo/bumperbot_ws/src/bumperbot_msgs'
[0.776s] INFO:colcon.colcon_core.plugin_system:Skipping extension 'colcon_core.shell.bat': Not used on non-Windows systems
[0.777s] INFO:colcon.colcon_core.shell:Skip shell extension 'powershell' for command environment: Not usable outside of PowerShell
[0.777s] DEBUG:colcon.colcon_core.shell:Skip shell extension 'dsv' for command environment
[0.783s] INFO:colcon.colcon_ros.task.ament_cmake.build:Building ROS package in '/home/filo/bumperbot_ws/src/bumperbot_controller' with build type 'ament_cmake'
[0.783s] INFO:colcon.colcon_cmake.task.cmake.build:Building CMake package in '/home/filo/bumperbot_ws/src/bumperbot_controller'
[0.783s] INFO:colcon.colcon_core.shell:Skip shell extension 'powershell' for command environment: Not usable outside of PowerShell
[0.784s] DEBUG:colcon.colcon_core.shell:Skip shell extension 'dsv' for command environment
[0.789s] INFO:colcon.colcon_ros.task.ament_cmake.build:Building ROS package in '/home/filo/bumperbot_ws/src/bumperbot_cpp_examples' with build type 'ament_cmake'
[0.790s] INFO:colcon.colcon_cmake.task.cmake.build:Building CMake package in '/home/filo/bumperbot_ws/src/bumperbot_cpp_examples'
[0.790s] INFO:colcon.colcon_core.shell:Skip shell extension 'powershell' for command environment: Not usable outside of PowerShell
[0.790s] DEBUG:colcon.colcon_core.shell:Skip shell extension 'dsv' for command environment
[0.796s] INFO:colcon.colcon_ros.task.ament_cmake.build:Building ROS package in '/home/filo/bumperbot_ws/src/bumperbot_description' with build type 'ament_cmake'
[0.796s] INFO:colcon.colcon_cmake.task.cmake.build:Building CMake package in '/home/filo/bumperbot_ws/src/bumperbot_description'
[0.797s] INFO:colcon.colcon_core.shell:Skip shell extension 'powershell' for command environment: Not usable outside of PowerShell
[0.797s] DEBUG:colcon.colcon_core.shell:Skip shell extension 'dsv' for command environment
[0.804s] INFO:colcon.colcon_ros.task.ament_cmake.build:Building ROS package in '/home/filo/bumperbot_ws/src/bumperbot_localization' with build type 'ament_cmake'
[0.804s] INFO:colcon.colcon_cmake.task.cmake.build:Building CMake package in '/home/filo/bumperbot_ws/src/bumperbot_localization'
[0.805s] INFO:colcon.colcon_core.shell:Skip shell extension 'powershell' for command environment: Not usable outside of PowerShell
[0.805s] DEBUG:colcon.colcon_core.shell:Skip shell extension 'dsv' for command environment
[0.822s] DEBUG:colcon.colcon_core.event_handler.log_command:Invoking command in '/home/filo/bumperbot_ws/build/bumperbot_msgs': CMAKE_PREFIX_PATH=${CMAKE_PREFIX_PATH}:/home/filo/bumperbot_ws/install/bumperbot_py_examples:/opt/ros/humble /usr/bin/cmake --build /home/filo/bumperbot_ws/build/bumperbot_msgs -- -j8 -l8
[0.828s] DEBUG:colcon.colcon_core.event_handler.log_command:Invoking command in '/home/filo/bumperbot_ws/build/bumperbot_controller': CMAKE_PREFIX_PATH=${CMAKE_PREFIX_PATH}:/home/filo/bumperbot_ws/install/bumperbot_py_examples:/opt/ros/humble /usr/bin/cmake --build /home/filo/bumperbot_ws/build/bumperbot_controller -- -j8 -l8
[0.833s] DEBUG:colcon.colcon_core.event_handler.log_command:Invoking command in '/home/filo/bumperbot_ws/build/bumperbot_cpp_examples': CMAKE_PREFIX_PATH=${CMAKE_PREFIX_PATH}:/home/filo/bumperbot_ws/install/bumperbot_py_examples:/opt/ros/humble /usr/bin/cmake --build /home/filo/bumperbot_ws/build/bumperbot_cpp_examples -- -j8 -l8
[0.843s] DEBUG:colcon.colcon_core.event_handler.log_command:Invoking command in '/home/filo/bumperbot_ws/build/bumperbot_description': CMAKE_PREFIX_PATH=${CMAKE_PREFIX_PATH}:/home/filo/bumperbot_ws/install/bumperbot_py_examples:/opt/ros/humble /usr/bin/cmake --build /home/filo/bumperbot_ws/build/bumperbot_description -- -j8 -l8
[0.854s] DEBUG:colcon.colcon_core.event_handler.log_command:Invoking command in '/home/filo/bumperbot_ws/build/bumperbot_localization': CMAKE_PREFIX_PATH=${CMAKE_PREFIX_PATH}:/home/filo/bumperbot_ws/install/bumperbot_py_examples:/opt/ros/humble /usr/bin/cmake --build /home/filo/bumperbot_ws/build/bumperbot_localization -- -j8 -l8
[0.913s] DEBUG:colcon.colcon_core.event_handler.log_command:Invoked command in '/home/filo/bumperbot_ws/build/bumperbot_cpp_examples' returned '0': CMAKE_PREFIX_PATH=${CMAKE_PREFIX_PATH}:/home/filo/bumperbot_ws/install/bumperbot_py_examples:/opt/ros/humble /usr/bin/cmake --build /home/filo/bumperbot_ws/build/bumperbot_cpp_examples -- -j8 -l8
[0.928s] DEBUG:colcon.colcon_core.event_handler.log_command:Invoked command in '/home/filo/bumperbot_ws/build/bumperbot_description' returned '0': CMAKE_PREFIX_PATH=${CMAKE_PREFIX_PATH}:/home/filo/bumperbot_ws/install/bumperbot_py_examples:/opt/ros/humble /usr/bin/cmake --build /home/filo/bumperbot_ws/build/bumperbot_description -- -j8 -l8
[1.008s] DEBUG:colcon.colcon_core.event_handler.log_command:Invoking command in '/home/filo/bumperbot_ws/build/bumperbot_cpp_examples': CMAKE_PREFIX_PATH=${CMAKE_PREFIX_PATH}:/home/filo/bumperbot_ws/install/bumperbot_py_examples:/opt/ros/humble /usr/bin/cmake --install /home/filo/bumperbot_ws/build/bumperbot_cpp_examples
[1.018s] DEBUG:colcon.colcon_core.event_handler.log_command:Invoking command in '/home/filo/bumperbot_ws/build/bumperbot_description': CMAKE_PREFIX_PATH=${CMAKE_PREFIX_PATH}:/home/filo/bumperbot_ws/install/bumperbot_py_examples:/opt/ros/humble /usr/bin/cmake --install /home/filo/bumperbot_ws/build/bumperbot_description
[1.051s] Level 1:colcon.colcon_core.environment:create_environment_scripts_only(bumperbot_description)
[1.062s] Level 1:colcon.colcon_core.environment:checking '/home/filo/bumperbot_ws/install/bumperbot_description' for CMake module files
[1.064s] Level 1:colcon.colcon_core.environment:checking '/home/filo/bumperbot_ws/install/bumperbot_description' for CMake config files
[1.065s] Level 1:colcon.colcon_core.shell:create_environment_hook('bumperbot_description', 'cmake_prefix_path')
[1.065s] INFO:colcon.colcon_core.shell:Creating environment hook '/home/filo/bumperbot_ws/install/bumperbot_description/share/bumperbot_description/hook/cmake_prefix_path.ps1'
[1.067s] INFO:colcon.colcon_core.shell:Creating environment descriptor '/home/filo/bumperbot_ws/install/bumperbot_description/share/bumperbot_description/hook/cmake_prefix_path.dsv'
[1.073s] INFO:colcon.colcon_core.shell:Creating environment hook '/home/filo/bumperbot_ws/install/bumperbot_description/share/bumperbot_description/hook/cmake_prefix_path.sh'
[1.076s] Level 1:colcon.colcon_core.environment:checking '/home/filo/bumperbot_ws/install/bumperbot_description/bin'
[1.076s] Level 1:colcon.colcon_core.environment:checking '/home/filo/bumperbot_ws/install/bumperbot_description/lib/pkgconfig/bumperbot_description.pc'
[1.077s] Level 1:colcon.colcon_core.environment:checking '/home/filo/bumperbot_ws/install/bumperbot_description/lib/python3.10/site-packages'
[1.078s] Level 1:colcon.colcon_core.environment:checking '/home/filo/bumperbot_ws/install/bumperbot_description/bin'
[1.079s] INFO:colcon.colcon_core.shell:Creating package script '/home/filo/bumperbot_ws/install/bumperbot_description/share/bumperbot_description/package.ps1'
[1.083s] INFO:colcon.colcon_core.shell:Creating package descriptor '/home/filo/bumperbot_ws/install/bumperbot_description/share/bumperbot_description/package.dsv'
[1.084s] INFO:colcon.colcon_core.shell:Creating package script '/home/filo/bumperbot_ws/install/bumperbot_description/share/bumperbot_description/package.sh'
[1.087s] DEBUG:colcon.colcon_core.event_handler.log_command:Invoked command in '/home/filo/bumperbot_ws/build/bumperbot_description' returned '0': CMAKE_PREFIX_PATH=${CMAKE_PREFIX_PATH}:/home/filo/bumperbot_ws/install/bumperbot_py_examples:/opt/ros/humble /usr/bin/cmake --install /home/filo/bumperbot_ws/build/bumperbot_description
[1.088s] INFO:colcon.colcon_core.shell:Creating package script '/home/filo/bumperbot_ws/install/bumperbot_description/share/bumperbot_description/package.bash'
[1.090s] INFO:colcon.colcon_core.shell:Creating package script '/home/filo/bumperbot_ws/install/bumperbot_description/share/bumperbot_description/package.zsh'
[1.093s] Level 1:colcon.colcon_core.environment:create_file_with_runtime_dependencies(/home/filo/bumperbot_ws/install/bumperbot_description/share/colcon-core/packages/bumperbot_description)
[1.097s] Level 1:colcon.colcon_core.environment:create_environment_scripts_only(bumperbot_cpp_examples)
[1.098s] Level 1:colcon.colcon_core.environment:checking '/home/filo/bumperbot_ws/install/bumperbot_cpp_examples' for CMake module files
[1.099s] Level 1:colcon.colcon_core.environment:checking '/home/filo/bumperbot_ws/install/bumperbot_cpp_examples' for CMake config files
[1.100s] Level 1:colcon.colcon_core.shell:create_environment_hook('bumperbot_cpp_examples', 'cmake_prefix_path')
[1.100s] INFO:colcon.colcon_core.shell:Creating environment hook '/home/filo/bumperbot_ws/install/bumperbot_cpp_examples/share/bumperbot_cpp_examples/hook/cmake_prefix_path.ps1'
[1.101s] INFO:colcon.colcon_core.shell:Creating environment descriptor '/home/filo/bumperbot_ws/install/bumperbot_cpp_examples/share/bumperbot_cpp_examples/hook/cmake_prefix_path.dsv'
[1.102s] INFO:colcon.colcon_core.shell:Creating environment hook '/home/filo/bumperbot_ws/install/bumperbot_cpp_examples/share/bumperbot_cpp_examples/hook/cmake_prefix_path.sh'
[1.104s] Level 1:colcon.colcon_core.environment:checking '/home/filo/bumperbot_ws/install/bumperbot_cpp_examples/bin'
[1.104s] Level 1:colcon.colcon_core.environment:checking '/home/filo/bumperbot_ws/install/bumperbot_cpp_examples/lib/pkgconfig/bumperbot_cpp_examples.pc'
[1.105s] Level 1:colcon.colcon_core.environment:checking '/home/filo/bumperbot_ws/install/bumperbot_cpp_examples/lib/python3.10/site-packages'
[1.105s] Level 1:colcon.colcon_core.environment:checking '/home/filo/bumperbot_ws/install/bumperbot_cpp_examples/bin'
[1.106s] INFO:colcon.colcon_core.shell:Creating package script '/home/filo/bumperbot_ws/install/bumperbot_cpp_examples/share/bumperbot_cpp_examples/package.ps1'
[1.107s] INFO:colcon.colcon_core.shell:Creating package descriptor '/home/filo/bumperbot_ws/install/bumperbot_cpp_examples/share/bumperbot_cpp_examples/package.dsv'
[1.108s] INFO:colcon.colcon_core.shell:Creating package script '/home/filo/bumperbot_ws/install/bumperbot_cpp_examples/share/bumperbot_cpp_examples/package.sh'
[1.110s] DEBUG:colcon.colcon_core.event_handler.log_command:Invoked command in '/home/filo/bumperbot_ws/build/bumperbot_cpp_examples' returned '0': CMAKE_PREFIX_PATH=${CMAKE_PREFIX_PATH}:/home/filo/bumperbot_ws/install/bumperbot_py_examples:/opt/ros/humble /usr/bin/cmake --install /home/filo/bumperbot_ws/build/bumperbot_cpp_examples
[1.110s] INFO:colcon.colcon_core.shell:Creating package script '/home/filo/bumperbot_ws/install/bumperbot_cpp_examples/share/bumperbot_cpp_examples/package.bash'
[1.111s] INFO:colcon.colcon_core.shell:Creating package script '/home/filo/bumperbot_ws/install/bumperbot_cpp_examples/share/bumperbot_cpp_examples/package.zsh'
[1.114s] Level 1:colcon.colcon_core.environment:create_file_with_runtime_dependencies(/home/filo/bumperbot_ws/install/bumperbot_cpp_examples/share/colcon-core/packages/bumperbot_cpp_examples)
[1.153s] Level 1:colcon.colcon_core.environment:create_environment_scripts_only(bumperbot_description)
[1.154s] Level 1:colcon.colcon_core.environment:checking '/home/filo/bumperbot_ws/install/bumperbot_description' for CMake module files
[1.155s] Level 1:colcon.colcon_core.environment:checking '/home/filo/bumperbot_ws/install/bumperbot_description' for CMake config files
[1.156s] Level 1:colcon.colcon_core.shell:create_environment_hook('bumperbot_description', 'cmake_prefix_path')
[1.157s] INFO:colcon.colcon_core.shell:Creating environment hook '/home/filo/bumperbot_ws/install/bumperbot_description/share/bumperbot_description/hook/cmake_prefix_path.ps1'
[1.159s] INFO:colcon.colcon_core.shell:Creating environment descriptor '/home/filo/bumperbot_ws/install/bumperbot_description/share/bumperbot_description/hook/cmake_prefix_path.dsv'
[1.160s] INFO:colcon.colcon_core.shell:Creating environment hook '/home/filo/bumperbot_ws/install/bumperbot_description/share/bumperbot_description/hook/cmake_prefix_path.sh'
[1.161s] Level 1:colcon.colcon_core.environment:checking '/home/filo/bumperbot_ws/install/bumperbot_description/bin'
[1.161s] Level 1:colcon.colcon_core.environment:checking '/home/filo/bumperbot_ws/install/bumperbot_description/lib/pkgconfig/bumperbot_description.pc'
[1.162s] Level 1:colcon.colcon_core.environment:checking '/home/filo/bumperbot_ws/install/bumperbot_description/lib/python3.10/site-packages'
[1.163s] Level 1:colcon.colcon_core.environment:checking '/home/filo/bumperbot_ws/install/bumperbot_description/bin'
[1.164s] INFO:colcon.colcon_core.shell:Creating package script '/home/filo/bumperbot_ws/install/bumperbot_description/share/bumperbot_description/package.ps1'
[1.166s] INFO:colcon.colcon_core.shell:Creating package descriptor '/home/filo/bumperbot_ws/install/bumperbot_description/share/bumperbot_description/package.dsv'
[1.168s] INFO:colcon.colcon_core.shell:Creating package script '/home/filo/bumperbot_ws/install/bumperbot_description/share/bumperbot_description/package.sh'
[1.169s] INFO:colcon.colcon_core.shell:Creating package script '/home/filo/bumperbot_ws/install/bumperbot_description/share/bumperbot_description/package.bash'
[1.170s] INFO:colcon.colcon_core.shell:Creating package script '/home/filo/bumperbot_ws/install/bumperbot_description/share/bumperbot_description/package.zsh'
[1.173s] Level 1:colcon.colcon_core.environment:create_file_with_runtime_dependencies(/home/filo/bumperbot_ws/install/bumperbot_description/share/colcon-core/packages/bumperbot_description)
[1.178s] Level 1:colcon.colcon_core.environment:create_environment_scripts_only(bumperbot_cpp_examples)
[1.179s] Level 1:colcon.colcon_core.environment:checking '/home/filo/bumperbot_ws/install/bumperbot_cpp_examples' for CMake module files
[1.181s] Level 1:colcon.colcon_core.environment:checking '/home/filo/bumperbot_ws/install/bumperbot_cpp_examples' for CMake config files
[1.181s] Level 1:colcon.colcon_core.shell:create_environment_hook('bumperbot_cpp_examples', 'cmake_prefix_path')
[1.182s] INFO:colcon.colcon_core.shell:Creating environment hook '/home/filo/bumperbot_ws/install/bumperbot_cpp_examples/share/bumperbot_cpp_examples/hook/cmake_prefix_path.ps1'
[1.183s] INFO:colcon.colcon_core.shell:Creating environment descriptor '/home/filo/bumperbot_ws/install/bumperbot_cpp_examples/share/bumperbot_cpp_examples/hook/cmake_prefix_path.dsv'
[1.184s] INFO:colcon.colcon_core.shell:Creating environment hook '/home/filo/bumperbot_ws/install/bumperbot_cpp_examples/share/bumperbot_cpp_examples/hook/cmake_prefix_path.sh'
[1.185s] Level 1:colcon.colcon_core.environment:checking '/home/filo/bumperbot_ws/install/bumperbot_cpp_examples/bin'
[1.185s] Level 1:colcon.colcon_core.environment:checking '/home/filo/bumperbot_ws/install/bumperbot_cpp_examples/lib/pkgconfig/bumperbot_cpp_examples.pc'
[1.186s] Level 1:colcon.colcon_core.environment:checking '/home/filo/bumperbot_ws/install/bumperbot_cpp_examples/lib/python3.10/site-packages'
[1.187s] Level 1:colcon.colcon_core.environment:checking '/home/filo/bumperbot_ws/install/bumperbot_cpp_examples/bin'
[1.188s] INFO:colcon.colcon_core.shell:Creating package script '/home/filo/bumperbot_ws/install/bumperbot_cpp_examples/share/bumperbot_cpp_examples/package.ps1'
[1.189s] INFO:colcon.colcon_core.shell:Creating package descriptor '/home/filo/bumperbot_ws/install/bumperbot_cpp_examples/share/bumperbot_cpp_examples/package.dsv'
[1.191s] INFO:colcon.colcon_core.shell:Creating package script '/home/filo/bumperbot_ws/install/bumperbot_cpp_examples/share/bumperbot_cpp_examples/package.sh'
[1.192s] INFO:colcon.colcon_core.shell:Creating package script '/home/filo/bumperbot_ws/install/bumperbot_cpp_examples/share/bumperbot_cpp_examples/package.bash'
[1.193s] INFO:colcon.colcon_core.shell:Creating package script '/home/filo/bumperbot_ws/install/bumperbot_cpp_examples/share/bumperbot_cpp_examples/package.zsh'
[1.195s] Level 1:colcon.colcon_core.environment:create_file_with_runtime_dependencies(/home/filo/bumperbot_ws/install/bumperbot_cpp_examples/share/colcon-core/packages/bumperbot_cpp_examples)
[1.660s] DEBUG:colcon.colcon_core.event_handler.log_command:Invoked command in '/home/filo/bumperbot_ws/build/bumperbot_msgs' returned '0': CMAKE_PREFIX_PATH=${CMAKE_PREFIX_PATH}:/home/filo/bumperbot_ws/install/bumperbot_py_examples:/opt/ros/humble /usr/bin/cmake --build /home/filo/bumperbot_ws/build/bumperbot_msgs -- -j8 -l8
[1.707s] DEBUG:colcon.colcon_core.event_handler.log_command:Invoked command in '/home/filo/bumperbot_ws/build/bumperbot_localization' returned '0': CMAKE_PREFIX_PATH=${CMAKE_PREFIX_PATH}:/home/filo/bumperbot_ws/install/bumperbot_py_examples:/opt/ros/humble /usr/bin/cmake --build /home/filo/bumperbot_ws/build/bumperbot_localization -- -j8 -l8
[1.743s] DEBUG:colcon.colcon_core.event_handler.log_command:Invoking command in '/home/filo/bumperbot_ws/build/bumperbot_localization': CMAKE_PREFIX_PATH=${CMAKE_PREFIX_PATH}:/home/filo/bumperbot_ws/install/bumperbot_py_examples:/opt/ros/humble /usr/bin/cmake --install /home/filo/bumperbot_ws/build/bumperbot_localization
[1.776s] DEBUG:colcon.colcon_core.event_handler.log_command:Invoking command in '/home/filo/bumperbot_ws/build/bumperbot_msgs': CMAKE_PREFIX_PATH=${CMAKE_PREFIX_PATH}:/home/filo/bumperbot_ws/install/bumperbot_py_examples:/opt/ros/humble /usr/bin/cmake --install /home/filo/bumperbot_ws/build/bumperbot_msgs
[1.870s] Level 1:colcon.colcon_core.environment:create_environment_scripts_only(bumperbot_localization)
[1.871s] Level 1:colcon.colcon_core.environment:checking '/home/filo/bumperbot_ws/install/bumperbot_localization' for CMake module files
[1.873s] DEBUG:colcon.colcon_core.event_handler.log_command:Invoked command in '/home/filo/bumperbot_ws/build/bumperbot_localization' returned '0': CMAKE_PREFIX_PATH=${CMAKE_PREFIX_PATH}:/home/filo/bumperbot_ws/install/bumperbot_py_examples:/opt/ros/humble /usr/bin/cmake --install /home/filo/bumperbot_ws/build/bumperbot_localization
[1.875s] Level 1:colcon.colcon_core.environment:checking '/home/filo/bumperbot_ws/install/bumperbot_localization' for CMake config files
[1.875s] Level 1:colcon.colcon_core.shell:create_environment_hook('bumperbot_localization', 'cmake_prefix_path')
[1.876s] INFO:colcon.colcon_core.shell:Creating environment hook '/home/filo/bumperbot_ws/install/bumperbot_localization/share/bumperbot_localization/hook/cmake_prefix_path.ps1'
[1.878s] INFO:colcon.colcon_core.shell:Creating environment descriptor '/home/filo/bumperbot_ws/install/bumperbot_localization/share/bumperbot_localization/hook/cmake_prefix_path.dsv'
[1.879s] INFO:colcon.colcon_core.shell:Creating environment hook '/home/filo/bumperbot_ws/install/bumperbot_localization/share/bumperbot_localization/hook/cmake_prefix_path.sh'
[1.880s] Level 1:colcon.colcon_core.environment:checking '/home/filo/bumperbot_ws/install/bumperbot_localization/lib'
[1.882s] Level 1:colcon.colcon_core.environment:checking '/home/filo/bumperbot_ws/install/bumperbot_localization/bin'
[1.882s] Level 1:colcon.colcon_core.environment:checking '/home/filo/bumperbot_ws/install/bumperbot_localization/lib/pkgconfig/bumperbot_localization.pc'
[1.884s] Level 1:colcon.colcon_core.environment:checking '/home/filo/bumperbot_ws/install/bumperbot_localization/lib/python3.10/site-packages'
[1.885s] Level 1:colcon.colcon_core.environment:checking '/home/filo/bumperbot_ws/install/bumperbot_localization/bin'
[1.886s] INFO:colcon.colcon_core.shell:Creating package script '/home/filo/bumperbot_ws/install/bumperbot_localization/share/bumperbot_localization/package.ps1'
[1.889s] INFO:colcon.colcon_core.shell:Creating package descriptor '/home/filo/bumperbot_ws/install/bumperbot_localization/share/bumperbot_localization/package.dsv'
[1.890s] INFO:colcon.colcon_core.shell:Creating package script '/home/filo/bumperbot_ws/install/bumperbot_localization/share/bumperbot_localization/package.sh'
[1.893s] INFO:colcon.colcon_core.shell:Creating package script '/home/filo/bumperbot_ws/install/bumperbot_localization/share/bumperbot_localization/package.bash'
[1.894s] INFO:colcon.colcon_core.shell:Creating package script '/home/filo/bumperbot_ws/install/bumperbot_localization/share/bumperbot_localization/package.zsh'
[1.895s] Level 1:colcon.colcon_core.environment:create_file_with_runtime_dependencies(/home/filo/bumperbot_ws/install/bumperbot_localization/share/colcon-core/packages/bumperbot_localization)
[1.901s] Level 1:colcon.colcon_core.environment:create_environment_scripts_only(bumperbot_msgs)
[1.902s] Level 1:colcon.colcon_core.environment:checking '/home/filo/bumperbot_ws/install/bumperbot_msgs' for CMake module files
[1.904s] Level 1:colcon.colcon_core.environment:checking '/home/filo/bumperbot_ws/install/bumperbot_msgs' for CMake config files
[1.907s] Level 1:colcon.colcon_core.shell:create_environment_hook('bumperbot_msgs', 'cmake_prefix_path')
[1.907s] INFO:colcon.colcon_core.shell:Creating environment hook '/home/filo/bumperbot_ws/install/bumperbot_msgs/share/bumperbot_msgs/hook/cmake_prefix_path.ps1'
[1.908s] INFO:colcon.colcon_core.shell:Creating environment descriptor '/home/filo/bumperbot_ws/install/bumperbot_msgs/share/bumperbot_msgs/hook/cmake_prefix_path.dsv'
[1.910s] INFO:colcon.colcon_core.shell:Creating environment hook '/home/filo/bumperbot_ws/install/bumperbot_msgs/share/bumperbot_msgs/hook/cmake_prefix_path.sh'
[1.911s] Level 1:colcon.colcon_core.environment:checking '/home/filo/bumperbot_ws/install/bumperbot_msgs/lib'
[1.912s] Level 1:colcon.colcon_core.shell:create_environment_hook('bumperbot_msgs', 'ld_library_path_lib')
[1.912s] INFO:colcon.colcon_core.shell:Creating environment hook '/home/filo/bumperbot_ws/install/bumperbot_msgs/share/bumperbot_msgs/hook/ld_library_path_lib.ps1'
[1.914s] INFO:colcon.colcon_core.shell:Creating environment descriptor '/home/filo/bumperbot_ws/install/bumperbot_msgs/share/bumperbot_msgs/hook/ld_library_path_lib.dsv'
[1.915s] DEBUG:colcon.colcon_core.event_handler.log_command:Invoked command in '/home/filo/bumperbot_ws/build/bumperbot_msgs' returned '0': CMAKE_PREFIX_PATH=${CMAKE_PREFIX_PATH}:/home/filo/bumperbot_ws/install/bumperbot_py_examples:/opt/ros/humble /usr/bin/cmake --install /home/filo/bumperbot_ws/build/bumperbot_msgs
[1.916s] INFO:colcon.colcon_core.shell:Creating environment hook '/home/filo/bumperbot_ws/install/bumperbot_msgs/share/bumperbot_msgs/hook/ld_library_path_lib.sh'
[1.917s] Level 1:colcon.colcon_core.environment:checking '/home/filo/bumperbot_ws/install/bumperbot_msgs/bin'
[1.917s] Level 1:colcon.colcon_core.environment:checking '/home/filo/bumperbot_ws/install/bumperbot_msgs/lib/pkgconfig/bumperbot_msgs.pc'
[1.918s] Level 1:colcon.colcon_core.environment:checking '/home/filo/bumperbot_ws/install/bumperbot_msgs/lib/python3.10/site-packages'
[1.918s] Level 1:colcon.colcon_core.environment:checking '/home/filo/bumperbot_ws/install/bumperbot_msgs/bin'
[1.919s] INFO:colcon.colcon_core.shell:Creating package script '/home/filo/bumperbot_ws/install/bumperbot_msgs/share/bumperbot_msgs/package.ps1'
[1.920s] INFO:colcon.colcon_core.shell:Creating package descriptor '/home/filo/bumperbot_ws/install/bumperbot_msgs/share/bumperbot_msgs/package.dsv'
[1.921s] INFO:colcon.colcon_core.shell:Creating package script '/home/filo/bumperbot_ws/install/bumperbot_msgs/share/bumperbot_msgs/package.sh'
[1.922s] INFO:colcon.colcon_core.shell:Creating package script '/home/filo/bumperbot_ws/install/bumperbot_msgs/share/bumperbot_msgs/package.bash'
[1.923s] INFO:colcon.colcon_core.shell:Creating package script '/home/filo/bumperbot_ws/install/bumperbot_msgs/share/bumperbot_msgs/package.zsh'
[1.924s] Level 1:colcon.colcon_core.environment:create_file_with_runtime_dependencies(/home/filo/bumperbot_ws/install/bumperbot_msgs/share/colcon-core/packages/bumperbot_msgs)
[1.927s] DEBUG:colcon.colcon_core.event_handler.log_command:Invoked command in '/home/filo/bumperbot_ws/build/bumperbot_controller' returned '0': CMAKE_PREFIX_PATH=${CMAKE_PREFIX_PATH}:/home/filo/bumperbot_ws/install/bumperbot_py_examples:/opt/ros/humble /usr/bin/cmake --build /home/filo/bumperbot_ws/build/bumperbot_controller -- -j8 -l8
[1.947s] Level 1:colcon.colcon_core.environment:create_environment_scripts_only(bumperbot_localization)
[1.948s] Level 1:colcon.colcon_core.environment:checking '/home/filo/bumperbot_ws/install/bumperbot_localization' for CMake module files
[1.949s] Level 1:colcon.colcon_core.environment:checking '/home/filo/bumperbot_ws/install/bumperbot_localization' for CMake config files
[1.950s] Level 1:colcon.colcon_core.shell:create_environment_hook('bumperbot_localization', 'cmake_prefix_path')
[1.950s] INFO:colcon.colcon_core.shell:Creating environment hook '/home/filo/bumperbot_ws/install/bumperbot_localization/share/bumperbot_localization/hook/cmake_prefix_path.ps1'
[1.951s] INFO:colcon.colcon_core.shell:Creating environment descriptor '/home/filo/bumperbot_ws/install/bumperbot_localization/share/bumperbot_localization/hook/cmake_prefix_path.dsv'
[1.952s] INFO:colcon.colcon_core.shell:Creating environment hook '/home/filo/bumperbot_ws/install/bumperbot_localization/share/bumperbot_localization/hook/cmake_prefix_path.sh'
[1.954s] Level 1:colcon.colcon_core.environment:checking '/home/filo/bumperbot_ws/install/bumperbot_localization/lib'
[1.954s] Level 1:colcon.colcon_core.environment:checking '/home/filo/bumperbot_ws/install/bumperbot_localization/bin'
[1.954s] Level 1:colcon.colcon_core.environment:checking '/home/filo/bumperbot_ws/install/bumperbot_localization/lib/pkgconfig/bumperbot_localization.pc'
[1.955s] Level 1:colcon.colcon_core.environment:checking '/home/filo/bumperbot_ws/install/bumperbot_localization/lib/python3.10/site-packages'
[1.955s] Level 1:colcon.colcon_core.environment:checking '/home/filo/bumperbot_ws/install/bumperbot_localization/bin'
[1.956s] INFO:colcon.colcon_core.shell:Creating package script '/home/filo/bumperbot_ws/install/bumperbot_localization/share/bumperbot_localization/package.ps1'
[1.957s] INFO:colcon.colcon_core.shell:Creating package descriptor '/home/filo/bumperbot_ws/install/bumperbot_localization/share/bumperbot_localization/package.dsv'
[1.959s] INFO:colcon.colcon_core.shell:Creating package script '/home/filo/bumperbot_ws/install/bumperbot_localization/share/bumperbot_localization/package.sh'
[1.960s] INFO:colcon.colcon_core.shell:Creating package script '/home/filo/bumperbot_ws/install/bumperbot_localization/share/bumperbot_localization/package.bash'
[1.961s] INFO:colcon.colcon_core.shell:Creating package script '/home/filo/bumperbot_ws/install/bumperbot_localization/share/bumperbot_localization/package.zsh'
[1.962s] Level 1:colcon.colcon_core.environment:create_file_with_runtime_dependencies(/home/filo/bumperbot_ws/install/bumperbot_localization/share/colcon-core/packages/bumperbot_localization)
[1.978s] DEBUG:colcon.colcon_core.event_handler.log_command:Invoking command in '/home/filo/bumperbot_ws/build/bumperbot_controller': CMAKE_PREFIX_PATH=${CMAKE_PREFIX_PATH}:/home/filo/bumperbot_ws/install/bumperbot_py_examples:/opt/ros/humble /usr/bin/cmake --install /home/filo/bumperbot_ws/build/bumperbot_controller
[2.049s] Level 1:colcon.colcon_core.environment:create_environment_scripts_only(bumperbot_msgs)
[2.049s] Level 1:colcon.colcon_core.environment:checking '/home/filo/bumperbot_ws/install/bumperbot_msgs' for CMake module files
[2.050s] Level 1:colcon.colcon_core.environment:checking '/home/filo/bumperbot_ws/install/bumperbot_msgs' for CMake config files
[2.051s] Level 1:colcon.colcon_core.shell:create_environment_hook('bumperbot_msgs', 'cmake_prefix_path')
[2.051s] INFO:colcon.colcon_core.shell:Creating environment hook '/home/filo/bumperbot_ws/install/bumperbot_msgs/share/bumperbot_msgs/hook/cmake_prefix_path.ps1'
[2.052s] INFO:colcon.colcon_core.shell:Creating environment descriptor '/home/filo/bumperbot_ws/install/bumperbot_msgs/share/bumperbot_msgs/hook/cmake_prefix_path.dsv'
[2.052s] INFO:colcon.colcon_core.shell:Creating environment hook '/home/filo/bumperbot_ws/install/bumperbot_msgs/share/bumperbot_msgs/hook/cmake_prefix_path.sh'
[2.053s] Level 1:colcon.colcon_core.environment:checking '/home/filo/bumperbot_ws/install/bumperbot_msgs/lib'
[2.054s] Level 1:colcon.colcon_core.shell:create_environment_hook('bumperbot_msgs', 'ld_library_path_lib')
[2.054s] INFO:colcon.colcon_core.shell:Creating environment hook '/home/filo/bumperbot_ws/install/bumperbot_msgs/share/bumperbot_msgs/hook/ld_library_path_lib.ps1'
[2.055s] INFO:colcon.colcon_core.shell:Creating environment descriptor '/home/filo/bumperbot_ws/install/bumperbot_msgs/share/bumperbot_msgs/hook/ld_library_path_lib.dsv'
[2.055s] INFO:colcon.colcon_core.shell:Creating environment hook '/home/filo/bumperbot_ws/install/bumperbot_msgs/share/bumperbot_msgs/hook/ld_library_path_lib.sh'
[2.056s] Level 1:colcon.colcon_core.environment:checking '/home/filo/bumperbot_ws/install/bumperbot_msgs/bin'
[2.056s] Level 1:colcon.colcon_core.environment:checking '/home/filo/bumperbot_ws/install/bumperbot_msgs/lib/pkgconfig/bumperbot_msgs.pc'
[2.056s] Level 1:colcon.colcon_core.environment:checking '/home/filo/bumperbot_ws/install/bumperbot_msgs/lib/python3.10/site-packages'
[2.057s] Level 1:colcon.colcon_core.environment:checking '/home/filo/bumperbot_ws/install/bumperbot_msgs/bin'
[2.058s] INFO:colcon.colcon_core.shell:Creating package script '/home/filo/bumperbot_ws/install/bumperbot_msgs/share/bumperbot_msgs/package.ps1'
[2.058s] INFO:colcon.colcon_core.shell:Creating package descriptor '/home/filo/bumperbot_ws/install/bumperbot_msgs/share/bumperbot_msgs/package.dsv'
[2.059s] INFO:colcon.colcon_core.shell:Creating package script '/home/filo/bumperbot_ws/install/bumperbot_msgs/share/bumperbot_msgs/package.sh'
[2.060s] INFO:colcon.colcon_core.shell:Creating package script '/home/filo/bumperbot_ws/install/bumperbot_msgs/share/bumperbot_msgs/package.bash'
[2.061s] INFO:colcon.colcon_core.shell:Creating package script '/home/filo/bumperbot_ws/install/bumperbot_msgs/share/bumperbot_msgs/package.zsh'
[2.061s] Level 1:colcon.colcon_core.environment:create_file_with_runtime_dependencies(/home/filo/bumperbot_ws/install/bumperbot_msgs/share/colcon-core/packages/bumperbot_msgs)
[2.062s] INFO:colcon.colcon_ros.task.ament_python.build:Building ROS package in '/home/filo/bumperbot_ws/src/bumperbot_py_examples' with build type 'ament_python'
[2.062s] Level 1:colcon.colcon_core.shell:create_environment_hook('bumperbot_py_examples', 'ament_prefix_path')
[2.063s] INFO:colcon.colcon_core.shell:Creating environment hook '/home/filo/bumperbot_ws/install/bumperbot_py_examples/share/bumperbot_py_examples/hook/ament_prefix_path.ps1'
[2.064s] INFO:colcon.colcon_core.shell:Creating environment descriptor '/home/filo/bumperbot_ws/install/bumperbot_py_examples/share/bumperbot_py_examples/hook/ament_prefix_path.dsv'
[2.065s] INFO:colcon.colcon_core.shell:Creating environment hook '/home/filo/bumperbot_ws/install/bumperbot_py_examples/share/bumperbot_py_examples/hook/ament_prefix_path.sh'
[2.066s] INFO:colcon.colcon_core.shell:Skip shell extension 'powershell' for command environment: Not usable outside of PowerShell
[2.066s] DEBUG:colcon.colcon_core.shell:Skip shell extension 'dsv' for command environment
[2.675s] INFO:colcon.colcon_core.task.python.build:Building Python package in '/home/filo/bumperbot_ws/src/bumperbot_py_examples'
[2.676s] INFO:colcon.colcon_core.shell:Skip shell extension 'powershell' for command environment: Not usable outside of PowerShell
[2.676s] DEBUG:colcon.colcon_core.shell:Skip shell extension 'dsv' for command environment
[2.687s] Level 1:colcon.colcon_core.environment:create_environment_scripts_only(bumperbot_controller)
[2.688s] Level 1:colcon.colcon_core.environment:checking '/home/filo/bumperbot_ws/install/bumperbot_controller' for CMake module files
[2.689s] DEBUG:colcon.colcon_core.event_handler.log_command:Invoked command in '/home/filo/bumperbot_ws/build/bumperbot_controller' returned '0': CMAKE_PREFIX_PATH=${CMAKE_PREFIX_PATH}:/home/filo/bumperbot_ws/install/bumperbot_py_examples:/opt/ros/humble /usr/bin/cmake --install /home/filo/bumperbot_ws/build/bumperbot_controller
[2.690s] Level 1:colcon.colcon_core.environment:checking '/home/filo/bumperbot_ws/install/bumperbot_controller' for CMake config files
[2.691s] Level 1:colcon.colcon_core.shell:create_environment_hook('bumperbot_controller', 'cmake_prefix_path')
[2.692s] INFO:colcon.colcon_core.shell:Creating environment hook '/home/filo/bumperbot_ws/install/bumperbot_controller/share/bumperbot_controller/hook/cmake_prefix_path.ps1'
[2.693s] INFO:colcon.colcon_core.shell:Creating environment descriptor '/home/filo/bumperbot_ws/install/bumperbot_controller/share/bumperbot_controller/hook/cmake_prefix_path.dsv'
[2.693s] INFO:colcon.colcon_core.shell:Creating environment hook '/home/filo/bumperbot_ws/install/bumperbot_controller/share/bumperbot_controller/hook/cmake_prefix_path.sh'
[2.695s] Level 1:colcon.colcon_core.environment:checking '/home/filo/bumperbot_ws/install/bumperbot_controller/lib'
[2.695s] Level 1:colcon.colcon_core.environment:checking '/home/filo/bumperbot_ws/install/bumperbot_controller/bin'
[2.695s] Level 1:colcon.colcon_core.environment:checking '/home/filo/bumperbot_ws/install/bumperbot_controller/lib/pkgconfig/bumperbot_controller.pc'
[2.696s] Level 1:colcon.colcon_core.environment:checking '/home/filo/bumperbot_ws/install/bumperbot_controller/lib/python3.10/site-packages'
[2.696s] Level 1:colcon.colcon_core.environment:checking '/home/filo/bumperbot_ws/install/bumperbot_controller/bin'
[2.697s] INFO:colcon.colcon_core.shell:Creating package script '/home/filo/bumperbot_ws/install/bumperbot_controller/share/bumperbot_controller/package.ps1'
[2.698s] INFO:colcon.colcon_core.shell:Creating package descriptor '/home/filo/bumperbot_ws/install/bumperbot_controller/share/bumperbot_controller/package.dsv'
[2.699s] INFO:colcon.colcon_core.shell:Creating package script '/home/filo/bumperbot_ws/install/bumperbot_controller/share/bumperbot_controller/package.sh'
[2.700s] INFO:colcon.colcon_core.shell:Creating package script '/home/filo/bumperbot_ws/install/bumperbot_controller/share/bumperbot_controller/package.bash'
[2.701s] INFO:colcon.colcon_core.shell:Creating package script '/home/filo/bumperbot_ws/install/bumperbot_controller/share/bumperbot_controller/package.zsh'
[2.702s] Level 1:colcon.colcon_core.environment:create_file_with_runtime_dependencies(/home/filo/bumperbot_ws/install/bumperbot_controller/share/colcon-core/packages/bumperbot_controller)
[2.739s] Level 1:colcon.colcon_core.environment:create_environment_scripts_only(bumperbot_controller)
[2.740s] Level 1:colcon.colcon_core.environment:checking '/home/filo/bumperbot_ws/install/bumperbot_controller' for CMake module files
[2.742s] Level 1:colcon.colcon_core.environment:checking '/home/filo/bumperbot_ws/install/bumperbot_controller' for CMake config files
[2.742s] Level 1:colcon.colcon_core.shell:create_environment_hook('bumperbot_controller', 'cmake_prefix_path')
[2.743s] INFO:colcon.colcon_core.shell:Creating environment hook '/home/filo/bumperbot_ws/install/bumperbot_controller/share/bumperbot_controller/hook/cmake_prefix_path.ps1'
[2.744s] INFO:colcon.colcon_core.shell:Creating environment descriptor '/home/filo/bumperbot_ws/install/bumperbot_controller/share/bumperbot_controller/hook/cmake_prefix_path.dsv'
[2.745s] INFO:colcon.colcon_core.shell:Creating environment hook '/home/filo/bumperbot_ws/install/bumperbot_controller/share/bumperbot_controller/hook/cmake_prefix_path.sh'
[2.746s] Level 1:colcon.colcon_core.environment:checking '/home/filo/bumperbot_ws/install/bumperbot_controller/lib'
[2.746s] Level 1:colcon.colcon_core.environment:checking '/home/filo/bumperbot_ws/install/bumperbot_controller/bin'
[2.747s] Level 1:colcon.colcon_core.environment:checking '/home/filo/bumperbot_ws/install/bumperbot_controller/lib/pkgconfig/bumperbot_controller.pc'
[2.747s] Level 1:colcon.colcon_core.environment:checking '/home/filo/bumperbot_ws/install/bumperbot_controller/lib/python3.10/site-packages'
[2.748s] Level 1:colcon.colcon_core.environment:checking '/home/filo/bumperbot_ws/install/bumperbot_controller/bin'
[2.749s] INFO:colcon.colcon_core.shell:Creating package script '/home/filo/bumperbot_ws/install/bumperbot_controller/share/bumperbot_controller/package.ps1'
[2.750s] INFO:colcon.colcon_core.shell:Creating package descriptor '/home/filo/bumperbot_ws/install/bumperbot_controller/share/bumperbot_controller/package.dsv'
[2.751s] INFO:colcon.colcon_core.shell:Creating package script '/home/filo/bumperbot_ws/install/bumperbot_controller/share/bumperbot_controller/package.sh'
[2.752s] INFO:colcon.colcon_core.shell:Creating package script '/home/filo/bumperbot_ws/install/bumperbot_controller/share/bumperbot_controller/package.bash'
[2.753s] INFO:colcon.colcon_core.shell:Creating package script '/home/filo/bumperbot_ws/install/bumperbot_controller/share/bumperbot_controller/package.zsh'
[2.754s] Level 1:colcon.colcon_core.environment:create_file_with_runtime_dependencies(/home/filo/bumperbot_ws/install/bumperbot_controller/share/colcon-core/packages/bumperbot_controller)
[3.467s] DEBUG:colcon.colcon_core.event_handler.log_command:Invoking command in '/home/filo/bumperbot_ws/src/bumperbot_py_examples': CMAKE_PREFIX_PATH=/home/filo/bumperbot_ws/install/bumperbot_msgs:/home/filo/bumperbot_ws/install/bumperbot_localization:/home/filo/bumperbot_ws/install/bumperbot_controller:/home/filo/bumperbot_ws/install/bumperbot_description:/home/filo/bumperbot_ws/install/bumperbot_cpp_examples PYTHONPATH=/home/filo/bumperbot_ws/build/bumperbot_py_examples/prefix_override:/home/filo/bumperbot_ws/install/bumperbot_py_examples/lib/python3.10/site-packages:${PYTHONPATH} /usr/bin/python3 -W ignore:setup.py install is deprecated setup.py egg_info --egg-base ../../build/bumperbot_py_examples build --build-base /home/filo/bumperbot_ws/build/bumperbot_py_examples/build install --record /home/filo/bumperbot_ws/build/bumperbot_py_examples/install.log --single-version-externally-managed install_data
[4.068s] Level 1:colcon.colcon_core.environment:checking '/home/filo/bumperbot_ws/install/bumperbot_py_examples' for CMake module files
[4.069s] DEBUG:colcon.colcon_core.event_handler.log_command:Invoked command in '/home/filo/bumperbot_ws/src/bumperbot_py_examples' returned '0': CMAKE_PREFIX_PATH=/home/filo/bumperbot_ws/install/bumperbot_msgs:/home/filo/bumperbot_ws/install/bumperbot_localization:/home/filo/bumperbot_ws/install/bumperbot_controller:/home/filo/bumperbot_ws/install/bumperbot_description:/home/filo/bumperbot_ws/install/bumperbot_cpp_examples PYTHONPATH=/home/filo/bumperbot_ws/build/bumperbot_py_examples/prefix_override:/home/filo/bumperbot_ws/install/bumperbot_py_examples/lib/python3.10/site-packages:${PYTHONPATH} /usr/bin/python3 -W ignore:setup.py install is deprecated setup.py egg_info --egg-base ../../build/bumperbot_py_examples build --build-base /home/filo/bumperbot_ws/build/bumperbot_py_examples/build install --record /home/filo/bumperbot_ws/build/bumperbot_py_examples/install.log --single-version-externally-managed install_data
[4.069s] Level 1:colcon.colcon_core.environment:checking '/home/filo/bumperbot_ws/install/bumperbot_py_examples' for CMake config files
[4.071s] Level 1:colcon.colcon_core.environment:checking '/home/filo/bumperbot_ws/install/bumperbot_py_examples/lib'
[4.071s] Level 1:colcon.colcon_core.environment:checking '/home/filo/bumperbot_ws/install/bumperbot_py_examples/bin'
[4.071s] Level 1:colcon.colcon_core.environment:checking '/home/filo/bumperbot_ws/install/bumperbot_py_examples/lib/pkgconfig/bumperbot_py_examples.pc'
[4.071s] Level 1:colcon.colcon_core.environment:checking '/home/filo/bumperbot_ws/install/bumperbot_py_examples/lib/python3.10/site-packages'
[4.071s] Level 1:colcon.colcon_core.shell:create_environment_hook('bumperbot_py_examples', 'pythonpath')
[4.072s] INFO:colcon.colcon_core.shell:Creating environment hook '/home/filo/bumperbot_ws/install/bumperbot_py_examples/share/bumperbot_py_examples/hook/pythonpath.ps1'
[4.072s] INFO:colcon.colcon_core.shell:Creating environment descriptor '/home/filo/bumperbot_ws/install/bumperbot_py_examples/share/bumperbot_py_examples/hook/pythonpath.dsv'
[4.073s] INFO:colcon.colcon_core.shell:Creating environment hook '/home/filo/bumperbot_ws/install/bumperbot_py_examples/share/bumperbot_py_examples/hook/pythonpath.sh'
[4.074s] Level 1:colcon.colcon_core.environment:checking '/home/filo/bumperbot_ws/install/bumperbot_py_examples/bin'
[4.074s] Level 1:colcon.colcon_core.environment:create_environment_scripts_only(bumperbot_py_examples)
[4.075s] INFO:colcon.colcon_core.shell:Creating package script '/home/filo/bumperbot_ws/install/bumperbot_py_examples/share/bumperbot_py_examples/package.ps1'
[4.075s] INFO:colcon.colcon_core.shell:Creating package descriptor '/home/filo/bumperbot_ws/install/bumperbot_py_examples/share/bumperbot_py_examples/package.dsv'
[4.076s] INFO:colcon.colcon_core.shell:Creating package script '/home/filo/bumperbot_ws/install/bumperbot_py_examples/share/bumperbot_py_examples/package.sh'
[4.077s] INFO:colcon.colcon_core.shell:Creating package script '/home/filo/bumperbot_ws/install/bumperbot_py_examples/share/bumperbot_py_examples/package.bash'
[4.077s] INFO:colcon.colcon_core.shell:Creating package script '/home/filo/bumperbot_ws/install/bumperbot_py_examples/share/bumperbot_py_examples/package.zsh'
[4.078s] Level 1:colcon.colcon_core.environment:create_file_with_runtime_dependencies(/home/filo/bumperbot_ws/install/bumperbot_py_examples/share/colcon-core/packages/bumperbot_py_examples)
[4.078s] DEBUG:colcon.colcon_parallel_executor.executor.parallel:closing loop
[4.079s] DEBUG:colcon.colcon_parallel_executor.executor.parallel:loop closed
[4.079s] DEBUG:colcon.colcon_parallel_executor.executor.parallel:run_until_complete finished with '0'
[4.079s] DEBUG:colcon.colcon_core.event_reactor:joining thread
[4.088s] INFO:colcon.colcon_core.plugin_system:Skipping extension 'colcon_notification.desktop_notification.terminal_notifier': Not used on non-Darwin systems
[4.089s] INFO:colcon.colcon_core.plugin_system:Skipping extension 'colcon_notification.desktop_notification.win32': Not used on non-Windows systems
[4.089s] INFO:colcon.colcon_notification.desktop_notification:Sending desktop notification using 'notify2'
[4.114s] DEBUG:colcon.colcon_core.event_reactor:joined thread
[4.115s] INFO:colcon.colcon_core.shell:Creating prefix script '/home/filo/bumperbot_ws/install/local_setup.ps1'
[4.117s] INFO:colcon.colcon_core.shell:Creating prefix util module '/home/filo/bumperbot_ws/install/_local_setup_util_ps1.py'
[4.120s] INFO:colcon.colcon_core.shell:Creating prefix chain script '/home/filo/bumperbot_ws/install/setup.ps1'
[4.124s] INFO:colcon.colcon_core.shell:Creating prefix script '/home/filo/bumperbot_ws/install/local_setup.sh'
[4.124s] INFO:colcon.colcon_core.shell:Creating prefix util module '/home/filo/bumperbot_ws/install/_local_setup_util_sh.py'
[4.125s] INFO:colcon.colcon_core.shell:Creating prefix chain script '/home/filo/bumperbot_ws/install/setup.sh'
[4.128s] INFO:colcon.colcon_core.shell:Creating prefix script '/home/filo/bumperbot_ws/install/local_setup.bash'
[4.129s] INFO:colcon.colcon_core.shell:Creating prefix chain script '/home/filo/bumperbot_ws/install/setup.bash'
[4.131s] INFO:colcon.colcon_core.shell:Creating prefix script '/home/filo/bumperbot_ws/install/local_setup.zsh'
[4.132s] INFO:colcon.colcon_core.shell:Creating prefix chain script '/home/filo/bumperbot_ws/install/setup.zsh'
