[0.024s] Invoking command in '/home/filo/bumperbot_ws/build/bumperbot_controller': CMAKE_PREFIX_PATH=${CMAKE_PREFIX_PATH}:/home/filo/bumperbot_ws/install/bumperbot_py_examples:/opt/ros/humble /usr/bin/cmake --build /home/filo/bumperbot_ws/build/bumperbot_controller -- -j8 -l8
[0.304s] Invoked command in '/home/filo/bumperbot_ws/build/bumperbot_controller' returned '0': CMAKE_PREFIX_PATH=${CMAKE_PREFIX_PATH}:/home/filo/bumperbot_ws/install/bumperbot_py_examples:/opt/ros/humble /usr/bin/cmake --build /home/filo/bumperbot_ws/build/bumperbot_controller -- -j8 -l8
[0.332s] Invoking command in '/home/filo/bumperbot_ws/build/bumperbot_controller': CMAKE_PREFIX_PATH=${CMAKE_PREFIX_PATH}:/home/filo/bumperbot_ws/install/bumperbot_py_examples:/opt/ros/humble /usr/bin/cmake --install /home/filo/bumperbot_ws/build/bumperbot_controller
[0.340s] -- Install configuration: ""
[0.340s] -- Up-to-date: /home/filo/bumperbot_ws/install/bumperbot_controller/share/bumperbot_controller/config
[0.341s] -- Installing: /home/filo/bumperbot_ws/install/bumperbot_controller/share/bumperbot_controller/config/bumperbot_controllers.yaml
[0.341s] -- Up-to-date: /home/filo/bumperbot_ws/install/bumperbot_controller/share/ament_index/resource_index/package_run_dependencies/bumperbot_controller
[0.341s] -- Up-to-date: /home/filo/bumperbot_ws/install/bumperbot_controller/share/ament_index/resource_index/parent_prefix_path/bumperbot_controller
[0.341s] -- Up-to-date: /home/filo/bumperbot_ws/install/bumperbot_controller/share/bumperbot_controller/environment/ament_prefix_path.sh
[0.343s] -- Up-to-date: /home/filo/bumperbot_ws/install/bumperbot_controller/share/bumperbot_controller/environment/ament_prefix_path.dsv
[0.344s] -- Up-to-date: /home/filo/bumperbot_ws/install/bumperbot_controller/share/bumperbot_controller/environment/path.sh
[0.345s] -- Up-to-date: /home/filo/bumperbot_ws/install/bumperbot_controller/share/bumperbot_controller/environment/path.dsv
[0.347s] -- Up-to-date: /home/filo/bumperbot_ws/install/bumperbot_controller/share/bumperbot_controller/local_setup.bash
[0.348s] -- Up-to-date: /home/filo/bumperbot_ws/install/bumperbot_controller/share/bumperbot_controller/local_setup.sh
[0.356s] -- Up-to-date: /home/filo/bumperbot_ws/install/bumperbot_controller/share/bumperbot_controller/local_setup.zsh
[0.357s] -- Up-to-date: /home/filo/bumperbot_ws/install/bumperbot_controller/share/bumperbot_controller/local_setup.dsv
[0.359s] -- Up-to-date: /home/filo/bumperbot_ws/install/bumperbot_controller/share/bumperbot_controller/package.dsv
[0.360s] -- Up-to-date: /home/filo/bumperbot_ws/install/bumperbot_controller/share/ament_index/resource_index/packages/bumperbot_controller
[0.360s] -- Up-to-date: /home/filo/bumperbot_ws/install/bumperbot_controller/share/bumperbot_controller/cmake/bumperbot_controllerConfig.cmake
[0.361s] -- Up-to-date: /home/filo/bumperbot_ws/install/bumperbot_controller/share/bumperbot_controller/cmake/bumperbot_controllerConfig-version.cmake
[0.361s] -- Up-to-date: /home/filo/bumperbot_ws/install/bumperbot_controller/share/bumperbot_controller/package.xml
[0.363s] Invoked command in '/home/filo/bumperbot_ws/build/bumperbot_controller' returned '0': CMAKE_PREFIX_PATH=${CMAKE_PREFIX_PATH}:/home/filo/bumperbot_ws/install/bumperbot_py_examples:/opt/ros/humble /usr/bin/cmake --install /home/filo/bumperbot_ws/build/bumperbot_controller
